#
# There is insufficient memory for the Java Runtime Environment to continue.
# Native memory allocation (malloc) failed to allocate 101600 bytes for Chunk::new
# Possible reasons:
#   The system is out of physical RAM or swap space
#   In 32 bit mode, the process size limit was hit
# Possible solutions:
#   Reduce memory load on the system
#   Increase physical memory or swap space
#   Check if swap backing store is full
#   Use 64 bit Java on a 64 bit OS
#   Decrease Java heap size (-Xmx/-Xms)
#   Decrease number of Java threads
#   Decrease Java thread stack sizes (-Xss)
#   Set larger code cache with -XX:ReservedCodeCacheSize=
# This output file may be truncated or incomplete.
#
#  Out of Memory Error (allocation.cpp:390), pid=54244, tid=0x000000000000d1fc
#
# JRE version: OpenJDK Runtime Environment (8.0_112-b06) (build 1.8.0_112-release-b06)
# Java VM: OpenJDK 64-Bit Server VM (25.112-b06 mixed mode windows-amd64 compressed oops)
# Failed to write core dump. Minidumps are not enabled by default on client versions of Windows
#

---------------  T H R E A D  ---------------

Current thread (0x000000001685c000):  JavaThread "C2 CompilerThread1" daemon [_thread_in_native, id=53756, stack(0x0000000017f90000,0x0000000018090000)]

Stack: [0x0000000017f90000,0x0000000018090000]
[error occurred during error reporting (printing stack bounds), id 0xc0000005]

Native frames: (J=compiled Java code, j=interpreted, Vv=VM code, C=native code)


Current CompileTask:
C2: 113124 9728       4       java.util.regex.Pattern::atom (379 bytes)


---------------  P R O C E S S  ---------------

Java Threads: ( => current thread )
  0x0000000021f33800 JavaThread "pool-3-thread-22" [_thread_blocked, id=57968, stack(0x0000000001100000,0x0000000001200000)]
  0x0000000021f31000 JavaThread "stdout" daemon [_thread_in_native, id=57952, stack(0x00000000251a0000,0x00000000252a0000)]
  0x0000000021f2e000 JavaThread "stderr" daemon [_thread_in_native, id=57944, stack(0x0000000024fa0000,0x00000000250a0000)]
  0x0000000019494800 JavaThread "stdout" daemon [_thread_in_native, id=57936, stack(0x0000000024ea0000,0x0000000024fa0000)]
  0x000000001ceca000 JavaThread "stdout" daemon [_thread_in_native, id=54224, stack(0x0000000024da0000,0x0000000024ea0000)]
  0x000000001cec1800 JavaThread "stderr" daemon [_thread_in_native, id=57416, stack(0x0000000024ba0000,0x0000000024ca0000)]
  0x000000001cec2800 JavaThread "stderr" daemon [_thread_in_native, id=57420, stack(0x0000000024aa0000,0x0000000024ba0000)]
  0x000000001cec1000 JavaThread "png-cruncher_5" daemon [_thread_blocked, id=53316, stack(0x00000000248a0000,0x00000000249a0000)]
  0x000000001cec7800 JavaThread "png-cruncher_4" daemon [_thread_blocked, id=52568, stack(0x00000000247a0000,0x00000000248a0000)]
  0x000000001cec7000 JavaThread "png-cruncher_3" daemon [_thread_blocked, id=53224, stack(0x00000000246a0000,0x00000000247a0000)]
  0x000000001cec6000 JavaThread "png-cruncher_2" daemon [_thread_blocked, id=57820, stack(0x0000000023590000,0x0000000023690000)]
  0x000000001cebe800 JavaThread "png-cruncher_1" daemon [_thread_blocked, id=57816, stack(0x0000000023490000,0x0000000023590000)]
  0x000000001cec0000 JavaThread "pool-4-thread-4" [_thread_blocked, id=57488, stack(0x0000000023290000,0x0000000023390000)]
  0x000000001cebf800 JavaThread "pool-4-thread-3" [_thread_blocked, id=57444, stack(0x00000000228a0000,0x00000000229a0000)]
  0x000000001cec4800 JavaThread "pool-4-thread-2" [_thread_blocked, id=57784, stack(0x00000000217c0000,0x00000000218c0000)]
  0x000000001cec5800 JavaThread "pool-4-thread-1" [_thread_blocked, id=57788, stack(0x0000000021260000,0x0000000021360000)]
  0x000000001cec3000 JavaThread "Cache update executor" [_thread_blocked, id=58192, stack(0x000000001d5f0000,0x000000001d6f0000)]
  0x000000001cebc800 JavaThread "Asynchronous log dispatcher for DefaultDaemonConnection: socket connection from /127.0.0.1:45133 to /127.0.0.1:45139" [_thread_blocked, id=57356, stack(0x000000001bd80000,0x000000001be80000)]
  0x000000001cebb800 JavaThread "Cancel handler" [_thread_blocked, id=55360, stack(0x000000001bb80000,0x000000001bc80000)]
  0x0000000019497800 JavaThread "Handler for socket connection from /127.0.0.1:45133 to /127.0.0.1:45139" [_thread_in_native, id=56312, stack(0x000000001b980000,0x000000001ba80000)]
  0x0000000019ef7000 JavaThread "File lock request listener" [_thread_in_native, id=58076, stack(0x000000001c180000,0x000000001c280000)]
  0x00000000196f4000 JavaThread "Daemon worker" [_thread_blocked, id=57876, stack(0x000000001bc80000,0x000000001bd80000)]
  0x00000000193d1800 JavaThread "pool-1-thread-1" [_thread_blocked, id=57888, stack(0x000000001ba80000,0x000000001bb80000)]
  0x00000000192ef000 JavaThread "Daemon" [_thread_blocked, id=58052, stack(0x000000001b880000,0x000000001b980000)]
  0x0000000019af5800 JavaThread "Incoming local TCP Connector on port 45133" [_thread_in_native, id=57600, stack(0x000000001af30000,0x000000001b030000)]
  0x00000000168be000 JavaThread "Service Thread" daemon [_thread_blocked, id=52924, stack(0x0000000018590000,0x0000000018690000)]
  0x000000001688b000 JavaThread "C1 CompilerThread2" daemon [_thread_blocked, id=52716, stack(0x0000000018090000,0x0000000018190000)]
=>0x000000001685c000 JavaThread "C2 CompilerThread1" daemon [_thread_in_native, id=53756, stack(0x0000000017f90000,0x0000000018090000)]
  0x000000001685a000 JavaThread "C2 CompilerThread0" daemon [_thread_blocked, id=53660, stack(0x0000000017e90000,0x0000000017f90000)]
  0x000000001686a000 JavaThread "Attach Listener" daemon [_thread_blocked, id=53164, stack(0x0000000017d90000,0x0000000017e90000)]
  0x0000000016868800 JavaThread "Signal Dispatcher" daemon [_thread_blocked, id=49656, stack(0x0000000017c90000,0x0000000017d90000)]
  0x0000000016848000 JavaThread "Finalizer" daemon [_thread_blocked, id=52840, stack(0x0000000017ab0000,0x0000000017bb0000)]
  0x0000000002ee2000 JavaThread "Reference Handler" daemon [_thread_blocked, id=57912, stack(0x00000000179b0000,0x0000000017ab0000)]
  0x0000000002ced800 JavaThread "main" [_thread_blocked, id=53768, stack(0x0000000002cf0000,0x0000000002df0000)]

Other Threads:
  0x0000000016824800 VMThread [stack: 0x00000000178b0000,0x00000000179b0000] [id=56236]
  0x00000000181cc000 WatcherThread [stack: 0x0000000018690000,0x0000000018790000] [id=53528]

VM state:not at safepoint (normal execution)

VM Mutex/Monitor currently owned by a thread: None

Heap:
 PSYoungGen      total 128512K, used 15764K [0x00000000e0000000, 0x00000000e8f00000, 0x0000000100000000)
  eden space 112640K, 4% used [0x00000000e0000000,0x00000000e0572268,0x00000000e6e00000)
  from space 15872K, 64% used [0x00000000e7f80000,0x00000000e8972ee8,0x00000000e8f00000)
  to   space 16896K, 0% used [0x00000000e6e00000,0x00000000e6e00000,0x00000000e7e80000)
 ParOldGen       total 97792K, used 58774K [0x00000000a0000000, 0x00000000a5f80000, 0x00000000e0000000)
  object space 97792K, 60% used [0x00000000a0000000,0x00000000a3965830,0x00000000a5f80000)
 Metaspace       used 59743K, capacity 62284K, committed 62336K, reserved 1103872K
  class space    used 7995K, capacity 8556K, committed 8576K, reserved 1048576K

Card table byte_map: [0x00000000122b0000,0x00000000125c0000] byte_map_base: 0x0000000011db0000

Marking Bits: (ParMarkBitMap*) 0x00000000667a18f0
 Begin Bits: [0x0000000012bc0000, 0x00000000143c0000)
 End Bits:   [0x00000000143c0000, 0x0000000015bc0000)

Polling page: 0x0000000001360000

CodeCache: size=245760Kb used=27661Kb max_used=29472Kb free=218098Kb
 bounds [0x0000000002ef0000, 0x0000000004bf0000, 0x0000000011ef0000]
 total_blobs=8846 nmethods=8079 adapters=679
 compilation: enabled

Compilation events (10 events):
Event: 103.262 Thread 0x000000001688b000 nmethod 9723 0x0000000003864e90 code [0x0000000003865040, 0x0000000003865568]
Event: 103.348 Thread 0x000000001688b000 9724   !   3       com.google.common.util.concurrent.MoreExecutors$DirectExecutorService::isShutdown (37 bytes)
Event: 103.349 Thread 0x000000001688b000 nmethod 9724 0x00000000033b7050 code [0x00000000033b71e0, 0x00000000033b75c8]
Event: 103.349 Thread 0x000000001688b000 9725       3       com.android.ide.common.res2.MergedResourceWriter$$Lambda$266/60486337::run (16 bytes)
Event: 103.349 Thread 0x000000001688b000 nmethod 9725 0x0000000003ad9210 code [0x0000000003ad9380, 0x0000000003ad9528]
Event: 103.349 Thread 0x000000001688b000 9726   !   3       com.android.ide.common.res2.MergedResourceWriter::lambda$end$0 (127 bytes)
Event: 103.352 Thread 0x000000001688b000 nmethod 9726 0x00000000049d9910 code [0x00000000049d9c80, 0x00000000049db5c8]
Event: 105.694 Thread 0x000000001688b000 9727   !   3       com.android.ide.common.blame.MergingLog::getWholeFileMap (29 bytes)
Event: 105.696 Thread 0x000000001688b000 nmethod 9727 0x0000000003faa610 code [0x0000000003faa860, 0x0000000003fab5a8]
Event: 113.065 Thread 0x000000001685c000 9728       4       java.util.regex.Pattern::atom (379 bytes)

GC Heap History (10 events):
Event: 35.326 GC heap before
{Heap before GC invocations=25 (full 2):
 PSYoungGen      total 92160K, used 90360K [0x00000000e0000000, 0x00000000e6880000, 0x0000000100000000)
  eden space 82944K, 100% used [0x00000000e0000000,0x00000000e5100000,0x00000000e5100000)
  from space 9216K, 80% used [0x00000000e5b00000,0x00000000e623e350,0x00000000e6400000)
  to   space 10240K, 0% used [0x00000000e5100000,0x00000000e5100000,0x00000000e5b00000)
 ParOldGen       total 53760K, used 32590K [0x00000000a0000000, 0x00000000a3480000, 0x00000000e0000000)
  object space 53760K, 60% used [0x00000000a0000000,0x00000000a1fd3a88,0x00000000a3480000)
 Metaspace       used 53735K, capacity 56014K, committed 56192K, reserved 1097728K
  class space    used 7415K, capacity 7955K, committed 8064K, reserved 1048576K
Event: 35.354 GC heap after
Heap after GC invocations=25 (full 2):
 PSYoungGen      total 93184K, used 10224K [0x00000000e0000000, 0x00000000e7f80000, 0x0000000100000000)
  eden space 82944K, 0% used [0x00000000e0000000,0x00000000e0000000,0x00000000e5100000)
  from space 10240K, 99% used [0x00000000e5100000,0x00000000e5afc020,0x00000000e5b00000)
  to   space 13824K, 0% used [0x00000000e7200000,0x00000000e7200000,0x00000000e7f80000)
 ParOldGen       total 53760K, used 39128K [0x00000000a0000000, 0x00000000a3480000, 0x00000000e0000000)
  object space 53760K, 72% used [0x00000000a0000000,0x00000000a26361d8,0x00000000a3480000)
 Metaspace       used 53735K, capacity 56014K, committed 56192K, reserved 1097728K
  class space    used 7415K, capacity 7955K, committed 8064K, reserved 1048576K
}
Event: 44.510 GC heap before
{Heap before GC invocations=26 (full 2):
 PSYoungGen      total 93184K, used 93168K [0x00000000e0000000, 0x00000000e7f80000, 0x0000000100000000)
  eden space 82944K, 100% used [0x00000000e0000000,0x00000000e5100000,0x00000000e5100000)
  from space 10240K, 99% used [0x00000000e5100000,0x00000000e5afc020,0x00000000e5b00000)
  to   space 13824K, 0% used [0x00000000e7200000,0x00000000e7200000,0x00000000e7f80000)
 ParOldGen       total 53760K, used 39128K [0x00000000a0000000, 0x00000000a3480000, 0x00000000e0000000)
  object space 53760K, 72% used [0x00000000a0000000,0x00000000a26361d8,0x00000000a3480000)
 Metaspace       used 55934K, capacity 58418K, committed 58624K, reserved 1099776K
  class space    used 7584K, capacity 8137K, committed 8192K, reserved 1048576K
Event: 44.540 GC heap after
Heap after GC invocations=26 (full 2):
 PSYoungGen      total 113664K, used 3486K [0x00000000e0000000, 0x00000000e7e00000, 0x0000000100000000)
  eden space 101376K, 0% used [0x00000000e0000000,0x00000000e0000000,0x00000000e6300000)
  from space 12288K, 28% used [0x00000000e7200000,0x00000000e7567ba8,0x00000000e7e00000)
  to   space 13824K, 0% used [0x00000000e6300000,0x00000000e6300000,0x00000000e7080000)
 ParOldGen       total 53760K, used 49368K [0x00000000a0000000, 0x00000000a3480000, 0x00000000e0000000)
  object space 53760K, 91% used [0x00000000a0000000,0x00000000a3036250,0x00000000a3480000)
 Metaspace       used 55934K, capacity 58418K, committed 58624K, reserved 1099776K
  class space    used 7584K, capacity 8137K, committed 8192K, reserved 1048576K
}
Event: 44.540 GC heap before
{Heap before GC invocations=27 (full 3):
 PSYoungGen      total 113664K, used 3486K [0x00000000e0000000, 0x00000000e7e00000, 0x0000000100000000)
  eden space 101376K, 0% used [0x00000000e0000000,0x00000000e0000000,0x00000000e6300000)
  from space 12288K, 28% used [0x00000000e7200000,0x00000000e7567ba8,0x00000000e7e00000)
  to   space 13824K, 0% used [0x00000000e6300000,0x00000000e6300000,0x00000000e7080000)
 ParOldGen       total 53760K, used 49368K [0x00000000a0000000, 0x00000000a3480000, 0x00000000e0000000)
  object space 53760K, 91% used [0x00000000a0000000,0x00000000a3036250,0x00000000a3480000)
 Metaspace       used 55934K, capacity 58418K, committed 58624K, reserved 1099776K
  class space    used 7584K, capacity 8137K, committed 8192K, reserved 1048576K
Event: 45.219 GC heap after
Heap after GC invocations=27 (full 3):
 PSYoungGen      total 113664K, used 0K [0x00000000e0000000, 0x00000000e7e00000, 0x0000000100000000)
  eden space 101376K, 0% used [0x00000000e0000000,0x00000000e0000000,0x00000000e6300000)
  from space 12288K, 0% used [0x00000000e7200000,0x00000000e7200000,0x00000000e7e00000)
  to   space 13824K, 0% used [0x00000000e6300000,0x00000000e6300000,0x00000000e7080000)
 ParOldGen       total 97792K, used 42731K [0x00000000a0000000, 0x00000000a5f80000, 0x00000000e0000000)
  object space 97792K, 43% used [0x00000000a0000000,0x00000000a29baec8,0x00000000a5f80000)
 Metaspace       used 55934K, capacity 58418K, committed 58624K, reserved 1099776K
  class space    used 7584K, capacity 8137K, committed 8192K, reserved 1048576K
}
Event: 50.397 GC heap before
{Heap before GC invocations=28 (full 3):
 PSYoungGen      total 113664K, used 101376K [0x00000000e0000000, 0x00000000e7e00000, 0x0000000100000000)
  eden space 101376K, 100% used [0x00000000e0000000,0x00000000e6300000,0x00000000e6300000)
  from space 12288K, 0% used [0x00000000e7200000,0x00000000e7200000,0x00000000e7e00000)
  to   space 13824K, 0% used [0x00000000e6300000,0x00000000e6300000,0x00000000e7080000)
 ParOldGen       total 97792K, used 42731K [0x00000000a0000000, 0x00000000a5f80000, 0x00000000e0000000)
  object space 97792K, 43% used [0x00000000a0000000,0x00000000a29baec8,0x00000000a5f80000)
 Metaspace       used 59022K, capacity 61488K, committed 61824K, reserved 1101824K
  class space    used 7940K, capacity 8488K, committed 8576K, reserved 1048576K
Event: 50.430 GC heap after
Heap after GC invocations=28 (full 3):
 PSYoungGen      total 115200K, used 13814K [0x00000000e0000000, 0x00000000e9000000, 0x0000000100000000)
  eden space 101376K, 0% used [0x00000000e0000000,0x00000000e0000000,0x00000000e6300000)
  from space 13824K, 99% used [0x00000000e6300000,0x00000000e707daa8,0x00000000e7080000)
  to   space 16896K, 0% used [0x00000000e7f80000,0x00000000e7f80000,0x00000000e9000000)
 ParOldGen       total 97792K, used 45018K [0x00000000a0000000, 0x00000000a5f80000, 0x00000000e0000000)
  object space 97792K, 46% used [0x00000000a0000000,0x00000000a2bf68e8,0x00000000a5f80000)
 Metaspace       used 59022K, capacity 61488K, committed 61824K, reserved 1101824K
  class space    used 7940K, capacity 8488K, committed 8576K, reserved 1048576K
}
Event: 92.015 GC heap before
{Heap before GC invocations=29 (full 3):
 PSYoungGen      total 115200K, used 115190K [0x00000000e0000000, 0x00000000e9000000, 0x0000000100000000)
  eden space 101376K, 100% used [0x00000000e0000000,0x00000000e6300000,0x00000000e6300000)
  from space 13824K, 99% used [0x00000000e6300000,0x00000000e707daa8,0x00000000e7080000)
  to   space 16896K, 0% used [0x00000000e7f80000,0x00000000e7f80000,0x00000000e9000000)
 ParOldGen       total 97792K, used 45018K [0x00000000a0000000, 0x00000000a5f80000, 0x00000000e0000000)
  object space 97792K, 46% used [0x00000000a0000000,0x00000000a2bf68e8,0x00000000a5f80000)
 Metaspace       used 59736K, capacity 62284K, committed 62336K, reserved 1103872K
  class space    used 7995K, capacity 8556K, committed 8576K, reserved 1048576K
Event: 92.176 GC heap after
Heap after GC invocations=29 (full 3):
 PSYoungGen      total 128512K, used 10187K [0x00000000e0000000, 0x00000000e8f00000, 0x0000000100000000)
  eden space 112640K, 0% used [0x00000000e0000000,0x00000000e0000000,0x00000000e6e00000)
  from space 15872K, 64% used [0x00000000e7f80000,0x00000000e8972ee8,0x00000000e8f00000)
  to   space 16896K, 0% used [0x00000000e6e00000,0x00000000e6e00000,0x00000000e7e80000)
 ParOldGen       total 97792K, used 58774K [0x00000000a0000000, 0x00000000a5f80000, 0x00000000e0000000)
  object space 97792K, 60% used [0x00000000a0000000,0x00000000a3965830,0x00000000a5f80000)
 Metaspace       used 59736K, capacity 62284K, committed 62336K, reserved 1103872K
  class space    used 7995K, capacity 8556K, committed 8576K, reserved 1048576K
}

Deoptimization events (10 events):
Event: 52.120 Thread 0x00000000196f4000 Uncommon trap: reason=unstable_if action=reinterpret pc=0x0000000003cfcc20 method=com.sun.org.apache.xerces.internal.dom.NodeImpl.isOwned(Z)V @ 2
Event: 52.266 Thread 0x00000000196f4000 Uncommon trap: reason=class_check action=maybe_recompile pc=0x0000000003113f48 method=java.util.concurrent.ConcurrentHashMap.putVal(Ljava/lang/Object;Ljava/lang/Object;Z)Ljava/lang/Object; @ 192
Event: 52.340 Thread 0x00000000196f4000 Uncommon trap: reason=unstable_if action=reinterpret pc=0x0000000004b5c30c method=com.google.gson.stream.JsonReader.doPeek()I @ 315
Event: 52.347 Thread 0x00000000196f4000 Uncommon trap: reason=class_check action=maybe_recompile pc=0x0000000003113f48 method=java.util.concurrent.ConcurrentHashMap.putVal(Ljava/lang/Object;Ljava/lang/Object;Z)Ljava/lang/Object; @ 192
Event: 52.397 Thread 0x00000000196f4000 Uncommon trap: reason=class_check action=maybe_recompile pc=0x0000000003113f48 method=java.util.concurrent.ConcurrentHashMap.putVal(Ljava/lang/Object;Ljava/lang/Object;Z)Ljava/lang/Object; @ 192
Event: 52.475 Thread 0x00000000196f4000 Uncommon trap: reason=null_check action=make_not_entrant pc=0x0000000004b717fc method=com.android.ide.common.res2.NodeUtils.processSingleNodeNamespace(Lorg/w3c/dom/Node;Lorg/w3c/dom/Document;)Z @ 8
Event: 52.563 Thread 0x00000000196f4000 Uncommon trap: reason=null_check action=make_not_entrant pc=0x0000000004b85f68 method=com.android.ide.common.res2.NodeUtils.processSingleNodeNamespace(Lorg/w3c/dom/Node;Lorg/w3c/dom/Document;)Z @ 8
Event: 53.590 Thread 0x00000000196f4000 Uncommon trap: reason=unstable_if action=reinterpret pc=0x0000000004b81958 method=sun.nio.cs.UTF_8$Encoder.encodeArrayLoop(Ljava/nio/CharBuffer;Ljava/nio/ByteBuffer;)Ljava/nio/charset/CoderResult; @ 175
Event: 54.167 Thread 0x00000000196f4000 Uncommon trap: reason=unstable_if action=reinterpret pc=0x0000000004bba70c method=sun.nio.cs.UTF_8$Encoder.encodeArrayLoop(Ljava/nio/CharBuffer;Ljava/nio/ByteBuffer;)Ljava/nio/charset/CoderResult; @ 400
Event: 55.559 Thread 0x000000001cec1000 Uncommon trap: reason=unstable_if action=reinterpret pc=0x0000000003e9cc64 method=java.util.regex.Matcher.appendReplacement(Ljava/lang/StringBuffer;Ljava/lang/String;)Ljava/util/regex/Matcher; @ 47

Internal exceptions (10 events):
Event: 45.660 Thread 0x00000000196f4000 Exception <a 'java/net/UnknownHostException': jitpack.io> (0x00000000e09ed100) thrown at [C:\src\android\AOSP-openjdk\external\jetbrains\jdk\hotspot\src\share\vm\prims\jni.cpp, line 735]
Event: 47.244 Thread 0x00000000196f4000 Exception <a 'java/lang/NoSuchMethodError': <clinit>> (0x00000000e2105798) thrown at [C:\src\android\AOSP-openjdk\external\jetbrains\jdk\hotspot\src\share\vm\prims\jni.cpp, line 1613]
Event: 47.245 Thread 0x00000000196f4000 Exception <a 'java/lang/NoSuchMethodError': <clinit>> (0x00000000e2113000) thrown at [C:\src\android\AOSP-openjdk\external\jetbrains\jdk\hotspot\src\share\vm\prims\jni.cpp, line 1613]
Event: 47.263 Thread 0x00000000196f4000 Exception <a 'java/lang/NoSuchMethodError': <clinit>> (0x00000000e2185008) thrown at [C:\src\android\AOSP-openjdk\external\jetbrains\jdk\hotspot\src\share\vm\prims\jni.cpp, line 1613]
Event: 47.265 Thread 0x00000000196f4000 Exception <a 'java/lang/NoSuchMethodError': <clinit>> (0x00000000e219dd60) thrown at [C:\src\android\AOSP-openjdk\external\jetbrains\jdk\hotspot\src\share\vm\prims\jni.cpp, line 1613]
Event: 47.266 Thread 0x00000000196f4000 Exception <a 'java/lang/NoSuchMethodError': <clinit>> (0x00000000e219f9e0) thrown at [C:\src\android\AOSP-openjdk\external\jetbrains\jdk\hotspot\src\share\vm\prims\jni.cpp, line 1613]
Event: 48.057 Thread 0x00000000196f4000 Implicit null exception at 0x000000000434b6ac to 0x000000000434cbd9
Event: 51.051 Thread 0x00000000196f4000 Implicit null exception at 0x0000000004a1639e to 0x0000000004a16845
Event: 52.475 Thread 0x00000000196f4000 Implicit null exception at 0x0000000004b71517 to 0x0000000004b717ed
Event: 52.563 Thread 0x00000000196f4000 Implicit null exception at 0x0000000004b83f3f to 0x0000000004b85f39

Events (10 events):
Event: 107.408 Thread 0x0000000021f32800 Thread exited: 0x0000000021f32800
Event: 110.876 Thread 0x0000000021f2d000 Thread added: 0x0000000021f2d000
Event: 111.140 Executing VM operation: RevokeBias
Event: 111.140 Executing VM operation: RevokeBias done
Event: 111.140 Thread 0x0000000021f2d000 Thread exited: 0x0000000021f2d000
Event: 111.841 Thread 0x0000000021f33800 Thread added: 0x0000000021f33800
Event: 112.312 Executing VM operation: RevokeBias
Event: 112.312 Executing VM operation: RevokeBias done
Event: 112.312 Thread 0x0000000021f33800 Thread exited: 0x0000000021f33800
Event: 112.918 Thread 0x0000000021f33800 Thread added: 0x0000000021f33800


Dynamic libraries:
0x00007ff710a20000 - 0x00007ff710a51000 	C:\android-studio-ide-162.3934792-windows\android-studio\jre\bin\java.exe
0x00007ff807cc0000 - 0x00007ff807e82000 	C:\Windows\SYSTEM32\ntdll.dll
0x00007ff805b70000 - 0x00007ff805c1d000 	C:\Windows\system32\KERNEL32.DLL
0x00007ff804830000 - 0x00007ff804a0d000 	C:\Windows\system32\KERNELBASE.dll
0x00007ff805a60000 - 0x00007ff805b06000 	C:\Windows\system32\ADVAPI32.dll
0x00007ff805740000 - 0x00007ff8057dd000 	C:\Windows\system32\msvcrt.dll
0x00007ff805c20000 - 0x00007ff805c7b000 	C:\Windows\system32\sechost.dll
0x00007ff806160000 - 0x00007ff806286000 	C:\Windows\system32\RPCRT4.dll
0x00007ff8055f0000 - 0x00007ff80573e000 	C:\Windows\system32\USER32.dll
0x00007ff8078f0000 - 0x00007ff807a73000 	C:\Windows\system32\GDI32.dll
0x00007ffffab30000 - 0x00007ffffada4000 	C:\Windows\WinSxS\amd64_microsoft.windows.common-controls_6595b64144ccf1df_6.0.10240.17184_none_f41d7a705752bce6\COMCTL32.dll
0x00007ff805b30000 - 0x00007ff805b66000 	C:\Windows\system32\IMM32.DLL
0x00007ff805c90000 - 0x00007ff805dec000 	C:\Windows\system32\MSCTF.dll
0x0000000065f00000 - 0x0000000065fd2000 	C:\android-studio-ide-162.3934792-windows\android-studio\jre\jre\bin\msvcr100.dll
0x0000000065fe0000 - 0x000000006681c000 	C:\android-studio-ide-162.3934792-windows\android-studio\jre\jre\bin\server\jvm.dll
0x00007ff805380000 - 0x00007ff805388000 	C:\Windows\system32\PSAPI.DLL
0x00007ff800b50000 - 0x00007ff800b59000 	C:\Windows\SYSTEM32\WSOCK32.dll
0x00007ff802540000 - 0x00007ff802563000 	C:\Windows\SYSTEM32\WINMM.dll
0x00007ffffb190000 - 0x00007ffffb19a000 	C:\Windows\SYSTEM32\VERSION.dll
0x00007ff807a80000 - 0x00007ff807ae9000 	C:\Windows\system32\WS2_32.dll
0x00007ff805c80000 - 0x00007ff805c88000 	C:\Windows\system32\NSI.dll
0x00000000013a0000 - 0x00000000013cc000 	C:\Windows\SYSTEM32\WINMMBASE.dll
0x00007ff804be0000 - 0x00007ff804c24000 	C:\Windows\system32\cfgmgr32.dll
0x00007ff803060000 - 0x00007ff803087000 	C:\Windows\SYSTEM32\DEVOBJ.dll
0x00007ffffd190000 - 0x00007ffffd19f000 	C:\android-studio-ide-162.3934792-windows\android-studio\jre\jre\bin\verify.dll
0x00007ffff7c00000 - 0x00007ffff7c29000 	C:\android-studio-ide-162.3934792-windows\android-studio\jre\jre\bin\java.dll
0x00007ffff7be0000 - 0x00007ffff7bf6000 	C:\android-studio-ide-162.3934792-windows\android-studio\jre\jre\bin\zip.dll
0x00007ff806300000 - 0x00007ff807823000 	C:\Windows\system32\SHELL32.dll
0x00007ff804c30000 - 0x00007ff805259000 	C:\Windows\system32\windows.storage.dll
0x00007ff8057e0000 - 0x00007ff805a5c000 	C:\Windows\system32\combase.dll
0x00007ff807890000 - 0x00007ff8078e1000 	C:\Windows\system32\shlwapi.dll
0x00007ff804720000 - 0x00007ff80472f000 	C:\Windows\system32\kernel.appcore.dll
0x00007ff805260000 - 0x00007ff805313000 	C:\Windows\system32\shcore.dll
0x00007ff804730000 - 0x00007ff80477a000 	C:\Windows\system32\powrprof.dll
0x00007ff804700000 - 0x00007ff804713000 	C:\Windows\system32\profapi.dll
0x00007ffff7a70000 - 0x00007ffff7a8a000 	C:\android-studio-ide-162.3934792-windows\android-studio\jre\jre\bin\net.dll
0x00007ff803f50000 - 0x00007ff803fad000 	C:\Windows\system32\mswsock.dll
0x00007ffff7a50000 - 0x00007ffff7a61000 	C:\android-studio-ide-162.3934792-windows\android-studio\jre\jre\bin\nio.dll
0x00007ffff7370000 - 0x00007ffff738e000 	C:\Users\ALEXANDRE\.gradle\native\23\windows-amd64\native-platform.dll
0x00007ff803fb0000 - 0x00007ff803fc7000 	C:\Windows\SYSTEM32\CRYPTSP.dll
0x00007ff804610000 - 0x00007ff804638000 	C:\Windows\SYSTEM32\bcrypt.dll
0x00007ff803ba0000 - 0x00007ff803bd3000 	C:\Windows\system32\rsaenh.dll
0x00007ff803cf0000 - 0x00007ff803d0f000 	C:\Windows\SYSTEM32\USERENV.dll
0x00007ff804500000 - 0x00007ff80456b000 	C:\Windows\system32\bcryptprimitives.dll
0x00007ff804100000 - 0x00007ff80410b000 	C:\Windows\SYSTEM32\CRYPTBASE.dll
0x00007ff801a50000 - 0x00007ff801a88000 	C:\Windows\SYSTEM32\IPHLPAPI.DLL
0x00007ff801a40000 - 0x00007ff801a4b000 	C:\Windows\SYSTEM32\WINNSI.DLL
0x00007ff800560000 - 0x00007ff800576000 	C:\Windows\SYSTEM32\dhcpcsvc6.DLL
0x00007ff800540000 - 0x00007ff80055a000 	C:\Windows\SYSTEM32\dhcpcsvc.DLL
0x00007ffffc980000 - 0x00007ffffc98d000 	C:\android-studio-ide-162.3934792-windows\android-studio\jre\jre\bin\management.dll
0x00007ffff00e0000 - 0x00007ffff0104000 	C:\android-studio-ide-162.3934792-windows\android-studio\jre\jre\bin\sunec.dll
0x00007ff803d10000 - 0x00007ff803db8000 	C:\Windows\SYSTEM32\DNSAPI.dll
0x0000000066bd0000 - 0x0000000066bf6000 	C:\Program Files\Bonjour\mdnsNSP.dll
0x00007ffffdf60000 - 0x00007ffffdf6a000 	C:\Windows\System32\rasadhlp.dll

VM Arguments:
jvm_args: -Xmx1536m -Dfile.encoding=windows-1252 -Duser.country=US -Duser.language=en -Duser.variant 
java_command: org.gradle.launcher.daemon.bootstrap.GradleDaemon 3.3
java_class_path (initial): C:\Users\ALEXANDRE\.gradle\wrapper\dists\gradle-3.3-all\55gk2rcmfc6p2dg9u9ohc3hw9\gradle-3.3\lib\gradle-launcher-3.3.jar
Launcher Type: SUN_STANDARD

Environment Variables:
PATH=C:\ProgramData\Oracle\Java\javapath;C:\Windows\system32;C:\Windows;C:\Windows\System32\Wbem;C:\Windows\System32\WindowsPowerShell\v1.0\;C:\Qt\Qt5.6.2\5.6\mingw49_32\bin;C:\Qt\Qt5.6.2\Tools\QtCreator\bin;C:\vstudio;C:\Program Files\Java\jdk1.8.0_121\bin;C:\Qt\Qt5.6.2\5.6\mingw49_32\bin;C:\Qt\Qt5.6.2\Tools\mingw492_32;C:\Program Files (x86)\Windows Kits\8.1\Windows Performance Toolkit\;C:\Program Files (x86)\Microsoft Emulator Manager\1.0\C:\MinGW\bin;C:\MinGW\include;C:\MinGW\mingw32\bin;C:\Qt\Qt5.6.2\Tools\mingw492_32\bin;C:\Users\ALEXANDRE\Desktop\gradle-3.5\bin;C:\Program Files\Android\Android Studio\bin;C:\Program Files\Microsoft\Web Platform Installer\;C:\Program Files (x86)\Microsoft ASP.NET\ASP.NET Web Pages\v1.0\;C:\Program Files\Microsoft SQL Server\110\Tools\Binn\;C:\Program Files (x86)\MATLAB\R2013\runtime\win32;C:\Program Files (x86)\MATLAB\R2013\bin;C:\Program Files (x86)\Common Files\lenovo\easyplussdk\bin;C:\android-studio-ide-162.3934792-windows\android-studio\gradle\gradle-4.6-bin;C:\Users\ALEXANDRE\Desktop\bin;C:\Program Files (x86)\Git\cmd;;C:\Program Files (x86)\Microsoft VS Code\bin
USERNAME=ALEXANDRE
OS=Windows_NT
PROCESSOR_IDENTIFIER=Intel64 Family 6 Model 42 Stepping 7, GenuineIntel



---------------  S Y S T E M  ---------------

OS: Windows 10.0 , 64 bit Build 10240 (10.0.10240.17113)

CPU:total 4 (2 cores per cpu, 2 threads per core) family 6 model 42 stepping 7, cmov, cx8, fxsr, mmx, sse, sse2, sse3, ssse3, sse4.1, sse4.2, popcnt, avx, clmul, ht, tsc, tscinvbit

Memory: 4k page, physical 4140908k(683864k free), swap 5575532k(4356k free)

vm_info: OpenJDK 64-Bit Server VM (25.112-b06) for windows-amd64 JRE (1.8.0_112-release-b06), built on Dec  8 2016 00:54:26 by "builder" with MS VC++ 10.0 (VS2010)

time: Tue Jul 24 12:32:42 2018
elapsed time: 113 seconds (0d 0h 1m 53s)

