#
# There is insufficient memory for the Java Runtime Environment to continue.
# Native memory allocation (malloc) failed to allocate 2493616 bytes for Chunk::new
# Possible reasons:
#   The system is out of physical RAM or swap space
#   In 32 bit mode, the process size limit was hit
# Possible solutions:
#   Reduce memory load on the system
#   Increase physical memory or swap space
#   Check if swap backing store is full
#   Use 64 bit Java on a 64 bit OS
#   Decrease Java heap size (-Xmx/-Xms)
#   Decrease number of Java threads
#   Decrease Java thread stack sizes (-Xss)
#   Set larger code cache with -XX:ReservedCodeCacheSize=
# This output file may be truncated or incomplete.
#
#  Out of Memory Error (allocation.cpp:390), pid=52332, tid=0x000000000000cd94
#
# JRE version: OpenJDK Runtime Environment (8.0_152-b02) (build 1.8.0_152-release-1024-b02)
# Java VM: OpenJDK 64-Bit Server VM (25.152-b02 mixed mode windows-amd64 compressed oops)
# Failed to write core dump. Minidumps are not enabled by default on client versions of Windows
#

---------------  T H R E A D  ---------------

Current thread (0x0000000012859800):  JavaThread "C2 CompilerThread1" daemon [_thread_in_native, id=52628, stack(0x0000000013f40000,0x0000000014040000)]

Stack: [0x0000000013f40000,0x0000000014040000]
[error occurred during error reporting (printing stack bounds), id 0xc0000005]

Native frames: (J=compiled Java code, j=interpreted, Vv=VM code, C=native code)


Current CompileTask:
C2:   7730  851 %     4       org.objectweb.asm.ClassReader::a @ 74 (3587 bytes)


---------------  P R O C E S S  ---------------

Java Threads: ( => current thread )
  0x0000000014047000 JavaThread "Service Thread" daemon [_thread_blocked, id=52636, stack(0x0000000014540000,0x0000000014640000)]
  0x000000001285c800 JavaThread "C1 CompilerThread2" daemon [_thread_blocked, id=52632, stack(0x0000000014440000,0x0000000014540000)]
=>0x0000000012859800 JavaThread "C2 CompilerThread1" daemon [_thread_in_native, id=52628, stack(0x0000000013f40000,0x0000000014040000)]
  0x000000001280b000 JavaThread "C2 CompilerThread0" daemon [_thread_in_native, id=52624, stack(0x0000000013e40000,0x0000000013f40000)]
  0x0000000012809800 JavaThread "Attach Listener" daemon [_thread_blocked, id=52620, stack(0x0000000013d40000,0x0000000013e40000)]
  0x0000000012808800 JavaThread "Signal Dispatcher" daemon [_thread_blocked, id=52616, stack(0x0000000013c40000,0x0000000013d40000)]
  0x000000000249a800 JavaThread "Finalizer" daemon [_thread_blocked, id=52612, stack(0x0000000013a60000,0x0000000013b60000)]
  0x0000000002495800 JavaThread "Reference Handler" daemon [_thread_blocked, id=52608, stack(0x0000000013960000,0x0000000013a60000)]
  0x00000000023a5000 JavaThread "main" [_thread_in_Java, id=52524, stack(0x00000000020b0000,0x00000000021b0000)]

Other Threads:
  0x00000000127c7000 VMThread [stack: 0x0000000013860000,0x0000000013960000] [id=52588]
  0x0000000014049000 WatcherThread [stack: 0x0000000014640000,0x0000000014740000] [id=52640]

VM state:not at safepoint (normal execution)

VM Mutex/Monitor currently owned by a thread: None

Heap:
 PSYoungGen      total 18944K, used 18927K [0x00000000feb00000, 0x0000000100000000, 0x0000000100000000)
  eden space 16384K, 99% used [0x00000000feb00000,0x00000000ffaff898,0x00000000ffb00000)
  from space 2560K, 99% used [0x00000000ffd80000,0x00000000ffffc4d8,0x0000000100000000)
  to   space 2560K, 0% used [0x00000000ffb00000,0x00000000ffb00000,0x00000000ffd80000)
 ParOldGen       total 44032K, used 5525K [0x00000000fc000000, 0x00000000feb00000, 0x00000000feb00000)
  object space 44032K, 12% used [0x00000000fc000000,0x00000000fc5657c0,0x00000000feb00000)
 Metaspace       used 7533K, capacity 7708K, committed 7936K, reserved 1056768K
  class space    used 869K, capacity 956K, committed 1024K, reserved 1048576K

Card table byte_map: [0x00000000021b0000,0x00000000021e0000] byte_map_base: 0x00000000019d0000

Marking Bits: (ParMarkBitMap*) 0x0000000069654970
 Begin Bits: [0x0000000011c60000, 0x0000000011d60000)
 End Bits:   [0x0000000011d60000, 0x0000000011e60000)

Polling page: 0x0000000000940000

CodeCache: size=245760Kb used=3883Kb max_used=3883Kb free=241876Kb
 bounds [0x00000000024a0000, 0x0000000002870000, 0x00000000114a0000]
 total_blobs=1351 nmethods=1020 adapters=245
 compilation: enabled

Compilation events (10 events):
Event: 7.688 Thread 0x000000001285c800 1023       3       java.util.Vector::elementData (7 bytes)
Event: 7.688 Thread 0x000000001285c800 nmethod 1023 0x0000000002855e10 code [0x0000000002855f60, 0x00000000028560d0]
Event: 7.689 Thread 0x000000001285c800 1024       3       java.nio.file.attribute.FileTime::to (117 bytes)
Event: 7.690 Thread 0x000000001285c800 nmethod 1024 0x000000000286ad50 code [0x000000000286af40, 0x000000000286b7b8]
Event: 7.690 Thread 0x000000001285c800 1025       3       java.util.concurrent.TimeUnit$4::convert (6 bytes)
Event: 7.690 Thread 0x000000001285c800 nmethod 1025 0x000000000286bad0 code [0x000000000286bc40, 0x000000000286be68]
Event: 7.690 Thread 0x000000001285c800 1026       3       java.util.concurrent.TimeUnit$3::toSeconds (6 bytes)
Event: 7.690 Thread 0x000000001285c800 nmethod 1026 0x000000000286bf50 code [0x000000000286c0a0, 0x000000000286c210]
Event: 7.690 Thread 0x000000001285c800 1027       3       java.util.zip.ZipOutputStream::writeExtra (106 bytes)
Event: 7.692 Thread 0x000000001285c800 nmethod 1027 0x000000000286c290 code [0x000000000286c480, 0x000000000286cf48]

GC Heap History (4 events):
Event: 2.994 GC heap before
{Heap before GC invocations=1 (full 0):
 PSYoungGen      total 18944K, used 16384K [0x00000000feb00000, 0x0000000100000000, 0x0000000100000000)
  eden space 16384K, 100% used [0x00000000feb00000,0x00000000ffb00000,0x00000000ffb00000)
  from space 2560K, 0% used [0x00000000ffd80000,0x00000000ffd80000,0x0000000100000000)
  to   space 2560K, 0% used [0x00000000ffb00000,0x00000000ffb00000,0x00000000ffd80000)
 ParOldGen       total 44032K, used 0K [0x00000000fc000000, 0x00000000feb00000, 0x00000000feb00000)
  object space 44032K, 0% used [0x00000000fc000000,0x00000000fc000000,0x00000000feb00000)
 Metaspace       used 6488K, capacity 6606K, committed 6784K, reserved 1056768K
  class space    used 768K, capacity 823K, committed 896K, reserved 1048576K
Event: 3.013 GC heap after
Heap after GC invocations=1 (full 0):
 PSYoungGen      total 18944K, used 2544K [0x00000000feb00000, 0x0000000100000000, 0x0000000100000000)
  eden space 16384K, 0% used [0x00000000feb00000,0x00000000feb00000,0x00000000ffb00000)
  from space 2560K, 99% used [0x00000000ffb00000,0x00000000ffd7c020,0x00000000ffd80000)
  to   space 2560K, 0% used [0x00000000ffd80000,0x00000000ffd80000,0x0000000100000000)
 ParOldGen       total 44032K, used 1634K [0x00000000fc000000, 0x00000000feb00000, 0x00000000feb00000)
  object space 44032K, 3% used [0x00000000fc000000,0x00000000fc198ab8,0x00000000feb00000)
 Metaspace       used 6488K, capacity 6606K, committed 6784K, reserved 1056768K
  class space    used 768K, capacity 823K, committed 896K, reserved 1048576K
}
Event: 6.712 GC heap before
{Heap before GC invocations=2 (full 0):
 PSYoungGen      total 18944K, used 18928K [0x00000000feb00000, 0x0000000100000000, 0x0000000100000000)
  eden space 16384K, 100% used [0x00000000feb00000,0x00000000ffb00000,0x00000000ffb00000)
  from space 2560K, 99% used [0x00000000ffb00000,0x00000000ffd7c020,0x00000000ffd80000)
  to   space 2560K, 0% used [0x00000000ffd80000,0x00000000ffd80000,0x0000000100000000)
 ParOldGen       total 44032K, used 1634K [0x00000000fc000000, 0x00000000feb00000, 0x00000000feb00000)
  object space 44032K, 3% used [0x00000000fc000000,0x00000000fc198ab8,0x00000000feb00000)
 Metaspace       used 7449K, capacity 7644K, committed 7936K, reserved 1056768K
  class space    used 868K, capacity 956K, committed 1024K, reserved 1048576K
Event: 6.723 GC heap after
Heap after GC invocations=2 (full 0):
 PSYoungGen      total 18944K, used 2545K [0x00000000feb00000, 0x0000000100000000, 0x0000000100000000)
  eden space 16384K, 0% used [0x00000000feb00000,0x00000000feb00000,0x00000000ffb00000)
  from space 2560K, 99% used [0x00000000ffd80000,0x00000000ffffc4d8,0x0000000100000000)
  to   space 2560K, 0% used [0x00000000ffb00000,0x00000000ffb00000,0x00000000ffd80000)
 ParOldGen       total 44032K, used 5525K [0x00000000fc000000, 0x00000000feb00000, 0x00000000feb00000)
  object space 44032K, 12% used [0x00000000fc000000,0x00000000fc5657c0,0x00000000feb00000)
 Metaspace       used 7449K, capacity 7644K, committed 7936K, reserved 1056768K
  class space    used 868K, capacity 956K, committed 1024K, reserved 1048576K
}

Deoptimization events (10 events):
Event: 3.117 Thread 0x00000000023a5000 Uncommon trap: reason=unstable_if action=reinterpret pc=0x00000000026b80b0 method=java.util.zip.ZipFile.getZipEntry(Ljava/lang/String;J)Ljava/util/zip/ZipEntry; @ 19
Event: 6.006 Thread 0x00000000023a5000 Uncommon trap: reason=unstable_if action=reinterpret pc=0x00000000026d3048 method=java.util.HashMap$HashIterator.nextNode()Ljava/util/HashMap$Node; @ 74
Event: 6.284 Thread 0x00000000023a5000 Uncommon trap: reason=unloaded action=reinterpret pc=0x00000000026b8fbc method=java.util.zip.ZipEntry.setExtra0([BZ)V @ 37
Event: 6.815 Thread 0x00000000023a5000 Uncommon trap: reason=unstable_if action=reinterpret pc=0x00000000027f8f9c method=org.objectweb.asm.Type.getArgumentsAndReturnSizes(Ljava/lang/String;)I @ 47
Event: 6.815 Thread 0x00000000023a5000 Uncommon trap: reason=unstable_if action=reinterpret pc=0x00000000027de3b4 method=org.objectweb.asm.MethodWriter.visitVarInsn(II)V @ 142
Event: 6.968 Thread 0x00000000023a5000 Uncommon trap: reason=unstable_if action=reinterpret pc=0x000000000280b430 method=org.objectweb.asm.MethodWriter.visitVarInsn(II)V @ 130
Event: 6.976 Thread 0x00000000023a5000 Uncommon trap: reason=unstable_if action=reinterpret pc=0x00000000027888fc method=java.lang.String.<init>([CII)V @ 18
Event: 7.089 Thread 0x00000000023a5000 Uncommon trap: reason=unstable_if action=reinterpret pc=0x0000000002816ed8 method=org.objectweb.asm.Type.getArgumentsAndReturnSizes(Ljava/lang/String;)I @ 130
Event: 7.447 Thread 0x00000000023a5000 Uncommon trap: reason=unstable_if action=reinterpret pc=0x0000000002848c3c method=org.objectweb.asm.MethodWriter.visitVarInsn(II)V @ 136
Event: 7.447 Thread 0x00000000023a5000 Uncommon trap: reason=unstable_if action=reinterpret pc=0x0000000002842ec8 method=org.objectweb.asm.MethodWriter.visitFieldInsn(ILjava/lang/String;Ljava/lang/String;Ljava/lang/String;)V @ 200

Classes redefined (0 events):
No events

Internal exceptions (10 events):
Event: 6.001 Thread 0x00000000023a5000 Exception <a 'sun/nio/fs/WindowsException'> (0x00000000ff129988) thrown at [D:\src\AOSP-openjdk-cygwin\jdk8u\hotspot\src\share\vm\prims\jni.cpp, line 709]
Event: 6.001 Thread 0x00000000023a5000 Exception <a 'sun/nio/fs/WindowsException'> (0x00000000ff129f80) thrown at [D:\src\AOSP-openjdk-cygwin\jdk8u\hotspot\src\share\vm\prims\jni.cpp, line 709]
Event: 6.002 Thread 0x00000000023a5000 Exception <a 'sun/nio/fs/WindowsException'> (0x00000000ff12a750) thrown at [D:\src\AOSP-openjdk-cygwin\jdk8u\hotspot\src\share\vm\prims\jni.cpp, line 709]
Event: 6.002 Thread 0x00000000023a5000 Exception <a 'sun/nio/fs/WindowsException'> (0x00000000ff12ad20) thrown at [D:\src\AOSP-openjdk-cygwin\jdk8u\hotspot\src\share\vm\prims\jni.cpp, line 709]
Event: 6.002 Thread 0x00000000023a5000 Exception <a 'sun/nio/fs/WindowsException'> (0x00000000ff12b4e0) thrown at [D:\src\AOSP-openjdk-cygwin\jdk8u\hotspot\src\share\vm\prims\jni.cpp, line 709]
Event: 6.011 Thread 0x00000000023a5000 Exception <a 'sun/nio/fs/WindowsException'> (0x00000000ff130948) thrown at [D:\src\AOSP-openjdk-cygwin\jdk8u\hotspot\src\share\vm\prims\jni.cpp, line 709]
Event: 6.358 Thread 0x00000000023a5000 Exception <a 'sun/nio/fs/WindowsException'> (0x00000000ff6370c0) thrown at [D:\src\AOSP-openjdk-cygwin\jdk8u\hotspot\src\share\vm\prims\jni.cpp, line 709]
Event: 6.358 Thread 0x00000000023a5000 Exception <a 'sun/nio/fs/WindowsException'> (0x00000000ff637670) thrown at [D:\src\AOSP-openjdk-cygwin\jdk8u\hotspot\src\share\vm\prims\jni.cpp, line 709]
Event: 7.004 Thread 0x00000000023a5000 Exception <a 'sun/nio/fs/WindowsException'> (0x00000000fef96048) thrown at [D:\src\AOSP-openjdk-cygwin\jdk8u\hotspot\src\share\vm\prims\jni.cpp, line 709]
Event: 7.004 Thread 0x00000000023a5000 Exception <a 'sun/nio/fs/WindowsException'> (0x00000000fef96578) thrown at [D:\src\AOSP-openjdk-cygwin\jdk8u\hotspot\src\share\vm\prims\jni.cpp, line 709]

Events (10 events):
Event: 7.447 Thread 0x00000000023a5000 DEOPT UNPACKING pc=0x00000000024e557b sp=0x00000000021aed98 mode 2
Event: 7.447 Thread 0x00000000023a5000 Uncommon trap: trap_request=0xffffff65 fr.pc=0x0000000002842ec8
Event: 7.447 Thread 0x00000000023a5000 DEOPT PACKING pc=0x0000000002842ec8 sp=0x00000000021aee10
Event: 7.447 Thread 0x00000000023a5000 DEOPT UNPACKING pc=0x00000000024e557b sp=0x00000000021aed50 mode 2
Event: 7.470 Thread 0x00000000023a5000 DEOPT PACKING pc=0x00000000027e5b8e sp=0x00000000021aef00
Event: 7.470 Thread 0x00000000023a5000 DEOPT UNPACKING pc=0x00000000024e75d0 sp=0x00000000021aece0 mode 0
Event: 7.640 Thread 0x00000000023a5000 DEOPT PACKING pc=0x0000000002784eb0 sp=0x00000000021aeeb0
Event: 7.640 Thread 0x00000000023a5000 DEOPT UNPACKING pc=0x00000000024e75d0 sp=0x00000000021aebd8 mode 0
Event: 7.663 Thread 0x00000000023a5000 DEOPT PACKING pc=0x0000000002784eb0 sp=0x00000000021aeeb0
Event: 7.663 Thread 0x00000000023a5000 DEOPT UNPACKING pc=0x00000000024e75d0 sp=0x00000000021aebd8 mode 0


Dynamic libraries:
0x00007ff6c1910000 - 0x00007ff6c1941000 	C:\Program Files\Android\Android Studio1\jre\bin\java.exe
0x00007ffa68c50000 - 0x00007ffa68e12000 	C:\Windows\SYSTEM32\ntdll.dll
0x00007ffa670c0000 - 0x00007ffa6716d000 	C:\Windows\system32\KERNEL32.DLL
0x00007ffa65f00000 - 0x00007ffa660dd000 	C:\Windows\system32\KERNELBASE.dll
0x00007ffa66580000 - 0x00007ffa66626000 	C:\Windows\system32\ADVAPI32.dll
0x00007ffa68b30000 - 0x00007ffa68bcd000 	C:\Windows\system32\msvcrt.dll
0x00007ffa66510000 - 0x00007ffa6656b000 	C:\Windows\system32\sechost.dll
0x00007ffa66c20000 - 0x00007ffa66d46000 	C:\Windows\system32\RPCRT4.dll
0x00007ffa686a0000 - 0x00007ffa687ee000 	C:\Windows\system32\USER32.dll
0x00007ffa66d50000 - 0x00007ffa66ed3000 	C:\Windows\system32\GDI32.dll
0x00007ffa5b720000 - 0x00007ffa5b994000 	C:\Windows\WinSxS\amd64_microsoft.windows.common-controls_6595b64144ccf1df_6.0.10240.17184_none_f41d7a705752bce6\COMCTL32.dll
0x00007ffa68ad0000 - 0x00007ffa68b06000 	C:\Windows\system32\IMM32.DLL
0x00007ffa668b0000 - 0x00007ffa66a0c000 	C:\Windows\system32\MSCTF.dll
0x0000000068db0000 - 0x0000000068e82000 	C:\Program Files\Android\Android Studio1\jre\jre\bin\msvcr100.dll
0x0000000068e90000 - 0x00000000696cf000 	C:\Program Files\Android\Android Studio1\jre\jre\bin\server\jvm.dll
0x00007ffa68bd0000 - 0x00007ffa68bd8000 	C:\Windows\system32\PSAPI.DLL
0x00007ffa62a60000 - 0x00007ffa62a69000 	C:\Windows\SYSTEM32\WSOCK32.dll
0x00007ffa68be0000 - 0x00007ffa68c49000 	C:\Windows\system32\WS2_32.dll
0x00007ffa66570000 - 0x00007ffa66578000 	C:\Windows\system32\NSI.dll
0x00007ffa638e0000 - 0x00007ffa63903000 	C:\Windows\SYSTEM32\WINMM.dll
0x00007ffa629e0000 - 0x00007ffa629ea000 	C:\Windows\SYSTEM32\VERSION.dll
0x00007ffa63840000 - 0x00007ffa6386c000 	C:\Windows\SYSTEM32\WINMMBASE.dll
0x00007ffa65710000 - 0x00007ffa65754000 	C:\Windows\system32\cfgmgr32.dll
0x00007ffa63ff0000 - 0x00007ffa64017000 	C:\Windows\SYSTEM32\DEVOBJ.dll
0x00007ffa62a00000 - 0x00007ffa62a0f000 	C:\Program Files\Android\Android Studio1\jre\jre\bin\verify.dll
0x00007ffa57900000 - 0x00007ffa57929000 	C:\Program Files\Android\Android Studio1\jre\jre\bin\java.dll
0x00007ffa56730000 - 0x00007ffa56746000 	C:\Program Files\Android\Android Studio1\jre\jre\bin\zip.dll
0x00007ffa67170000 - 0x00007ffa68693000 	C:\Windows\system32\SHELL32.dll
0x00007ffa65810000 - 0x00007ffa65e39000 	C:\Windows\system32\windows.storage.dll
0x00007ffa687f0000 - 0x00007ffa68a6c000 	C:\Windows\system32\combase.dll
0x00007ffa66a80000 - 0x00007ffa66ad1000 	C:\Windows\system32\shlwapi.dll
0x00007ffa656e0000 - 0x00007ffa656ef000 	C:\Windows\system32\kernel.appcore.dll
0x00007ffa65e40000 - 0x00007ffa65ef3000 	C:\Windows\system32\shcore.dll
0x00007ffa65670000 - 0x00007ffa656ba000 	C:\Windows\system32\powrprof.dll
0x00007ffa656c0000 - 0x00007ffa656d3000 	C:\Windows\system32\profapi.dll
0x00007ffa64f40000 - 0x00007ffa64f57000 	C:\Windows\SYSTEM32\CRYPTSP.dll
0x00007ffa655a0000 - 0x00007ffa655c8000 	C:\Windows\SYSTEM32\bcrypt.dll
0x00007ffa64b30000 - 0x00007ffa64b63000 	C:\Windows\system32\rsaenh.dll
0x00007ffa64cd0000 - 0x00007ffa64cef000 	C:\Windows\SYSTEM32\USERENV.dll
0x00007ffa65490000 - 0x00007ffa654fb000 	C:\Windows\system32\bcryptprimitives.dll
0x00007ffa65090000 - 0x00007ffa6509b000 	C:\Windows\SYSTEM32\CRYPTBASE.dll
0x00007ffa562a0000 - 0x00007ffa562ba000 	C:\Program Files\Android\Android Studio1\jre\jre\bin\net.dll
0x00007ffa64ee0000 - 0x00007ffa64f3d000 	C:\Windows\system32\mswsock.dll
0x00007ffa62f90000 - 0x00007ffa62fc8000 	C:\Windows\SYSTEM32\IPHLPAPI.DLL
0x00007ffa62f80000 - 0x00007ffa62f8b000 	C:\Windows\SYSTEM32\WINNSI.DLL
0x00007ffa604d0000 - 0x00007ffa604e6000 	C:\Windows\SYSTEM32\dhcpcsvc6.DLL
0x00007ffa604b0000 - 0x00007ffa604ca000 	C:\Windows\SYSTEM32\dhcpcsvc.DLL
0x00007ffa55d50000 - 0x00007ffa55d61000 	C:\Program Files\Android\Android Studio1\jre\jre\bin\nio.dll

VM Arguments:
jvm_args: -Djava.awt.headless=true -Xmx64M -Dfile.encoding=windows-1252 -Duser.country=US -Duser.language=en -Duser.variant 
java_command: com.google.devtools.build.android.desugar.Desugar --input C:\Users\ALEXANDRE\AndroidStudioProjects\SitaProject\app\build\intermediates\transforms\stackFramesFixer\debug\19.jar --output C:\Users\ALEXANDRE\AndroidStudioProjects\SitaProject\app\build\intermediates\transforms\desugar\debug\20.jar --input C:\Users\ALEXANDRE\AndroidStudioProjects\SitaProject\app\build\intermediates\transforms\stackFramesFixer\debug\20.jar --output C:\Users\ALEXANDRE\AndroidStudioProjects\SitaProject\app\build\intermediates\transforms\desugar\debug\21.jar --input C:\Users\ALEXANDRE\AndroidStudioProjects\SitaProject\app\build\intermediates\classes\debug --output C:\Users\ALEXANDRE\AndroidStudioProjects\SitaProject\app\build\intermediates\transforms\desugar\debug\0 --input C:\Users\ALEXANDRE\AndroidStudioProjects\SitaProject\app\build\intermediates\transforms\stackFramesFixer\debug\1.jar --output C:\Users\ALEXANDRE\AndroidStudioProjects\SitaProject\app\build\intermediates\transforms\desugar\debug\2.jar --input C:\Users\ALEXANDRE\AndroidStudioProjects\SitaProject\app\build\intermediates\transforms\stackFramesFixer\debug\10.jar --output C:\Users\ALEXANDRE\AndroidStudioProjects\SitaProject\app\build\intermediates\transforms\desugar\debug\11.jar --input C:\Users\ALEXANDRE\AndroidStudioProjects\SitaProject\app\build\intermediates\transforms\stackFramesFixer\debug\22.jar --output C:\Users\ALEXANDRE\AndroidStudioProjects\SitaProject\app\build\intermediates\transforms\desugar\debug\23.jar --input C:\Users\ALEXANDRE\AndroidStudioProjects\SitaProject\app\build\intermediates\transforms\stackFramesFixer\debug\17.jar --output C:\Users\ALEXANDRE\AndroidStudioProjects\SitaProject\app\build\intermediates\transforms\desugar\debug\18.jar --input C:\Users\ALEXANDRE\AndroidStudioProjects\SitaProject\app\build\intermediates\transforms\stackFramesFixer\debug\2.jar --output C:\Users\ALEXANDRE\AndroidStudioProjects\SitaProject\app\build\intermediates\transforms\desugar\debug\3.jar --input C:\Users\A
java_class_path (initial): C:\Users\ALEXAN~1\AppData\Local\Temp\desugar_deploy.jar8986186460129628509
Launcher Type: SUN_STANDARD

Environment Variables:
JAVA_HOME=C:\Program Files\Java\jdk1.8.0_121
PATH=C:\ProgramData\Oracle\Java\javapath;C:\Windows\system32;C:\Windows;C:\Windows\System32\Wbem;C:\Windows\System32\WindowsPowerShell\v1.0\;C:\Qt\Qt5.6.2\5.6\mingw49_32\bin;C:\Qt\Qt5.6.2\Tools\QtCreator\bin;C:\vstudio;C:\Program Files\Java\jdk1.8.0_121\bin;C:\Qt\Qt5.6.2\5.6\mingw49_32\bin;C:\Qt\Qt5.6.2\Tools\mingw492_32;C:\Program Files (x86)\Windows Kits\8.1\Windows Performance Toolkit\;C:\Program Files (x86)\Microsoft Emulator Manager\1.0\C:\MinGW\bin;C:\MinGW\include;C:\MinGW\mingw32\bin;C:\Qt\Qt5.6.2\Tools\mingw492_32\bin;C:\Users\ALEXANDRE\Desktop\gradle-3.5\bin;C:\Program Files\Android\Android Studio\bin;C:\Program Files\Microsoft\Web Platform Installer\;C:\Program Files (x86)\Microsoft ASP.NET\ASP.NET Web Pages\v1.0\;C:\Program Files\Microsoft SQL Server\110\Tools\Binn\;C:\Program Files (x86)\MATLAB\R2013\runtime\win32;C:\Program Files (x86)\MATLAB\R2013\bin;C:\Program Files (x86)\Common Files\lenovo\easyplussdk\bin;C:\android-studio-ide-162.3934792-windows\android-studio\gradle\gradle-4.6-bin;C:\Users\ALEXANDRE\Desktop\bin;C:\Program Files (x86)\Git\cmd;C:\Program Files\Java\jre7\bin;;C:\Program Files (x86)\Microsoft VS Code\bin
USERNAME=ALEXANDRE
OS=Windows_NT
PROCESSOR_IDENTIFIER=Intel64 Family 6 Model 42 Stepping 7, GenuineIntel



---------------  S Y S T E M  ---------------

OS: Windows 10.0 , 64 bit Build 10240 (10.0.10240.17113)

CPU:total 4 (initial active 4) (2 cores per cpu, 2 threads per core) family 6 model 42 stepping 7, cmov, cx8, fxsr, mmx, sse, sse2, sse3, ssse3, sse4.1, sse4.2, popcnt, avx, clmul, ht, tsc, tscinvbit

Memory: 4k page, physical 4140908k(473284k free), swap 5575532k(6296k free)

vm_info: OpenJDK 64-Bit Server VM (25.152-b02) for windows-amd64 JRE (1.8.0_152-release-1024-b02), built by "builder" with MS VC++ 10.0 (VS2010)

time: Thu Aug 23 12:20:36 2018
elapsed time: 7 seconds (0d 0h 0m 7s)

