#
# There is insufficient memory for the Java Runtime Environment to continue.
# Native memory allocation (malloc) failed to allocate 98496 bytes for Chunk::new
# Possible reasons:
#   The system is out of physical RAM or swap space
#   In 32 bit mode, the process size limit was hit
# Possible solutions:
#   Reduce memory load on the system
#   Increase physical memory or swap space
#   Check if swap backing store is full
#   Use 64 bit Java on a 64 bit OS
#   Decrease Java heap size (-Xmx/-Xms)
#   Decrease number of Java threads
#   Decrease Java thread stack sizes (-Xss)
#   Set larger code cache with -XX:ReservedCodeCacheSize=
# This output file may be truncated or incomplete.
#
#  Out of Memory Error (allocation.cpp:390), pid=104768, tid=0x0000000000019a58
#
# JRE version: OpenJDK Runtime Environment (8.0_152-b02) (build 1.8.0_152-release-1024-b02)
# Java VM: OpenJDK 64-Bit Server VM (25.152-b02 mixed mode windows-amd64 compressed oops)
# Failed to write core dump. Minidumps are not enabled by default on client versions of Windows
#

---------------  T H R E A D  ---------------

Current thread (0x00000000125ed000):  JavaThread "C2 CompilerThread0" daemon [_thread_in_native, id=105048, stack(0x0000000013c30000,0x0000000013d30000)]

Stack: [0x0000000013c30000,0x0000000013d30000]
[error occurred during error reporting (printing stack bounds), id 0xc0000005]

Native frames: (J=compiled Java code, j=interpreted, Vv=VM code, C=native code)


Current CompileTask:
C2:  13745  825       4       org.objectweb.asm.ClassReader::readUTF8 (60 bytes)


---------------  P R O C E S S  ---------------

Java Threads: ( => current thread )
  0x0000000013f5b800 JavaThread "Service Thread" daemon [_thread_blocked, id=105096, stack(0x0000000014330000,0x0000000014430000)]
  0x00000000125e3800 JavaThread "C1 CompilerThread2" daemon [_thread_in_native, id=105068, stack(0x0000000013e30000,0x0000000013f30000)]
  0x00000000125f1000 JavaThread "C2 CompilerThread1" daemon [_thread_in_native, id=105060, stack(0x0000000013d30000,0x0000000013e30000)]
=>0x00000000125ed000 JavaThread "C2 CompilerThread0" daemon [_thread_in_native, id=105048, stack(0x0000000013c30000,0x0000000013d30000)]
  0x00000000125eb800 JavaThread "Attach Listener" daemon [_thread_blocked, id=105044, stack(0x0000000013b30000,0x0000000013c30000)]
  0x00000000125ea000 JavaThread "Signal Dispatcher" daemon [_thread_blocked, id=105040, stack(0x0000000013a30000,0x0000000013b30000)]
  0x00000000125ce000 JavaThread "Finalizer" daemon [_thread_blocked, id=105032, stack(0x0000000013840000,0x0000000013940000)]
  0x0000000002247000 JavaThread "Reference Handler" daemon [_thread_blocked, id=105024, stack(0x0000000013740000,0x0000000013840000)]
  0x0000000002157000 JavaThread "main" [_thread_blocked, id=104860, stack(0x0000000002050000,0x0000000002150000)]

Other Threads:
  0x00000000125a6800 VMThread [stack: 0x0000000013640000,0x0000000013740000] [id=105008]
  0x0000000013f5d000 WatcherThread [stack: 0x0000000014430000,0x0000000014530000] [id=105100]

VM state:at safepoint (normal execution)

VM Mutex/Monitor currently owned by a thread:  ([mutex/lock_event])
[0x0000000002153350] Threads_lock - owner thread: 0x00000000125a6800
[0x0000000002153cd0] Heap_lock - owner thread: 0x0000000002157000

Heap:
 PSYoungGen      total 18944K, used 18928K [0x00000000feb00000, 0x0000000100000000, 0x0000000100000000)
  eden space 16384K, 100% used [0x00000000feb00000,0x00000000ffb00000,0x00000000ffb00000)
  from space 2560K, 99% used [0x00000000ffb00000,0x00000000ffd7c020,0x00000000ffd80000)
  to   space 2560K, 0% used [0x00000000ffd80000,0x00000000ffd80000,0x0000000100000000)
 ParOldGen       total 44032K, used 1612K [0x00000000fc000000, 0x00000000feb00000, 0x00000000feb00000)
  object space 44032K, 3% used [0x00000000fc000000,0x00000000fc193260,0x00000000feb00000)
 Metaspace       used 7448K, capacity 7586K, committed 7680K, reserved 1056768K
  class space    used 874K, capacity 957K, committed 1024K, reserved 1048576K

Card table byte_map: [0x00000000007d0000,0x0000000000800000] byte_map_base: 0xffffffffffff0000

Marking Bits: (ParMarkBitMap*) 0x0000000065f14970
 Begin Bits: [0x0000000011a10000, 0x0000000011b10000)
 End Bits:   [0x0000000011b10000, 0x0000000011c10000)

Polling page: 0x0000000000780000

CodeCache: size=245760Kb used=2921Kb max_used=2932Kb free=242839Kb
 bounds [0x0000000002250000, 0x0000000002530000, 0x0000000011250000]
 total_blobs=1157 nmethods=826 adapters=245
 compilation: enabled

Compilation events (10 events):
Event: 13.639 Thread 0x00000000125e3800  814       3       org.objectweb.asm.ClassVisitor::visitField (24 bytes)
Event: 13.639 Thread 0x00000000125e3800 nmethod 814 0x0000000002525690 code [0x0000000002525800, 0x0000000002525a68]
Event: 13.639 Thread 0x00000000125e3800  820       3       com.google.devtools.build.android.desugar.InterfaceDesugaring$InterfaceInvocationRewriter::visitMethodInsn (279 bytes)
Event: 13.640 Thread 0x00000000125ed000  825       4       org.objectweb.asm.ClassReader::readUTF8 (60 bytes)
Event: 13.642 Thread 0x00000000125f1000 nmethod 823 0x0000000002528990 code [0x0000000002528ae0, 0x0000000002528d38]
Event: 13.642 Thread 0x00000000125f1000  826       4       org.objectweb.asm.ClassReader::readInt (52 bytes)
Event: 13.642 Thread 0x00000000125e3800 nmethod 820 0x0000000002528e90 code [0x0000000002529360, 0x000000000252c4a8]
Event: 13.642 Thread 0x00000000125e3800  824       3       org.objectweb.asm.ClassReader::a (3587 bytes)
Event: 13.643 Thread 0x00000000125f1000 nmethod 826 0x000000000252e050 code [0x000000000252e180, 0x000000000252e278]
Event: 13.646 Thread 0x00000000125f1000  833       4       org.objectweb.asm.ByteVector::putShort (52 bytes)

GC Heap History (2 events):
Event: 10.806 GC heap before
{Heap before GC invocations=1 (full 0):
 PSYoungGen      total 18944K, used 16384K [0x00000000feb00000, 0x0000000100000000, 0x0000000100000000)
  eden space 16384K, 100% used [0x00000000feb00000,0x00000000ffb00000,0x00000000ffb00000)
  from space 2560K, 0% used [0x00000000ffd80000,0x00000000ffd80000,0x0000000100000000)
  to   space 2560K, 0% used [0x00000000ffb00000,0x00000000ffb00000,0x00000000ffd80000)
 ParOldGen       total 44032K, used 0K [0x00000000fc000000, 0x00000000feb00000, 0x00000000feb00000)
  object space 44032K, 0% used [0x00000000fc000000,0x00000000fc000000,0x00000000feb00000)
 Metaspace       used 6504K, capacity 6608K, committed 6784K, reserved 1056768K
  class space    used 769K, capacity 824K, committed 896K, reserved 1048576K
Event: 10.824 GC heap after
Heap after GC invocations=1 (full 0):
 PSYoungGen      total 18944K, used 2544K [0x00000000feb00000, 0x0000000100000000, 0x0000000100000000)
  eden space 16384K, 0% used [0x00000000feb00000,0x00000000feb00000,0x00000000ffb00000)
  from space 2560K, 99% used [0x00000000ffb00000,0x00000000ffd7c020,0x00000000ffd80000)
  to   space 2560K, 0% used [0x00000000ffd80000,0x00000000ffd80000,0x0000000100000000)
 ParOldGen       total 44032K, used 1612K [0x00000000fc000000, 0x00000000feb00000, 0x00000000feb00000)
  object space 44032K, 3% used [0x00000000fc000000,0x00000000fc193260,0x00000000feb00000)
 Metaspace       used 6504K, capacity 6608K, committed 6784K, reserved 1056768K
  class space    used 769K, capacity 824K, committed 896K, reserved 1048576K
}

Deoptimization events (10 events):
Event: 10.704 Thread 0x0000000002157000 Uncommon trap: reason=unstable_if action=reinterpret pc=0x0000000002476c64 method=java.util.zip.ZipCoder.decoder()Ljava/nio/charset/CharsetDecoder; @ 4
Event: 10.704 Thread 0x0000000002157000 Uncommon trap: reason=unstable_if action=reinterpret pc=0x00000000024630d8 method=java.util.zip.ZipEntry.setExtra0([BZ)V @ 1
Event: 10.728 Thread 0x0000000002157000 Uncommon trap: reason=unstable_if action=reinterpret pc=0x000000000246ab08 method=java.util.zip.ZipFile$ZipEntryIterator.hasNext()Z @ 25
Event: 10.728 Thread 0x0000000002157000 Uncommon trap: reason=unstable_if action=reinterpret pc=0x000000000247964c method=java.util.zip.ZipCoder.decoder()Ljava/nio/charset/CharsetDecoder; @ 4
Event: 10.731 Thread 0x0000000002157000 Uncommon trap: reason=unstable_if action=reinterpret pc=0x000000000247bd3c method=java.util.zip.ZipCoder.decoder()Ljava/nio/charset/CharsetDecoder; @ 4
Event: 10.910 Thread 0x0000000002157000 Uncommon trap: reason=unstable_if action=reinterpret pc=0x000000000247f30c method=java.util.HashMap$HashIterator.nextNode()Ljava/util/HashMap$Node; @ 74
Event: 10.932 Thread 0x0000000002157000 Uncommon trap: reason=unstable_if action=reinterpret pc=0x000000000246ca10 method=java.util.zip.ZipFile.getZipEntry(Ljava/lang/String;J)Ljava/util/zip/ZipEntry; @ 19
Event: 11.407 Thread 0x0000000002157000 Uncommon trap: reason=unstable_if action=reinterpret pc=0x000000000247eecc method=java.util.HashMap$HashIterator.nextNode()Ljava/util/HashMap$Node; @ 74
Event: 11.681 Thread 0x0000000002157000 Uncommon trap: reason=unloaded action=reinterpret pc=0x0000000002471784 method=java.util.zip.ZipEntry.setExtra0([BZ)V @ 37
Event: 11.919 Thread 0x0000000002157000 Uncommon trap: reason=unstable_if action=reinterpret pc=0x000000000243666c method=java.lang.String.<init>([CII)V @ 18

Classes redefined (0 events):
No events

Internal exceptions (10 events):
Event: 11.388 Thread 0x0000000002157000 Exception <a 'sun/nio/fs/WindowsException'> (0x00000000ff15b9c0) thrown at [D:\src\AOSP-openjdk-cygwin\jdk8u\hotspot\src\share\vm\prims\jni.cpp, line 709]
Event: 11.388 Thread 0x0000000002157000 Exception <a 'sun/nio/fs/WindowsException'> (0x00000000ff15bfb8) thrown at [D:\src\AOSP-openjdk-cygwin\jdk8u\hotspot\src\share\vm\prims\jni.cpp, line 709]
Event: 11.388 Thread 0x0000000002157000 Exception <a 'sun/nio/fs/WindowsException'> (0x00000000ff15c788) thrown at [D:\src\AOSP-openjdk-cygwin\jdk8u\hotspot\src\share\vm\prims\jni.cpp, line 709]
Event: 11.388 Thread 0x0000000002157000 Exception <a 'sun/nio/fs/WindowsException'> (0x00000000ff15cd58) thrown at [D:\src\AOSP-openjdk-cygwin\jdk8u\hotspot\src\share\vm\prims\jni.cpp, line 709]
Event: 11.388 Thread 0x0000000002157000 Exception <a 'sun/nio/fs/WindowsException'> (0x00000000ff15d518) thrown at [D:\src\AOSP-openjdk-cygwin\jdk8u\hotspot\src\share\vm\prims\jni.cpp, line 709]
Event: 11.422 Thread 0x0000000002157000 Exception <a 'sun/nio/fs/WindowsException'> (0x00000000ff162980) thrown at [D:\src\AOSP-openjdk-cygwin\jdk8u\hotspot\src\share\vm\prims\jni.cpp, line 709]
Event: 11.747 Thread 0x0000000002157000 Exception <a 'sun/nio/fs/WindowsException'> (0x00000000ff7ea0a8) thrown at [D:\src\AOSP-openjdk-cygwin\jdk8u\hotspot\src\share\vm\prims\jni.cpp, line 709]
Event: 11.747 Thread 0x0000000002157000 Exception <a 'sun/nio/fs/WindowsException'> (0x00000000ff7ea658) thrown at [D:\src\AOSP-openjdk-cygwin\jdk8u\hotspot\src\share\vm\prims\jni.cpp, line 709]
Event: 13.524 Thread 0x0000000002157000 Exception <a 'sun/nio/fs/WindowsException'> (0x00000000ff9da050) thrown at [D:\src\AOSP-openjdk-cygwin\jdk8u\hotspot\src\share\vm\prims\jni.cpp, line 709]
Event: 13.524 Thread 0x0000000002157000 Exception <a 'sun/nio/fs/WindowsException'> (0x00000000ff9da580) thrown at [D:\src\AOSP-openjdk-cygwin\jdk8u\hotspot\src\share\vm\prims\jni.cpp, line 709]

Events (10 events):
Event: 11.919 Thread 0x0000000002157000 DEOPT PACKING pc=0x000000000243666c sp=0x000000000214ec30
Event: 11.919 Thread 0x0000000002157000 DEOPT UNPACKING pc=0x000000000229557b sp=0x000000000214ebf8 mode 2
Event: 11.933 loading class java/util/Vector$Itr
Event: 11.963 loading class java/util/Vector$Itr done
Event: 13.637 loading class com/google/devtools/build/android/desugar/FieldInfo
Event: 13.638 loading class com/google/devtools/build/android/desugar/FieldInfo done
Event: 13.638 loading class com/google/devtools/build/android/desugar/AutoValue_FieldInfo
Event: 13.638 loading class com/google/devtools/build/android/desugar/AutoValue_FieldInfo done
Event: 13.639 loading class com/google/devtools/build/android/desugar/Java7Compatibility$InlineOneMethod
Event: 13.639 loading class com/google/devtools/build/android/desugar/Java7Compatibility$InlineOneMethod done


Dynamic libraries:
0x00007ff6fbb90000 - 0x00007ff6fbbc1000 	C:\Program Files\Android\Android Studio1\jre\bin\java.exe
0x00007ff8762f0000 - 0x00007ff8764b2000 	C:\Windows\SYSTEM32\ntdll.dll
0x00007ff8740e0000 - 0x00007ff87418d000 	C:\Windows\system32\KERNEL32.DLL
0x00007ff8737d0000 - 0x00007ff8739ad000 	C:\Windows\system32\KERNELBASE.dll
0x00007ff8746c0000 - 0x00007ff874766000 	C:\Windows\system32\ADVAPI32.dll
0x00007ff873a90000 - 0x00007ff873b2d000 	C:\Windows\system32\msvcrt.dll
0x00007ff874440000 - 0x00007ff87449b000 	C:\Windows\system32\sechost.dll
0x00007ff8761c0000 - 0x00007ff8762e6000 	C:\Windows\system32\RPCRT4.dll
0x00007ff8742f0000 - 0x00007ff87443e000 	C:\Windows\system32\USER32.dll
0x00007ff873cc0000 - 0x00007ff873e43000 	C:\Windows\system32\GDI32.dll
0x00007ff866ed0000 - 0x00007ff867144000 	C:\Windows\WinSxS\amd64_microsoft.windows.common-controls_6595b64144ccf1df_6.0.10240.17184_none_f41d7a705752bce6\COMCTL32.dll
0x00007ff875d10000 - 0x00007ff875d46000 	C:\Windows\system32\IMM32.DLL
0x00007ff873e50000 - 0x00007ff873fac000 	C:\Windows\system32\MSCTF.dll
0x0000000065670000 - 0x0000000065742000 	C:\Program Files\Android\Android Studio1\jre\jre\bin\msvcr100.dll
0x0000000065750000 - 0x0000000065f8f000 	C:\Program Files\Android\Android Studio1\jre\jre\bin\server\jvm.dll
0x00007ff873b30000 - 0x00007ff873b38000 	C:\Windows\system32\PSAPI.DLL
0x00007ff868f90000 - 0x00007ff868f9a000 	C:\Windows\SYSTEM32\VERSION.dll
0x00007ff8713b0000 - 0x00007ff8713b9000 	C:\Windows\SYSTEM32\WSOCK32.dll
0x00007ff870fb0000 - 0x00007ff870fd3000 	C:\Windows\SYSTEM32\WINMM.dll
0x00007ff874770000 - 0x00007ff8747d9000 	C:\Windows\system32\WS2_32.dll
0x00007ff873ba0000 - 0x00007ff873ba8000 	C:\Windows\system32\NSI.dll
0x00007ff870f80000 - 0x00007ff870fac000 	C:\Windows\SYSTEM32\WINMMBASE.dll
0x00007ff8730f0000 - 0x00007ff873134000 	C:\Windows\system32\cfgmgr32.dll
0x00007ff8715f0000 - 0x00007ff871617000 	C:\Windows\SYSTEM32\DEVOBJ.dll
0x00007ff871300000 - 0x00007ff87130f000 	C:\Program Files\Android\Android Studio1\jre\jre\bin\verify.dll
0x00007ff870730000 - 0x00007ff870759000 	C:\Program Files\Android\Android Studio1\jre\jre\bin\java.dll
0x00007ff870710000 - 0x00007ff870726000 	C:\Program Files\Android\Android Studio1\jre\jre\bin\zip.dll
0x00007ff8747e0000 - 0x00007ff875d03000 	C:\Windows\system32\SHELL32.dll
0x00007ff8731a0000 - 0x00007ff8737c9000 	C:\Windows\system32\windows.storage.dll
0x00007ff875d70000 - 0x00007ff875fec000 	C:\Windows\system32\combase.dll
0x00007ff873c60000 - 0x00007ff873cb1000 	C:\Windows\system32\shlwapi.dll
0x00007ff872d10000 - 0x00007ff872d1f000 	C:\Windows\system32\kernel.appcore.dll
0x00007ff872db0000 - 0x00007ff872e63000 	C:\Windows\system32\shcore.dll
0x00007ff872d60000 - 0x00007ff872daa000 	C:\Windows\system32\powrprof.dll
0x00007ff872d20000 - 0x00007ff872d33000 	C:\Windows\system32\profapi.dll
0x00007ff872580000 - 0x00007ff872597000 	C:\Windows\SYSTEM32\CRYPTSP.dll
0x00007ff872c40000 - 0x00007ff872c68000 	C:\Windows\SYSTEM32\bcrypt.dll
0x00007ff8721d0000 - 0x00007ff872203000 	C:\Windows\system32\rsaenh.dll
0x00007ff872370000 - 0x00007ff87238f000 	C:\Windows\SYSTEM32\USERENV.dll
0x00007ff872b30000 - 0x00007ff872b9b000 	C:\Windows\system32\bcryptprimitives.dll
0x00007ff8726f0000 - 0x00007ff8726fb000 	C:\Windows\SYSTEM32\CRYPTBASE.dll
0x00007ff86db80000 - 0x00007ff86db9a000 	C:\Program Files\Android\Android Studio1\jre\jre\bin\net.dll
0x00007ff872520000 - 0x00007ff87257d000 	C:\Windows\system32\mswsock.dll
0x00007ff8709d0000 - 0x00007ff870a08000 	C:\Windows\SYSTEM32\IPHLPAPI.DLL
0x00007ff870830000 - 0x00007ff87083b000 	C:\Windows\SYSTEM32\WINNSI.DLL
0x00007ff86e840000 - 0x00007ff86e856000 	C:\Windows\SYSTEM32\dhcpcsvc6.DLL
0x00007ff86e780000 - 0x00007ff86e79a000 	C:\Windows\SYSTEM32\dhcpcsvc.DLL
0x00007ff86db40000 - 0x00007ff86db51000 	C:\Program Files\Android\Android Studio1\jre\jre\bin\nio.dll

VM Arguments:
jvm_args: -Djava.awt.headless=true -Xmx64M -Dfile.encoding=windows-1252 -Duser.country=US -Duser.language=en -Duser.variant 
java_command: com.google.devtools.build.android.desugar.Desugar --input C:\Users\ALEXANDRE\AndroidStudioProjects\SitaProject\app\build\intermediates\transforms\stackFramesFixer\debug\38.jar --output C:\Users\ALEXANDRE\AndroidStudioProjects\SitaProject\app\build\intermediates\transforms\desugar\debug\39.jar --input C:\Users\ALEXANDRE\AndroidStudioProjects\SitaProject\app\build\intermediates\transforms\stackFramesFixer\debug\14.jar --output C:\Users\ALEXANDRE\AndroidStudioProjects\SitaProject\app\build\intermediates\transforms\desugar\debug\15.jar --input C:\Users\ALEXANDRE\AndroidStudioProjects\SitaProject\app\build\intermediates\classes\debug --output C:\Users\ALEXANDRE\AndroidStudioProjects\SitaProject\app\build\intermediates\transforms\desugar\debug\0 --input C:\Users\ALEXANDRE\AndroidStudioProjects\SitaProject\app\build\intermediates\transforms\stackFramesFixer\debug\25.jar --output C:\Users\ALEXANDRE\AndroidStudioProjects\SitaProject\app\build\intermediates\transforms\desugar\debug\26.jar --input C:\Users\ALEXANDRE\AndroidStudioProjects\SitaProject\app\build\intermediates\transforms\stackFramesFixer\debug\41.jar --output C:\Users\ALEXANDRE\AndroidStudioProjects\SitaProject\app\build\intermediates\transforms\desugar\debug\42.jar --input C:\Users\ALEXANDRE\AndroidStudioProjects\SitaProject\app\build\intermediates\transforms\stackFramesFixer\debug\34.jar --output C:\Users\ALEXANDRE\AndroidStudioProjects\SitaProject\app\build\intermediates\transforms\desugar\debug\35.jar --input C:\Users\ALEXANDRE\AndroidStudioProjects\SitaProject\app\build\intermediates\transforms\stackFramesFixer\debug\1.jar --output C:\Users\ALEXANDRE\AndroidStudioProjects\SitaProject\app\build\intermediates\transforms\desugar\debug\2.jar --input C:\Users\ALEXANDRE\AndroidStudioProjects\SitaProject\app\build\intermediates\transforms\stackFramesFixer\debug\21.jar --output C:\Users\ALEXANDRE\AndroidStudioProjects\SitaProject\app\build\intermediates\transforms\desugar\debug\22.jar --input C:\Users
java_class_path (initial): C:\Users\ALEXAN~1\AppData\Local\Temp\desugar_deploy.jar8190890212420968548
Launcher Type: SUN_STANDARD

Environment Variables:
JAVA_HOME=C:\Program Files\Java\jdk1.8.0_121
PATH=C:\ProgramData\Oracle\Java\javapath;C:\Windows\system32;C:\Windows;C:\Windows\System32\Wbem;C:\Windows\System32\WindowsPowerShell\v1.0\;C:\Qt\Qt5.6.2\5.6\mingw49_32\bin;C:\Qt\Qt5.6.2\Tools\QtCreator\bin;C:\vstudio;C:\Program Files\Java\jdk1.8.0_121\bin;C:\Qt\Qt5.6.2\5.6\mingw49_32\bin;C:\Qt\Qt5.6.2\Tools\mingw492_32;C:\Program Files (x86)\Windows Kits\8.1\Windows Performance Toolkit\;C:\Program Files (x86)\Microsoft Emulator Manager\1.0\C:\MinGW\bin;C:\MinGW\include;C:\MinGW\mingw32\bin;C:\Qt\Qt5.6.2\Tools\mingw492_32\bin;C:\Users\ALEXANDRE\Desktop\gradle-3.5\bin;C:\Program Files\Android\Android Studio\bin;C:\Program Files\Microsoft\Web Platform Installer\;C:\Program Files (x86)\Microsoft ASP.NET\ASP.NET Web Pages\v1.0\;C:\Program Files\Microsoft SQL Server\110\Tools\Binn\;C:\Program Files (x86)\MATLAB\R2013\runtime\win32;C:\Program Files (x86)\MATLAB\R2013\bin;C:\Program Files (x86)\Common Files\lenovo\easyplussdk\bin;C:\android-studio-ide-162.3934792-windows\android-studio\gradle\gradle-4.6-bin;C:\Users\ALEXANDRE\Desktop\bin;C:\Program Files (x86)\Git\cmd;C:\Program Files\Java\jre7\bin;C:\Program Files (x86)\MiKTeX 2.9\miktex\bin\;C:\Program Files\MATLAB\R2017a\runtime\win64;C:\Program Files\MATLAB\R2017a\bin;C:\Program Files\MiKTeX 2.9\miktex\bin\x64\;C:\Users\ALEXANDRE\AppData\Local\Programs\Python\Python37\Scripts\;C:\Users\ALEXANDRE\AppData\Local\Programs\Python\Python37\;C:\Program Files (x86)\Microsoft VS Code\bin
USERNAME=ALEXANDRE
OS=Windows_NT
PROCESSOR_IDENTIFIER=Intel64 Family 6 Model 42 Stepping 7, GenuineIntel



---------------  S Y S T E M  ---------------

OS: Windows 10.0 , 64 bit Build 10240 (10.0.10240.17113)

CPU:total 4 (initial active 4) (2 cores per cpu, 2 threads per core) family 6 model 42 stepping 7, cmov, cx8, fxsr, mmx, sse, sse2, sse3, ssse3, sse4.1, sse4.2, popcnt, avx, clmul, ht, tsc, tscinvbit

Memory: 4k page, physical 4140908k(528908k free), swap 5575532k(1920k free)

vm_info: OpenJDK 64-Bit Server VM (25.152-b02) for windows-amd64 JRE (1.8.0_152-release-1024-b02), built by "builder" with MS VC++ 10.0 (VS2010)

time: Fri Dec 13 15:15:24 2019
elapsed time: 13 seconds (0d 0h 0m 13s)

