#
# There is insufficient memory for the Java Runtime Environment to continue.
# Native memory allocation (malloc) failed to allocate 32744 bytes for ChunkPool::allocate
# Possible reasons:
#   The system is out of physical RAM or swap space
#   In 32 bit mode, the process size limit was hit
# Possible solutions:
#   Reduce memory load on the system
#   Increase physical memory or swap space
#   Check if swap backing store is full
#   Use 64 bit Java on a 64 bit OS
#   Decrease Java heap size (-Xmx/-Xms)
#   Decrease number of Java threads
#   Decrease Java thread stack sizes (-Xss)
#   Set larger code cache with -XX:ReservedCodeCacheSize=
# This output file may be truncated or incomplete.
#
#  Out of Memory Error (allocation.cpp:273), pid=33876, tid=0x00000000000083a0
#
# JRE version: OpenJDK Runtime Environment (8.0_152-b02) (build 1.8.0_152-release-1024-b02)
# Java VM: OpenJDK 64-Bit Server VM (25.152-b02 mixed mode windows-amd64 compressed oops)
# Failed to write core dump. Minidumps are not enabled by default on client versions of Windows
#

---------------  T H R E A D  ---------------

Current thread (0x00000000134b1000):  JavaThread "C2 CompilerThread1" daemon [_thread_in_native, id=33696, stack(0x0000000014bf0000,0x0000000014cf0000)]

Stack: [0x0000000014bf0000,0x0000000014cf0000]
[error occurred during error reporting (printing stack bounds), id 0xc0000005]

Native frames: (J=compiled Java code, j=interpreted, Vv=VM code, C=native code)


Current CompileTask:
C2:   6040  464       4       java.util.HashMap::getNode (148 bytes)


---------------  P R O C E S S  ---------------

Java Threads: ( => current thread )
  0x0000000014e1a800 JavaThread "Service Thread" daemon [_thread_blocked, id=31680, stack(0x00000000151f0000,0x00000000152f0000)]
  0x00000000134a4000 JavaThread "C1 CompilerThread2" daemon [_thread_in_native, id=34784, stack(0x0000000014cf0000,0x0000000014df0000)]
=>0x00000000134b1000 JavaThread "C2 CompilerThread1" daemon [_thread_in_native, id=33696, stack(0x0000000014bf0000,0x0000000014cf0000)]
  0x00000000134ad000 JavaThread "C2 CompilerThread0" daemon [_thread_in_native, id=10652, stack(0x0000000014af0000,0x0000000014bf0000)]
  0x00000000134ac000 JavaThread "Attach Listener" daemon [_thread_blocked, id=6760, stack(0x00000000149f0000,0x0000000014af0000)]
  0x00000000134aa800 JavaThread "Signal Dispatcher" daemon [_thread_blocked, id=34300, stack(0x00000000148f0000,0x00000000149f0000)]
  0x00000000030ad000 JavaThread "Finalizer" daemon [_thread_blocked, id=12980, stack(0x0000000014700000,0x0000000014800000)]
  0x00000000030a7800 JavaThread "Reference Handler" daemon [_thread_blocked, id=35280, stack(0x0000000014600000,0x0000000014700000)]
  0x0000000002fb5800 JavaThread "main" [_thread_in_Java, id=11904, stack(0x0000000002ea0000,0x0000000002fa0000)]

Other Threads:
  0x0000000013466000 VMThread [stack: 0x0000000014500000,0x0000000014600000] [id=28540]
  0x00000000134fe800 WatcherThread [stack: 0x00000000152f0000,0x00000000153f0000] [id=3276]

VM state:not at safepoint (normal execution)

VM Mutex/Monitor currently owned by a thread: None

Heap:
 PSYoungGen      total 18944K, used 8615K [0x00000000feb00000, 0x0000000100000000, 0x0000000100000000)
  eden space 16384K, 52% used [0x00000000feb00000,0x00000000ff369f40,0x00000000ffb00000)
  from space 2560K, 0% used [0x00000000ffd80000,0x00000000ffd80000,0x0000000100000000)
  to   space 2560K, 0% used [0x00000000ffb00000,0x00000000ffb00000,0x00000000ffd80000)
 ParOldGen       total 44032K, used 0K [0x00000000fc000000, 0x00000000feb00000, 0x00000000feb00000)
  object space 44032K, 0% used [0x00000000fc000000,0x00000000fc000000,0x00000000feb00000)
 Metaspace       used 6462K, capacity 6602K, committed 6784K, reserved 1056768K
  class space    used 769K, capacity 823K, committed 896K, reserved 1048576K

Card table byte_map: [0x0000000012480000,0x00000000124b0000] byte_map_base: 0x0000000011ca0000

Marking Bits: (ParMarkBitMap*) 0x000000005a744970
 Begin Bits: [0x00000000128d0000, 0x00000000129d0000)
 End Bits:   [0x00000000129d0000, 0x0000000012ad0000)

Polling page: 0x0000000002e50000

CodeCache: size=245760Kb used=2030Kb max_used=2030Kb free=243729Kb
 bounds [0x00000000030c0000, 0x0000000003330000, 0x00000000120c0000]
 total_blobs=801 nmethods=481 adapters=234
 compilation: enabled

Compilation events (10 events):
Event: 6.017 Thread 0x00000000134a4000  450       3       java.util.zip.ZipFile::access$1000 (6 bytes)
Event: 6.018 Thread 0x00000000134a4000 nmethod 450 0x00000000032a3bd0 code [0x00000000032a3d40, 0x00000000032a3ea8]
Event: 6.018 Thread 0x00000000134a4000  451       3       java.util.zip.ZipFile::getZipEntry (236 bytes)
Event: 6.019 Thread 0x00000000134a4000 nmethod 451 0x00000000032a4950 code [0x00000000032a4ba0, 0x00000000032a5728]
Event: 6.020 Thread 0x00000000134a4000  454       1       java.util.zip.ZipFile::access$300 (5 bytes)
Event: 6.020 Thread 0x00000000134a4000 nmethod 454 0x00000000032a3210 code [0x00000000032a3360, 0x00000000032a3450]
Event: 6.021 Thread 0x00000000134a4000  455       3       java.lang.String::startsWith (72 bytes)
Event: 6.021 Thread 0x00000000134a4000 nmethod 455 0x00000000032a5b50 code [0x00000000032a5cc0, 0x00000000032a5ff0]
Event: 6.021 Thread 0x00000000134a4000  456       3       sun.nio.cs.UTF_8$Decoder::decode (779 bytes)
Event: 6.026 Thread 0x00000000134b1000  464       4       java.util.HashMap::getNode (148 bytes)

GC Heap History (0 events):
No events

Deoptimization events (2 events):
Event: 1.612 Thread 0x0000000002fb5800 Uncommon trap: reason=range_check action=make_not_entrant pc=0x000000000322aae0 method=sun.reflect.generics.parser.SignatureParser.current()C @ 34
Event: 6.017 Thread 0x0000000002fb5800 Uncommon trap: reason=unstable_if action=reinterpret pc=0x0000000003242d38 method=java.lang.String.startsWith(Ljava/lang/String;I)Z @ 25

Classes redefined (0 events):
No events

Internal exceptions (10 events):
Event: 1.895 Thread 0x0000000002fb5800 Exception <a 'sun/nio/fs/WindowsException'> (0x00000000ff1fa688) thrown at [D:\src\AOSP-openjdk-cygwin\jdk8u\hotspot\src\share\vm\prims\jni.cpp, line 709]
Event: 1.895 Thread 0x0000000002fb5800 Exception <a 'sun/nio/fs/WindowsException'> (0x00000000ff1fad30) thrown at [D:\src\AOSP-openjdk-cygwin\jdk8u\hotspot\src\share\vm\prims\jni.cpp, line 709]
Event: 1.895 Thread 0x0000000002fb5800 Exception <a 'sun/nio/fs/WindowsException'> (0x00000000ff1fb540) thrown at [D:\src\AOSP-openjdk-cygwin\jdk8u\hotspot\src\share\vm\prims\jni.cpp, line 709]
Event: 1.895 Thread 0x0000000002fb5800 Exception <a 'sun/nio/fs/WindowsException'> (0x00000000ff1fbba8) thrown at [D:\src\AOSP-openjdk-cygwin\jdk8u\hotspot\src\share\vm\prims\jni.cpp, line 709]
Event: 1.895 Thread 0x0000000002fb5800 Exception <a 'sun/nio/fs/WindowsException'> (0x00000000ff1fc398) thrown at [D:\src\AOSP-openjdk-cygwin\jdk8u\hotspot\src\share\vm\prims\jni.cpp, line 709]
Event: 1.895 Thread 0x0000000002fb5800 Exception <a 'sun/nio/fs/WindowsException'> (0x00000000ff1fc9a0) thrown at [D:\src\AOSP-openjdk-cygwin\jdk8u\hotspot\src\share\vm\prims\jni.cpp, line 709]
Event: 1.895 Thread 0x0000000002fb5800 Exception <a 'sun/nio/fs/WindowsException'> (0x00000000ff1fd170) thrown at [D:\src\AOSP-openjdk-cygwin\jdk8u\hotspot\src\share\vm\prims\jni.cpp, line 709]
Event: 1.895 Thread 0x0000000002fb5800 Exception <a 'sun/nio/fs/WindowsException'> (0x00000000ff1fd738) thrown at [D:\src\AOSP-openjdk-cygwin\jdk8u\hotspot\src\share\vm\prims\jni.cpp, line 709]
Event: 1.895 Thread 0x0000000002fb5800 Exception <a 'sun/nio/fs/WindowsException'> (0x00000000ff1fdef8) thrown at [D:\src\AOSP-openjdk-cygwin\jdk8u\hotspot\src\share\vm\prims\jni.cpp, line 709]
Event: 2.716 Thread 0x0000000002fb5800 Exception <a 'sun/nio/fs/WindowsException'> (0x00000000ff2339d8) thrown at [D:\src\AOSP-openjdk-cygwin\jdk8u\hotspot\src\share\vm\prims\jni.cpp, line 709]

Events (10 events):
Event: 5.998 loading class com/google/common/base/Functions done
Event: 5.999 loading class com/google/common/base/Functions$ToStringFunction
Event: 5.999 loading class com/google/common/base/Functions$ToStringFunction done
Event: 5.999 loading class com/google/common/collect/Iterators$7
Event: 5.999 loading class com/google/common/collect/Iterators$7 done
Event: 6.000 loading class com/google/common/collect/TransformedIterator
Event: 6.000 loading class com/google/common/collect/TransformedIterator done
Event: 6.017 Thread 0x0000000002fb5800 Uncommon trap: trap_request=0xffffff65 fr.pc=0x0000000003242d38
Event: 6.017 Thread 0x0000000002fb5800 DEOPT PACKING pc=0x0000000003242d38 sp=0x0000000002f9eef0
Event: 6.017 Thread 0x0000000002fb5800 DEOPT UNPACKING pc=0x000000000310557b sp=0x0000000002f9ee68 mode 2


Dynamic libraries:
0x00007ff6c1160000 - 0x00007ff6c1191000 	C:\Program Files\Android\Android Studio1\jre\bin\java.exe
0x00007ff955f40000 - 0x00007ff956102000 	C:\Windows\SYSTEM32\ntdll.dll
0x00007ff955b50000 - 0x00007ff955bfd000 	C:\Windows\system32\KERNEL32.DLL
0x00007ff953310000 - 0x00007ff9534ed000 	C:\Windows\system32\KERNELBASE.dll
0x00007ff9554a0000 - 0x00007ff955546000 	C:\Windows\system32\ADVAPI32.dll
0x00007ff9559e0000 - 0x00007ff955a7d000 	C:\Windows\system32\msvcrt.dll
0x00007ff955ee0000 - 0x00007ff955f3b000 	C:\Windows\system32\sechost.dll
0x00007ff955240000 - 0x00007ff955366000 	C:\Windows\system32\RPCRT4.dll
0x00007ff955c00000 - 0x00007ff955d4e000 	C:\Windows\system32\USER32.dll
0x00007ff955d50000 - 0x00007ff955ed3000 	C:\Windows\system32\GDI32.dll
0x00007ff948e10000 - 0x00007ff949084000 	C:\Windows\WinSxS\amd64_microsoft.windows.common-controls_6595b64144ccf1df_6.0.10240.17184_none_f41d7a705752bce6\COMCTL32.dll
0x00007ff955200000 - 0x00007ff955236000 	C:\Windows\system32\IMM32.DLL
0x00007ff953600000 - 0x00007ff95375c000 	C:\Windows\system32\MSCTF.dll
0x0000000059ea0000 - 0x0000000059f72000 	C:\Program Files\Android\Android Studio1\jre\jre\bin\msvcr100.dll
0x0000000059f80000 - 0x000000005a7bf000 	C:\Program Files\Android\Android Studio1\jre\jre\bin\server\jvm.dll
0x00007ff9551f0000 - 0x00007ff9551f8000 	C:\Windows\system32\PSAPI.DLL
0x00007ff94bdf0000 - 0x00007ff94bdf9000 	C:\Windows\SYSTEM32\WSOCK32.dll
0x00007ff950d80000 - 0x00007ff950da3000 	C:\Windows\SYSTEM32\WINMM.dll
0x00007ff94ff90000 - 0x00007ff94ff9a000 	C:\Windows\SYSTEM32\VERSION.dll
0x00007ff955550000 - 0x00007ff9555b9000 	C:\Windows\system32\WS2_32.dll
0x00007ff955a80000 - 0x00007ff955a88000 	C:\Windows\system32\NSI.dll
0x0000000002e70000 - 0x0000000002e9c000 	C:\Windows\SYSTEM32\WINMMBASE.dll
0x00007ff9534f0000 - 0x00007ff953534000 	C:\Windows\system32\cfgmgr32.dll
0x00007ff9512e0000 - 0x00007ff951307000 	C:\Windows\SYSTEM32\DEVOBJ.dll
0x00007ff94ba10000 - 0x00007ff94ba1f000 	C:\Program Files\Android\Android Studio1\jre\jre\bin\verify.dll
0x00007ff94a190000 - 0x00007ff94a1b9000 	C:\Program Files\Android\Android Studio1\jre\jre\bin\java.dll
0x00007ff945ae0000 - 0x00007ff945af6000 	C:\Program Files\Android\Android Studio1\jre\jre\bin\zip.dll
0x00007ff953cc0000 - 0x00007ff9551e3000 	C:\Windows\system32\SHELL32.dll
0x00007ff952a00000 - 0x00007ff953029000 	C:\Windows\system32\windows.storage.dll
0x00007ff953840000 - 0x00007ff953abc000 	C:\Windows\system32\combase.dll
0x00007ff955a90000 - 0x00007ff955ae1000 	C:\Windows\system32\shlwapi.dll
0x00007ff952960000 - 0x00007ff95296f000 	C:\Windows\system32\kernel.appcore.dll
0x00007ff953540000 - 0x00007ff9535f3000 	C:\Windows\system32\shcore.dll
0x00007ff9529b0000 - 0x00007ff9529fa000 	C:\Windows\system32\powrprof.dll
0x00007ff952990000 - 0x00007ff9529a3000 	C:\Windows\system32\profapi.dll
0x00007ff952230000 - 0x00007ff952247000 	C:\Windows\SYSTEM32\CRYPTSP.dll
0x00007ff9527f0000 - 0x00007ff952818000 	C:\Windows\SYSTEM32\bcrypt.dll
0x00007ff951e20000 - 0x00007ff951e53000 	C:\Windows\system32\rsaenh.dll
0x00007ff952000000 - 0x00007ff95201f000 	C:\Windows\SYSTEM32\USERENV.dll
0x00007ff952780000 - 0x00007ff9527eb000 	C:\Windows\system32\bcryptprimitives.dll
0x00007ff9523a0000 - 0x00007ff9523ab000 	C:\Windows\SYSTEM32\CRYPTBASE.dll
0x00007ff9454c0000 - 0x00007ff9454da000 	C:\Program Files\Android\Android Studio1\jre\jre\bin\net.dll
0x00007ff9521d0000 - 0x00007ff95222d000 	C:\Windows\system32\mswsock.dll
0x00007ff950a90000 - 0x00007ff950ac8000 	C:\Windows\SYSTEM32\IPHLPAPI.DLL
0x00007ff9509c0000 - 0x00007ff9509cb000 	C:\Windows\SYSTEM32\WINNSI.DLL
0x00007ff94d370000 - 0x00007ff94d386000 	C:\Windows\SYSTEM32\dhcpcsvc6.DLL
0x00007ff94d2b0000 - 0x00007ff94d2ca000 	C:\Windows\SYSTEM32\dhcpcsvc.DLL
0x00007ff9454a0000 - 0x00007ff9454b1000 	C:\Program Files\Android\Android Studio1\jre\jre\bin\nio.dll

VM Arguments:
jvm_args: -Djava.awt.headless=true -Xmx64M -Dfile.encoding=windows-1252 -Duser.country=US -Duser.language=en -Duser.variant 
java_command: com.google.devtools.build.android.desugar.Desugar --input C:\Users\ALEXANDRE\AndroidStudioProjects\SitaProject\app\build\intermediates\transforms\stackFramesFixer\debug\21.jar --output C:\Users\ALEXANDRE\AndroidStudioProjects\SitaProject\app\build\intermediates\transforms\desugar\debug\22.jar --input C:\Users\ALEXANDRE\AndroidStudioProjects\SitaProject\app\build\intermediates\transforms\stackFramesFixer\debug\24.jar --output C:\Users\ALEXANDRE\AndroidStudioProjects\SitaProject\app\build\intermediates\transforms\desugar\debug\25.jar --input C:\Users\ALEXANDRE\AndroidStudioProjects\SitaProject\app\build\intermediates\transforms\stackFramesFixer\debug\13.jar --output C:\Users\ALEXANDRE\AndroidStudioProjects\SitaProject\app\build\intermediates\transforms\desugar\debug\14.jar --input C:\Users\ALEXANDRE\AndroidStudioProjects\SitaProject\app\build\intermediates\transforms\stackFramesFixer\debug\26.jar --output C:\Users\ALEXANDRE\AndroidStudioProjects\SitaProject\app\build\intermediates\transforms\desugar\debug\27.jar --input C:\Users\ALEXANDRE\AndroidStudioProjects\SitaProject\app\build\intermediates\transforms\stackFramesFixer\debug\11.jar --output C:\Users\ALEXANDRE\AndroidStudioProjects\SitaProject\app\build\intermediates\transforms\desugar\debug\12.jar --input C:\Users\ALEXANDRE\AndroidStudioProjects\SitaProject\app\build\intermediates\transforms\stackFramesFixer\debug\23.jar --output C:\Users\ALEXANDRE\AndroidStudioProjects\SitaProject\app\build\intermediates\transforms\desugar\debug\24.jar --input C:\Users\ALEXANDRE\AndroidStudioProjects\SitaProject\app\build\intermediates\transforms\stackFramesFixer\debug\28.jar --output C:\Users\ALEXANDRE\AndroidStudioProjects\SitaProject\app\build\intermediates\transforms\desugar\debug\29.jar --input C:\Users\ALEXANDRE\AndroidStudioProjects\SitaProject\app\build\intermediates\transforms\stackFramesFixer\debug\22.jar --output C:\Users\ALEXANDRE\AndroidStudioProjects\SitaProject\app\build\intermediates\transforms\des
java_class_path (initial): C:\Users\ALEXAN~1\AppData\Local\Temp\desugar_deploy.jar7197539854345929809
Launcher Type: SUN_STANDARD

Environment Variables:
JAVA_HOME=C:\Program Files\Java\jdk1.8.0_121
PATH=C:\ProgramData\Oracle\Java\javapath;C:\Windows\system32;C:\Windows;C:\Windows\System32\Wbem;C:\Windows\System32\WindowsPowerShell\v1.0\;C:\Qt\Qt5.6.2\5.6\mingw49_32\bin;C:\Qt\Qt5.6.2\Tools\QtCreator\bin;C:\vstudio;C:\Program Files\Java\jdk1.8.0_121\bin;C:\Qt\Qt5.6.2\5.6\mingw49_32\bin;C:\Qt\Qt5.6.2\Tools\mingw492_32;C:\Program Files (x86)\Windows Kits\8.1\Windows Performance Toolkit\;C:\Program Files (x86)\Microsoft Emulator Manager\1.0\C:\MinGW\bin;C:\MinGW\include;C:\MinGW\mingw32\bin;C:\Qt\Qt5.6.2\Tools\mingw492_32\bin;C:\Users\ALEXANDRE\Desktop\gradle-3.5\bin;C:\Program Files\Android\Android Studio\bin;C:\Program Files\Microsoft\Web Platform Installer\;C:\Program Files (x86)\Microsoft ASP.NET\ASP.NET Web Pages\v1.0\;C:\Program Files\Microsoft SQL Server\110\Tools\Binn\;C:\Program Files (x86)\MATLAB\R2013\runtime\win32;C:\Program Files (x86)\MATLAB\R2013\bin;C:\Program Files (x86)\Common Files\lenovo\easyplussdk\bin;C:\android-studio-ide-162.3934792-windows\android-studio\gradle\gradle-4.6-bin;C:\Users\ALEXANDRE\Desktop\bin;C:\Program Files (x86)\Git\cmd;C:\Program Files\Java\jre7\bin;;C:\Program Files (x86)\Microsoft VS Code\bin
USERNAME=ALEXANDRE
OS=Windows_NT
PROCESSOR_IDENTIFIER=Intel64 Family 6 Model 42 Stepping 7, GenuineIntel



---------------  S Y S T E M  ---------------

OS: Windows 10.0 , 64 bit Build 10240 (10.0.10240.17113)

CPU:total 4 (initial active 4) (2 cores per cpu, 2 threads per core) family 6 model 42 stepping 7, cmov, cx8, fxsr, mmx, sse, sse2, sse3, ssse3, sse4.1, sse4.2, popcnt, avx, clmul, ht, tsc, tscinvbit

Memory: 4k page, physical 4140908k(1159180k free), swap 5575532k(4408k free)

vm_info: OpenJDK 64-Bit Server VM (25.152-b02) for windows-amd64 JRE (1.8.0_152-release-1024-b02), built by "builder" with MS VC++ 10.0 (VS2010)

time: Wed Aug 29 09:26:43 2018
elapsed time: 6 seconds (0d 0h 0m 6s)

