#
# There is insufficient memory for the Java Runtime Environment to continue.
# Native memory allocation (malloc) failed to allocate 69936 bytes for Chunk::new
# Possible reasons:
#   The system is out of physical RAM or swap space
#   In 32 bit mode, the process size limit was hit
# Possible solutions:
#   Reduce memory load on the system
#   Increase physical memory or swap space
#   Check if swap backing store is full
#   Use 64 bit Java on a 64 bit OS
#   Decrease Java heap size (-Xmx/-Xms)
#   Decrease number of Java threads
#   Decrease Java thread stack sizes (-Xss)
#   Set larger code cache with -XX:ReservedCodeCacheSize=
# This output file may be truncated or incomplete.
#
#  Out of Memory Error (allocation.cpp:390), pid=58052, tid=0x000000000000f58c
#
# JRE version: OpenJDK Runtime Environment (8.0_152-b02) (build 1.8.0_152-release-1024-b02)
# Java VM: OpenJDK 64-Bit Server VM (25.152-b02 mixed mode windows-amd64 compressed oops)
# Failed to write core dump. Minidumps are not enabled by default on client versions of Windows
#

---------------  T H R E A D  ---------------

Current thread (0x0000000012ce6800):  JavaThread "C2 CompilerThread1" daemon [_thread_in_native, id=62860, stack(0x00000000143e0000,0x00000000144e0000)]

Stack: [0x00000000143e0000,0x00000000144e0000]
[error occurred during error reporting (printing stack bounds), id 0xc0000005]

Native frames: (J=compiled Java code, j=interpreted, Vv=VM code, C=native code)


Current CompileTask:
C2:   4767  752       4       org.objectweb.asm.ClassReader::a (194 bytes)


---------------  P R O C E S S  ---------------

Java Threads: ( => current thread )
  0x00000000144f2000 JavaThread "Service Thread" daemon [_thread_blocked, id=61312, stack(0x00000000149e0000,0x0000000014ae0000)]
  0x0000000012ce9000 JavaThread "C1 CompilerThread2" daemon [_thread_in_native, id=63264, stack(0x00000000148e0000,0x00000000149e0000)]
=>0x0000000012ce6800 JavaThread "C2 CompilerThread1" daemon [_thread_in_native, id=62860, stack(0x00000000143e0000,0x00000000144e0000)]
  0x0000000012c9c000 JavaThread "C2 CompilerThread0" daemon [_thread_in_vm, id=60384, stack(0x00000000142e0000,0x00000000143e0000)]
  0x0000000012c9b000 JavaThread "Attach Listener" daemon [_thread_blocked, id=62488, stack(0x00000000141e0000,0x00000000142e0000)]
  0x0000000012c99800 JavaThread "Signal Dispatcher" daemon [_thread_blocked, id=62808, stack(0x00000000140e0000,0x00000000141e0000)]
  0x0000000012c78800 JavaThread "Finalizer" daemon [_thread_blocked, id=60104, stack(0x0000000013ef0000,0x0000000013ff0000)]
  0x00000000028a7000 JavaThread "Reference Handler" daemon [_thread_blocked, id=62748, stack(0x0000000013df0000,0x0000000013ef0000)]
  0x00000000027b5800 JavaThread "main" [_thread_in_Java, id=63032, stack(0x00000000026b0000,0x00000000027b0000)]

Other Threads:
  0x0000000012c56000 VMThread [stack: 0x0000000013cf0000,0x0000000013df0000] [id=61184]
  0x00000000144f4000 WatcherThread [stack: 0x0000000014ae0000,0x0000000014be0000] [id=63132]

VM state:not at safepoint (normal execution)

VM Mutex/Monitor currently owned by a thread: None

Heap:
 PSYoungGen      total 18944K, used 16685K [0x00000000feb00000, 0x0000000100000000, 0x0000000100000000)
  eden space 16384K, 86% used [0x00000000feb00000,0x00000000ff8cf520,0x00000000ffb00000)
  from space 2560K, 99% used [0x00000000ffb00000,0x00000000ffd7c020,0x00000000ffd80000)
  to   space 2560K, 0% used [0x00000000ffd80000,0x00000000ffd80000,0x0000000100000000)
 ParOldGen       total 44032K, used 1644K [0x00000000fc000000, 0x00000000feb00000, 0x00000000feb00000)
  object space 44032K, 3% used [0x00000000fc000000,0x00000000fc19b018,0x00000000feb00000)
 Metaspace       used 7388K, capacity 7516K, committed 7680K, reserved 1056768K
  class space    used 869K, capacity 956K, committed 1024K, reserved 1048576K

Card table byte_map: [0x0000000011c70000,0x0000000011ca0000] byte_map_base: 0x0000000011490000

Marking Bits: (ParMarkBitMap*) 0x0000000069654970
 Begin Bits: [0x00000000120c0000, 0x00000000121c0000)
 End Bits:   [0x00000000121c0000, 0x00000000122c0000)

Polling page: 0x0000000000c40000

CodeCache: size=245760Kb used=2768Kb max_used=2779Kb free=242991Kb
 bounds [0x00000000028b0000, 0x0000000002b70000, 0x00000000118b0000]
 total_blobs=1076 nmethods=745 adapters=245
 compilation: enabled

Compilation events (10 events):
Event: 4.724 Thread 0x0000000012ce9000  742       3       org.objectweb.asm.ByteVector::putInt (74 bytes)
Event: 4.724 Thread 0x0000000012ce9000 nmethod 742 0x0000000002b64350 code [0x0000000002b644c0, 0x0000000002b64748]
Event: 4.724 Thread 0x0000000012ce9000  743  s    3       java.io.BufferedOutputStream::write (35 bytes)
Event: 4.724 Thread 0x0000000012ce9000 nmethod 743 0x0000000002b64910 code [0x0000000002b64aa0, 0x0000000002b64f68]
Event: 4.725 Thread 0x0000000012ce9000  744       3       org.objectweb.asm.MethodVisitor::visitInsn (16 bytes)
Event: 4.726 Thread 0x0000000012ce9000 nmethod 744 0x0000000002b65150 code [0x0000000002b652c0, 0x0000000002b65528]
Event: 4.727 Thread 0x0000000012ce9000  745       3       org.objectweb.asm.ClassReader::a (3587 bytes)
Event: 4.744 Thread 0x0000000012c9c000  751       4       org.objectweb.asm.ClassReader::readInt (52 bytes)
Event: 4.745 Thread 0x0000000012c9c000 nmethod 751 0x0000000002b68310 code [0x0000000002b68440, 0x0000000002b68538]
Event: 4.747 Thread 0x0000000012ce6800  752       4       org.objectweb.asm.ClassReader::a (194 bytes)

GC Heap History (2 events):
Event: 3.378 GC heap before
{Heap before GC invocations=1 (full 0):
 PSYoungGen      total 18944K, used 16384K [0x00000000feb00000, 0x0000000100000000, 0x0000000100000000)
  eden space 16384K, 100% used [0x00000000feb00000,0x00000000ffb00000,0x00000000ffb00000)
  from space 2560K, 0% used [0x00000000ffd80000,0x00000000ffd80000,0x0000000100000000)
  to   space 2560K, 0% used [0x00000000ffb00000,0x00000000ffb00000,0x00000000ffd80000)
 ParOldGen       total 44032K, used 0K [0x00000000fc000000, 0x00000000feb00000, 0x00000000feb00000)
  object space 44032K, 0% used [0x00000000fc000000,0x00000000fc000000,0x00000000feb00000)
 Metaspace       used 6493K, capacity 6606K, committed 6784K, reserved 1056768K
  class space    used 768K, capacity 823K, committed 896K, reserved 1048576K
Event: 3.393 GC heap after
Heap after GC invocations=1 (full 0):
 PSYoungGen      total 18944K, used 2544K [0x00000000feb00000, 0x0000000100000000, 0x0000000100000000)
  eden space 16384K, 0% used [0x00000000feb00000,0x00000000feb00000,0x00000000ffb00000)
  from space 2560K, 99% used [0x00000000ffb00000,0x00000000ffd7c020,0x00000000ffd80000)
  to   space 2560K, 0% used [0x00000000ffd80000,0x00000000ffd80000,0x0000000100000000)
 ParOldGen       total 44032K, used 1644K [0x00000000fc000000, 0x00000000feb00000, 0x00000000feb00000)
  object space 44032K, 3% used [0x00000000fc000000,0x00000000fc19b018,0x00000000feb00000)
 Metaspace       used 6493K, capacity 6606K, committed 6784K, reserved 1056768K
  class space    used 768K, capacity 823K, committed 896K, reserved 1048576K
}

Deoptimization events (8 events):
Event: 1.438 Thread 0x00000000027b5800 Uncommon trap: reason=range_check action=make_not_entrant pc=0x0000000002a21e20 method=sun.reflect.generics.parser.SignatureParser.current()C @ 34
Event: 3.104 Thread 0x00000000027b5800 Uncommon trap: reason=unstable_if action=reinterpret pc=0x0000000002a39bb8 method=java.lang.String.startsWith(Ljava/lang/String;I)Z @ 25
Event: 3.283 Thread 0x00000000027b5800 Uncommon trap: reason=unstable_if action=reinterpret pc=0x0000000002ac736c method=java.util.zip.ZipFile$ZipEntryIterator.hasNext()Z @ 25
Event: 3.284 Thread 0x00000000027b5800 Uncommon trap: reason=unstable_if action=reinterpret pc=0x0000000002aceb68 method=java.util.zip.ZipCoder.decoder()Ljava/nio/charset/CharsetDecoder; @ 4
Event: 3.284 Thread 0x00000000027b5800 Uncommon trap: reason=unstable_if action=reinterpret pc=0x0000000002ac7918 method=java.util.zip.ZipEntry.setExtra0([BZ)V @ 1
Event: 3.290 Thread 0x00000000027b5800 Uncommon trap: reason=unstable_if action=reinterpret pc=0x0000000002ad3a78 method=java.util.zip.ZipCoder.decoder()Ljava/nio/charset/CharsetDecoder; @ 4
Event: 3.294 Thread 0x00000000027b5800 Uncommon trap: reason=unstable_if action=reinterpret pc=0x0000000002ad5c9c method=java.util.zip.ZipCoder.decoder()Ljava/nio/charset/CharsetDecoder; @ 4
Event: 4.415 Thread 0x00000000027b5800 Uncommon trap: reason=unloaded action=reinterpret pc=0x0000000002acb83c method=java.util.zip.ZipEntry.setExtra0([BZ)V @ 37

Classes redefined (0 events):
No events

Internal exceptions (10 events):
Event: 3.294 Thread 0x00000000027b5800 Implicit null exception at 0x0000000002ad56a4 to 0x0000000002ad5c6d
Event: 4.163 Thread 0x00000000027b5800 Exception <a 'sun/nio/fs/WindowsException'> (0x00000000ff131d08) thrown at [D:\src\AOSP-openjdk-cygwin\jdk8u\hotspot\src\share\vm\prims\jni.cpp, line 709]
Event: 4.164 Thread 0x00000000027b5800 Exception <a 'sun/nio/fs/WindowsException'> (0x00000000ff1322d8) thrown at [D:\src\AOSP-openjdk-cygwin\jdk8u\hotspot\src\share\vm\prims\jni.cpp, line 709]
Event: 4.164 Thread 0x00000000027b5800 Exception <a 'sun/nio/fs/WindowsException'> (0x00000000ff1328d0) thrown at [D:\src\AOSP-openjdk-cygwin\jdk8u\hotspot\src\share\vm\prims\jni.cpp, line 709]
Event: 4.164 Thread 0x00000000027b5800 Exception <a 'sun/nio/fs/WindowsException'> (0x00000000ff1330a0) thrown at [D:\src\AOSP-openjdk-cygwin\jdk8u\hotspot\src\share\vm\prims\jni.cpp, line 709]
Event: 4.164 Thread 0x00000000027b5800 Exception <a 'sun/nio/fs/WindowsException'> (0x00000000ff133670) thrown at [D:\src\AOSP-openjdk-cygwin\jdk8u\hotspot\src\share\vm\prims\jni.cpp, line 709]
Event: 4.164 Thread 0x00000000027b5800 Exception <a 'sun/nio/fs/WindowsException'> (0x00000000ff133e30) thrown at [D:\src\AOSP-openjdk-cygwin\jdk8u\hotspot\src\share\vm\prims\jni.cpp, line 709]
Event: 4.185 Thread 0x00000000027b5800 Exception <a 'sun/nio/fs/WindowsException'> (0x00000000ff139298) thrown at [D:\src\AOSP-openjdk-cygwin\jdk8u\hotspot\src\share\vm\prims\jni.cpp, line 709]
Event: 4.486 Thread 0x00000000027b5800 Exception <a 'sun/nio/fs/WindowsException'> (0x00000000ff64eba0) thrown at [D:\src\AOSP-openjdk-cygwin\jdk8u\hotspot\src\share\vm\prims\jni.cpp, line 709]
Event: 4.486 Thread 0x00000000027b5800 Exception <a 'sun/nio/fs/WindowsException'> (0x00000000ff64f150) thrown at [D:\src\AOSP-openjdk-cygwin\jdk8u\hotspot\src\share\vm\prims\jni.cpp, line 709]

Events (10 events):
Event: 4.699 loading class sun/util/calendar/CalendarUtils
Event: 4.699 loading class sun/util/calendar/CalendarUtils done
Event: 4.699 loading class java/util/zip/ZipOutputStream$XEntry
Event: 4.699 loading class java/util/zip/ZipOutputStream$XEntry done
Event: 4.708 loading class org/objectweb/asm/Opcodes
Event: 4.708 loading class org/objectweb/asm/Opcodes done
Event: 4.715 loading class org/objectweb/asm/tree/TryCatchBlockNode
Event: 4.715 loading class org/objectweb/asm/tree/TryCatchBlockNode done
Event: 4.716 loading class org/objectweb/asm/Handler
Event: 4.716 loading class org/objectweb/asm/Handler done


Dynamic libraries:
0x00007ff6c1910000 - 0x00007ff6c1941000 	C:\Program Files\Android\Android Studio1\jre\bin\java.exe
0x00007ffa68c50000 - 0x00007ffa68e12000 	C:\Windows\SYSTEM32\ntdll.dll
0x00007ffa670c0000 - 0x00007ffa6716d000 	C:\Windows\system32\KERNEL32.DLL
0x00007ffa65f00000 - 0x00007ffa660dd000 	C:\Windows\system32\KERNELBASE.dll
0x00007ffa66580000 - 0x00007ffa66626000 	C:\Windows\system32\ADVAPI32.dll
0x00007ffa68b30000 - 0x00007ffa68bcd000 	C:\Windows\system32\msvcrt.dll
0x00007ffa66510000 - 0x00007ffa6656b000 	C:\Windows\system32\sechost.dll
0x00007ffa66c20000 - 0x00007ffa66d46000 	C:\Windows\system32\RPCRT4.dll
0x00007ffa686a0000 - 0x00007ffa687ee000 	C:\Windows\system32\USER32.dll
0x00007ffa66d50000 - 0x00007ffa66ed3000 	C:\Windows\system32\GDI32.dll
0x00007ffa5b720000 - 0x00007ffa5b994000 	C:\Windows\WinSxS\amd64_microsoft.windows.common-controls_6595b64144ccf1df_6.0.10240.17184_none_f41d7a705752bce6\COMCTL32.dll
0x00007ffa68ad0000 - 0x00007ffa68b06000 	C:\Windows\system32\IMM32.DLL
0x00007ffa668b0000 - 0x00007ffa66a0c000 	C:\Windows\system32\MSCTF.dll
0x0000000068db0000 - 0x0000000068e82000 	C:\Program Files\Android\Android Studio1\jre\jre\bin\msvcr100.dll
0x0000000068e90000 - 0x00000000696cf000 	C:\Program Files\Android\Android Studio1\jre\jre\bin\server\jvm.dll
0x00007ffa68bd0000 - 0x00007ffa68bd8000 	C:\Windows\system32\PSAPI.DLL
0x00007ffa639f0000 - 0x00007ffa639f9000 	C:\Windows\SYSTEM32\WSOCK32.dll
0x00007ffa638e0000 - 0x00007ffa63903000 	C:\Windows\SYSTEM32\WINMM.dll
0x00007ffa68be0000 - 0x00007ffa68c49000 	C:\Windows\system32\WS2_32.dll
0x00007ffa66570000 - 0x00007ffa66578000 	C:\Windows\system32\NSI.dll
0x00007ffa629e0000 - 0x00007ffa629ea000 	C:\Windows\SYSTEM32\VERSION.dll
0x00007ffa63840000 - 0x00007ffa6386c000 	C:\Windows\SYSTEM32\winmmbase.dll
0x00007ffa65710000 - 0x00007ffa65754000 	C:\Windows\system32\cfgmgr32.dll
0x00007ffa63ff0000 - 0x00007ffa64017000 	C:\Windows\SYSTEM32\DEVOBJ.dll
0x00007ffa639e0000 - 0x00007ffa639ef000 	C:\Program Files\Android\Android Studio1\jre\jre\bin\verify.dll
0x00007ffa62a10000 - 0x00007ffa62a39000 	C:\Program Files\Android\Android Studio1\jre\jre\bin\java.dll
0x00007ffa60ae0000 - 0x00007ffa60af6000 	C:\Program Files\Android\Android Studio1\jre\jre\bin\zip.dll
0x00007ffa67170000 - 0x00007ffa68693000 	C:\Windows\system32\SHELL32.dll
0x00007ffa65810000 - 0x00007ffa65e39000 	C:\Windows\system32\windows.storage.dll
0x00007ffa687f0000 - 0x00007ffa68a6c000 	C:\Windows\system32\combase.dll
0x00007ffa66a80000 - 0x00007ffa66ad1000 	C:\Windows\system32\shlwapi.dll
0x00007ffa656e0000 - 0x00007ffa656ef000 	C:\Windows\system32\kernel.appcore.dll
0x00007ffa65e40000 - 0x00007ffa65ef3000 	C:\Windows\system32\shcore.dll
0x00007ffa65670000 - 0x00007ffa656ba000 	C:\Windows\system32\powrprof.dll
0x00007ffa656c0000 - 0x00007ffa656d3000 	C:\Windows\system32\profapi.dll
0x00007ffa64f40000 - 0x00007ffa64f57000 	C:\Windows\SYSTEM32\CRYPTSP.dll
0x00007ffa655a0000 - 0x00007ffa655c8000 	C:\Windows\SYSTEM32\bcrypt.dll
0x00007ffa64b30000 - 0x00007ffa64b63000 	C:\Windows\system32\rsaenh.dll
0x00007ffa64cd0000 - 0x00007ffa64cef000 	C:\Windows\SYSTEM32\USERENV.dll
0x00007ffa65490000 - 0x00007ffa654fb000 	C:\Windows\system32\bcryptprimitives.dll
0x00007ffa65090000 - 0x00007ffa6509b000 	C:\Windows\SYSTEM32\CRYPTBASE.dll
0x00007ffa5cd60000 - 0x00007ffa5cd7a000 	C:\Program Files\Android\Android Studio1\jre\jre\bin\net.dll
0x00007ffa64ee0000 - 0x00007ffa64f3d000 	C:\Windows\system32\mswsock.dll
0x00007ffa62f90000 - 0x00007ffa62fc8000 	C:\Windows\SYSTEM32\IPHLPAPI.DLL
0x00007ffa62f80000 - 0x00007ffa62f8b000 	C:\Windows\SYSTEM32\WINNSI.DLL
0x00007ffa604d0000 - 0x00007ffa604e6000 	C:\Windows\SYSTEM32\dhcpcsvc6.DLL
0x00007ffa604b0000 - 0x00007ffa604ca000 	C:\Windows\SYSTEM32\dhcpcsvc.DLL
0x00007ffa5cd30000 - 0x00007ffa5cd41000 	C:\Program Files\Android\Android Studio1\jre\jre\bin\nio.dll

VM Arguments:
jvm_args: -Djava.awt.headless=true -Xmx64M -Dfile.encoding=windows-1252 -Duser.country=US -Duser.language=en -Duser.variant 
java_command: com.google.devtools.build.android.desugar.Desugar --input C:\Users\ALEXANDRE\AndroidStudioProjects\SitaProject\app\build\intermediates\transforms\stackFramesFixer\debug\20.jar --output C:\Users\ALEXANDRE\AndroidStudioProjects\SitaProject\app\build\intermediates\transforms\desugar\debug\21.jar --input C:\Users\ALEXANDRE\AndroidStudioProjects\SitaProject\app\build\intermediates\transforms\stackFramesFixer\debug\19.jar --output C:\Users\ALEXANDRE\AndroidStudioProjects\SitaProject\app\build\intermediates\transforms\desugar\debug\20.jar --input C:\Users\ALEXANDRE\AndroidStudioProjects\SitaProject\app\build\intermediates\classes\debug --output C:\Users\ALEXANDRE\AndroidStudioProjects\SitaProject\app\build\intermediates\transforms\desugar\debug\0 --input C:\Users\ALEXANDRE\AndroidStudioProjects\SitaProject\app\build\intermediates\transforms\stackFramesFixer\debug\21.jar --output C:\Users\ALEXANDRE\AndroidStudioProjects\SitaProject\app\build\intermediates\transforms\desugar\debug\22.jar --input C:\Users\ALEXANDRE\AndroidStudioProjects\SitaProject\app\build\intermediates\transforms\stackFramesFixer\debug\15.jar --output C:\Users\ALEXANDRE\AndroidStudioProjects\SitaProject\app\build\intermediates\transforms\desugar\debug\16.jar --input C:\Users\ALEXANDRE\AndroidStudioProjects\SitaProject\app\build\intermediates\transforms\stackFramesFixer\debug\27.jar --output C:\Users\ALEXANDRE\AndroidStudioProjects\SitaProject\app\build\intermediates\transforms\desugar\debug\28.jar --input C:\Users\ALEXANDRE\AndroidStudioProjects\SitaProject\app\build\intermediates\transforms\stackFramesFixer\debug\10.jar --output C:\Users\ALEXANDRE\AndroidStudioProjects\SitaProject\app\build\intermediates\transforms\desugar\debug\11.jar --input C:\Users\ALEXANDRE\AndroidStudioProjects\SitaProject\app\build\intermediates\transforms\stackFramesFixer\debug\28.jar --output C:\Users\ALEXANDRE\AndroidStudioProjects\SitaProject\app\build\intermediates\transforms\desugar\debug\29.jar --input C:\Use
java_class_path (initial): C:\Users\ALEXAN~1\AppData\Local\Temp\desugar_deploy.jar1245166374484147702
Launcher Type: SUN_STANDARD

Environment Variables:
JAVA_HOME=C:\Program Files\Java\jdk1.8.0_121
PATH=C:\ProgramData\Oracle\Java\javapath;C:\Windows\system32;C:\Windows;C:\Windows\System32\Wbem;C:\Windows\System32\WindowsPowerShell\v1.0\;C:\Qt\Qt5.6.2\5.6\mingw49_32\bin;C:\Qt\Qt5.6.2\Tools\QtCreator\bin;C:\vstudio;C:\Program Files\Java\jdk1.8.0_121\bin;C:\Qt\Qt5.6.2\5.6\mingw49_32\bin;C:\Qt\Qt5.6.2\Tools\mingw492_32;C:\Program Files (x86)\Windows Kits\8.1\Windows Performance Toolkit\;C:\Program Files (x86)\Microsoft Emulator Manager\1.0\C:\MinGW\bin;C:\MinGW\include;C:\MinGW\mingw32\bin;C:\Qt\Qt5.6.2\Tools\mingw492_32\bin;C:\Users\ALEXANDRE\Desktop\gradle-3.5\bin;C:\Program Files\Android\Android Studio\bin;C:\Program Files\Microsoft\Web Platform Installer\;C:\Program Files (x86)\Microsoft ASP.NET\ASP.NET Web Pages\v1.0\;C:\Program Files\Microsoft SQL Server\110\Tools\Binn\;C:\Program Files (x86)\MATLAB\R2013\runtime\win32;C:\Program Files (x86)\MATLAB\R2013\bin;C:\Program Files (x86)\Common Files\lenovo\easyplussdk\bin;C:\android-studio-ide-162.3934792-windows\android-studio\gradle\gradle-4.6-bin;C:\Users\ALEXANDRE\Desktop\bin;C:\Program Files (x86)\Git\cmd;C:\Program Files\Java\jre7\bin;;C:\Program Files (x86)\Microsoft VS Code\bin
USERNAME=ALEXANDRE
OS=Windows_NT
PROCESSOR_IDENTIFIER=Intel64 Family 6 Model 42 Stepping 7, GenuineIntel



---------------  S Y S T E M  ---------------

OS: Windows 10.0 , 64 bit Build 10240 (10.0.10240.17113)

CPU:total 4 (initial active 4) (2 cores per cpu, 2 threads per core) family 6 model 42 stepping 7, cmov, cx8, fxsr, mmx, sse, sse2, sse3, ssse3, sse4.1, sse4.2, popcnt, avx, clmul, ht, tsc, tscinvbit

Memory: 4k page, physical 4140908k(606276k free), swap 5575532k(5156k free)

vm_info: OpenJDK 64-Bit Server VM (25.152-b02) for windows-amd64 JRE (1.8.0_152-release-1024-b02), built by "builder" with MS VC++ 10.0 (VS2010)

time: Thu Aug 23 14:10:30 2018
elapsed time: 4 seconds (0d 0h 0m 4s)

