#
# There is insufficient memory for the Java Runtime Environment to continue.
# Native memory allocation (malloc) failed to allocate 32744 bytes for ChunkPool::allocate
# Possible reasons:
#   The system is out of physical RAM or swap space
#   In 32 bit mode, the process size limit was hit
# Possible solutions:
#   Reduce memory load on the system
#   Increase physical memory or swap space
#   Check if swap backing store is full
#   Use 64 bit Java on a 64 bit OS
#   Decrease Java heap size (-Xmx/-Xms)
#   Decrease number of Java threads
#   Decrease Java thread stack sizes (-Xss)
#   Set larger code cache with -XX:ReservedCodeCacheSize=
# This output file may be truncated or incomplete.
#
#  Out of Memory Error (allocation.cpp:273), pid=62792, tid=0x000000000000e99c
#
# JRE version: OpenJDK Runtime Environment (8.0_152-b02) (build 1.8.0_152-release-1024-b02)
# Java VM: OpenJDK 64-Bit Server VM (25.152-b02 mixed mode windows-amd64 compressed oops)
# Failed to write core dump. Minidumps are not enabled by default on client versions of Windows
#

---------------  T H R E A D  ---------------

Current thread (0x00000000125d4000):  JavaThread "C1 CompilerThread2" daemon [_thread_in_native, id=59804, stack(0x0000000013e10000,0x0000000013f10000)]

Stack: [0x0000000013e10000,0x0000000013f10000]
[error occurred during error reporting (printing stack bounds), id 0xc0000005]

Native frames: (J=compiled Java code, j=interpreted, Vv=VM code, C=native code)


Current CompileTask:
C1:   4768  759       3       org.objectweb.asm.ClassReader::a (3587 bytes)


---------------  P R O C E S S  ---------------

Java Threads: ( => current thread )
  0x0000000013f39800 JavaThread "Service Thread" daemon [_thread_blocked, id=60968, stack(0x0000000014310000,0x0000000014410000)]
=>0x00000000125d4000 JavaThread "C1 CompilerThread2" daemon [_thread_in_native, id=59804, stack(0x0000000013e10000,0x0000000013f10000)]
  0x00000000125df000 JavaThread "C2 CompilerThread1" daemon [_thread_blocked, id=62892, stack(0x0000000013d10000,0x0000000013e10000)]
  0x00000000125db000 JavaThread "C2 CompilerThread0" daemon [_thread_blocked, id=63084, stack(0x0000000013c10000,0x0000000013d10000)]
  0x00000000125d9800 JavaThread "Attach Listener" daemon [_thread_blocked, id=61356, stack(0x0000000013b10000,0x0000000013c10000)]
  0x00000000125d8800 JavaThread "Signal Dispatcher" daemon [_thread_blocked, id=63008, stack(0x0000000013a10000,0x0000000013b10000)]
  0x000000000226b000 JavaThread "Finalizer" daemon [_thread_blocked, id=63012, stack(0x0000000013830000,0x0000000013930000)]
  0x0000000002265800 JavaThread "Reference Handler" daemon [_thread_blocked, id=62804, stack(0x0000000013730000,0x0000000013830000)]
  0x0000000002175800 JavaThread "main" [_thread_in_native, id=50040, stack(0x0000000001fd0000,0x00000000020d0000)]

Other Threads:
  0x0000000012596000 VMThread [stack: 0x0000000013630000,0x0000000013730000] [id=62868]
  0x0000000013f3b000 WatcherThread [stack: 0x0000000014410000,0x0000000014510000] [id=59548]

VM state:not at safepoint (normal execution)

VM Mutex/Monitor currently owned by a thread: None

Heap:
 PSYoungGen      total 18944K, used 16088K [0x00000000feb00000, 0x0000000100000000, 0x0000000100000000)
  eden space 16384K, 82% used [0x00000000feb00000,0x00000000ff83e338,0x00000000ffb00000)
  from space 2560K, 98% used [0x00000000ffb00000,0x00000000ffd78030,0x00000000ffd80000)
  to   space 2560K, 0% used [0x00000000ffd80000,0x00000000ffd80000,0x0000000100000000)
 ParOldGen       total 44032K, used 1693K [0x00000000fc000000, 0x00000000feb00000, 0x00000000feb00000)
  object space 44032K, 3% used [0x00000000fc000000,0x00000000fc1a77f8,0x00000000feb00000)
 Metaspace       used 7384K, capacity 7576K, committed 7680K, reserved 1056768K
  class space    used 867K, capacity 956K, committed 1024K, reserved 1048576K

Card table byte_map: [0x00000000020d0000,0x0000000002100000] byte_map_base: 0x00000000018f0000

Marking Bits: (ParMarkBitMap*) 0x0000000069654970
 Begin Bits: [0x0000000011a30000, 0x0000000011b30000)
 End Bits:   [0x0000000011b30000, 0x0000000011c30000)

Polling page: 0x0000000000330000

CodeCache: size=245760Kb used=2782Kb max_used=2782Kb free=242977Kb
 bounds [0x0000000002270000, 0x0000000002530000, 0x0000000011270000]
 total_blobs=1088 nmethods=757 adapters=245
 compilation: enabled

Compilation events (10 events):
Event: 4.725 Thread 0x00000000125d4000 nmethod 753 0x0000000002526e50 code [0x0000000002526fa0, 0x0000000002527130]
Event: 4.725 Thread 0x00000000125d4000  754       3       org.objectweb.asm.ClassWriter::a (70 bytes)
Event: 4.726 Thread 0x00000000125d4000 nmethod 754 0x00000000025271d0 code [0x0000000002527380, 0x00000000025277d8]
Event: 4.726 Thread 0x00000000125d4000  755       3       org.objectweb.asm.tree.MethodNode::visitLabel (13 bytes)
Event: 4.726 Thread 0x00000000125d4000 nmethod 755 0x0000000002527990 code [0x0000000002527b40, 0x0000000002528188]
Event: 4.726 Thread 0x00000000125d4000  756       3       org.objectweb.asm.tree.LabelNode::accept (9 bytes)
Event: 4.727 Thread 0x00000000125d4000 nmethod 756 0x0000000002528410 code [0x00000000025285a0, 0x00000000025289a8]
Event: 4.727 Thread 0x00000000125d4000  757       3       org.objectweb.asm.tree.MethodNode::visitVarInsn (17 bytes)
Event: 4.727 Thread 0x00000000125d4000 nmethod 757 0x0000000002528b50 code [0x0000000002528ce0, 0x0000000002529008]
Event: 4.727 Thread 0x00000000125d4000  759       3       org.objectweb.asm.ClassReader::a (3587 bytes)

GC Heap History (2 events):
Event: 3.341 GC heap before
{Heap before GC invocations=1 (full 0):
 PSYoungGen      total 18944K, used 16384K [0x00000000feb00000, 0x0000000100000000, 0x0000000100000000)
  eden space 16384K, 100% used [0x00000000feb00000,0x00000000ffb00000,0x00000000ffb00000)
  from space 2560K, 0% used [0x00000000ffd80000,0x00000000ffd80000,0x0000000100000000)
  to   space 2560K, 0% used [0x00000000ffb00000,0x00000000ffb00000,0x00000000ffd80000)
 ParOldGen       total 44032K, used 0K [0x00000000fc000000, 0x00000000feb00000, 0x00000000feb00000)
  object space 44032K, 0% used [0x00000000fc000000,0x00000000fc000000,0x00000000feb00000)
 Metaspace       used 6487K, capacity 6602K, committed 6784K, reserved 1056768K
  class space    used 768K, capacity 823K, committed 896K, reserved 1048576K
Event: 3.349 GC heap after
Heap after GC invocations=1 (full 0):
 PSYoungGen      total 18944K, used 2528K [0x00000000feb00000, 0x0000000100000000, 0x0000000100000000)
  eden space 16384K, 0% used [0x00000000feb00000,0x00000000feb00000,0x00000000ffb00000)
  from space 2560K, 98% used [0x00000000ffb00000,0x00000000ffd78030,0x00000000ffd80000)
  to   space 2560K, 0% used [0x00000000ffd80000,0x00000000ffd80000,0x0000000100000000)
 ParOldGen       total 44032K, used 1693K [0x00000000fc000000, 0x00000000feb00000, 0x00000000feb00000)
  object space 44032K, 3% used [0x00000000fc000000,0x00000000fc1a77f8,0x00000000feb00000)
 Metaspace       used 6487K, capacity 6602K, committed 6784K, reserved 1056768K
  class space    used 768K, capacity 823K, committed 896K, reserved 1048576K
}

Deoptimization events (10 events):
Event: 3.104 Thread 0x0000000002175800 Uncommon trap: reason=unstable_if action=reinterpret pc=0x00000000023fec78 method=java.lang.String.startsWith(Ljava/lang/String;I)Z @ 25
Event: 3.231 Thread 0x0000000002175800 Uncommon trap: reason=unstable_if action=reinterpret pc=0x0000000002488eac method=java.util.zip.ZipFile$ZipEntryIterator.hasNext()Z @ 25
Event: 3.231 Thread 0x0000000002175800 Uncommon trap: reason=unstable_if action=reinterpret pc=0x0000000002495ee8 method=java.util.zip.ZipCoder.decoder()Ljava/nio/charset/CharsetDecoder; @ 4
Event: 3.231 Thread 0x0000000002175800 Uncommon trap: reason=unstable_if action=reinterpret pc=0x000000000246b018 method=java.util.zip.ZipEntry.setExtra0([BZ)V @ 1
Event: 3.252 Thread 0x0000000002175800 Uncommon trap: reason=unstable_if action=reinterpret pc=0x000000000248a988 method=java.util.zip.ZipFile$ZipEntryIterator.hasNext()Z @ 25
Event: 3.252 Thread 0x0000000002175800 Uncommon trap: reason=unstable_if action=reinterpret pc=0x000000000248db8c method=java.util.zip.ZipCoder.decoder()Ljava/nio/charset/CharsetDecoder; @ 4
Event: 3.266 Thread 0x0000000002175800 Uncommon trap: reason=unstable_if action=reinterpret pc=0x000000000248b5dc method=java.util.zip.ZipCoder.decoder()Ljava/nio/charset/CharsetDecoder; @ 4
Event: 3.476 Thread 0x0000000002175800 Uncommon trap: reason=unstable_if action=reinterpret pc=0x000000000249c2e0 method=java.util.zip.ZipFile.getZipEntry(Ljava/lang/String;J)Ljava/util/zip/ZipEntry; @ 19
Event: 4.423 Thread 0x0000000002175800 Uncommon trap: reason=unloaded action=reinterpret pc=0x000000000249d43c method=java.util.zip.ZipEntry.setExtra0([BZ)V @ 37
Event: 4.562 Thread 0x0000000002175800 Uncommon trap: reason=unstable_if action=reinterpret pc=0x00000000024560ac method=java.lang.String.<init>([CII)V @ 18

Classes redefined (0 events):
No events

Internal exceptions (10 events):
Event: 3.266 Thread 0x0000000002175800 Implicit null exception at 0x000000000248afe4 to 0x000000000248b5ad
Event: 4.163 Thread 0x0000000002175800 Exception <a 'sun/nio/fs/WindowsException'> (0x00000000ff12dd40) thrown at [D:\src\AOSP-openjdk-cygwin\jdk8u\hotspot\src\share\vm\prims\jni.cpp, line 709]
Event: 4.163 Thread 0x0000000002175800 Exception <a 'sun/nio/fs/WindowsException'> (0x00000000ff12e310) thrown at [D:\src\AOSP-openjdk-cygwin\jdk8u\hotspot\src\share\vm\prims\jni.cpp, line 709]
Event: 4.164 Thread 0x0000000002175800 Exception <a 'sun/nio/fs/WindowsException'> (0x00000000ff12e908) thrown at [D:\src\AOSP-openjdk-cygwin\jdk8u\hotspot\src\share\vm\prims\jni.cpp, line 709]
Event: 4.164 Thread 0x0000000002175800 Exception <a 'sun/nio/fs/WindowsException'> (0x00000000ff12f0d8) thrown at [D:\src\AOSP-openjdk-cygwin\jdk8u\hotspot\src\share\vm\prims\jni.cpp, line 709]
Event: 4.164 Thread 0x0000000002175800 Exception <a 'sun/nio/fs/WindowsException'> (0x00000000ff12f6a8) thrown at [D:\src\AOSP-openjdk-cygwin\jdk8u\hotspot\src\share\vm\prims\jni.cpp, line 709]
Event: 4.164 Thread 0x0000000002175800 Exception <a 'sun/nio/fs/WindowsException'> (0x00000000ff12fe68) thrown at [D:\src\AOSP-openjdk-cygwin\jdk8u\hotspot\src\share\vm\prims\jni.cpp, line 709]
Event: 4.183 Thread 0x0000000002175800 Exception <a 'sun/nio/fs/WindowsException'> (0x00000000ff1352d0) thrown at [D:\src\AOSP-openjdk-cygwin\jdk8u\hotspot\src\share\vm\prims\jni.cpp, line 709]
Event: 4.488 Thread 0x0000000002175800 Exception <a 'sun/nio/fs/WindowsException'> (0x00000000ff64aa00) thrown at [D:\src\AOSP-openjdk-cygwin\jdk8u\hotspot\src\share\vm\prims\jni.cpp, line 709]
Event: 4.488 Thread 0x0000000002175800 Exception <a 'sun/nio/fs/WindowsException'> (0x00000000ff64afb0) thrown at [D:\src\AOSP-openjdk-cygwin\jdk8u\hotspot\src\share\vm\prims\jni.cpp, line 709]

Events (10 events):
Event: 4.695 loading class sun/util/calendar/CalendarDate
Event: 4.695 loading class sun/util/calendar/CalendarDate done
Event: 4.695 loading class sun/util/calendar/BaseCalendar$Date done
Event: 4.695 loading class sun/util/calendar/Gregorian$Date done
Event: 4.695 loading class sun/util/calendar/CalendarUtils
Event: 4.695 loading class sun/util/calendar/CalendarUtils done
Event: 4.712 loading class org/objectweb/asm/Opcodes
Event: 4.712 loading class org/objectweb/asm/Opcodes done
Event: 4.729 loading class java/util/Vector$Itr
Event: 4.746 loading class java/util/Vector$Itr done


Dynamic libraries:
0x00007ff6c1910000 - 0x00007ff6c1941000 	C:\Program Files\Android\Android Studio1\jre\bin\java.exe
0x00007ffa68c50000 - 0x00007ffa68e12000 	C:\Windows\SYSTEM32\ntdll.dll
0x00007ffa670c0000 - 0x00007ffa6716d000 	C:\Windows\system32\KERNEL32.DLL
0x00007ffa65f00000 - 0x00007ffa660dd000 	C:\Windows\system32\KERNELBASE.dll
0x00007ffa66580000 - 0x00007ffa66626000 	C:\Windows\system32\ADVAPI32.dll
0x00007ffa68b30000 - 0x00007ffa68bcd000 	C:\Windows\system32\msvcrt.dll
0x00007ffa66510000 - 0x00007ffa6656b000 	C:\Windows\system32\sechost.dll
0x00007ffa66c20000 - 0x00007ffa66d46000 	C:\Windows\system32\RPCRT4.dll
0x00007ffa686a0000 - 0x00007ffa687ee000 	C:\Windows\system32\USER32.dll
0x00007ffa66d50000 - 0x00007ffa66ed3000 	C:\Windows\system32\GDI32.dll
0x00007ffa5b720000 - 0x00007ffa5b994000 	C:\Windows\WinSxS\amd64_microsoft.windows.common-controls_6595b64144ccf1df_6.0.10240.17184_none_f41d7a705752bce6\COMCTL32.dll
0x00007ffa68ad0000 - 0x00007ffa68b06000 	C:\Windows\system32\IMM32.DLL
0x00007ffa668b0000 - 0x00007ffa66a0c000 	C:\Windows\system32\MSCTF.dll
0x0000000068db0000 - 0x0000000068e82000 	C:\Program Files\Android\Android Studio1\jre\jre\bin\msvcr100.dll
0x0000000068e90000 - 0x00000000696cf000 	C:\Program Files\Android\Android Studio1\jre\jre\bin\server\jvm.dll
0x00007ffa68bd0000 - 0x00007ffa68bd8000 	C:\Windows\system32\PSAPI.DLL
0x00007ffa639f0000 - 0x00007ffa639f9000 	C:\Windows\SYSTEM32\WSOCK32.dll
0x00007ffa68be0000 - 0x00007ffa68c49000 	C:\Windows\system32\WS2_32.dll
0x00007ffa66570000 - 0x00007ffa66578000 	C:\Windows\system32\NSI.dll
0x00007ffa638e0000 - 0x00007ffa63903000 	C:\Windows\SYSTEM32\WINMM.dll
0x00007ffa629e0000 - 0x00007ffa629ea000 	C:\Windows\SYSTEM32\VERSION.dll
0x00007ffa63840000 - 0x00007ffa6386c000 	C:\Windows\SYSTEM32\WINMMBASE.dll
0x00007ffa65710000 - 0x00007ffa65754000 	C:\Windows\system32\cfgmgr32.dll
0x00007ffa63ff0000 - 0x00007ffa64017000 	C:\Windows\SYSTEM32\DEVOBJ.dll
0x00007ffa639e0000 - 0x00007ffa639ef000 	C:\Program Files\Android\Android Studio1\jre\jre\bin\verify.dll
0x00007ffa62a10000 - 0x00007ffa62a39000 	C:\Program Files\Android\Android Studio1\jre\jre\bin\java.dll
0x00007ffa60ae0000 - 0x00007ffa60af6000 	C:\Program Files\Android\Android Studio1\jre\jre\bin\zip.dll
0x00007ffa67170000 - 0x00007ffa68693000 	C:\Windows\system32\SHELL32.dll
0x00007ffa65810000 - 0x00007ffa65e39000 	C:\Windows\system32\windows.storage.dll
0x00007ffa687f0000 - 0x00007ffa68a6c000 	C:\Windows\system32\combase.dll
0x00007ffa66a80000 - 0x00007ffa66ad1000 	C:\Windows\system32\shlwapi.dll
0x00007ffa656e0000 - 0x00007ffa656ef000 	C:\Windows\system32\kernel.appcore.dll
0x00007ffa65e40000 - 0x00007ffa65ef3000 	C:\Windows\system32\shcore.dll
0x00007ffa65670000 - 0x00007ffa656ba000 	C:\Windows\system32\powrprof.dll
0x00007ffa656c0000 - 0x00007ffa656d3000 	C:\Windows\system32\profapi.dll
0x00007ffa64f40000 - 0x00007ffa64f57000 	C:\Windows\SYSTEM32\CRYPTSP.dll
0x00007ffa655a0000 - 0x00007ffa655c8000 	C:\Windows\SYSTEM32\bcrypt.dll
0x00007ffa64b30000 - 0x00007ffa64b63000 	C:\Windows\system32\rsaenh.dll
0x00007ffa64cd0000 - 0x00007ffa64cef000 	C:\Windows\SYSTEM32\USERENV.dll
0x00007ffa65490000 - 0x00007ffa654fb000 	C:\Windows\system32\bcryptprimitives.dll
0x00007ffa65090000 - 0x00007ffa6509b000 	C:\Windows\SYSTEM32\CRYPTBASE.dll
0x00007ffa5cd60000 - 0x00007ffa5cd7a000 	C:\Program Files\Android\Android Studio1\jre\jre\bin\net.dll
0x00007ffa64ee0000 - 0x00007ffa64f3d000 	C:\Windows\system32\mswsock.dll
0x00007ffa62f90000 - 0x00007ffa62fc8000 	C:\Windows\SYSTEM32\IPHLPAPI.DLL
0x00007ffa62f80000 - 0x00007ffa62f8b000 	C:\Windows\SYSTEM32\WINNSI.DLL
0x00007ffa604d0000 - 0x00007ffa604e6000 	C:\Windows\SYSTEM32\dhcpcsvc6.DLL
0x00007ffa604b0000 - 0x00007ffa604ca000 	C:\Windows\SYSTEM32\dhcpcsvc.DLL
0x00007ffa5cd30000 - 0x00007ffa5cd41000 	C:\Program Files\Android\Android Studio1\jre\jre\bin\nio.dll

VM Arguments:
jvm_args: -Djava.awt.headless=true -Xmx64M -Dfile.encoding=windows-1252 -Duser.country=US -Duser.language=en -Duser.variant 
java_command: com.google.devtools.build.android.desugar.Desugar --input C:\Users\ALEXANDRE\AndroidStudioProjects\SitaProject\app\build\intermediates\transforms\stackFramesFixer\debug\14.jar --output C:\Users\ALEXANDRE\AndroidStudioProjects\SitaProject\app\build\intermediates\transforms\desugar\debug\15.jar --input C:\Users\ALEXANDRE\AndroidStudioProjects\SitaProject\app\build\intermediates\transforms\stackFramesFixer\debug\1.jar --output C:\Users\ALEXANDRE\AndroidStudioProjects\SitaProject\app\build\intermediates\transforms\desugar\debug\2.jar --input C:\Users\ALEXANDRE\AndroidStudioProjects\SitaProject\app\build\intermediates\transforms\stackFramesFixer\debug\24.jar --output C:\Users\ALEXANDRE\AndroidStudioProjects\SitaProject\app\build\intermediates\transforms\desugar\debug\25.jar --input C:\Users\ALEXANDRE\AndroidStudioProjects\SitaProject\app\build\intermediates\transforms\stackFramesFixer\debug\13.jar --output C:\Users\ALEXANDRE\AndroidStudioProjects\SitaProject\app\build\intermediates\transforms\desugar\debug\14.jar --input C:\Users\ALEXANDRE\AndroidStudioProjects\SitaProject\app\build\intermediates\transforms\stackFramesFixer\debug\25.jar --output C:\Users\ALEXANDRE\AndroidStudioProjects\SitaProject\app\build\intermediates\transforms\desugar\debug\26.jar --input C:\Users\ALEXANDRE\AndroidStudioProjects\SitaProject\app\build\intermediates\transforms\stackFramesFixer\debug\8.jar --output C:\Users\ALEXANDRE\AndroidStudioProjects\SitaProject\app\build\intermediates\transforms\desugar\debug\9.jar --input C:\Users\ALEXANDRE\AndroidStudioProjects\SitaProject\app\build\intermediates\transforms\stackFramesFixer\debug\9.jar --output C:\Users\ALEXANDRE\AndroidStudioProjects\SitaProject\app\build\intermediates\transforms\desugar\debug\10.jar --input C:\Users\ALEXANDRE\AndroidStudioProjects\SitaProject\app\build\intermediates\transforms\stackFramesFixer\debug\16.jar --output C:\Users\ALEXANDRE\AndroidStudioProjects\SitaProject\app\build\intermediates\transforms\desugar\
java_class_path (initial): C:\Users\ALEXAN~1\AppData\Local\Temp\desugar_deploy.jar1245166374484147702
Launcher Type: SUN_STANDARD

Environment Variables:
JAVA_HOME=C:\Program Files\Java\jdk1.8.0_121
PATH=C:\ProgramData\Oracle\Java\javapath;C:\Windows\system32;C:\Windows;C:\Windows\System32\Wbem;C:\Windows\System32\WindowsPowerShell\v1.0\;C:\Qt\Qt5.6.2\5.6\mingw49_32\bin;C:\Qt\Qt5.6.2\Tools\QtCreator\bin;C:\vstudio;C:\Program Files\Java\jdk1.8.0_121\bin;C:\Qt\Qt5.6.2\5.6\mingw49_32\bin;C:\Qt\Qt5.6.2\Tools\mingw492_32;C:\Program Files (x86)\Windows Kits\8.1\Windows Performance Toolkit\;C:\Program Files (x86)\Microsoft Emulator Manager\1.0\C:\MinGW\bin;C:\MinGW\include;C:\MinGW\mingw32\bin;C:\Qt\Qt5.6.2\Tools\mingw492_32\bin;C:\Users\ALEXANDRE\Desktop\gradle-3.5\bin;C:\Program Files\Android\Android Studio\bin;C:\Program Files\Microsoft\Web Platform Installer\;C:\Program Files (x86)\Microsoft ASP.NET\ASP.NET Web Pages\v1.0\;C:\Program Files\Microsoft SQL Server\110\Tools\Binn\;C:\Program Files (x86)\MATLAB\R2013\runtime\win32;C:\Program Files (x86)\MATLAB\R2013\bin;C:\Program Files (x86)\Common Files\lenovo\easyplussdk\bin;C:\android-studio-ide-162.3934792-windows\android-studio\gradle\gradle-4.6-bin;C:\Users\ALEXANDRE\Desktop\bin;C:\Program Files (x86)\Git\cmd;C:\Program Files\Java\jre7\bin;;C:\Program Files (x86)\Microsoft VS Code\bin
USERNAME=ALEXANDRE
OS=Windows_NT
PROCESSOR_IDENTIFIER=Intel64 Family 6 Model 42 Stepping 7, GenuineIntel



---------------  S Y S T E M  ---------------

OS: Windows 10.0 , 64 bit Build 10240 (10.0.10240.17113)

CPU:total 4 (initial active 4) (2 cores per cpu, 2 threads per core) family 6 model 42 stepping 7, cmov, cx8, fxsr, mmx, sse, sse2, sse3, ssse3, sse4.1, sse4.2, popcnt, avx, clmul, ht, tsc, tscinvbit

Memory: 4k page, physical 4140908k(606276k free), swap 5575532k(5156k free)

vm_info: OpenJDK 64-Bit Server VM (25.152-b02) for windows-amd64 JRE (1.8.0_152-release-1024-b02), built by "builder" with MS VC++ 10.0 (VS2010)

time: Thu Aug 23 14:10:30 2018
elapsed time: 4 seconds (0d 0h 0m 4s)

