#
# There is insufficient memory for the Java Runtime Environment to continue.
# Native memory allocation (malloc) failed to allocate 32744 bytes for ChunkPool::allocate
# Possible reasons:
#   The system is out of physical RAM or swap space
#   In 32 bit mode, the process size limit was hit
# Possible solutions:
#   Reduce memory load on the system
#   Increase physical memory or swap space
#   Check if swap backing store is full
#   Use 64 bit Java on a 64 bit OS
#   Decrease Java heap size (-Xmx/-Xms)
#   Decrease number of Java threads
#   Decrease Java thread stack sizes (-Xss)
#   Set larger code cache with -XX:ReservedCodeCacheSize=
# This output file may be truncated or incomplete.
#
#  Out of Memory Error (allocation.cpp:273), pid=84788, tid=0x00000000000112a8
#
# JRE version: OpenJDK Runtime Environment (8.0_152-b02) (build 1.8.0_152-release-1024-b02)
# Java VM: OpenJDK 64-Bit Server VM (25.152-b02 mixed mode windows-amd64 compressed oops)
# Failed to write core dump. Minidumps are not enabled by default on client versions of Windows
#

---------------  T H R E A D  ---------------

Current thread (0x0000000012bda000):  JavaThread "C1 CompilerThread2" daemon [_thread_in_native, id=70312, stack(0x00000000147c0000,0x00000000148c0000)]

Stack: [0x00000000147c0000,0x00000000148c0000]
[error occurred during error reporting (printing stack bounds), id 0xc0000005]

Native frames: (J=compiled Java code, j=interpreted, Vv=VM code, C=native code)


Current CompileTask:
C1:   6795  774       3       org.objectweb.asm.ClassReader::a (3587 bytes)


---------------  P R O C E S S  ---------------

Java Threads: ( => current thread )
  0x0000000012bde800 JavaThread "Service Thread" daemon [_thread_blocked, id=84744, stack(0x00000000148c0000,0x00000000149c0000)]
=>0x0000000012bda000 JavaThread "C1 CompilerThread2" daemon [_thread_in_native, id=70312, stack(0x00000000147c0000,0x00000000148c0000)]
  0x0000000012bd3000 JavaThread "C2 CompilerThread1" daemon [_thread_blocked, id=86292, stack(0x00000000142c0000,0x00000000143c0000)]
  0x0000000012b8d000 JavaThread "C2 CompilerThread0" daemon [_thread_blocked, id=86512, stack(0x00000000141c0000,0x00000000142c0000)]
  0x0000000012b8c000 JavaThread "Attach Listener" daemon [_thread_blocked, id=86992, stack(0x00000000140c0000,0x00000000141c0000)]
  0x0000000012b8a800 JavaThread "Signal Dispatcher" daemon [_thread_blocked, id=84812, stack(0x0000000013fc0000,0x00000000140c0000)]
  0x00000000027cc800 JavaThread "Finalizer" daemon [_thread_blocked, id=86632, stack(0x0000000013dd0000,0x0000000013ed0000)]
  0x00000000027c7000 JavaThread "Reference Handler" daemon [_thread_blocked, id=86140, stack(0x0000000013cd0000,0x0000000013dd0000)]
  0x00000000026d5800 JavaThread "main" [_thread_in_vm, id=86168, stack(0x00000000025d0000,0x00000000026d0000)]

Other Threads:
  0x0000000012b46000 VMThread [stack: 0x0000000013bd0000,0x0000000013cd0000] [id=86700]
  0x00000000143f0800 WatcherThread [stack: 0x00000000149c0000,0x0000000014ac0000] [id=69968]

VM state:not at safepoint (normal execution)

VM Mutex/Monitor currently owned by a thread: None

Heap:
 PSYoungGen      total 18944K, used 16107K [0x00000000feb00000, 0x0000000100000000, 0x0000000100000000)
  eden space 16384K, 82% used [0x00000000feb00000,0x00000000ff842fb8,0x00000000ffb00000)
  from space 2560K, 98% used [0x00000000ffb00000,0x00000000ffd78030,0x00000000ffd80000)
  to   space 2560K, 0% used [0x00000000ffd80000,0x00000000ffd80000,0x0000000100000000)
 ParOldGen       total 44032K, used 1661K [0x00000000fc000000, 0x00000000feb00000, 0x00000000feb00000)
  object space 44032K, 3% used [0x00000000fc000000,0x00000000fc19f5c8,0x00000000feb00000)
 Metaspace       used 7425K, capacity 7640K, committed 7936K, reserved 1056768K
  class space    used 873K, capacity 956K, committed 1024K, reserved 1048576K

Card table byte_map: [0x0000000011b90000,0x0000000011bc0000] byte_map_base: 0x00000000113b0000

Marking Bits: (ParMarkBitMap*) 0x0000000069654970
 Begin Bits: [0x0000000011fc0000, 0x00000000120c0000)
 End Bits:   [0x00000000120c0000, 0x00000000121c0000)

Polling page: 0x0000000000b20000

CodeCache: size=245760Kb used=2794Kb max_used=2794Kb free=242965Kb
 bounds [0x00000000027d0000, 0x0000000002a90000, 0x00000000117d0000]
 total_blobs=1104 nmethods=773 adapters=245
 compilation: enabled

Compilation events (10 events):
Event: 6.775 Thread 0x0000000012bda000 nmethod 769 0x0000000002a89910 code [0x0000000002a89ac0, 0x0000000002a89f18]
Event: 6.779 Thread 0x0000000012bda000  770       3       org.objectweb.asm.MethodVisitor::visitLabel (16 bytes)
Event: 6.779 Thread 0x0000000012bda000 nmethod 770 0x0000000002a89450 code [0x0000000002a895c0, 0x0000000002a89828]
Event: 6.780 Thread 0x0000000012bda000  771       3       org.objectweb.asm.ByteVector::<init> (13 bytes)
Event: 6.780 Thread 0x0000000012bda000 nmethod 771 0x0000000002a88fd0 code [0x0000000002a89140, 0x0000000002a89390]
Event: 6.781 Thread 0x0000000012bda000  772       3       org.objectweb.asm.MethodVisitor::visitMethodInsn (68 bytes)
Event: 6.781 Thread 0x0000000012bda000 nmethod 772 0x0000000002a88790 code [0x0000000002a88920, 0x0000000002a88dc8]
Event: 6.782 Thread 0x0000000012bda000  773       3       org.objectweb.asm.ByteVector::putByteArray (49 bytes)
Event: 6.782 Thread 0x0000000012bda000 nmethod 773 0x0000000002a8b950 code [0x0000000002a8bac0, 0x0000000002a8bdf8]
Event: 6.784 Thread 0x0000000012bda000  774       3       org.objectweb.asm.ClassReader::a (3587 bytes)

GC Heap History (2 events):
Event: 4.065 GC heap before
{Heap before GC invocations=1 (full 0):
 PSYoungGen      total 18944K, used 16384K [0x00000000feb00000, 0x0000000100000000, 0x0000000100000000)
  eden space 16384K, 100% used [0x00000000feb00000,0x00000000ffb00000,0x00000000ffb00000)
  from space 2560K, 0% used [0x00000000ffd80000,0x00000000ffd80000,0x0000000100000000)
  to   space 2560K, 0% used [0x00000000ffb00000,0x00000000ffb00000,0x00000000ffd80000)
 ParOldGen       total 44032K, used 0K [0x00000000fc000000, 0x00000000feb00000, 0x00000000feb00000)
  object space 44032K, 0% used [0x00000000fc000000,0x00000000fc000000,0x00000000feb00000)
 Metaspace       used 6501K, capacity 6666K, committed 6784K, reserved 1056768K
  class space    used 769K, capacity 823K, committed 896K, reserved 1048576K
Event: 4.089 GC heap after
Heap after GC invocations=1 (full 0):
 PSYoungGen      total 18944K, used 2528K [0x00000000feb00000, 0x0000000100000000, 0x0000000100000000)
  eden space 16384K, 0% used [0x00000000feb00000,0x00000000feb00000,0x00000000ffb00000)
  from space 2560K, 98% used [0x00000000ffb00000,0x00000000ffd78030,0x00000000ffd80000)
  to   space 2560K, 0% used [0x00000000ffd80000,0x00000000ffd80000,0x0000000100000000)
 ParOldGen       total 44032K, used 1661K [0x00000000fc000000, 0x00000000feb00000, 0x00000000feb00000)
  object space 44032K, 3% used [0x00000000fc000000,0x00000000fc19f5c8,0x00000000feb00000)
 Metaspace       used 6501K, capacity 6666K, committed 6784K, reserved 1056768K
  class space    used 769K, capacity 823K, committed 896K, reserved 1048576K
}

Deoptimization events (10 events):
Event: 3.968 Thread 0x00000000026d5800 Uncommon trap: reason=unstable_if action=reinterpret pc=0x00000000029e64d8 method=java.util.zip.ZipEntry.setExtra0([BZ)V @ 1
Event: 3.974 Thread 0x00000000026d5800 Uncommon trap: reason=unstable_if action=reinterpret pc=0x00000000029e8108 method=java.util.zip.ZipFile$ZipEntryIterator.hasNext()Z @ 25
Event: 3.974 Thread 0x00000000026d5800 Uncommon trap: reason=unstable_if action=reinterpret pc=0x00000000029f3df8 method=java.util.zip.ZipCoder.decoder()Ljava/nio/charset/CharsetDecoder; @ 4
Event: 3.978 Thread 0x00000000026d5800 Uncommon trap: reason=unstable_if action=reinterpret pc=0x00000000029e1d5c method=java.util.zip.ZipFile$ZipEntryIterator.hasNext()Z @ 25
Event: 3.978 Thread 0x00000000026d5800 Uncommon trap: reason=unstable_if action=reinterpret pc=0x00000000029f1d4c method=java.util.zip.ZipCoder.decoder()Ljava/nio/charset/CharsetDecoder; @ 4
Event: 4.167 Thread 0x00000000026d5800 Uncommon trap: reason=unstable_if action=reinterpret pc=0x00000000029fd248 method=java.util.HashMap$HashIterator.nextNode()Ljava/util/HashMap$Node; @ 74
Event: 4.196 Thread 0x00000000026d5800 Uncommon trap: reason=unstable_if action=reinterpret pc=0x00000000029e7170 method=java.util.zip.ZipFile.getZipEntry(Ljava/lang/String;J)Ljava/util/zip/ZipEntry; @ 19
Event: 5.366 Thread 0x00000000026d5800 Uncommon trap: reason=unstable_if action=reinterpret pc=0x0000000002a0c648 method=java.util.HashMap$HashIterator.nextNode()Ljava/util/HashMap$Node; @ 74
Event: 6.076 Thread 0x00000000026d5800 Uncommon trap: reason=unloaded action=reinterpret pc=0x00000000029fa07c method=java.util.zip.ZipEntry.setExtra0([BZ)V @ 37
Event: 6.217 Thread 0x00000000026d5800 Uncommon trap: reason=unstable_if action=reinterpret pc=0x00000000029a6cec method=java.lang.String.<init>([CII)V @ 18

Classes redefined (0 events):
No events

Internal exceptions (10 events):
Event: 5.358 Thread 0x00000000026d5800 Exception <a 'sun/nio/fs/WindowsException'> (0x00000000ff12fcb0) thrown at [D:\src\AOSP-openjdk-cygwin\jdk8u\hotspot\src\share\vm\prims\jni.cpp, line 709]
Event: 5.358 Thread 0x00000000026d5800 Exception <a 'sun/nio/fs/WindowsException'> (0x00000000ff130290) thrown at [D:\src\AOSP-openjdk-cygwin\jdk8u\hotspot\src\share\vm\prims\jni.cpp, line 709]
Event: 5.359 Thread 0x00000000026d5800 Exception <a 'sun/nio/fs/WindowsException'> (0x00000000ff130a60) thrown at [D:\src\AOSP-openjdk-cygwin\jdk8u\hotspot\src\share\vm\prims\jni.cpp, line 709]
Event: 5.359 Thread 0x00000000026d5800 Exception <a 'sun/nio/fs/WindowsException'> (0x00000000ff131018) thrown at [D:\src\AOSP-openjdk-cygwin\jdk8u\hotspot\src\share\vm\prims\jni.cpp, line 709]
Event: 5.359 Thread 0x00000000026d5800 Exception <a 'sun/nio/fs/WindowsException'> (0x00000000ff1317d8) thrown at [D:\src\AOSP-openjdk-cygwin\jdk8u\hotspot\src\share\vm\prims\jni.cpp, line 709]
Event: 5.378 Thread 0x00000000026d5800 Exception <a 'sun/nio/fs/WindowsException'> (0x00000000ff136bd8) thrown at [D:\src\AOSP-openjdk-cygwin\jdk8u\hotspot\src\share\vm\prims\jni.cpp, line 709]
Event: 6.196 Thread 0x00000000026d5800 Exception <a 'sun/nio/fs/WindowsException'> (0x00000000ff64c430) thrown at [D:\src\AOSP-openjdk-cygwin\jdk8u\hotspot\src\share\vm\prims\jni.cpp, line 709]
Event: 6.197 Thread 0x00000000026d5800 Exception <a 'sun/nio/fs/WindowsException'> (0x00000000ff64c9e0) thrown at [D:\src\AOSP-openjdk-cygwin\jdk8u\hotspot\src\share\vm\prims\jni.cpp, line 709]
Event: 6.702 Thread 0x00000000026d5800 Exception <a 'sun/nio/fs/WindowsException'> (0x00000000ff7e1ac0) thrown at [D:\src\AOSP-openjdk-cygwin\jdk8u\hotspot\src\share\vm\prims\jni.cpp, line 709]
Event: 6.702 Thread 0x00000000026d5800 Exception <a 'sun/nio/fs/WindowsException'> (0x00000000ff7e1ff0) thrown at [D:\src\AOSP-openjdk-cygwin\jdk8u\hotspot\src\share\vm\prims\jni.cpp, line 709]

Events (10 events):
Event: 6.342 loading class sun/util/calendar/CalendarDate done
Event: 6.342 loading class sun/util/calendar/BaseCalendar$Date done
Event: 6.342 loading class sun/util/calendar/Gregorian$Date done
Event: 6.342 loading class sun/util/calendar/CalendarUtils
Event: 6.342 loading class sun/util/calendar/CalendarUtils done
Event: 6.353 loading class org/objectweb/asm/Opcodes
Event: 6.353 loading class org/objectweb/asm/Opcodes done
Event: 6.362 loading class java/util/Vector$Itr
Event: 6.362 loading class java/util/Vector$Itr done
Event: 6.792 loading class org/objectweb/asm/tree/TryCatchBlockNode


Dynamic libraries:
0x00007ff6222f0000 - 0x00007ff622321000 	C:\Program Files\Android\Android Studio1\jre\bin\java.exe
0x00007ffa68c50000 - 0x00007ffa68e12000 	C:\Windows\SYSTEM32\ntdll.dll
0x00007ffa670c0000 - 0x00007ffa6716d000 	C:\Windows\system32\KERNEL32.DLL
0x00007ffa65f00000 - 0x00007ffa660dd000 	C:\Windows\system32\KERNELBASE.dll
0x00007ffa66580000 - 0x00007ffa66626000 	C:\Windows\system32\ADVAPI32.dll
0x00007ffa68b30000 - 0x00007ffa68bcd000 	C:\Windows\system32\msvcrt.dll
0x00007ffa66510000 - 0x00007ffa6656b000 	C:\Windows\system32\sechost.dll
0x00007ffa66c20000 - 0x00007ffa66d46000 	C:\Windows\system32\RPCRT4.dll
0x00007ffa686a0000 - 0x00007ffa687ee000 	C:\Windows\system32\USER32.dll
0x00007ffa66d50000 - 0x00007ffa66ed3000 	C:\Windows\system32\GDI32.dll
0x00007ffa5b720000 - 0x00007ffa5b994000 	C:\Windows\WinSxS\amd64_microsoft.windows.common-controls_6595b64144ccf1df_6.0.10240.17184_none_f41d7a705752bce6\COMCTL32.dll
0x00007ffa68ad0000 - 0x00007ffa68b06000 	C:\Windows\system32\IMM32.DLL
0x00007ffa668b0000 - 0x00007ffa66a0c000 	C:\Windows\system32\MSCTF.dll
0x0000000068db0000 - 0x0000000068e82000 	C:\Program Files\Android\Android Studio1\jre\jre\bin\msvcr100.dll
0x0000000068e90000 - 0x00000000696cf000 	C:\Program Files\Android\Android Studio1\jre\jre\bin\server\jvm.dll
0x00007ffa68bd0000 - 0x00007ffa68bd8000 	C:\Windows\system32\PSAPI.DLL
0x00007ffa5fbf0000 - 0x00007ffa5fbf9000 	C:\Windows\SYSTEM32\WSOCK32.dll
0x00007ffa68be0000 - 0x00007ffa68c49000 	C:\Windows\system32\WS2_32.dll
0x00007ffa638e0000 - 0x00007ffa63903000 	C:\Windows\SYSTEM32\WINMM.dll
0x00007ffa66570000 - 0x00007ffa66578000 	C:\Windows\system32\NSI.dll
0x00007ffa629e0000 - 0x00007ffa629ea000 	C:\Windows\SYSTEM32\VERSION.dll
0x0000000000ad0000 - 0x0000000000afc000 	C:\Windows\SYSTEM32\WINMMBASE.dll
0x00007ffa65710000 - 0x00007ffa65754000 	C:\Windows\system32\cfgmgr32.dll
0x00007ffa63ff0000 - 0x00007ffa64017000 	C:\Windows\SYSTEM32\DEVOBJ.dll
0x00007ffa5fbe0000 - 0x00007ffa5fbef000 	C:\Program Files\Android\Android Studio1\jre\jre\bin\verify.dll
0x00007ffa5fbb0000 - 0x00007ffa5fbd9000 	C:\Program Files\Android\Android Studio1\jre\jre\bin\java.dll
0x00007ffa5fb90000 - 0x00007ffa5fba6000 	C:\Program Files\Android\Android Studio1\jre\jre\bin\zip.dll
0x00007ffa67170000 - 0x00007ffa68693000 	C:\Windows\system32\SHELL32.dll
0x00007ffa65810000 - 0x00007ffa65e39000 	C:\Windows\system32\windows.storage.dll
0x00007ffa687f0000 - 0x00007ffa68a6c000 	C:\Windows\system32\combase.dll
0x00007ffa66a80000 - 0x00007ffa66ad1000 	C:\Windows\system32\shlwapi.dll
0x00007ffa656e0000 - 0x00007ffa656ef000 	C:\Windows\system32\kernel.appcore.dll
0x00007ffa65e40000 - 0x00007ffa65ef3000 	C:\Windows\system32\shcore.dll
0x00007ffa65670000 - 0x00007ffa656ba000 	C:\Windows\system32\powrprof.dll
0x00007ffa656c0000 - 0x00007ffa656d3000 	C:\Windows\system32\profapi.dll
0x00007ffa64f40000 - 0x00007ffa64f57000 	C:\Windows\SYSTEM32\CRYPTSP.dll
0x00007ffa655a0000 - 0x00007ffa655c8000 	C:\Windows\SYSTEM32\bcrypt.dll
0x00007ffa64b30000 - 0x00007ffa64b63000 	C:\Windows\system32\rsaenh.dll
0x00007ffa64cd0000 - 0x00007ffa64cef000 	C:\Windows\SYSTEM32\USERENV.dll
0x00007ffa65490000 - 0x00007ffa654fb000 	C:\Windows\system32\bcryptprimitives.dll
0x00007ffa65090000 - 0x00007ffa6509b000 	C:\Windows\SYSTEM32\CRYPTBASE.dll
0x00007ffa5fb70000 - 0x00007ffa5fb8a000 	C:\Program Files\Android\Android Studio1\jre\jre\bin\net.dll
0x00007ffa64ee0000 - 0x00007ffa64f3d000 	C:\Windows\system32\mswsock.dll
0x00007ffa62f90000 - 0x00007ffa62fc8000 	C:\Windows\SYSTEM32\IPHLPAPI.DLL
0x00007ffa62f80000 - 0x00007ffa62f8b000 	C:\Windows\SYSTEM32\WINNSI.DLL
0x00007ffa604d0000 - 0x00007ffa604e6000 	C:\Windows\SYSTEM32\dhcpcsvc6.DLL
0x00007ffa604b0000 - 0x00007ffa604ca000 	C:\Windows\SYSTEM32\dhcpcsvc.DLL
0x00007ffa5fb50000 - 0x00007ffa5fb61000 	C:\Program Files\Android\Android Studio1\jre\jre\bin\nio.dll

VM Arguments:
jvm_args: -Djava.awt.headless=true -Xmx64M -Dfile.encoding=windows-1252 -Duser.country=US -Duser.language=en -Duser.variant 
java_command: com.google.devtools.build.android.desugar.Desugar --input C:\Users\ALEXANDRE\AndroidStudioProjects\SitaProject\app\build\intermediates\transforms\stackFramesFixer\debug\0.jar --output C:\Users\ALEXANDRE\AndroidStudioProjects\SitaProject\app\build\intermediates\transforms\desugar\debug\1.jar --input C:\Users\ALEXANDRE\AndroidStudioProjects\SitaProject\app\build\intermediates\transforms\stackFramesFixer\debug\20.jar --output C:\Users\ALEXANDRE\AndroidStudioProjects\SitaProject\app\build\intermediates\transforms\desugar\debug\21.jar --input C:\Users\ALEXANDRE\AndroidStudioProjects\SitaProject\app\build\intermediates\transforms\stackFramesFixer\debug\21.jar --output C:\Users\ALEXANDRE\AndroidStudioProjects\SitaProject\app\build\intermediates\transforms\desugar\debug\22.jar --input C:\Users\ALEXANDRE\AndroidStudioProjects\SitaProject\app\build\intermediates\transforms\stackFramesFixer\debug\13.jar --output C:\Users\ALEXANDRE\AndroidStudioProjects\SitaProject\app\build\intermediates\transforms\desugar\debug\14.jar --input C:\Users\ALEXANDRE\AndroidStudioProjects\SitaProject\app\build\intermediates\transforms\stackFramesFixer\debug\25.jar --output C:\Users\ALEXANDRE\AndroidStudioProjects\SitaProject\app\build\intermediates\transforms\desugar\debug\26.jar --input C:\Users\ALEXANDRE\AndroidStudioProjects\SitaProject\app\build\intermediates\transforms\stackFramesFixer\debug\26.jar --output C:\Users\ALEXANDRE\AndroidStudioProjects\SitaProject\app\build\intermediates\transforms\desugar\debug\27.jar --input C:\Users\ALEXANDRE\AndroidStudioProjects\SitaProject\app\build\intermediates\transforms\stackFramesFixer\debug\8.jar --output C:\Users\ALEXANDRE\AndroidStudioProjects\SitaProject\app\build\intermediates\transforms\desugar\debug\9.jar --input C:\Users\ALEXANDRE\AndroidStudioProjects\SitaProject\app\build\intermediates\transforms\stackFramesFixer\debug\28.jar --output C:\Users\ALEXANDRE\AndroidStudioProjects\SitaProject\app\build\intermediates\transforms\desugar
java_class_path (initial): C:\Users\ALEXAN~1\AppData\Local\Temp\desugar_deploy.jar511165952263118006
Launcher Type: SUN_STANDARD

Environment Variables:
JAVA_HOME=C:\Program Files\Java\jdk1.8.0_121
PATH=C:\ProgramData\Oracle\Java\javapath;C:\Windows\system32;C:\Windows;C:\Windows\System32\Wbem;C:\Windows\System32\WindowsPowerShell\v1.0\;C:\Qt\Qt5.6.2\5.6\mingw49_32\bin;C:\Qt\Qt5.6.2\Tools\QtCreator\bin;C:\vstudio;C:\Program Files\Java\jdk1.8.0_121\bin;C:\Qt\Qt5.6.2\5.6\mingw49_32\bin;C:\Qt\Qt5.6.2\Tools\mingw492_32;C:\Program Files (x86)\Windows Kits\8.1\Windows Performance Toolkit\;C:\Program Files (x86)\Microsoft Emulator Manager\1.0\C:\MinGW\bin;C:\MinGW\include;C:\MinGW\mingw32\bin;C:\Qt\Qt5.6.2\Tools\mingw492_32\bin;C:\Users\ALEXANDRE\Desktop\gradle-3.5\bin;C:\Program Files\Android\Android Studio\bin;C:\Program Files\Microsoft\Web Platform Installer\;C:\Program Files (x86)\Microsoft ASP.NET\ASP.NET Web Pages\v1.0\;C:\Program Files\Microsoft SQL Server\110\Tools\Binn\;C:\Program Files (x86)\MATLAB\R2013\runtime\win32;C:\Program Files (x86)\MATLAB\R2013\bin;C:\Program Files (x86)\Common Files\lenovo\easyplussdk\bin;C:\android-studio-ide-162.3934792-windows\android-studio\gradle\gradle-4.6-bin;C:\Users\ALEXANDRE\Desktop\bin;C:\Program Files (x86)\Git\cmd;C:\Program Files\Java\jre7\bin;;C:\Program Files (x86)\Microsoft VS Code\bin
USERNAME=ALEXANDRE
OS=Windows_NT
PROCESSOR_IDENTIFIER=Intel64 Family 6 Model 42 Stepping 7, GenuineIntel



---------------  S Y S T E M  ---------------

OS: Windows 10.0 , 64 bit Build 10240 (10.0.10240.17113)

CPU:total 4 (initial active 4) (2 cores per cpu, 2 threads per core) family 6 model 42 stepping 7, cmov, cx8, fxsr, mmx, sse, sse2, sse3, ssse3, sse4.1, sse4.2, popcnt, avx, clmul, ht, tsc, tscinvbit

Memory: 4k page, physical 4140908k(266684k free), swap 5575532k(1616k free)

vm_info: OpenJDK 64-Bit Server VM (25.152-b02) for windows-amd64 JRE (1.8.0_152-release-1024-b02), built by "builder" with MS VC++ 10.0 (VS2010)

time: Fri Aug 24 11:55:50 2018
elapsed time: 6 seconds (0d 0h 0m 6s)

