#
# There is insufficient memory for the Java Runtime Environment to continue.
# Native memory allocation (malloc) failed to allocate 628816 bytes for Chunk::new
# Possible reasons:
#   The system is out of physical RAM or swap space
#   In 32 bit mode, the process size limit was hit
# Possible solutions:
#   Reduce memory load on the system
#   Increase physical memory or swap space
#   Check if swap backing store is full
#   Use 64 bit Java on a 64 bit OS
#   Decrease Java heap size (-Xmx/-Xms)
#   Decrease number of Java threads
#   Decrease Java thread stack sizes (-Xss)
#   Set larger code cache with -XX:ReservedCodeCacheSize=
# This output file may be truncated or incomplete.
#
#  Out of Memory Error (allocation.cpp:390), pid=32024, tid=0x00000000000004e4
#
# JRE version: OpenJDK Runtime Environment (8.0_152-b02) (build 1.8.0_152-release-1024-b02)
# Java VM: OpenJDK 64-Bit Server VM (25.152-b02 mixed mode windows-amd64 compressed oops)
# Failed to write core dump. Minidumps are not enabled by default on client versions of Windows
#

---------------  T H R E A D  ---------------

Current thread (0x000000001350b800):  JavaThread "C2 CompilerThread0" daemon [_thread_in_native, id=1252, stack(0x0000000014b40000,0x0000000014c40000)]

Stack: [0x0000000014b40000,0x0000000014c40000]
[error occurred during error reporting (printing stack bounds), id 0xc0000005]

Native frames: (J=compiled Java code, j=interpreted, Vv=VM code, C=native code)


Current CompileTask:
C2:  10099 1207       4       org.objectweb.asm.ClassReader::accept (1176 bytes)


---------------  P R O C E S S  ---------------

Java Threads: ( => current thread )
  0x0000000014e60800 JavaThread "Service Thread" daemon [_thread_blocked, id=7184, stack(0x0000000015240000,0x0000000015340000)]
  0x0000000013504000 JavaThread "C1 CompilerThread2" daemon [_thread_blocked, id=6892, stack(0x0000000014d40000,0x0000000014e40000)]
  0x000000001350f800 JavaThread "C2 CompilerThread1" daemon [_thread_in_native, id=35056, stack(0x0000000014c40000,0x0000000014d40000)]
=>0x000000001350b800 JavaThread "C2 CompilerThread0" daemon [_thread_in_native, id=1252, stack(0x0000000014b40000,0x0000000014c40000)]
  0x000000001350a000 JavaThread "Attach Listener" daemon [_thread_blocked, id=4056, stack(0x0000000014a40000,0x0000000014b40000)]
  0x0000000013508800 JavaThread "Signal Dispatcher" daemon [_thread_blocked, id=31640, stack(0x0000000014940000,0x0000000014a40000)]
  0x00000000134ee000 JavaThread "Finalizer" daemon [_thread_blocked, id=28980, stack(0x0000000014760000,0x0000000014860000)]
  0x0000000003195800 JavaThread "Reference Handler" daemon [_thread_blocked, id=28540, stack(0x0000000014660000,0x0000000014760000)]
  0x00000000030a5800 JavaThread "main" [_thread_in_Java, id=29552, stack(0x0000000002fa0000,0x00000000030a0000)]

Other Threads:
  0x00000000134c6000 VMThread [stack: 0x0000000014560000,0x0000000014660000] [id=2988]
  0x0000000014e63000 WatcherThread [stack: 0x0000000015340000,0x0000000015440000] [id=31676]

VM state:not at safepoint (normal execution)

VM Mutex/Monitor currently owned by a thread: None

Heap:
 PSYoungGen      total 18944K, used 17020K [0x00000000feb00000, 0x0000000100000000, 0x0000000100000000)
  eden space 16384K, 88% used [0x00000000feb00000,0x00000000ff926a10,0x00000000ffb00000)
  from space 2560K, 98% used [0x00000000ffd80000,0x00000000ffff8718,0x0000000100000000)
  to   space 2560K, 0% used [0x00000000ffb00000,0x00000000ffb00000,0x00000000ffd80000)
 ParOldGen       total 44032K, used 5667K [0x00000000fc000000, 0x00000000feb00000, 0x00000000feb00000)
  object space 44032K, 12% used [0x00000000fc000000,0x00000000fc588ca8,0x00000000feb00000)
 Metaspace       used 7728K, capacity 7904K, committed 8192K, reserved 1056768K
  class space    used 874K, capacity 956K, committed 1024K, reserved 1048576K

Card table byte_map: [0x0000000002d40000,0x0000000002d70000] byte_map_base: 0x0000000002560000

Marking Bits: (ParMarkBitMap*) 0x000000005a744970
 Begin Bits: [0x0000000012960000, 0x0000000012a60000)
 End Bits:   [0x0000000012a60000, 0x0000000012b60000)

Polling page: 0x00000000015c0000

CodeCache: size=245760Kb used=4866Kb max_used=4878Kb free=240893Kb
 bounds [0x00000000031a0000, 0x0000000003670000, 0x00000000121a0000]
 total_blobs=1536 nmethods=1204 adapters=245
 compilation: enabled

Compilation events (10 events):
Event: 9.699 Thread 0x0000000013504000 nmethod 1202 0x0000000003660850 code [0x0000000003660a60, 0x00000000036614b8]
Event: 9.900 Thread 0x000000001350b800 1203       4       com.google.devtools.build.android.desugar.LambdaDesugaring::visitMethod (206 bytes)
Event: 9.922 Thread 0x000000001350b800 nmethod 1203 0x0000000003664e50 code [0x0000000003665000, 0x00000000036659a8]
Event: 9.923 Thread 0x000000001350b800 1204       4       com.google.devtools.build.android.desugar.InterfaceDesugaring::visitMethod (301 bytes)
Event: 9.929 Thread 0x000000001350b800 nmethod 1204 0x0000000003661890 code [0x00000000036619e0, 0x0000000003661d18]
Event: 9.934 Thread 0x000000001350b800 1205       4       com.google.devtools.build.android.desugar.DefaultMethodClassFixer::visitMethod (75 bytes)
Event: 9.956 Thread 0x000000001350b800 nmethod 1205 0x0000000003662250 code [0x0000000003662440, 0x0000000003663028]
Event: 9.956 Thread 0x000000001350b800 1207       4       org.objectweb.asm.ClassReader::accept (1176 bytes)
Event: 10.024 Thread 0x0000000013504000 1210       3       org.objectweb.asm.ClassWriter::c (103 bytes)
Event: 10.025 Thread 0x0000000013504000 nmethod 1210 0x0000000003664450 code [0x0000000003664600, 0x0000000003664c28]

GC Heap History (8 events):
Event: 3.653 GC heap before
{Heap before GC invocations=1 (full 0):
 PSYoungGen      total 18944K, used 16384K [0x00000000feb00000, 0x0000000100000000, 0x0000000100000000)
  eden space 16384K, 100% used [0x00000000feb00000,0x00000000ffb00000,0x00000000ffb00000)
  from space 2560K, 0% used [0x00000000ffd80000,0x00000000ffd80000,0x0000000100000000)
  to   space 2560K, 0% used [0x00000000ffb00000,0x00000000ffb00000,0x00000000ffd80000)
 ParOldGen       total 44032K, used 0K [0x00000000fc000000, 0x00000000feb00000, 0x00000000feb00000)
  object space 44032K, 0% used [0x00000000fc000000,0x00000000fc000000,0x00000000feb00000)
 Metaspace       used 6485K, capacity 6610K, committed 6784K, reserved 1056768K
  class space    used 768K, capacity 823K, committed 896K, reserved 1048576K
Event: 3.661 GC heap after
Heap after GC invocations=1 (full 0):
 PSYoungGen      total 18944K, used 2528K [0x00000000feb00000, 0x0000000100000000, 0x0000000100000000)
  eden space 16384K, 0% used [0x00000000feb00000,0x00000000feb00000,0x00000000ffb00000)
  from space 2560K, 98% used [0x00000000ffb00000,0x00000000ffd78030,0x00000000ffd80000)
  to   space 2560K, 0% used [0x00000000ffd80000,0x00000000ffd80000,0x0000000100000000)
 ParOldGen       total 44032K, used 1751K [0x00000000fc000000, 0x00000000feb00000, 0x00000000feb00000)
  object space 44032K, 3% used [0x00000000fc000000,0x00000000fc1b5e08,0x00000000feb00000)
 Metaspace       used 6485K, capacity 6610K, committed 6784K, reserved 1056768K
  class space    used 768K, capacity 823K, committed 896K, reserved 1048576K
}
Event: 7.462 GC heap before
{Heap before GC invocations=2 (full 0):
 PSYoungGen      total 18944K, used 18912K [0x00000000feb00000, 0x0000000100000000, 0x0000000100000000)
  eden space 16384K, 100% used [0x00000000feb00000,0x00000000ffb00000,0x00000000ffb00000)
  from space 2560K, 98% used [0x00000000ffb00000,0x00000000ffd78030,0x00000000ffd80000)
  to   space 2560K, 0% used [0x00000000ffd80000,0x00000000ffd80000,0x0000000100000000)
 ParOldGen       total 44032K, used 1751K [0x00000000fc000000, 0x00000000feb00000, 0x00000000feb00000)
  object space 44032K, 3% used [0x00000000fc000000,0x00000000fc1b5e08,0x00000000feb00000)
 Metaspace       used 7533K, capacity 7712K, committed 7936K, reserved 1056768K
  class space    used 874K, capacity 956K, committed 1024K, reserved 1048576K
Event: 7.484 GC heap after
Heap after GC invocations=2 (full 0):
 PSYoungGen      total 18944K, used 2545K [0x00000000feb00000, 0x0000000100000000, 0x0000000100000000)
  eden space 16384K, 0% used [0x00000000feb00000,0x00000000feb00000,0x00000000ffb00000)
  from space 2560K, 99% used [0x00000000ffd80000,0x00000000ffffc708,0x0000000100000000)
  to   space 2560K, 0% used [0x00000000ffb00000,0x00000000ffb00000,0x00000000ffd80000)
 ParOldGen       total 44032K, used 5307K [0x00000000fc000000, 0x00000000feb00000, 0x00000000feb00000)
  object space 44032K, 12% used [0x00000000fc000000,0x00000000fc52ec78,0x00000000feb00000)
 Metaspace       used 7533K, capacity 7712K, committed 7936K, reserved 1056768K
  class space    used 874K, capacity 956K, committed 1024K, reserved 1048576K
}
Event: 8.338 GC heap before
{Heap before GC invocations=3 (full 0):
 PSYoungGen      total 18944K, used 18929K [0x00000000feb00000, 0x0000000100000000, 0x0000000100000000)
  eden space 16384K, 100% used [0x00000000feb00000,0x00000000ffb00000,0x00000000ffb00000)
  from space 2560K, 99% used [0x00000000ffd80000,0x00000000ffffc708,0x0000000100000000)
  to   space 2560K, 0% used [0x00000000ffb00000,0x00000000ffb00000,0x00000000ffd80000)
 ParOldGen       total 44032K, used 5307K [0x00000000fc000000, 0x00000000feb00000, 0x00000000feb00000)
  object space 44032K, 12% used [0x00000000fc000000,0x00000000fc52ec78,0x00000000feb00000)
 Metaspace       used 7599K, capacity 7776K, committed 7936K, reserved 1056768K
  class space    used 874K, capacity 956K, committed 1024K, reserved 1048576K
Event: 8.351 GC heap after
Heap after GC invocations=3 (full 0):
 PSYoungGen      total 18944K, used 2529K [0x00000000feb00000, 0x0000000100000000, 0x0000000100000000)
  eden space 16384K, 0% used [0x00000000feb00000,0x00000000feb00000,0x00000000ffb00000)
  from space 2560K, 98% used [0x00000000ffb00000,0x00000000ffd78718,0x00000000ffd80000)
  to   space 2560K, 0% used [0x00000000ffd80000,0x00000000ffd80000,0x0000000100000000)
 ParOldGen       total 44032K, used 5419K [0x00000000fc000000, 0x00000000feb00000, 0x00000000feb00000)
  object space 44032K, 12% used [0x00000000fc000000,0x00000000fc54aca8,0x00000000feb00000)
 Metaspace       used 7599K, capacity 7776K, committed 7936K, reserved 1056768K
  class space    used 874K, capacity 956K, committed 1024K, reserved 1048576K
}
Event: 9.167 GC heap before
{Heap before GC invocations=4 (full 0):
 PSYoungGen      total 18944K, used 18913K [0x00000000feb00000, 0x0000000100000000, 0x0000000100000000)
  eden space 16384K, 100% used [0x00000000feb00000,0x00000000ffb00000,0x00000000ffb00000)
  from space 2560K, 98% used [0x00000000ffb00000,0x00000000ffd78718,0x00000000ffd80000)
  to   space 2560K, 0% used [0x00000000ffd80000,0x00000000ffd80000,0x0000000100000000)
 ParOldGen       total 44032K, used 5419K [0x00000000fc000000, 0x00000000feb00000, 0x00000000feb00000)
  object space 44032K, 12% used [0x00000000fc000000,0x00000000fc54aca8,0x00000000feb00000)
 Metaspace       used 7697K, capacity 7904K, committed 8192K, reserved 1056768K
  class space    used 874K, capacity 956K, committed 1024K, reserved 1048576K
Event: 9.181 GC heap after
Heap after GC invocations=4 (full 0):
 PSYoungGen      total 18944K, used 2529K [0x00000000feb00000, 0x0000000100000000, 0x0000000100000000)
  eden space 16384K, 0% used [0x00000000feb00000,0x00000000feb00000,0x00000000ffb00000)
  from space 2560K, 98% used [0x00000000ffd80000,0x00000000ffff8718,0x0000000100000000)
  to   space 2560K, 0% used [0x00000000ffb00000,0x00000000ffb00000,0x00000000ffd80000)
 ParOldGen       total 44032K, used 5667K [0x00000000fc000000, 0x00000000feb00000, 0x00000000feb00000)
  object space 44032K, 12% used [0x00000000fc000000,0x00000000fc588ca8,0x00000000feb00000)
 Metaspace       used 7697K, capacity 7904K, committed 8192K, reserved 1056768K
  class space    used 874K, capacity 956K, committed 1024K, reserved 1048576K
}

Deoptimization events (10 events):
Event: 3.561 Thread 0x00000000030a5800 Uncommon trap: reason=unstable_if action=reinterpret pc=0x00000000033b7a1c method=java.util.zip.ZipFile$ZipEntryIterator.hasNext()Z @ 25
Event: 3.561 Thread 0x00000000030a5800 Uncommon trap: reason=unstable_if action=reinterpret pc=0x00000000033bd8b8 method=java.util.zip.ZipCoder.decoder()Ljava/nio/charset/CharsetDecoder; @ 4
Event: 4.885 Thread 0x00000000030a5800 Uncommon trap: reason=unloaded action=reinterpret pc=0x00000000033b1d7c method=java.util.zip.ZipEntry.setExtra0([BZ)V @ 37
Event: 4.987 Thread 0x00000000030a5800 Uncommon trap: reason=unstable_if action=reinterpret pc=0x00000000033923ac method=java.lang.String.<init>([CII)V @ 18
Event: 7.431 Thread 0x00000000030a5800 Uncommon trap: reason=unstable_if action=reinterpret pc=0x00000000034bd3c0 method=org.objectweb.asm.Item.a(Lorg/objectweb/asm/Item;)Z @ 345
Event: 7.530 Thread 0x00000000030a5800 Uncommon trap: reason=unstable_if action=reinterpret pc=0x0000000003504678 method=org.objectweb.asm.MethodWriter.visitVarInsn(II)V @ 148
Event: 7.695 Thread 0x00000000030a5800 Uncommon trap: reason=unstable_if action=reinterpret pc=0x00000000034be968 method=java.io.BufferedOutputStream.write(I)V @ 9
Event: 8.862 Thread 0x00000000030a5800 Uncommon trap: reason=null_check action=make_not_entrant pc=0x00000000035b413c method=com.google.devtools.build.android.desugar.InterfaceDesugaring$InterfaceInvocationRewriter.visitMethodInsn(ILjava/lang/String;Ljava/lang/String;Ljava/lang/String;Z)V @ 10
Event: 9.102 Thread 0x00000000030a5800 Uncommon trap: reason=unstable_if action=reinterpret pc=0x00000000035a5440 method=org.objectweb.asm.ClassReader.a(IZZLorg/objectweb/asm/Context;)I @ 140
Event: 9.482 Thread 0x00000000030a5800 Uncommon trap: reason=unstable_if action=reinterpret pc=0x00000000035fb96c method=org.objectweb.asm.ClassReader.a(Lorg/objectweb/asm/MethodVisitor;Lorg/objectweb/asm/Context;I)V @ 1089

Classes redefined (0 events):
No events

Internal exceptions (10 events):
Event: 6.425 Thread 0x00000000030a5800 Exception <a 'sun/nio/fs/WindowsException'> (0x00000000ff7d30b0) thrown at [D:\src\AOSP-openjdk-cygwin\jdk8u\hotspot\src\share\vm\prims\jni.cpp, line 709]
Event: 7.287 Thread 0x00000000030a5800 Exception <a 'sun/nio/fs/WindowsException'> (0x00000000ff877b60) thrown at [D:\src\AOSP-openjdk-cygwin\jdk8u\hotspot\src\share\vm\prims\jni.cpp, line 709]
Event: 7.287 Thread 0x00000000030a5800 Exception <a 'sun/nio/fs/WindowsException'> (0x00000000ff878090) thrown at [D:\src\AOSP-openjdk-cygwin\jdk8u\hotspot\src\share\vm\prims\jni.cpp, line 709]
Event: 7.840 Thread 0x00000000030a5800 Exception <a 'sun/nio/fs/WindowsException'> (0x00000000fecdf8b8) thrown at [D:\src\AOSP-openjdk-cygwin\jdk8u\hotspot\src\share\vm\prims\jni.cpp, line 709]
Event: 7.840 Thread 0x00000000030a5800 Exception <a 'sun/nio/fs/WindowsException'> (0x00000000fecdfde8) thrown at [D:\src\AOSP-openjdk-cygwin\jdk8u\hotspot\src\share\vm\prims\jni.cpp, line 709]
Event: 8.862 Thread 0x00000000030a5800 Implicit null exception at 0x00000000035b1776 to 0x00000000035b4119
Event: 9.335 Thread 0x00000000030a5800 Exception <a 'sun/nio/fs/WindowsException'> (0x00000000fec2c0d0) thrown at [D:\src\AOSP-openjdk-cygwin\jdk8u\hotspot\src\share\vm\prims\jni.cpp, line 709]
Event: 9.335 Thread 0x00000000030a5800 Exception <a 'sun/nio/fs/WindowsException'> (0x00000000fec2c600) thrown at [D:\src\AOSP-openjdk-cygwin\jdk8u\hotspot\src\share\vm\prims\jni.cpp, line 709]
Event: 9.470 Thread 0x00000000030a5800 Exception <a 'sun/nio/fs/WindowsException'> (0x00000000fecf9280) thrown at [D:\src\AOSP-openjdk-cygwin\jdk8u\hotspot\src\share\vm\prims\jni.cpp, line 709]
Event: 9.471 Thread 0x00000000030a5800 Exception <a 'sun/nio/fs/WindowsException'> (0x00000000fecf97b0) thrown at [D:\src\AOSP-openjdk-cygwin\jdk8u\hotspot\src\share\vm\prims\jni.cpp, line 709]

Events (10 events):
Event: 9.102 Thread 0x00000000030a5800 Uncommon trap: trap_request=0xffffff65 fr.pc=0x00000000035a5440
Event: 9.102 Thread 0x00000000030a5800 DEOPT PACKING pc=0x00000000035a5440 sp=0x000000000309e730
Event: 9.102 Thread 0x00000000030a5800 DEOPT UNPACKING pc=0x00000000031e557b sp=0x000000000309e6a8 mode 2
Event: 9.166 Executing VM operation: ParallelGCFailedAllocation
Event: 9.181 Executing VM operation: ParallelGCFailedAllocation done
Event: 9.482 Thread 0x00000000030a5800 Uncommon trap: trap_request=0xffffff65 fr.pc=0x00000000035fb96c
Event: 9.482 Thread 0x00000000030a5800 DEOPT PACKING pc=0x00000000035fb96c sp=0x000000000309ea60
Event: 9.482 Thread 0x00000000030a5800 DEOPT UNPACKING pc=0x00000000031e557b sp=0x000000000309e9c8 mode 2
Event: 9.626 Thread 0x00000000030a5800 DEOPT PACKING pc=0x000000000351c177 sp=0x000000000309eda0
Event: 9.626 Thread 0x00000000030a5800 DEOPT UNPACKING pc=0x00000000031e75d0 sp=0x000000000309eab8 mode 0


Dynamic libraries:
0x00007ff6b15b0000 - 0x00007ff6b15e1000 	C:\Program Files\Android\Android Studio1\jre\bin\java.exe
0x00007ff955f40000 - 0x00007ff956102000 	C:\Windows\SYSTEM32\ntdll.dll
0x00007ff955b50000 - 0x00007ff955bfd000 	C:\Windows\system32\KERNEL32.DLL
0x00007ff953310000 - 0x00007ff9534ed000 	C:\Windows\system32\KERNELBASE.dll
0x00007ff9554a0000 - 0x00007ff955546000 	C:\Windows\system32\ADVAPI32.dll
0x00007ff9559e0000 - 0x00007ff955a7d000 	C:\Windows\system32\msvcrt.dll
0x00007ff955ee0000 - 0x00007ff955f3b000 	C:\Windows\system32\sechost.dll
0x00007ff955240000 - 0x00007ff955366000 	C:\Windows\system32\RPCRT4.dll
0x00007ff955c00000 - 0x00007ff955d4e000 	C:\Windows\system32\USER32.dll
0x00007ff955d50000 - 0x00007ff955ed3000 	C:\Windows\system32\GDI32.dll
0x00007ff948e10000 - 0x00007ff949084000 	C:\Windows\WinSxS\amd64_microsoft.windows.common-controls_6595b64144ccf1df_6.0.10240.17184_none_f41d7a705752bce6\COMCTL32.dll
0x00007ff955200000 - 0x00007ff955236000 	C:\Windows\system32\IMM32.DLL
0x00007ff953600000 - 0x00007ff95375c000 	C:\Windows\system32\MSCTF.dll
0x0000000059ea0000 - 0x0000000059f72000 	C:\Program Files\Android\Android Studio1\jre\jre\bin\msvcr100.dll
0x0000000059f80000 - 0x000000005a7bf000 	C:\Program Files\Android\Android Studio1\jre\jre\bin\server\jvm.dll
0x00007ff9551f0000 - 0x00007ff9551f8000 	C:\Windows\system32\PSAPI.DLL
0x00007ff950d80000 - 0x00007ff950da3000 	C:\Windows\SYSTEM32\WINMM.dll
0x00007ff950dd0000 - 0x00007ff950dd9000 	C:\Windows\SYSTEM32\WSOCK32.dll
0x00007ff955550000 - 0x00007ff9555b9000 	C:\Windows\system32\WS2_32.dll
0x00007ff955a80000 - 0x00007ff955a88000 	C:\Windows\system32\NSI.dll
0x00007ff94ff90000 - 0x00007ff94ff9a000 	C:\Windows\SYSTEM32\VERSION.dll
0x00007ff9509d0000 - 0x00007ff9509fc000 	C:\Windows\SYSTEM32\WINMMBASE.dll
0x00007ff9534f0000 - 0x00007ff953534000 	C:\Windows\system32\cfgmgr32.dll
0x00007ff9512e0000 - 0x00007ff951307000 	C:\Windows\SYSTEM32\DEVOBJ.dll
0x00007ff950dc0000 - 0x00007ff950dcf000 	C:\Program Files\Android\Android Studio1\jre\jre\bin\verify.dll
0x00007ff94c5f0000 - 0x00007ff94c619000 	C:\Program Files\Android\Android Studio1\jre\jre\bin\java.dll
0x00007ff94bdf0000 - 0x00007ff94be06000 	C:\Program Files\Android\Android Studio1\jre\jre\bin\zip.dll
0x00007ff953cc0000 - 0x00007ff9551e3000 	C:\Windows\system32\SHELL32.dll
0x00007ff952a00000 - 0x00007ff953029000 	C:\Windows\system32\windows.storage.dll
0x00007ff953840000 - 0x00007ff953abc000 	C:\Windows\system32\combase.dll
0x00007ff955a90000 - 0x00007ff955ae1000 	C:\Windows\system32\shlwapi.dll
0x00007ff952960000 - 0x00007ff95296f000 	C:\Windows\system32\kernel.appcore.dll
0x00007ff953540000 - 0x00007ff9535f3000 	C:\Windows\system32\shcore.dll
0x00007ff9529b0000 - 0x00007ff9529fa000 	C:\Windows\system32\powrprof.dll
0x00007ff952990000 - 0x00007ff9529a3000 	C:\Windows\system32\profapi.dll
0x00007ff952230000 - 0x00007ff952247000 	C:\Windows\SYSTEM32\CRYPTSP.dll
0x00007ff9527f0000 - 0x00007ff952818000 	C:\Windows\SYSTEM32\bcrypt.dll
0x00007ff951e20000 - 0x00007ff951e53000 	C:\Windows\system32\rsaenh.dll
0x00007ff952000000 - 0x00007ff95201f000 	C:\Windows\SYSTEM32\USERENV.dll
0x00007ff952780000 - 0x00007ff9527eb000 	C:\Windows\system32\bcryptprimitives.dll
0x00007ff9523a0000 - 0x00007ff9523ab000 	C:\Windows\SYSTEM32\CRYPTBASE.dll
0x00007ff94baa0000 - 0x00007ff94baba000 	C:\Program Files\Android\Android Studio1\jre\jre\bin\net.dll
0x00007ff9521d0000 - 0x00007ff95222d000 	C:\Windows\system32\mswsock.dll
0x00007ff950a90000 - 0x00007ff950ac8000 	C:\Windows\SYSTEM32\IPHLPAPI.DLL
0x00007ff9509c0000 - 0x00007ff9509cb000 	C:\Windows\SYSTEM32\WINNSI.DLL
0x00007ff94d370000 - 0x00007ff94d386000 	C:\Windows\SYSTEM32\dhcpcsvc6.DLL
0x00007ff94d2b0000 - 0x00007ff94d2ca000 	C:\Windows\SYSTEM32\dhcpcsvc.DLL
0x00007ff94ba50000 - 0x00007ff94ba61000 	C:\Program Files\Android\Android Studio1\jre\jre\bin\nio.dll

VM Arguments:
jvm_args: -Djava.awt.headless=true -Xmx64M -Dfile.encoding=windows-1252 -Duser.country=US -Duser.language=en -Duser.variant 
java_command: com.google.devtools.build.android.desugar.Desugar --input C:\Users\ALEXANDRE\AndroidStudioProjects\SitaProject\app\build\intermediates\transforms\stackFramesFixer\debug\20.jar --output C:\Users\ALEXANDRE\AndroidStudioProjects\SitaProject\app\build\intermediates\transforms\desugar\debug\21.jar --input C:\Users\ALEXANDRE\AndroidStudioProjects\SitaProject\app\build\intermediates\transforms\stackFramesFixer\debug\0.jar --output C:\Users\ALEXANDRE\AndroidStudioProjects\SitaProject\app\build\intermediates\transforms\desugar\debug\1.jar --input C:\Users\ALEXANDRE\AndroidStudioProjects\SitaProject\app\build\intermediates\transforms\stackFramesFixer\debug\15.jar --output C:\Users\ALEXANDRE\AndroidStudioProjects\SitaProject\app\build\intermediates\transforms\desugar\debug\16.jar --input C:\Users\ALEXANDRE\AndroidStudioProjects\SitaProject\app\build\intermediates\transforms\stackFramesFixer\debug\24.jar --output C:\Users\ALEXANDRE\AndroidStudioProjects\SitaProject\app\build\intermediates\transforms\desugar\debug\25.jar --input C:\Users\ALEXANDRE\AndroidStudioProjects\SitaProject\app\build\intermediates\transforms\stackFramesFixer\debug\3.jar --output C:\Users\ALEXANDRE\AndroidStudioProjects\SitaProject\app\build\intermediates\transforms\desugar\debug\4.jar --input C:\Users\ALEXANDRE\AndroidStudioProjects\SitaProject\app\build\intermediates\transforms\stackFramesFixer\debug\2.jar --output C:\Users\ALEXANDRE\AndroidStudioProjects\SitaProject\app\build\intermediates\transforms\desugar\debug\3.jar --input C:\Users\ALEXANDRE\AndroidStudioProjects\SitaProject\app\build\intermediates\transforms\stackFramesFixer\debug\9.jar --output C:\Users\ALEXANDRE\AndroidStudioProjects\SitaProject\app\build\intermediates\transforms\desugar\debug\10.jar --input C:\Users\ALEXANDRE\AndroidStudioProjects\SitaProject\app\build\intermediates\transforms\stackFramesFixer\debug\22.jar --output C:\Users\ALEXANDRE\AndroidStudioProjects\SitaProject\app\build\intermediates\transforms\desugar\de
java_class_path (initial): C:\Users\ALEXAN~1\AppData\Local\Temp\desugar_deploy.jar6539159328726542493
Launcher Type: SUN_STANDARD

Environment Variables:
JAVA_HOME=C:\Program Files\Java\jdk1.8.0_121
PATH=C:\ProgramData\Oracle\Java\javapath;C:\Windows\system32;C:\Windows;C:\Windows\System32\Wbem;C:\Windows\System32\WindowsPowerShell\v1.0\;C:\Qt\Qt5.6.2\5.6\mingw49_32\bin;C:\Qt\Qt5.6.2\Tools\QtCreator\bin;C:\vstudio;C:\Program Files\Java\jdk1.8.0_121\bin;C:\Qt\Qt5.6.2\5.6\mingw49_32\bin;C:\Qt\Qt5.6.2\Tools\mingw492_32;C:\Program Files (x86)\Windows Kits\8.1\Windows Performance Toolkit\;C:\Program Files (x86)\Microsoft Emulator Manager\1.0\C:\MinGW\bin;C:\MinGW\include;C:\MinGW\mingw32\bin;C:\Qt\Qt5.6.2\Tools\mingw492_32\bin;C:\Users\ALEXANDRE\Desktop\gradle-3.5\bin;C:\Program Files\Android\Android Studio\bin;C:\Program Files\Microsoft\Web Platform Installer\;C:\Program Files (x86)\Microsoft ASP.NET\ASP.NET Web Pages\v1.0\;C:\Program Files\Microsoft SQL Server\110\Tools\Binn\;C:\Program Files (x86)\MATLAB\R2013\runtime\win32;C:\Program Files (x86)\MATLAB\R2013\bin;C:\Program Files (x86)\Common Files\lenovo\easyplussdk\bin;C:\android-studio-ide-162.3934792-windows\android-studio\gradle\gradle-4.6-bin;C:\Users\ALEXANDRE\Desktop\bin;C:\Program Files (x86)\Git\cmd;C:\Program Files\Java\jre7\bin;;C:\Program Files (x86)\Microsoft VS Code\bin
USERNAME=ALEXANDRE
OS=Windows_NT
PROCESSOR_IDENTIFIER=Intel64 Family 6 Model 42 Stepping 7, GenuineIntel



---------------  S Y S T E M  ---------------

OS: Windows 10.0 , 64 bit Build 10240 (10.0.10240.17113)

CPU:total 4 (initial active 4) (2 cores per cpu, 2 threads per core) family 6 model 42 stepping 7, cmov, cx8, fxsr, mmx, sse, sse2, sse3, ssse3, sse4.1, sse4.2, popcnt, avx, clmul, ht, tsc, tscinvbit

Memory: 4k page, physical 4140908k(170716k free), swap 5575532k(5504k free)

vm_info: OpenJDK 64-Bit Server VM (25.152-b02) for windows-amd64 JRE (1.8.0_152-release-1024-b02), built by "builder" with MS VC++ 10.0 (VS2010)

time: Tue Aug 28 15:43:46 2018
elapsed time: 10 seconds (0d 0h 0m 10s)

