#
# There is insufficient memory for the Java Runtime Environment to continue.
# Native memory allocation (malloc) failed to allocate 32744 bytes for ChunkPool::allocate
# Possible reasons:
#   The system is out of physical RAM or swap space
#   In 32 bit mode, the process size limit was hit
# Possible solutions:
#   Reduce memory load on the system
#   Increase physical memory or swap space
#   Check if swap backing store is full
#   Use 64 bit Java on a 64 bit OS
#   Decrease Java heap size (-Xmx/-Xms)
#   Decrease number of Java threads
#   Decrease Java thread stack sizes (-Xss)
#   Set larger code cache with -XX:ReservedCodeCacheSize=
# This output file may be truncated or incomplete.
#
#  Out of Memory Error (allocation.cpp:273), pid=52364, tid=0x000000000000cd64
#
# JRE version: OpenJDK Runtime Environment (8.0_152-b02) (build 1.8.0_152-release-1024-b02)
# Java VM: OpenJDK 64-Bit Server VM (25.152-b02 mixed mode windows-amd64 compressed oops)
# Failed to write core dump. Minidumps are not enabled by default on client versions of Windows
#

---------------  T H R E A D  ---------------

Current thread (0x0000000014be0800):  JavaThread "C1 CompilerThread2" daemon [_thread_in_native, id=52580, stack(0x0000000014fd0000,0x00000000150d0000)]

Stack: [0x0000000014fd0000,0x00000000150d0000]
[error occurred during error reporting (printing stack bounds), id 0xc0000005]

Native frames: (J=compiled Java code, j=interpreted, Vv=VM code, C=native code)


Current CompileTask:
C1:   7784  979       3       org.objectweb.asm.ClassWriter::toByteArray (1282 bytes)


---------------  P R O C E S S  ---------------

Java Threads: ( => current thread )
  0x0000000014be1000 JavaThread "Service Thread" daemon [_thread_blocked, id=52592, stack(0x00000000150d0000,0x00000000151d0000)]
=>0x0000000014be0800 JavaThread "C1 CompilerThread2" daemon [_thread_in_native, id=52580, stack(0x0000000014fd0000,0x00000000150d0000)]
  0x00000000133af000 JavaThread "C2 CompilerThread1" daemon [_thread_in_native, id=52572, stack(0x0000000014ad0000,0x0000000014bd0000)]
  0x00000000133ab000 JavaThread "C2 CompilerThread0" daemon [_thread_in_native, id=52540, stack(0x00000000149d0000,0x0000000014ad0000)]
  0x00000000133a9800 JavaThread "Attach Listener" daemon [_thread_blocked, id=52536, stack(0x00000000148d0000,0x00000000149d0000)]
  0x00000000133a8800 JavaThread "Signal Dispatcher" daemon [_thread_blocked, id=52532, stack(0x00000000147d0000,0x00000000148d0000)]
  0x000000000303a800 JavaThread "Finalizer" daemon [_thread_blocked, id=52508, stack(0x00000000145f0000,0x00000000146f0000)]
  0x0000000003035800 JavaThread "Reference Handler" daemon [_thread_blocked, id=52504, stack(0x00000000144f0000,0x00000000145f0000)]
  0x0000000002f45000 JavaThread "main" [_thread_in_Java, id=52436, stack(0x0000000002e40000,0x0000000002f40000)]

Other Threads:
  0x0000000013367000 VMThread [stack: 0x00000000143f0000,0x00000000144f0000] [id=52496]
  0x0000000014be3000 WatcherThread [stack: 0x00000000151d0000,0x00000000152d0000] [id=52596]

VM state:not at safepoint (normal execution)

VM Mutex/Monitor currently owned by a thread: None

Heap:
 PSYoungGen      total 18944K, used 10623K [0x00000000feb00000, 0x0000000100000000, 0x0000000100000000)
  eden space 16384K, 49% used [0x00000000feb00000,0x00000000ff2e5470,0x00000000ffb00000)
  from space 2560K, 99% used [0x00000000ffd80000,0x00000000ffffa7f0,0x0000000100000000)
  to   space 2560K, 0% used [0x00000000ffb00000,0x00000000ffb00000,0x00000000ffd80000)
 ParOldGen       total 44032K, used 5276K [0x00000000fc000000, 0x00000000feb00000, 0x00000000feb00000)
  object space 44032K, 11% used [0x00000000fc000000,0x00000000fc527090,0x00000000feb00000)
 Metaspace       used 7602K, capacity 7784K, committed 7936K, reserved 1056768K
  class space    used 873K, capacity 956K, committed 1024K, reserved 1048576K

Card table byte_map: [0x0000000001390000,0x00000000013c0000] byte_map_base: 0x0000000000bb0000

Marking Bits: (ParMarkBitMap*) 0x0000000069654970
 Begin Bits: [0x0000000012800000, 0x0000000012900000)
 End Bits:   [0x0000000012900000, 0x0000000012a00000)

Polling page: 0x0000000001360000

CodeCache: size=245760Kb used=3712Kb max_used=3712Kb free=242047Kb
 bounds [0x0000000003040000, 0x00000000033f0000, 0x0000000012040000]
 total_blobs=1305 nmethods=974 adapters=245
 compilation: enabled

Compilation events (10 events):
Event: 7.734 Thread 0x0000000014be0800 nmethod 973 0x00000000033ddb10 code [0x00000000033ddca0, 0x00000000033ddfe8]
Event: 7.734 Thread 0x0000000014be0800  974       3       org.objectweb.asm.tree.IincInsnNode::accept (18 bytes)
Event: 7.734 Thread 0x0000000014be0800 nmethod 974 0x00000000033dd5d0 code [0x00000000033dd740, 0x00000000033dda38]
Event: 7.737 Thread 0x0000000014be0800  975       3       org.objectweb.asm.tree.MethodNode::getLabelNodes (51 bytes)
Event: 7.738 Thread 0x0000000014be0800 nmethod 975 0x00000000033dc5d0 code [0x00000000033dc7a0, 0x00000000033dd230]
Event: 7.739 Thread 0x0000000014be0800  976       3       org.objectweb.asm.MethodWriter::visitIincInsn (135 bytes)
Event: 7.740 Thread 0x0000000014be0800 nmethod 976 0x00000000033dbb50 code [0x00000000033dbd20, 0x00000000033dc338]
Event: 7.746 Thread 0x0000000014be0800  978       3       org.objectweb.asm.FieldWriter::<init> (97 bytes)
Event: 7.747 Thread 0x0000000014be0800 nmethod 978 0x00000000033db290 code [0x00000000033db440, 0x00000000033db8e8]
Event: 7.753 Thread 0x0000000014be0800  979       3       org.objectweb.asm.ClassWriter::toByteArray (1282 bytes)

GC Heap History (4 events):
Event: 3.067 GC heap before
{Heap before GC invocations=1 (full 0):
 PSYoungGen      total 18944K, used 16384K [0x00000000feb00000, 0x0000000100000000, 0x0000000100000000)
  eden space 16384K, 100% used [0x00000000feb00000,0x00000000ffb00000,0x00000000ffb00000)
  from space 2560K, 0% used [0x00000000ffd80000,0x00000000ffd80000,0x0000000100000000)
  to   space 2560K, 0% used [0x00000000ffb00000,0x00000000ffb00000,0x00000000ffd80000)
 ParOldGen       total 44032K, used 0K [0x00000000fc000000, 0x00000000feb00000, 0x00000000feb00000)
  object space 44032K, 0% used [0x00000000fc000000,0x00000000fc000000,0x00000000feb00000)
 Metaspace       used 6507K, capacity 6678K, committed 6784K, reserved 1056768K
  class space    used 768K, capacity 823K, committed 896K, reserved 1048576K
Event: 3.110 GC heap after
Heap after GC invocations=1 (full 0):
 PSYoungGen      total 18944K, used 2528K [0x00000000feb00000, 0x0000000100000000, 0x0000000100000000)
  eden space 16384K, 0% used [0x00000000feb00000,0x00000000feb00000,0x00000000ffb00000)
  from space 2560K, 98% used [0x00000000ffb00000,0x00000000ffd78030,0x00000000ffd80000)
  to   space 2560K, 0% used [0x00000000ffd80000,0x00000000ffd80000,0x0000000100000000)
 ParOldGen       total 44032K, used 1668K [0x00000000fc000000, 0x00000000feb00000, 0x00000000feb00000)
  object space 44032K, 3% used [0x00000000fc000000,0x00000000fc1a13e0,0x00000000feb00000)
 Metaspace       used 6507K, capacity 6678K, committed 6784K, reserved 1056768K
  class space    used 768K, capacity 823K, committed 896K, reserved 1048576K
}
Event: 7.040 GC heap before
{Heap before GC invocations=2 (full 0):
 PSYoungGen      total 18944K, used 18912K [0x00000000feb00000, 0x0000000100000000, 0x0000000100000000)
  eden space 16384K, 100% used [0x00000000feb00000,0x00000000ffb00000,0x00000000ffb00000)
  from space 2560K, 98% used [0x00000000ffb00000,0x00000000ffd78030,0x00000000ffd80000)
  to   space 2560K, 0% used [0x00000000ffd80000,0x00000000ffd80000,0x0000000100000000)
 ParOldGen       total 44032K, used 1668K [0x00000000fc000000, 0x00000000feb00000, 0x00000000feb00000)
  object space 44032K, 3% used [0x00000000fc000000,0x00000000fc1a13e0,0x00000000feb00000)
 Metaspace       used 7544K, capacity 7720K, committed 7936K, reserved 1056768K
  class space    used 871K, capacity 956K, committed 1024K, reserved 1048576K
Event: 7.120 GC heap after
Heap after GC invocations=2 (full 0):
 PSYoungGen      total 18944K, used 2537K [0x00000000feb00000, 0x0000000100000000, 0x0000000100000000)
  eden space 16384K, 0% used [0x00000000feb00000,0x00000000feb00000,0x00000000ffb00000)
  from space 2560K, 99% used [0x00000000ffd80000,0x00000000ffffa7f0,0x0000000100000000)
  to   space 2560K, 0% used [0x00000000ffb00000,0x00000000ffb00000,0x00000000ffd80000)
 ParOldGen       total 44032K, used 5276K [0x00000000fc000000, 0x00000000feb00000, 0x00000000feb00000)
  object space 44032K, 11% used [0x00000000fc000000,0x00000000fc527090,0x00000000feb00000)
 Metaspace       used 7544K, capacity 7720K, committed 7936K, reserved 1056768K
  class space    used 871K, capacity 956K, committed 1024K, reserved 1048576K
}

Deoptimization events (10 events):
Event: 6.758 Thread 0x0000000002f45000 Uncommon trap: reason=unstable_if action=reinterpret pc=0x0000000003306160 method=org.objectweb.asm.ClassReader.a(II[C)Ljava/lang/String; @ 77
Event: 6.917 Thread 0x0000000002f45000 Uncommon trap: reason=unstable_if action=reinterpret pc=0x000000000336cf88 method=org.objectweb.asm.Item.a(Lorg/objectweb/asm/Item;)Z @ 345
Event: 7.167 Thread 0x0000000002f45000 Uncommon trap: reason=class_check action=maybe_recompile pc=0x000000000337b530 method=org.objectweb.asm.MethodVisitor.visitVarInsn(II)V @ 13
Event: 7.167 Thread 0x0000000002f45000 Uncommon trap: reason=class_check action=maybe_recompile pc=0x000000000337b530 method=org.objectweb.asm.MethodVisitor.visitVarInsn(II)V @ 13
Event: 7.167 Thread 0x0000000002f45000 Uncommon trap: reason=class_check action=maybe_recompile pc=0x000000000337b530 method=org.objectweb.asm.MethodVisitor.visitVarInsn(II)V @ 13
Event: 7.167 Thread 0x0000000002f45000 Uncommon trap: reason=class_check action=maybe_recompile pc=0x000000000337b530 method=org.objectweb.asm.MethodVisitor.visitVarInsn(II)V @ 13
Event: 7.313 Thread 0x0000000002f45000 Uncommon trap: reason=unstable_if action=reinterpret pc=0x00000000033d2fd8 method=org.objectweb.asm.MethodWriter.visitVarInsn(II)V @ 136
Event: 7.313 Thread 0x0000000002f45000 Uncommon trap: reason=unstable_if action=reinterpret pc=0x00000000033b777c method=org.objectweb.asm.MethodWriter.visitVarInsn(II)V @ 136
Event: 7.737 Thread 0x0000000002f45000 Uncommon trap: reason=unstable_if action=reinterpret pc=0x00000000033d45b4 method=org.objectweb.asm.tree.MethodNode.getLabelNodes([Ljava/lang/Object;)[Ljava/lang/Object; @ 24
Event: 7.745 Thread 0x0000000002f45000 Uncommon trap: reason=unstable_if action=reinterpret pc=0x00000000033d04b8 method=org.objectweb.asm.Type.getArgumentsAndReturnSizes(Ljava/lang/String;)I @ 100

Classes redefined (0 events):
No events

Internal exceptions (10 events):
Event: 6.149 Thread 0x0000000002f45000 Exception <a 'sun/nio/fs/WindowsException'> (0x00000000ff1297b8) thrown at [D:\src\AOSP-openjdk-cygwin\jdk8u\hotspot\src\share\vm\prims\jni.cpp, line 709]
Event: 6.149 Thread 0x0000000002f45000 Exception <a 'sun/nio/fs/WindowsException'> (0x00000000ff129db0) thrown at [D:\src\AOSP-openjdk-cygwin\jdk8u\hotspot\src\share\vm\prims\jni.cpp, line 709]
Event: 6.150 Thread 0x0000000002f45000 Exception <a 'sun/nio/fs/WindowsException'> (0x00000000ff12a580) thrown at [D:\src\AOSP-openjdk-cygwin\jdk8u\hotspot\src\share\vm\prims\jni.cpp, line 709]
Event: 6.150 Thread 0x0000000002f45000 Exception <a 'sun/nio/fs/WindowsException'> (0x00000000ff12ab50) thrown at [D:\src\AOSP-openjdk-cygwin\jdk8u\hotspot\src\share\vm\prims\jni.cpp, line 709]
Event: 6.150 Thread 0x0000000002f45000 Exception <a 'sun/nio/fs/WindowsException'> (0x00000000ff12b310) thrown at [D:\src\AOSP-openjdk-cygwin\jdk8u\hotspot\src\share\vm\prims\jni.cpp, line 709]
Event: 6.169 Thread 0x0000000002f45000 Exception <a 'sun/nio/fs/WindowsException'> (0x00000000ff130778) thrown at [D:\src\AOSP-openjdk-cygwin\jdk8u\hotspot\src\share\vm\prims\jni.cpp, line 709]
Event: 6.485 Thread 0x0000000002f45000 Exception <a 'sun/nio/fs/WindowsException'> (0x00000000ff636f00) thrown at [D:\src\AOSP-openjdk-cygwin\jdk8u\hotspot\src\share\vm\prims\jni.cpp, line 709]
Event: 6.485 Thread 0x0000000002f45000 Exception <a 'sun/nio/fs/WindowsException'> (0x00000000ff6374b0) thrown at [D:\src\AOSP-openjdk-cygwin\jdk8u\hotspot\src\share\vm\prims\jni.cpp, line 709]
Event: 7.148 Thread 0x0000000002f45000 Exception <a 'sun/nio/fs/WindowsException'> (0x00000000feb67370) thrown at [D:\src\AOSP-openjdk-cygwin\jdk8u\hotspot\src\share\vm\prims\jni.cpp, line 709]
Event: 7.148 Thread 0x0000000002f45000 Exception <a 'sun/nio/fs/WindowsException'> (0x00000000feb678a0) thrown at [D:\src\AOSP-openjdk-cygwin\jdk8u\hotspot\src\share\vm\prims\jni.cpp, line 709]

Events (10 events):
Event: 7.313 Thread 0x0000000002f45000 DEOPT UNPACKING pc=0x000000000308557b sp=0x0000000002f3e648 mode 2
Event: 7.313 Thread 0x0000000002f45000 Uncommon trap: trap_request=0xffffff65 fr.pc=0x00000000033b777c
Event: 7.313 Thread 0x0000000002f45000 DEOPT PACKING pc=0x00000000033b777c sp=0x0000000002f3e6d0
Event: 7.313 Thread 0x0000000002f45000 DEOPT UNPACKING pc=0x000000000308557b sp=0x0000000002f3e630 mode 2
Event: 7.737 Thread 0x0000000002f45000 Uncommon trap: trap_request=0xffffff65 fr.pc=0x00000000033d45b4
Event: 7.737 Thread 0x0000000002f45000 DEOPT PACKING pc=0x00000000033d45b4 sp=0x0000000002f3e4c0
Event: 7.737 Thread 0x0000000002f45000 DEOPT UNPACKING pc=0x000000000308557b sp=0x0000000002f3e450 mode 2
Event: 7.745 Thread 0x0000000002f45000 Uncommon trap: trap_request=0xffffff65 fr.pc=0x00000000033d04b8
Event: 7.745 Thread 0x0000000002f45000 DEOPT PACKING pc=0x00000000033d04b8 sp=0x0000000002f3e510
Event: 7.745 Thread 0x0000000002f45000 DEOPT UNPACKING pc=0x000000000308557b sp=0x0000000002f3e4a0 mode 2


Dynamic libraries:
0x00007ff6c1910000 - 0x00007ff6c1941000 	C:\Program Files\Android\Android Studio1\jre\bin\java.exe
0x00007ffa68c50000 - 0x00007ffa68e12000 	C:\Windows\SYSTEM32\ntdll.dll
0x00007ffa670c0000 - 0x00007ffa6716d000 	C:\Windows\system32\KERNEL32.DLL
0x00007ffa65f00000 - 0x00007ffa660dd000 	C:\Windows\system32\KERNELBASE.dll
0x00007ffa66580000 - 0x00007ffa66626000 	C:\Windows\system32\ADVAPI32.dll
0x00007ffa68b30000 - 0x00007ffa68bcd000 	C:\Windows\system32\msvcrt.dll
0x00007ffa66510000 - 0x00007ffa6656b000 	C:\Windows\system32\sechost.dll
0x00007ffa66c20000 - 0x00007ffa66d46000 	C:\Windows\system32\RPCRT4.dll
0x00007ffa686a0000 - 0x00007ffa687ee000 	C:\Windows\system32\USER32.dll
0x00007ffa66d50000 - 0x00007ffa66ed3000 	C:\Windows\system32\GDI32.dll
0x00007ffa5b720000 - 0x00007ffa5b994000 	C:\Windows\WinSxS\amd64_microsoft.windows.common-controls_6595b64144ccf1df_6.0.10240.17184_none_f41d7a705752bce6\COMCTL32.dll
0x00007ffa68ad0000 - 0x00007ffa68b06000 	C:\Windows\system32\IMM32.DLL
0x00007ffa668b0000 - 0x00007ffa66a0c000 	C:\Windows\system32\MSCTF.dll
0x0000000068db0000 - 0x0000000068e82000 	C:\Program Files\Android\Android Studio1\jre\jre\bin\msvcr100.dll
0x0000000068e90000 - 0x00000000696cf000 	C:\Program Files\Android\Android Studio1\jre\jre\bin\server\jvm.dll
0x00007ffa68bd0000 - 0x00007ffa68bd8000 	C:\Windows\system32\PSAPI.DLL
0x00007ffa62a60000 - 0x00007ffa62a69000 	C:\Windows\SYSTEM32\WSOCK32.dll
0x00007ffa68be0000 - 0x00007ffa68c49000 	C:\Windows\system32\WS2_32.dll
0x00007ffa66570000 - 0x00007ffa66578000 	C:\Windows\system32\NSI.dll
0x00007ffa638e0000 - 0x00007ffa63903000 	C:\Windows\SYSTEM32\WINMM.dll
0x00007ffa629e0000 - 0x00007ffa629ea000 	C:\Windows\SYSTEM32\VERSION.dll
0x00007ffa63840000 - 0x00007ffa6386c000 	C:\Windows\SYSTEM32\WINMMBASE.dll
0x00007ffa65710000 - 0x00007ffa65754000 	C:\Windows\system32\cfgmgr32.dll
0x00007ffa63ff0000 - 0x00007ffa64017000 	C:\Windows\SYSTEM32\DEVOBJ.dll
0x00007ffa62a00000 - 0x00007ffa62a0f000 	C:\Program Files\Android\Android Studio1\jre\jre\bin\verify.dll
0x00007ffa57900000 - 0x00007ffa57929000 	C:\Program Files\Android\Android Studio1\jre\jre\bin\java.dll
0x00007ffa56730000 - 0x00007ffa56746000 	C:\Program Files\Android\Android Studio1\jre\jre\bin\zip.dll
0x00007ffa67170000 - 0x00007ffa68693000 	C:\Windows\system32\SHELL32.dll
0x00007ffa65810000 - 0x00007ffa65e39000 	C:\Windows\system32\windows.storage.dll
0x00007ffa687f0000 - 0x00007ffa68a6c000 	C:\Windows\system32\combase.dll
0x00007ffa66a80000 - 0x00007ffa66ad1000 	C:\Windows\system32\shlwapi.dll
0x00007ffa656e0000 - 0x00007ffa656ef000 	C:\Windows\system32\kernel.appcore.dll
0x00007ffa65e40000 - 0x00007ffa65ef3000 	C:\Windows\system32\shcore.dll
0x00007ffa65670000 - 0x00007ffa656ba000 	C:\Windows\system32\powrprof.dll
0x00007ffa656c0000 - 0x00007ffa656d3000 	C:\Windows\system32\profapi.dll
0x00007ffa64f40000 - 0x00007ffa64f57000 	C:\Windows\SYSTEM32\CRYPTSP.dll
0x00007ffa655a0000 - 0x00007ffa655c8000 	C:\Windows\SYSTEM32\bcrypt.dll
0x00007ffa64b30000 - 0x00007ffa64b63000 	C:\Windows\system32\rsaenh.dll
0x00007ffa64cd0000 - 0x00007ffa64cef000 	C:\Windows\SYSTEM32\USERENV.dll
0x00007ffa65490000 - 0x00007ffa654fb000 	C:\Windows\system32\bcryptprimitives.dll
0x00007ffa65090000 - 0x00007ffa6509b000 	C:\Windows\SYSTEM32\CRYPTBASE.dll
0x00007ffa562a0000 - 0x00007ffa562ba000 	C:\Program Files\Android\Android Studio1\jre\jre\bin\net.dll
0x00007ffa64ee0000 - 0x00007ffa64f3d000 	C:\Windows\system32\mswsock.dll
0x00007ffa62f90000 - 0x00007ffa62fc8000 	C:\Windows\SYSTEM32\IPHLPAPI.DLL
0x00007ffa62f80000 - 0x00007ffa62f8b000 	C:\Windows\SYSTEM32\WINNSI.DLL
0x00007ffa604d0000 - 0x00007ffa604e6000 	C:\Windows\SYSTEM32\dhcpcsvc6.DLL
0x00007ffa604b0000 - 0x00007ffa604ca000 	C:\Windows\SYSTEM32\dhcpcsvc.DLL
0x00007ffa55d50000 - 0x00007ffa55d61000 	C:\Program Files\Android\Android Studio1\jre\jre\bin\nio.dll

VM Arguments:
jvm_args: -Djava.awt.headless=true -Xmx64M -Dfile.encoding=windows-1252 -Duser.country=US -Duser.language=en -Duser.variant 
java_command: com.google.devtools.build.android.desugar.Desugar --input C:\Users\ALEXANDRE\AndroidStudioProjects\SitaProject\app\build\intermediates\transforms\stackFramesFixer\debug\27.jar --output C:\Users\ALEXANDRE\AndroidStudioProjects\SitaProject\app\build\intermediates\transforms\desugar\debug\28.jar --input C:\Users\ALEXANDRE\AndroidStudioProjects\SitaProject\app\build\intermediates\transforms\stackFramesFixer\debug\13.jar --output C:\Users\ALEXANDRE\AndroidStudioProjects\SitaProject\app\build\intermediates\transforms\desugar\debug\14.jar --input C:\Users\ALEXANDRE\AndroidStudioProjects\SitaProject\app\build\intermediates\transforms\stackFramesFixer\debug\25.jar --output C:\Users\ALEXANDRE\AndroidStudioProjects\SitaProject\app\build\intermediates\transforms\desugar\debug\26.jar --input C:\Users\ALEXANDRE\AndroidStudioProjects\SitaProject\app\build\intermediates\transforms\stackFramesFixer\debug\12.jar --output C:\Users\ALEXANDRE\AndroidStudioProjects\SitaProject\app\build\intermediates\transforms\desugar\debug\13.jar --input C:\Users\ALEXANDRE\AndroidStudioProjects\SitaProject\app\build\intermediates\transforms\stackFramesFixer\debug\26.jar --output C:\Users\ALEXANDRE\AndroidStudioProjects\SitaProject\app\build\intermediates\transforms\desugar\debug\27.jar --input C:\Users\ALEXANDRE\AndroidStudioProjects\SitaProject\app\build\intermediates\transforms\stackFramesFixer\debug\11.jar --output C:\Users\ALEXANDRE\AndroidStudioProjects\SitaProject\app\build\intermediates\transforms\desugar\debug\12.jar --input C:\Users\ALEXANDRE\AndroidStudioProjects\SitaProject\app\build\intermediates\transforms\stackFramesFixer\debug\7.jar --output C:\Users\ALEXANDRE\AndroidStudioProjects\SitaProject\app\build\intermediates\transforms\desugar\debug\8.jar --input C:\Users\ALEXANDRE\AndroidStudioProjects\SitaProject\app\build\intermediates\transforms\stackFramesFixer\debug\4.jar --output C:\Users\ALEXANDRE\AndroidStudioProjects\SitaProject\app\build\intermediates\transforms\desuga
java_class_path (initial): C:\Users\ALEXAN~1\AppData\Local\Temp\desugar_deploy.jar8986186460129628509
Launcher Type: SUN_STANDARD

Environment Variables:
JAVA_HOME=C:\Program Files\Java\jdk1.8.0_121
PATH=C:\ProgramData\Oracle\Java\javapath;C:\Windows\system32;C:\Windows;C:\Windows\System32\Wbem;C:\Windows\System32\WindowsPowerShell\v1.0\;C:\Qt\Qt5.6.2\5.6\mingw49_32\bin;C:\Qt\Qt5.6.2\Tools\QtCreator\bin;C:\vstudio;C:\Program Files\Java\jdk1.8.0_121\bin;C:\Qt\Qt5.6.2\5.6\mingw49_32\bin;C:\Qt\Qt5.6.2\Tools\mingw492_32;C:\Program Files (x86)\Windows Kits\8.1\Windows Performance Toolkit\;C:\Program Files (x86)\Microsoft Emulator Manager\1.0\C:\MinGW\bin;C:\MinGW\include;C:\MinGW\mingw32\bin;C:\Qt\Qt5.6.2\Tools\mingw492_32\bin;C:\Users\ALEXANDRE\Desktop\gradle-3.5\bin;C:\Program Files\Android\Android Studio\bin;C:\Program Files\Microsoft\Web Platform Installer\;C:\Program Files (x86)\Microsoft ASP.NET\ASP.NET Web Pages\v1.0\;C:\Program Files\Microsoft SQL Server\110\Tools\Binn\;C:\Program Files (x86)\MATLAB\R2013\runtime\win32;C:\Program Files (x86)\MATLAB\R2013\bin;C:\Program Files (x86)\Common Files\lenovo\easyplussdk\bin;C:\android-studio-ide-162.3934792-windows\android-studio\gradle\gradle-4.6-bin;C:\Users\ALEXANDRE\Desktop\bin;C:\Program Files (x86)\Git\cmd;C:\Program Files\Java\jre7\bin;;C:\Program Files (x86)\Microsoft VS Code\bin
USERNAME=ALEXANDRE
OS=Windows_NT
PROCESSOR_IDENTIFIER=Intel64 Family 6 Model 42 Stepping 7, GenuineIntel



---------------  S Y S T E M  ---------------

OS: Windows 10.0 , 64 bit Build 10240 (10.0.10240.17113)

CPU:total 4 (initial active 4) (2 cores per cpu, 2 threads per core) family 6 model 42 stepping 7, cmov, cx8, fxsr, mmx, sse, sse2, sse3, ssse3, sse4.1, sse4.2, popcnt, avx, clmul, ht, tsc, tscinvbit

Memory: 4k page, physical 4140908k(472232k free), swap 5575532k(3148k free)

vm_info: OpenJDK 64-Bit Server VM (25.152-b02) for windows-amd64 JRE (1.8.0_152-release-1024-b02), built by "builder" with MS VC++ 10.0 (VS2010)

time: Thu Aug 23 12:20:36 2018
elapsed time: 7 seconds (0d 0h 0m 7s)

