#
# There is insufficient memory for the Java Runtime Environment to continue.
# Native memory allocation (malloc) failed to allocate 1048576 bytes for AllocateHeap
# Possible reasons:
#   The system is out of physical RAM or swap space
#   In 32 bit mode, the process size limit was hit
# Possible solutions:
#   Reduce memory load on the system
#   Increase physical memory or swap space
#   Check if swap backing store is full
#   Use 64 bit Java on a 64 bit OS
#   Decrease Java heap size (-Xmx/-Xms)
#   Decrease number of Java threads
#   Decrease Java thread stack sizes (-Xss)
#   Set larger code cache with -XX:ReservedCodeCacheSize=
# This output file may be truncated or incomplete.
#
#  Out of Memory Error (memory/allocation.inline.hpp:61), pid=101708, tid=0x0000000000019780
#
# JRE version:  (8.0_152-b02) (build )
# Java VM: OpenJDK 64-Bit Server VM (25.152-b02 mixed mode windows-amd64 compressed oops)
# Failed to write core dump. Minidumps are not enabled by default on client versions of Windows
#

---------------  T H R E A D  ---------------

Current thread (0x00000000028f5800):  JavaThread "Unknown thread" [_thread_in_vm, id=104320, stack(0x00000000027f0000,0x00000000028f0000)]

Stack: [0x00000000027f0000,0x00000000028f0000]
[error occurred during error reporting (printing stack bounds), id 0xc0000005]

Native frames: (J=compiled Java code, j=interpreted, Vv=VM code, C=native code)


---------------  P R O C E S S  ---------------

Java Threads: ( => current thread )

Other Threads:

=>0x00000000028f5800 (exited) JavaThread "Unknown thread" [_thread_in_vm, id=104320, stack(0x00000000027f0000,0x00000000028f0000)]

VM state:not at safepoint (normal execution)

VM Mutex/Monitor currently owned by a thread: None

Heap:
 PSYoungGen      total 18944K, used 327K [0x00000000feb00000, 0x0000000100000000, 0x0000000100000000)
  eden space 16384K, 2% used [0x00000000feb00000,0x00000000feb51ec8,0x00000000ffb00000)
  from space 2560K, 0% used [0x00000000ffd80000,0x00000000ffd80000,0x0000000100000000)
  to   space 2560K, 0% used [0x00000000ffb00000,0x00000000ffb00000,0x00000000ffd80000)
 ParOldGen       total 44032K, used 0K [0x00000000fc000000, 0x00000000feb00000, 0x00000000feb00000)
  object space 44032K, 0% used [0x00000000fc000000,0x00000000fc000000,0x00000000feb00000)
 Metaspace       used 772K, capacity 4480K, committed 4480K, reserved 1056768K
  class space    used 73K, capacity 384K, committed 384K, reserved 1048576K

Card table byte_map: [0x0000000002750000,0x0000000002780000] byte_map_base: 0x0000000001f70000

Marking Bits: (ParMarkBitMap*) 0x000000005c554970
 Begin Bits: [0x00000000121b0000, 0x00000000122b0000)
 End Bits:   [0x00000000122b0000, 0x00000000123b0000)

Polling page: 0x00000000025f0000

CodeCache: size=245760Kb used=328Kb max_used=328Kb free=245431Kb
 bounds [0x00000000029f0000, 0x0000000002c60000, 0x00000000119f0000]
 total_blobs=57 nmethods=0 adapters=38
 compilation: enabled

Compilation events (0 events):
No events

GC Heap History (0 events):
No events

Deoptimization events (0 events):
No events

Classes redefined (0 events):
No events

Internal exceptions (0 events):
No events

Events (10 events):
Event: 0.085 loading class java/lang/Short
Event: 0.085 loading class java/lang/Short done
Event: 0.086 loading class java/lang/Integer
Event: 0.086 loading class java/lang/Integer done
Event: 0.086 loading class java/lang/Long
Event: 0.086 loading class java/lang/Long done
Event: 0.087 loading class java/lang/NullPointerException
Event: 0.087 loading class java/lang/NullPointerException done
Event: 0.087 loading class java/lang/ArithmeticException
Event: 0.087 loading class java/lang/ArithmeticException done


Dynamic libraries:
0x00007ff7d53e0000 - 0x00007ff7d5411000 	C:\Program Files\Android\Android Studio1\jre\bin\java.exe
0x00007ffdc55b0000 - 0x00007ffdc5772000 	C:\Windows\SYSTEM32\ntdll.dll
0x00007ffdc53c0000 - 0x00007ffdc546d000 	C:\Windows\system32\KERNEL32.DLL
0x00007ffdc2300000 - 0x00007ffdc24dd000 	C:\Windows\system32\KERNELBASE.dll
0x00007ffdc4530000 - 0x00007ffdc45d6000 	C:\Windows\system32\ADVAPI32.dll
0x00007ffdc5160000 - 0x00007ffdc51fd000 	C:\Windows\system32\msvcrt.dll
0x00007ffdc45e0000 - 0x00007ffdc463b000 	C:\Windows\system32\sechost.dll
0x00007ffdc5470000 - 0x00007ffdc5596000 	C:\Windows\system32\RPCRT4.dll
0x00007ffdc4880000 - 0x00007ffdc49ce000 	C:\Windows\system32\USER32.dll
0x00007ffdc49f0000 - 0x00007ffdc4b73000 	C:\Windows\system32\GDI32.dll
0x00007ffdb7300000 - 0x00007ffdb7574000 	C:\Windows\WinSxS\amd64_microsoft.windows.common-controls_6595b64144ccf1df_6.0.10240.17184_none_f41d7a705752bce6\COMCTL32.dll
0x00007ffdc5120000 - 0x00007ffdc5156000 	C:\Windows\system32\IMM32.DLL
0x00007ffdc5200000 - 0x00007ffdc535c000 	C:\Windows\system32\MSCTF.dll
0x000000005bcb0000 - 0x000000005bd82000 	C:\Program Files\Android\Android Studio1\jre\jre\bin\msvcr100.dll
0x000000005bd90000 - 0x000000005c5cf000 	C:\Program Files\Android\Android Studio1\jre\jre\bin\server\jvm.dll
0x00007ffdc55a0000 - 0x00007ffdc55a8000 	C:\Windows\system32\PSAPI.DLL
0x00007ffdbba80000 - 0x00007ffdbba89000 	C:\Windows\SYSTEM32\WSOCK32.dll
0x00007ffdc50b0000 - 0x00007ffdc5119000 	C:\Windows\system32\WS2_32.dll
0x00007ffdc4790000 - 0x00007ffdc4798000 	C:\Windows\system32\NSI.dll
0x00007ffdc06e0000 - 0x00007ffdc0703000 	C:\Windows\SYSTEM32\WINMM.dll
0x00007ffdb8f60000 - 0x00007ffdb8f6a000 	C:\Windows\SYSTEM32\VERSION.dll
0x00007ffdc0680000 - 0x00007ffdc06ac000 	C:\Windows\SYSTEM32\WINMMBASE.dll
0x00007ffdc25f0000 - 0x00007ffdc2634000 	C:\Windows\system32\cfgmgr32.dll
0x00007ffdc0950000 - 0x00007ffdc0977000 	C:\Windows\SYSTEM32\DEVOBJ.dll
0x00007ffdbb850000 - 0x00007ffdbb85f000 	C:\Program Files\Android\Android Studio1\jre\jre\bin\verify.dll
0x00007ffdbb7b0000 - 0x00007ffdbb7d9000 	C:\Program Files\Android\Android Studio1\jre\jre\bin\java.dll
0x00007ffdbaef0000 - 0x00007ffdbaf06000 	C:\Program Files\Android\Android Studio1\jre\jre\bin\zip.dll

VM Arguments:
jvm_args: -Djava.awt.headless=true -Xmx64M -Dfile.encoding=windows-1252 -Duser.country=US -Duser.language=en -Duser.variant 
java_command: com.google.devtools.build.android.desugar.Desugar --input C:\Users\ALEXANDRE\AndroidStudioProjects\SitaProject\app\build\intermediates\transforms\stackFramesFixer\debug\19.jar --output C:\Users\ALEXANDRE\AndroidStudioProjects\SitaProject\app\build\intermediates\transforms\desugar\debug\20.jar --input C:\Users\ALEXANDRE\AndroidStudioProjects\SitaProject\app\build\intermediates\transforms\stackFramesFixer\debug\14.jar --output C:\Users\ALEXANDRE\AndroidStudioProjects\SitaProject\app\build\intermediates\transforms\desugar\debug\15.jar --input C:\Users\ALEXANDRE\AndroidStudioProjects\SitaProject\app\build\intermediates\classes\debug --output C:\Users\ALEXANDRE\AndroidStudioProjects\SitaProject\app\build\intermediates\transforms\desugar\debug\0 --input C:\Users\ALEXANDRE\AndroidStudioProjects\SitaProject\app\build\intermediates\transforms\stackFramesFixer\debug\27.jar --output C:\Users\ALEXANDRE\AndroidStudioProjects\SitaProject\app\build\intermediates\transforms\desugar\debug\28.jar --input C:\Users\ALEXANDRE\AndroidStudioProjects\SitaProject\app\build\intermediates\transforms\stackFramesFixer\debug\15.jar --output C:\Users\ALEXANDRE\AndroidStudioProjects\SitaProject\app\build\intermediates\transforms\desugar\debug\16.jar --input C:\Users\ALEXANDRE\AndroidStudioProjects\SitaProject\app\build\intermediates\transforms\stackFramesFixer\debug\26.jar --output C:\Users\ALEXANDRE\AndroidStudioProjects\SitaProject\app\build\intermediates\transforms\desugar\debug\27.jar --input C:\Users\ALEXANDRE\AndroidStudioProjects\SitaProject\app\build\intermediates\transforms\stackFramesFixer\debug\11.jar --output C:\Users\ALEXANDRE\AndroidStudioProjects\SitaProject\app\build\intermediates\transforms\desugar\debug\12.jar --input C:\Users\ALEXANDRE\AndroidStudioProjects\SitaProject\app\build\intermediates\transforms\stackFramesFixer\debug\3.jar --output C:\Users\ALEXANDRE\AndroidStudioProjects\SitaProject\app\build\intermediates\transforms\desugar\debug\4.jar --input C:\Users
java_class_path (initial): C:\Users\ALEXAN~1\AppData\Local\Temp\desugar_deploy.jar6075748103231082915
Launcher Type: SUN_STANDARD

Environment Variables:
JAVA_HOME=C:\Program Files\Java\jdk1.8.0_121
PATH=C:\ProgramData\Oracle\Java\javapath;C:\Windows\system32;C:\Windows;C:\Windows\System32\Wbem;C:\Windows\System32\WindowsPowerShell\v1.0\;C:\Qt\Qt5.6.2\5.6\mingw49_32\bin;C:\Qt\Qt5.6.2\Tools\QtCreator\bin;C:\vstudio;C:\Program Files\Java\jdk1.8.0_121\bin;C:\Qt\Qt5.6.2\5.6\mingw49_32\bin;C:\Qt\Qt5.6.2\Tools\mingw492_32;C:\Program Files (x86)\Windows Kits\8.1\Windows Performance Toolkit\;C:\Program Files (x86)\Microsoft Emulator Manager\1.0\C:\MinGW\bin;C:\MinGW\include;C:\MinGW\mingw32\bin;C:\Qt\Qt5.6.2\Tools\mingw492_32\bin;C:\Users\ALEXANDRE\Desktop\gradle-3.5\bin;C:\Program Files\Android\Android Studio\bin;C:\Program Files\Microsoft\Web Platform Installer\;C:\Program Files (x86)\Microsoft ASP.NET\ASP.NET Web Pages\v1.0\;C:\Program Files\Microsoft SQL Server\110\Tools\Binn\;C:\Program Files (x86)\MATLAB\R2013\runtime\win32;C:\Program Files (x86)\MATLAB\R2013\bin;C:\Program Files (x86)\Common Files\lenovo\easyplussdk\bin;C:\android-studio-ide-162.3934792-windows\android-studio\gradle\gradle-4.6-bin;C:\Users\ALEXANDRE\Desktop\bin;C:\Program Files (x86)\Git\cmd;C:\Program Files\Java\jre7\bin;;C:\Program Files (x86)\Microsoft VS Code\bin
USERNAME=ALEXANDRE
OS=Windows_NT
PROCESSOR_IDENTIFIER=Intel64 Family 6 Model 42 Stepping 7, GenuineIntel



---------------  S Y S T E M  ---------------

OS: Windows 10.0 , 64 bit Build 10240 (10.0.10240.17113)

CPU:total 4 (initial active 4) (2 cores per cpu, 2 threads per core) family 6 model 42 stepping 7, cmov, cx8, fxsr, mmx, sse, sse2, sse3, ssse3, sse4.1, sse4.2, popcnt, avx, clmul, ht, tsc, tscinvbit

Memory: 4k page, physical 4140908k(214124k free), swap 5575532k(5004k free)

vm_info: OpenJDK 64-Bit Server VM (25.152-b02) for windows-amd64 JRE (1.8.0_152-release-1024-b02), built by "builder" with MS VC++ 10.0 (VS2010)

time: Mon Aug 06 13:26:10 2018
elapsed time: 0 seconds (0d 0h 0m 0s)

