#
# There is insufficient memory for the Java Runtime Environment to continue.
# Native memory allocation (malloc) failed to allocate 32744 bytes for ChunkPool::allocate
# Possible reasons:
#   The system is out of physical RAM or swap space
#   In 32 bit mode, the process size limit was hit
# Possible solutions:
#   Reduce memory load on the system
#   Increase physical memory or swap space
#   Check if swap backing store is full
#   Use 64 bit Java on a 64 bit OS
#   Decrease Java heap size (-Xmx/-Xms)
#   Decrease number of Java threads
#   Decrease Java thread stack sizes (-Xss)
#   Set larger code cache with -XX:ReservedCodeCacheSize=
# This output file may be truncated or incomplete.
#
#  Out of Memory Error (allocation.cpp:273), pid=3064, tid=0x00000000000017f8
#
# JRE version: OpenJDK Runtime Environment (8.0_152-b02) (build 1.8.0_152-release-1024-b02)
# Java VM: OpenJDK 64-Bit Server VM (25.152-b02 mixed mode windows-amd64 compressed oops)
# Failed to write core dump. Minidumps are not enabled by default on client versions of Windows
#

---------------  T H R E A D  ---------------

Current thread (0x0000000014db1000):  JavaThread "C1 CompilerThread2" daemon [_thread_in_native, id=6136, stack(0x00000000151a0000,0x00000000152a0000)]

Stack: [0x00000000151a0000,0x00000000152a0000]
[error occurred during error reporting (printing stack bounds), id 0xc0000005]

Native frames: (J=compiled Java code, j=interpreted, Vv=VM code, C=native code)


Current CompileTask:
C1:  10830  899       3       org.objectweb.asm.ClassReader::accept (1176 bytes)


---------------  P R O C E S S  ---------------

Java Threads: ( => current thread )
  0x0000000014db3000 JavaThread "Service Thread" daemon [_thread_blocked, id=17372, stack(0x00000000152a0000,0x00000000153a0000)]
=>0x0000000014db1000 JavaThread "C1 CompilerThread2" daemon [_thread_in_native, id=6136, stack(0x00000000151a0000,0x00000000152a0000)]
  0x000000001355e000 JavaThread "C2 CompilerThread1" daemon [_thread_in_native, id=16628, stack(0x0000000014ca0000,0x0000000014da0000)]
  0x000000001356d800 JavaThread "C2 CompilerThread0" daemon [_thread_blocked, id=16072, stack(0x0000000014ba0000,0x0000000014ca0000)]
  0x000000001356c000 JavaThread "Attach Listener" daemon [_thread_blocked, id=4728, stack(0x0000000014aa0000,0x0000000014ba0000)]
  0x000000001356a800 JavaThread "Signal Dispatcher" daemon [_thread_blocked, id=12852, stack(0x00000000149a0000,0x0000000014aa0000)]
  0x000000001354e800 JavaThread "Finalizer" daemon [_thread_blocked, id=5912, stack(0x00000000147c0000,0x00000000148c0000)]
  0x00000000031f5800 JavaThread "Reference Handler" daemon [_thread_blocked, id=3036, stack(0x00000000146c0000,0x00000000147c0000)]
  0x0000000003105800 JavaThread "main" [_thread_in_Java, id=8564, stack(0x0000000003000000,0x0000000003100000)]

Other Threads:
  0x0000000013526000 VMThread [stack: 0x00000000145c0000,0x00000000146c0000] [id=15560]
  0x0000000014db5000 WatcherThread [stack: 0x00000000153a0000,0x00000000154a0000] [id=13176]

VM state:not at safepoint (normal execution)

VM Mutex/Monitor currently owned by a thread: None

Heap:
 PSYoungGen      total 18944K, used 3515K [0x00000000feb00000, 0x0000000100000000, 0x0000000100000000)
  eden space 16384K, 5% used [0x00000000feb00000,0x00000000febf4980,0x00000000ffb00000)
  from space 2560K, 99% used [0x00000000ffd80000,0x00000000ffffa448,0x0000000100000000)
  to   space 2560K, 0% used [0x00000000ffb00000,0x00000000ffb00000,0x00000000ffd80000)
 ParOldGen       total 44032K, used 5466K [0x00000000fc000000, 0x00000000feb00000, 0x00000000feb00000)
  object space 44032K, 12% used [0x00000000fc000000,0x00000000fc556be8,0x00000000feb00000)
 Metaspace       used 7538K, capacity 7720K, committed 7936K, reserved 1056768K
  class space    used 871K, capacity 956K, committed 1024K, reserved 1048576K

Card table byte_map: [0x0000000002d00000,0x0000000002d30000] byte_map_base: 0x0000000002520000

Marking Bits: (ParMarkBitMap*) 0x0000000054864970
 Begin Bits: [0x00000000129c0000, 0x0000000012ac0000)
 End Bits:   [0x0000000012ac0000, 0x0000000012bc0000)

Polling page: 0x0000000001240000

CodeCache: size=245760Kb used=3416Kb max_used=3426Kb free=242343Kb
 bounds [0x0000000003200000, 0x0000000003560000, 0x0000000012200000]
 total_blobs=1228 nmethods=897 adapters=245
 compilation: enabled

Compilation events (10 events):
Event: 10.815 Thread 0x0000000014db1000  894       3       org.objectweb.asm.MethodWriter::visitLdcInsn (184 bytes)
Event: 10.816 Thread 0x0000000014db1000 nmethod 894 0x0000000003556e10 code [0x0000000003556fe0, 0x0000000003557648]
Event: 10.816 Thread 0x0000000014db1000  895       3       org.objectweb.asm.ClassWriter::b (70 bytes)
Event: 10.817 Thread 0x0000000014db1000 nmethod 895 0x0000000003556650 code [0x0000000003556800, 0x0000000003556c58]
Event: 10.817 Thread 0x0000000014db1000  896       3       org.objectweb.asm.Type::getArgumentsAndReturnSizes (151 bytes)
Event: 10.819 Thread 0x0000000014db1000 nmethod 896 0x0000000003555150 code [0x0000000003555380, 0x0000000003556118]
Event: 10.820 Thread 0x000000001356d800  897       4       org.objectweb.asm.Item::<init> (66 bytes)
Event: 10.821 Thread 0x0000000014db1000  899       3       org.objectweb.asm.ClassReader::accept (1176 bytes)
Event: 10.821 Thread 0x000000001356d800 nmethod 897 0x0000000003535610 code [0x0000000003535740, 0x00000000035357f8]
Event: 10.821 Thread 0x000000001356d800  898       4       org.objectweb.asm.ClassWriter::b (152 bytes)

GC Heap History (4 events):
Event: 5.343 GC heap before
{Heap before GC invocations=1 (full 0):
 PSYoungGen      total 18944K, used 16384K [0x00000000feb00000, 0x0000000100000000, 0x0000000100000000)
  eden space 16384K, 100% used [0x00000000feb00000,0x00000000ffb00000,0x00000000ffb00000)
  from space 2560K, 0% used [0x00000000ffd80000,0x00000000ffd80000,0x0000000100000000)
  to   space 2560K, 0% used [0x00000000ffb00000,0x00000000ffb00000,0x00000000ffd80000)
 ParOldGen       total 44032K, used 0K [0x00000000fc000000, 0x00000000feb00000, 0x00000000feb00000)
  object space 44032K, 0% used [0x00000000fc000000,0x00000000fc000000,0x00000000feb00000)
 Metaspace       used 6484K, capacity 6678K, committed 6784K, reserved 1056768K
  class space    used 768K, capacity 823K, committed 896K, reserved 1048576K
Event: 5.350 GC heap after
Heap after GC invocations=1 (full 0):
 PSYoungGen      total 18944K, used 2528K [0x00000000feb00000, 0x0000000100000000, 0x0000000100000000)
  eden space 16384K, 0% used [0x00000000feb00000,0x00000000feb00000,0x00000000ffb00000)
  from space 2560K, 98% used [0x00000000ffb00000,0x00000000ffd78030,0x00000000ffd80000)
  to   space 2560K, 0% used [0x00000000ffd80000,0x00000000ffd80000,0x0000000100000000)
 ParOldGen       total 44032K, used 1725K [0x00000000fc000000, 0x00000000feb00000, 0x00000000feb00000)
  object space 44032K, 3% used [0x00000000fc000000,0x00000000fc1af7f8,0x00000000feb00000)
 Metaspace       used 6484K, capacity 6678K, committed 6784K, reserved 1056768K
  class space    used 768K, capacity 823K, committed 896K, reserved 1048576K
}
Event: 10.791 GC heap before
{Heap before GC invocations=2 (full 0):
 PSYoungGen      total 18944K, used 18912K [0x00000000feb00000, 0x0000000100000000, 0x0000000100000000)
  eden space 16384K, 100% used [0x00000000feb00000,0x00000000ffb00000,0x00000000ffb00000)
  from space 2560K, 98% used [0x00000000ffb00000,0x00000000ffd78030,0x00000000ffd80000)
  to   space 2560K, 0% used [0x00000000ffd80000,0x00000000ffd80000,0x0000000100000000)
 ParOldGen       total 44032K, used 1725K [0x00000000fc000000, 0x00000000feb00000, 0x00000000feb00000)
  object space 44032K, 3% used [0x00000000fc000000,0x00000000fc1af7f8,0x00000000feb00000)
 Metaspace       used 7522K, capacity 7720K, committed 7936K, reserved 1056768K
  class space    used 871K, capacity 956K, committed 1024K, reserved 1048576K
Event: 10.807 GC heap after
Heap after GC invocations=2 (full 0):
 PSYoungGen      total 18944K, used 2537K [0x00000000feb00000, 0x0000000100000000, 0x0000000100000000)
  eden space 16384K, 0% used [0x00000000feb00000,0x00000000feb00000,0x00000000ffb00000)
  from space 2560K, 99% used [0x00000000ffd80000,0x00000000ffffa448,0x0000000100000000)
  to   space 2560K, 0% used [0x00000000ffb00000,0x00000000ffb00000,0x00000000ffd80000)
 ParOldGen       total 44032K, used 5466K [0x00000000fc000000, 0x00000000feb00000, 0x00000000feb00000)
  object space 44032K, 12% used [0x00000000fc000000,0x00000000fc556be8,0x00000000feb00000)
 Metaspace       used 7522K, capacity 7720K, committed 7936K, reserved 1056768K
  class space    used 871K, capacity 956K, committed 1024K, reserved 1048576K
}

Deoptimization events (10 events):
Event: 5.185 Thread 0x0000000003105800 Uncommon trap: reason=unstable_if action=reinterpret pc=0x000000000340832c method=java.util.zip.ZipFile$ZipEntryIterator.hasNext()Z @ 25
Event: 5.185 Thread 0x0000000003105800 Uncommon trap: reason=unstable_if action=reinterpret pc=0x00000000034114e8 method=java.util.zip.ZipCoder.decoder()Ljava/nio/charset/CharsetDecoder; @ 4
Event: 5.185 Thread 0x0000000003105800 Uncommon trap: reason=unstable_if action=reinterpret pc=0x000000000340add8 method=java.util.zip.ZipEntry.setExtra0([BZ)V @ 1
Event: 5.190 Thread 0x0000000003105800 Uncommon trap: reason=unstable_if action=reinterpret pc=0x0000000003407bc8 method=java.util.zip.ZipFile$ZipEntryIterator.hasNext()Z @ 25
Event: 5.190 Thread 0x0000000003105800 Uncommon trap: reason=unstable_if action=reinterpret pc=0x0000000003413eb8 method=java.util.zip.ZipCoder.decoder()Ljava/nio/charset/CharsetDecoder; @ 4
Event: 5.266 Thread 0x0000000003105800 Uncommon trap: reason=unstable_if action=reinterpret pc=0x000000000340b79c method=java.util.zip.ZipCoder.decoder()Ljava/nio/charset/CharsetDecoder; @ 4
Event: 9.872 Thread 0x0000000003105800 Uncommon trap: reason=unloaded action=reinterpret pc=0x0000000003419afc method=java.util.zip.ZipEntry.setExtra0([BZ)V @ 37
Event: 10.115 Thread 0x0000000003105800 Uncommon trap: reason=unstable_if action=reinterpret pc=0x00000000033ea52c method=java.lang.String.<init>([CII)V @ 18
Event: 10.703 Thread 0x0000000003105800 Uncommon trap: reason=unstable_if action=reinterpret pc=0x000000000351e880 method=org.objectweb.asm.Item.a(Lorg/objectweb/asm/Item;)Z @ 345
Event: 10.812 Thread 0x0000000003105800 Uncommon trap: reason=unstable_if action=reinterpret pc=0x000000000354200c method=org.objectweb.asm.Type.getArgumentsAndReturnSizes(Ljava/lang/String;)I @ 136

Classes redefined (0 events):
No events

Internal exceptions (10 events):
Event: 8.106 Thread 0x0000000003105800 Exception <a 'sun/nio/fs/WindowsException'> (0x00000000ff104e98) thrown at [D:\src\AOSP-openjdk-cygwin\jdk8u\hotspot\src\share\vm\prims\jni.cpp, line 709]
Event: 8.107 Thread 0x0000000003105800 Exception <a 'sun/nio/fs/WindowsException'> (0x00000000ff105490) thrown at [D:\src\AOSP-openjdk-cygwin\jdk8u\hotspot\src\share\vm\prims\jni.cpp, line 709]
Event: 8.107 Thread 0x0000000003105800 Exception <a 'sun/nio/fs/WindowsException'> (0x00000000ff105c60) thrown at [D:\src\AOSP-openjdk-cygwin\jdk8u\hotspot\src\share\vm\prims\jni.cpp, line 709]
Event: 8.107 Thread 0x0000000003105800 Exception <a 'sun/nio/fs/WindowsException'> (0x00000000ff106230) thrown at [D:\src\AOSP-openjdk-cygwin\jdk8u\hotspot\src\share\vm\prims\jni.cpp, line 709]
Event: 8.107 Thread 0x0000000003105800 Exception <a 'sun/nio/fs/WindowsException'> (0x00000000ff1069f0) thrown at [D:\src\AOSP-openjdk-cygwin\jdk8u\hotspot\src\share\vm\prims\jni.cpp, line 709]
Event: 8.124 Thread 0x0000000003105800 Exception <a 'sun/nio/fs/WindowsException'> (0x00000000ff10be58) thrown at [D:\src\AOSP-openjdk-cygwin\jdk8u\hotspot\src\share\vm\prims\jni.cpp, line 709]
Event: 9.923 Thread 0x0000000003105800 Exception <a 'sun/nio/fs/WindowsException'> (0x00000000ff64c940) thrown at [D:\src\AOSP-openjdk-cygwin\jdk8u\hotspot\src\share\vm\prims\jni.cpp, line 709]
Event: 9.923 Thread 0x0000000003105800 Exception <a 'sun/nio/fs/WindowsException'> (0x00000000ff64cef0) thrown at [D:\src\AOSP-openjdk-cygwin\jdk8u\hotspot\src\share\vm\prims\jni.cpp, line 709]
Event: 10.471 Thread 0x0000000003105800 Exception <a 'sun/nio/fs/WindowsException'> (0x00000000ff7e2cc8) thrown at [D:\src\AOSP-openjdk-cygwin\jdk8u\hotspot\src\share\vm\prims\jni.cpp, line 709]
Event: 10.471 Thread 0x0000000003105800 Exception <a 'sun/nio/fs/WindowsException'> (0x00000000ff7e31f8) thrown at [D:\src\AOSP-openjdk-cygwin\jdk8u\hotspot\src\share\vm\prims\jni.cpp, line 709]

Events (10 events):
Event: 10.703 Thread 0x0000000003105800 DEOPT UNPACKING pc=0x000000000324557b sp=0x00000000030fe568 mode 2
Event: 10.791 Executing VM operation: ParallelGCFailedAllocation
Event: 10.808 Executing VM operation: ParallelGCFailedAllocation done
Event: 10.808 Executing VM operation: RevokeBias
Event: 10.808 Executing VM operation: RevokeBias done
Event: 10.808 Executing VM operation: RevokeBias
Event: 10.808 Executing VM operation: RevokeBias done
Event: 10.812 Thread 0x0000000003105800 Uncommon trap: trap_request=0xffffff65 fr.pc=0x000000000354200c
Event: 10.812 Thread 0x0000000003105800 DEOPT PACKING pc=0x000000000354200c sp=0x00000000030fe6a0
Event: 10.812 Thread 0x0000000003105800 DEOPT UNPACKING pc=0x000000000324557b sp=0x00000000030fe630 mode 2


Dynamic libraries:
0x00007ff77f650000 - 0x00007ff77f681000 	C:\Program Files\Android\Android Studio1\jre\bin\java.exe
0x00007ffc56a70000 - 0x00007ffc56c32000 	C:\Windows\SYSTEM32\ntdll.dll
0x00007ffc56740000 - 0x00007ffc567ed000 	C:\Windows\system32\KERNEL32.DLL
0x00007ffc538c0000 - 0x00007ffc53a9d000 	C:\Windows\system32\KERNELBASE.dll
0x00007ffc56690000 - 0x00007ffc56736000 	C:\Windows\system32\ADVAPI32.dll
0x00007ffc562a0000 - 0x00007ffc5633d000 	C:\Windows\system32\msvcrt.dll
0x00007ffc54130000 - 0x00007ffc5418b000 	C:\Windows\system32\sechost.dll
0x00007ffc564f0000 - 0x00007ffc56616000 	C:\Windows\system32\RPCRT4.dll
0x00007ffc55d80000 - 0x00007ffc55ece000 	C:\Windows\system32\USER32.dll
0x00007ffc546a0000 - 0x00007ffc54823000 	C:\Windows\system32\GDI32.dll
0x00007ffc48690000 - 0x00007ffc48904000 	C:\Windows\WinSxS\amd64_microsoft.windows.common-controls_6595b64144ccf1df_6.0.10240.17184_none_f41d7a705752bce6\COMCTL32.dll
0x00007ffc54280000 - 0x00007ffc542b6000 	C:\Windows\system32\IMM32.DLL
0x00007ffc54540000 - 0x00007ffc5469c000 	C:\Windows\system32\MSCTF.dll
0x0000000053fc0000 - 0x0000000054092000 	C:\Program Files\Android\Android Studio1\jre\jre\bin\msvcr100.dll
0x00000000540a0000 - 0x00000000548df000 	C:\Program Files\Android\Android Studio1\jre\jre\bin\server\jvm.dll
0x00007ffc55d70000 - 0x00007ffc55d78000 	C:\Windows\system32\PSAPI.DLL
0x00007ffc4bea0000 - 0x00007ffc4bea9000 	C:\Windows\SYSTEM32\WSOCK32.dll
0x00007ffc56620000 - 0x00007ffc56689000 	C:\Windows\system32\WS2_32.dll
0x00007ffc56230000 - 0x00007ffc56238000 	C:\Windows\system32\NSI.dll
0x00007ffc518a0000 - 0x00007ffc518c3000 	C:\Windows\SYSTEM32\WINMM.dll
0x00007ffc4f030000 - 0x00007ffc4f03a000 	C:\Windows\SYSTEM32\VERSION.dll
0x0000000001550000 - 0x000000000157c000 	C:\Windows\SYSTEM32\WINMMBASE.dll
0x00007ffc53530000 - 0x00007ffc53574000 	C:\Windows\system32\cfgmgr32.dll
0x00007ffc51e10000 - 0x00007ffc51e37000 	C:\Windows\SYSTEM32\DEVOBJ.dll
0x00007ffc4ad30000 - 0x00007ffc4ad3f000 	C:\Program Files\Android\Android Studio1\jre\jre\bin\verify.dll
0x00007ffc47d50000 - 0x00007ffc47d79000 	C:\Program Files\Android\Android Studio1\jre\jre\bin\java.dll
0x00007ffc47d30000 - 0x00007ffc47d46000 	C:\Program Files\Android\Android Studio1\jre\jre\bin\zip.dll
0x00007ffc54840000 - 0x00007ffc55d63000 	C:\Windows\system32\SHELL32.dll
0x00007ffc53b00000 - 0x00007ffc54129000 	C:\Windows\system32\windows.storage.dll
0x00007ffc567f0000 - 0x00007ffc56a6c000 	C:\Windows\system32\combase.dll
0x00007ffc54190000 - 0x00007ffc541e1000 	C:\Windows\system32\shlwapi.dll
0x00007ffc53500000 - 0x00007ffc5350f000 	C:\Windows\system32\kernel.appcore.dll
0x00007ffc53800000 - 0x00007ffc538b3000 	C:\Windows\system32\shcore.dll
0x00007ffc534b0000 - 0x00007ffc534fa000 	C:\Windows\system32\powrprof.dll
0x00007ffc53510000 - 0x00007ffc53523000 	C:\Windows\system32\profapi.dll
0x00007ffc52d60000 - 0x00007ffc52d77000 	C:\Windows\SYSTEM32\CRYPTSP.dll
0x00007ffc533c0000 - 0x00007ffc533e8000 	C:\Windows\SYSTEM32\bcrypt.dll
0x00007ffc529b0000 - 0x00007ffc529e3000 	C:\Windows\system32\rsaenh.dll
0x00007ffc52b90000 - 0x00007ffc52baf000 	C:\Windows\SYSTEM32\USERENV.dll
0x00007ffc532b0000 - 0x00007ffc5331b000 	C:\Windows\system32\bcryptprimitives.dll
0x00007ffc52ed0000 - 0x00007ffc52edb000 	C:\Windows\SYSTEM32\CRYPTBASE.dll
0x00007ffc47d10000 - 0x00007ffc47d2a000 	C:\Program Files\Android\Android Studio1\jre\jre\bin\net.dll
0x00007ffc52d00000 - 0x00007ffc52d5d000 	C:\Windows\system32\mswsock.dll
0x00007ffc50b60000 - 0x00007ffc50b98000 	C:\Windows\SYSTEM32\IPHLPAPI.DLL
0x00007ffc50b00000 - 0x00007ffc50b0b000 	C:\Windows\SYSTEM32\WINNSI.DLL
0x00007ffc4dfd0000 - 0x00007ffc4dfe6000 	C:\Windows\SYSTEM32\dhcpcsvc6.DLL
0x00007ffc4e680000 - 0x00007ffc4e69a000 	C:\Windows\SYSTEM32\dhcpcsvc.DLL
0x00007ffc47cf0000 - 0x00007ffc47d01000 	C:\Program Files\Android\Android Studio1\jre\jre\bin\nio.dll

VM Arguments:
jvm_args: -Djava.awt.headless=true -Xmx64M -Dfile.encoding=windows-1252 -Duser.country=US -Duser.language=en -Duser.variant 
java_command: com.google.devtools.build.android.desugar.Desugar --input C:\Users\ALEXANDRE\AndroidStudioProjects\SitaProject\app\build\intermediates\transforms\stackFramesFixer\debug\0.jar --output C:\Users\ALEXANDRE\AndroidStudioProjects\SitaProject\app\build\intermediates\transforms\desugar\debug\1.jar --input C:\Users\ALEXANDRE\AndroidStudioProjects\SitaProject\app\build\intermediates\transforms\stackFramesFixer\debug\21.jar --output C:\Users\ALEXANDRE\AndroidStudioProjects\SitaProject\app\build\intermediates\transforms\desugar\debug\22.jar --input C:\Users\ALEXANDRE\AndroidStudioProjects\SitaProject\app\build\intermediates\transforms\stackFramesFixer\debug\15.jar --output C:\Users\ALEXANDRE\AndroidStudioProjects\SitaProject\app\build\intermediates\transforms\desugar\debug\16.jar --input C:\Users\ALEXANDRE\AndroidStudioProjects\SitaProject\app\build\intermediates\transforms\stackFramesFixer\debug\24.jar --output C:\Users\ALEXANDRE\AndroidStudioProjects\SitaProject\app\build\intermediates\transforms\desugar\debug\25.jar --input C:\Users\ALEXANDRE\AndroidStudioProjects\SitaProject\app\build\intermediates\transforms\stackFramesFixer\debug\11.jar --output C:\Users\ALEXANDRE\AndroidStudioProjects\SitaProject\app\build\intermediates\transforms\desugar\debug\12.jar --input C:\Users\ALEXANDRE\AndroidStudioProjects\SitaProject\app\build\intermediates\transforms\stackFramesFixer\debug\8.jar --output C:\Users\ALEXANDRE\AndroidStudioProjects\SitaProject\app\build\intermediates\transforms\desugar\debug\9.jar --input C:\Users\ALEXANDRE\AndroidStudioProjects\SitaProject\app\build\intermediates\transforms\stackFramesFixer\debug\29.jar --output C:\Users\ALEXANDRE\AndroidStudioProjects\SitaProject\app\build\intermediates\transforms\desugar\debug\30.jar --input C:\Users\ALEXANDRE\AndroidStudioProjects\SitaProject\app\build\intermediates\transforms\stackFramesFixer\debug\2.jar --output C:\Users\ALEXANDRE\AndroidStudioProjects\SitaProject\app\build\intermediates\transforms\desugar\
java_class_path (initial): C:\Users\ALEXAN~1\AppData\Local\Temp\desugar_deploy.jar7169118018758553028
Launcher Type: SUN_STANDARD

Environment Variables:
JAVA_HOME=C:\Program Files\Java\jdk1.8.0_121
PATH=C:\ProgramData\Oracle\Java\javapath;C:\Windows\system32;C:\Windows;C:\Windows\System32\Wbem;C:\Windows\System32\WindowsPowerShell\v1.0\;C:\Qt\Qt5.6.2\5.6\mingw49_32\bin;C:\Qt\Qt5.6.2\Tools\QtCreator\bin;C:\vstudio;C:\Program Files\Java\jdk1.8.0_121\bin;C:\Qt\Qt5.6.2\5.6\mingw49_32\bin;C:\Qt\Qt5.6.2\Tools\mingw492_32;C:\Program Files (x86)\Windows Kits\8.1\Windows Performance Toolkit\;C:\Program Files (x86)\Microsoft Emulator Manager\1.0\C:\MinGW\bin;C:\MinGW\include;C:\MinGW\mingw32\bin;C:\Qt\Qt5.6.2\Tools\mingw492_32\bin;C:\Users\ALEXANDRE\Desktop\gradle-3.5\bin;C:\Program Files\Android\Android Studio\bin;C:\Program Files\Microsoft\Web Platform Installer\;C:\Program Files (x86)\Microsoft ASP.NET\ASP.NET Web Pages\v1.0\;C:\Program Files\Microsoft SQL Server\110\Tools\Binn\;C:\Program Files (x86)\MATLAB\R2013\runtime\win32;C:\Program Files (x86)\MATLAB\R2013\bin;C:\Program Files (x86)\Common Files\lenovo\easyplussdk\bin;C:\android-studio-ide-162.3934792-windows\android-studio\gradle\gradle-4.6-bin;C:\Users\ALEXANDRE\Desktop\bin;C:\Program Files (x86)\Git\cmd;C:\Program Files\Java\jre7\bin;;C:\Program Files (x86)\Microsoft VS Code\bin
USERNAME=ALEXANDRE
OS=Windows_NT
PROCESSOR_IDENTIFIER=Intel64 Family 6 Model 42 Stepping 7, GenuineIntel



---------------  S Y S T E M  ---------------

OS: Windows 10.0 , 64 bit Build 10240 (10.0.10240.17113)

CPU:total 4 (initial active 4) (2 cores per cpu, 2 threads per core) family 6 model 42 stepping 7, cmov, cx8, fxsr, mmx, sse, sse2, sse3, ssse3, sse4.1, sse4.2, popcnt, avx, clmul, ht, tsc, tscinvbit

Memory: 4k page, physical 4140908k(414752k free), swap 5575532k(2020k free)

vm_info: OpenJDK 64-Bit Server VM (25.152-b02) for windows-amd64 JRE (1.8.0_152-release-1024-b02), built by "builder" with MS VC++ 10.0 (VS2010)

time: Fri Sep 21 16:40:41 2018
elapsed time: 10 seconds (0d 0h 0m 10s)

