#
# There is insufficient memory for the Java Runtime Environment to continue.
# Native memory allocation (malloc) failed to allocate 69056 bytes for Chunk::new
# Possible reasons:
#   The system is out of physical RAM or swap space
#   In 32 bit mode, the process size limit was hit
# Possible solutions:
#   Reduce memory load on the system
#   Increase physical memory or swap space
#   Check if swap backing store is full
#   Use 64 bit Java on a 64 bit OS
#   Decrease Java heap size (-Xmx/-Xms)
#   Decrease number of Java threads
#   Decrease Java thread stack sizes (-Xss)
#   Set larger code cache with -XX:ReservedCodeCacheSize=
# This output file may be truncated or incomplete.
#
#  Out of Memory Error (allocation.cpp:390), pid=352, tid=0x0000000000001308
#
# JRE version: OpenJDK Runtime Environment (8.0_152-b02) (build 1.8.0_152-release-1024-b02)
# Java VM: OpenJDK 64-Bit Server VM (25.152-b02 mixed mode windows-amd64 compressed oops)
# Failed to write core dump. Minidumps are not enabled by default on client versions of Windows
#

---------------  T H R E A D  ---------------

Current thread (0x0000000012c71000):  JavaThread "C2 CompilerThread1" daemon [_thread_in_native, id=4872, stack(0x00000000143c0000,0x00000000144c0000)]

Stack: [0x00000000143c0000,0x00000000144c0000]
[error occurred during error reporting (printing stack bounds), id 0xc0000005]

Native frames: (J=compiled Java code, j=interpreted, Vv=VM code, C=native code)


Current CompileTask:
C2:   8731  397       4       jdk.internal.org.objectweb.asm.ByteVector::putUTF8 (142 bytes)


---------------  P R O C E S S  ---------------

Java Threads: ( => current thread )
  0x0000000012cbd800 JavaThread "Service Thread" daemon [_thread_blocked, id=5520, stack(0x00000000149c0000,0x0000000014ac0000)]
  0x0000000012c72800 JavaThread "C1 CompilerThread2" daemon [_thread_blocked, id=4948, stack(0x00000000144c0000,0x00000000145c0000)]
=>0x0000000012c71000 JavaThread "C2 CompilerThread1" daemon [_thread_in_native, id=4872, stack(0x00000000143c0000,0x00000000144c0000)]
  0x0000000012c6d000 JavaThread "C2 CompilerThread0" daemon [_thread_in_native, id=1120, stack(0x00000000142c0000,0x00000000143c0000)]
  0x0000000012c6c000 JavaThread "Attach Listener" daemon [_thread_blocked, id=2404, stack(0x00000000141c0000,0x00000000142c0000)]
  0x0000000012c6a800 JavaThread "Signal Dispatcher" daemon [_thread_blocked, id=4984, stack(0x00000000140c0000,0x00000000141c0000)]
  0x0000000012c4e000 JavaThread "Finalizer" daemon [_thread_blocked, id=4604, stack(0x0000000013ee0000,0x0000000013fe0000)]
  0x00000000028f8000 JavaThread "Reference Handler" daemon [_thread_blocked, id=1176, stack(0x0000000013de0000,0x0000000013ee0000)]
  0x0000000002806800 JavaThread "main" [_thread_in_native, id=6120, stack(0x0000000002700000,0x0000000002800000)]

Other Threads:
  0x0000000012c26000 VMThread [stack: 0x0000000013ce0000,0x0000000013de0000] [id=560]
  0x0000000012cbe800 WatcherThread [stack: 0x0000000014ac0000,0x0000000014bc0000] [id=992]

VM state:not at safepoint (normal execution)

VM Mutex/Monitor currently owned by a thread: None

Heap:
 PSYoungGen      total 18944K, used 7623K [0x00000000feb00000, 0x0000000100000000, 0x0000000100000000)
  eden space 16384K, 46% used [0x00000000feb00000,0x00000000ff271ec8,0x00000000ffb00000)
  from space 2560K, 0% used [0x00000000ffd80000,0x00000000ffd80000,0x0000000100000000)
  to   space 2560K, 0% used [0x00000000ffb00000,0x00000000ffb00000,0x00000000ffd80000)
 ParOldGen       total 44032K, used 0K [0x00000000fc000000, 0x00000000feb00000, 0x00000000feb00000)
  object space 44032K, 0% used [0x00000000fc000000,0x00000000fc000000,0x00000000feb00000)
 Metaspace       used 6037K, capacity 6243K, committed 6528K, reserved 1060864K
  class space    used 708K, capacity 788K, committed 896K, reserved 1048576K

Card table byte_map: [0x00000000024b0000,0x00000000024e0000] byte_map_base: 0x0000000001cd0000

Marking Bits: (ParMarkBitMap*) 0x000000005a1a4970
 Begin Bits: [0x00000000120c0000, 0x00000000121c0000)
 End Bits:   [0x00000000121c0000, 0x00000000122c0000)

Polling page: 0x0000000000d50000

CodeCache: size=245760Kb used=1910Kb max_used=1910Kb free=243850Kb
 bounds [0x0000000002900000, 0x0000000002b70000, 0x0000000011900000]
 total_blobs=731 nmethods=425 adapters=220
 compilation: enabled

Compilation events (10 events):
Event: 8.658 Thread 0x0000000012c72800 nmethod 375 0x0000000002ab5410 code [0x0000000002ab5580, 0x0000000002ab57a8]
Event: 8.658 Thread 0x0000000012c72800  376       1       java.lang.invoke.MethodHandle::type (5 bytes)
Event: 8.658 Thread 0x0000000012c72800 nmethod 376 0x0000000002ab5850 code [0x0000000002ab59a0, 0x0000000002ab5ab0]
Event: 8.658 Thread 0x0000000012c72800  378       3       jdk.internal.org.objectweb.asm.Type::getArgumentsAndReturnSizes (151 bytes)
Event: 8.659 Thread 0x0000000012c72800 nmethod 378 0x0000000002ab5f90 code [0x0000000002ab61c0, 0x0000000002ab6f58]
Event: 8.659 Thread 0x0000000012c72800  379       3       java.lang.invoke.InvokerBytecodeGenerator::isStaticallyNameable (116 bytes)
Event: 8.662 Thread 0x0000000012c72800 nmethod 379 0x0000000002ab7a90 code [0x0000000002ab7de0, 0x0000000002ab9d98]
Event: 8.662 Thread 0x0000000012c72800  385       3       jdk.internal.org.objectweb.asm.Frame::execute (2252 bytes)
Event: 8.665 Thread 0x0000000012c71000  397       4       jdk.internal.org.objectweb.asm.ByteVector::putUTF8 (142 bytes)
Event: 8.666 Thread 0x0000000012c6d000  398       4       java.util.Arrays::copyOfRange (63 bytes)

GC Heap History (0 events):
No events

Deoptimization events (1 events):
Event: 6.286 Thread 0x0000000002806800 Uncommon trap: reason=range_check action=make_not_entrant pc=0x0000000002a56de0 method=sun.reflect.generics.parser.SignatureParser.current()C @ 34

Classes redefined (0 events):
No events

Internal exceptions (7 events):
Event: 0.044 Thread 0x0000000002806800 Exception <a 'java/lang/NoSuchMethodError': Method sun.misc.Unsafe.defineClass(Ljava/lang/String;[BII)Ljava/lang/Class; name or signature does not match> (0x00000000feb07ca8) thrown at [D:\src\AOSP-openjdk-cygwin\jdk8u\hotspot\src\share\vm\prims\jni.cpp, 
Event: 0.044 Thread 0x0000000002806800 Exception <a 'java/lang/NoSuchMethodError': Method sun.misc.Unsafe.prefetchRead(Ljava/lang/Object;J)V name or signature does not match> (0x00000000feb07f90) thrown at [D:\src\AOSP-openjdk-cygwin\jdk8u\hotspot\src\share\vm\prims\jni.cpp, line 4011]
Event: 3.478 Thread 0x0000000002806800 Exception <a 'sun/nio/fs/WindowsException'> (0x00000000fecdb638) thrown at [D:\src\AOSP-openjdk-cygwin\jdk8u\hotspot\src\share\vm\prims\jni.cpp, line 709]
Event: 6.361 Thread 0x0000000002806800 Exception <a 'java/lang/ArrayIndexOutOfBoundsException': 18> (0x00000000fef34360) thrown at [D:\src\AOSP-openjdk-cygwin\jdk8u\hotspot\src\share\vm\interpreter\interpreterRuntime.cpp, line 366]
Event: 6.643 Thread 0x0000000002806800 Exception <a 'java/lang/ArrayIndexOutOfBoundsException': 67> (0x00000000fef35268) thrown at [D:\src\AOSP-openjdk-cygwin\jdk8u\hotspot\src\share\vm\interpreter\interpreterRuntime.cpp, line 366]
Event: 8.663 Thread 0x0000000002806800 Exception <a 'java/lang/NoSuchFieldError': method resolution failed> (0x00000000ff1a1368) thrown at [D:\src\AOSP-openjdk-cygwin\jdk8u\hotspot\src\share\vm\prims\methodHandles.cpp, line 1167]
Event: 8.666 Thread 0x0000000002806800 Exception <a 'java/lang/NoSuchFieldError': method resolution failed> (0x00000000ff1ae6b8) thrown at [D:\src\AOSP-openjdk-cygwin\jdk8u\hotspot\src\share\vm\prims\methodHandles.cpp, line 1167]

Events (10 events):
Event: 8.645 loading class java/lang/invoke/DelegatingMethodHandle done
Event: 8.645 loading class java/lang/invoke/MethodHandleImpl$AsVarargsCollector done
Event: 8.646 loading class java/lang/invoke/WrongMethodTypeException
Event: 8.646 loading class java/lang/invoke/WrongMethodTypeException done
Event: 8.648 loading class java/lang/invoke/MethodHandleImpl$Lazy
Event: 8.648 loading class java/lang/invoke/MethodHandleImpl$Lazy done
Event: 8.649 loading class java/lang/invoke/MethodHandleImpl$IntrinsicMethodHandle
Event: 8.649 loading class java/lang/invoke/MethodHandleImpl$IntrinsicMethodHandle done
Event: 8.663 loading class java/lang/NoSuchFieldError
Event: 8.663 loading class java/lang/NoSuchFieldError done


Dynamic libraries:
0x00007ff64d610000 - 0x00007ff64d641000 	C:\Program Files\Android\Android Studio1\jre\bin\java.exe
0x00007ffe60510000 - 0x00007ffe606d2000 	C:\Windows\SYSTEM32\ntdll.dll
0x00007ffe5ff10000 - 0x00007ffe5ffbd000 	C:\Windows\system32\KERNEL32.DLL
0x00007ffe5d8f0000 - 0x00007ffe5dacd000 	C:\Windows\system32\KERNELBASE.dll
0x00007ffe5e1e0000 - 0x00007ffe5e286000 	C:\Windows\system32\ADVAPI32.dll
0x00007ffe5e430000 - 0x00007ffe5e4cd000 	C:\Windows\system32\msvcrt.dll
0x00007ffe5e890000 - 0x00007ffe5e8eb000 	C:\Windows\system32\sechost.dll
0x00007ffe5ffc0000 - 0x00007ffe600e6000 	C:\Windows\system32\RPCRT4.dll
0x00007ffe5e740000 - 0x00007ffe5e88e000 	C:\Windows\system32\USER32.dll
0x00007ffe5e2a0000 - 0x00007ffe5e423000 	C:\Windows\system32\GDI32.dll
0x00007ffe53040000 - 0x00007ffe532b4000 	C:\Windows\WinSxS\amd64_microsoft.windows.common-controls_6595b64144ccf1df_6.0.10240.17184_none_f41d7a705752bce6\COMCTL32.dll
0x00007ffe5e700000 - 0x00007ffe5e736000 	C:\Windows\system32\IMM32.DLL
0x00007ffe5e020000 - 0x00007ffe5e17c000 	C:\Windows\system32\MSCTF.dll
0x0000000059900000 - 0x00000000599d2000 	C:\Program Files\Android\Android Studio1\jre\jre\bin\msvcr100.dll
0x00000000599e0000 - 0x000000005a21f000 	C:\Program Files\Android\Android Studio1\jre\jre\bin\server\jvm.dll
0x00007ffe5e290000 - 0x00007ffe5e298000 	C:\Windows\system32\PSAPI.DLL
0x00007ffe5b260000 - 0x00007ffe5b283000 	C:\Windows\SYSTEM32\WINMM.dll
0x00007ffe516e0000 - 0x00007ffe516e9000 	C:\Windows\SYSTEM32\WSOCK32.dll
0x00007ffe57d60000 - 0x00007ffe57d6a000 	C:\Windows\SYSTEM32\VERSION.dll
0x00007ffe5b230000 - 0x00007ffe5b25c000 	C:\Windows\SYSTEM32\WINMMBASE.dll
0x00007ffe5fea0000 - 0x00007ffe5ff09000 	C:\Windows\system32\WS2_32.dll
0x00007ffe5dad0000 - 0x00007ffe5db14000 	C:\Windows\system32\cfgmgr32.dll
0x00007ffe5e6f0000 - 0x00007ffe5e6f8000 	C:\Windows\system32\NSI.dll
0x00007ffe5b770000 - 0x00007ffe5b797000 	C:\Windows\SYSTEM32\DEVOBJ.dll
0x00007ffe51200000 - 0x00007ffe5120f000 	C:\Program Files\Android\Android Studio1\jre\jre\bin\verify.dll
0x00007ffe48e20000 - 0x00007ffe48e49000 	C:\Program Files\Android\Android Studio1\jre\jre\bin\java.dll
0x00007ffe4e190000 - 0x00007ffe4e1a6000 	C:\Program Files\Android\Android Studio1\jre\jre\bin\zip.dll
0x00007ffe5e8f0000 - 0x00007ffe5fe13000 	C:\Windows\system32\SHELL32.dll
0x00007ffe5d030000 - 0x00007ffe5d659000 	C:\Windows\system32\windows.storage.dll
0x00007ffe60280000 - 0x00007ffe604fc000 	C:\Windows\system32\combase.dll
0x00007ffe5e180000 - 0x00007ffe5e1d1000 	C:\Windows\system32\shlwapi.dll
0x00007ffe5cfc0000 - 0x00007ffe5cfcf000 	C:\Windows\system32\kernel.appcore.dll
0x00007ffe5d660000 - 0x00007ffe5d713000 	C:\Windows\system32\shcore.dll
0x00007ffe5cf70000 - 0x00007ffe5cfba000 	C:\Windows\system32\powrprof.dll
0x00007ffe5cf30000 - 0x00007ffe5cf43000 	C:\Windows\system32\profapi.dll
0x00007ffe5c800000 - 0x00007ffe5c817000 	C:\Windows\SYSTEM32\CRYPTSP.dll
0x00007ffe5ce60000 - 0x00007ffe5ce88000 	C:\Windows\SYSTEM32\bcrypt.dll
0x00007ffe5c450000 - 0x00007ffe5c483000 	C:\Windows\system32\rsaenh.dll
0x00007ffe5c5f0000 - 0x00007ffe5c60f000 	C:\Windows\SYSTEM32\USERENV.dll
0x00007ffe5cd50000 - 0x00007ffe5cdbb000 	C:\Windows\system32\bcryptprimitives.dll
0x00007ffe5c970000 - 0x00007ffe5c97b000 	C:\Windows\SYSTEM32\CRYPTBASE.dll
0x00007ffe4d2a0000 - 0x00007ffe4d2ba000 	C:\Program Files\Android\Android Studio1\jre\jre\bin\net.dll
0x00007ffe5c7a0000 - 0x00007ffe5c7fd000 	C:\Windows\system32\mswsock.dll
0x00007ffe5a9a0000 - 0x00007ffe5a9d8000 	C:\Windows\SYSTEM32\IPHLPAPI.DLL
0x00007ffe5a990000 - 0x00007ffe5a99b000 	C:\Windows\SYSTEM32\WINNSI.DLL
0x00007ffe57bf0000 - 0x00007ffe57c06000 	C:\Windows\SYSTEM32\dhcpcsvc6.DLL
0x00007ffe57bd0000 - 0x00007ffe57bea000 	C:\Windows\SYSTEM32\dhcpcsvc.DLL
0x00007ffe4cbf0000 - 0x00007ffe4cc01000 	C:\Program Files\Android\Android Studio1\jre\jre\bin\nio.dll

VM Arguments:
jvm_args: -Djava.awt.headless=true -Xmx64M -Dfile.encoding=windows-1252 -Duser.country=US -Duser.language=en -Duser.variant 
java_command: com.google.devtools.build.android.desugar.Desugar --input C:\Users\ALEXANDRE\AndroidStudioProjects\SitaProject\app\build\intermediates\transforms\stackFramesFixer\debug\20.jar --output C:\Users\ALEXANDRE\AndroidStudioProjects\SitaProject\app\build\intermediates\transforms\desugar\debug\21.jar --input C:\Users\ALEXANDRE\AndroidStudioProjects\SitaProject\app\build\intermediates\transforms\stackFramesFixer\debug\19.jar --output C:\Users\ALEXANDRE\AndroidStudioProjects\SitaProject\app\build\intermediates\transforms\desugar\debug\20.jar --input C:\Users\ALEXANDRE\AndroidStudioProjects\SitaProject\app\build\intermediates\transforms\stackFramesFixer\debug\0.jar --output C:\Users\ALEXANDRE\AndroidStudioProjects\SitaProject\app\build\intermediates\transforms\desugar\debug\1.jar --input C:\Users\ALEXANDRE\AndroidStudioProjects\SitaProject\app\build\intermediates\classes\debug --output C:\Users\ALEXANDRE\AndroidStudioProjects\SitaProject\app\build\intermediates\transforms\desugar\debug\0 --input C:\Users\ALEXANDRE\AndroidStudioProjects\SitaProject\app\build\intermediates\transforms\stackFramesFixer\debug\12.jar --output C:\Users\ALEXANDRE\AndroidStudioProjects\SitaProject\app\build\intermediates\transforms\desugar\debug\13.jar --input C:\Users\ALEXANDRE\AndroidStudioProjects\SitaProject\app\build\intermediates\transforms\stackFramesFixer\debug\23.jar --output C:\Users\ALEXANDRE\AndroidStudioProjects\SitaProject\app\build\intermediates\transforms\desugar\debug\24.jar --input C:\Users\ALEXANDRE\AndroidStudioProjects\SitaProject\app\build\intermediates\transforms\stackFramesFixer\debug\2.jar --output C:\Users\ALEXANDRE\AndroidStudioProjects\SitaProject\app\build\intermediates\transforms\desugar\debug\3.jar --input C:\Users\ALEXANDRE\AndroidStudioProjects\SitaProject\app\build\intermediates\transforms\stackFramesFixer\debug\4.jar --output C:\Users\ALEXANDRE\AndroidStudioProjects\SitaProject\app\build\intermediates\transforms\desugar\debug\5.jar --input C:\Users\ALE
java_class_path (initial): C:\Users\ALEXAN~1\AppData\Local\Temp\desugar_deploy.jar1335219846581233280
Launcher Type: SUN_STANDARD

Environment Variables:
JAVA_HOME=C:\Program Files\Java\jdk1.8.0_121
PATH=C:\ProgramData\Oracle\Java\javapath;C:\Windows\system32;C:\Windows;C:\Windows\System32\Wbem;C:\Windows\System32\WindowsPowerShell\v1.0\;C:\Qt\Qt5.6.2\5.6\mingw49_32\bin;C:\Qt\Qt5.6.2\Tools\QtCreator\bin;C:\vstudio;C:\Program Files\Java\jdk1.8.0_121\bin;C:\Qt\Qt5.6.2\5.6\mingw49_32\bin;C:\Qt\Qt5.6.2\Tools\mingw492_32;C:\Program Files (x86)\Windows Kits\8.1\Windows Performance Toolkit\;C:\Program Files (x86)\Microsoft Emulator Manager\1.0\C:\MinGW\bin;C:\MinGW\include;C:\MinGW\mingw32\bin;C:\Qt\Qt5.6.2\Tools\mingw492_32\bin;C:\Users\ALEXANDRE\Desktop\gradle-3.5\bin;C:\Program Files\Android\Android Studio\bin;C:\Program Files\Microsoft\Web Platform Installer\;C:\Program Files (x86)\Microsoft ASP.NET\ASP.NET Web Pages\v1.0\;C:\Program Files\Microsoft SQL Server\110\Tools\Binn\;C:\Program Files (x86)\MATLAB\R2013\runtime\win32;C:\Program Files (x86)\MATLAB\R2013\bin;C:\Program Files (x86)\Common Files\lenovo\easyplussdk\bin;C:\android-studio-ide-162.3934792-windows\android-studio\gradle\gradle-4.6-bin;C:\Users\ALEXANDRE\Desktop\bin;C:\Program Files (x86)\Git\cmd;C:\Program Files\Java\jre7\bin;;C:\Program Files (x86)\Microsoft VS Code\bin
USERNAME=ALEXANDRE
OS=Windows_NT
PROCESSOR_IDENTIFIER=Intel64 Family 6 Model 42 Stepping 7, GenuineIntel



---------------  S Y S T E M  ---------------

OS: Windows 10.0 , 64 bit Build 10240 (10.0.10240.17113)

CPU:total 4 (initial active 4) (2 cores per cpu, 2 threads per core) family 6 model 42 stepping 7, cmov, cx8, fxsr, mmx, sse, sse2, sse3, ssse3, sse4.1, sse4.2, popcnt, avx, clmul, ht, tsc, tscinvbit

Memory: 4k page, physical 4140908k(184636k free), swap 5575532k(1480k free)

vm_info: OpenJDK 64-Bit Server VM (25.152-b02) for windows-amd64 JRE (1.8.0_152-release-1024-b02), built by "builder" with MS VC++ 10.0 (VS2010)

time: Mon Jan 28 14:35:44 2019
elapsed time: 9 seconds (0d 0h 0m 9s)

