#
# There is insufficient memory for the Java Runtime Environment to continue.
# Native memory allocation (malloc) failed to allocate 32744 bytes for ChunkPool::allocate
# Possible reasons:
#   The system is out of physical RAM or swap space
#   In 32 bit mode, the process size limit was hit
# Possible solutions:
#   Reduce memory load on the system
#   Increase physical memory or swap space
#   Check if swap backing store is full
#   Use 64 bit Java on a 64 bit OS
#   Decrease Java heap size (-Xmx/-Xms)
#   Decrease number of Java threads
#   Decrease Java thread stack sizes (-Xss)
#   Set larger code cache with -XX:ReservedCodeCacheSize=
# This output file may be truncated or incomplete.
#
#  Out of Memory Error (allocation.cpp:273), pid=5764, tid=0x0000000000000ef0
#
# JRE version: OpenJDK Runtime Environment (8.0_152-b02) (build 1.8.0_152-release-1024-b02)
# Java VM: OpenJDK 64-Bit Server VM (25.152-b02 mixed mode windows-amd64 compressed oops)
# Failed to write core dump. Minidumps are not enabled by default on client versions of Windows
#

---------------  T H R E A D  ---------------

Current thread (0x000000001324c800):  JavaThread "C2 CompilerThread1" daemon [_thread_in_native, id=3824, stack(0x0000000014990000,0x0000000014a90000)]

Stack: [0x0000000014990000,0x0000000014a90000]
[error occurred during error reporting (printing stack bounds), id 0xc0000005]

Native frames: (J=compiled Java code, j=interpreted, Vv=VM code, C=native code)


Current CompileTask:
C2:   7284  874 %     4       org.objectweb.asm.ClassReader::a @ 74 (3587 bytes)


---------------  P R O C E S S  ---------------

Java Threads: ( => current thread )
  0x0000000014a9a000 JavaThread "Service Thread" daemon [_thread_blocked, id=3556, stack(0x0000000014f90000,0x0000000015090000)]
  0x0000000014a93800 JavaThread "C1 CompilerThread2" daemon [_thread_blocked, id=4732, stack(0x0000000014e90000,0x0000000014f90000)]
=>0x000000001324c800 JavaThread "C2 CompilerThread1" daemon [_thread_in_native, id=3824, stack(0x0000000014990000,0x0000000014a90000)]
  0x000000001325b800 JavaThread "C2 CompilerThread0" daemon [_thread_blocked, id=3684, stack(0x0000000014890000,0x0000000014990000)]
  0x000000001325a800 JavaThread "Attach Listener" daemon [_thread_blocked, id=2736, stack(0x0000000014790000,0x0000000014890000)]
  0x0000000013259000 JavaThread "Signal Dispatcher" daemon [_thread_blocked, id=3780, stack(0x0000000014690000,0x0000000014790000)]
  0x000000001323e000 JavaThread "Finalizer" daemon [_thread_blocked, id=3728, stack(0x00000000144a0000,0x00000000145a0000)]
  0x0000000002e86000 JavaThread "Reference Handler" daemon [_thread_blocked, id=5012, stack(0x00000000143a0000,0x00000000144a0000)]
  0x0000000002d95000 JavaThread "main" [_thread_in_native, id=888, stack(0x0000000002c90000,0x0000000002d90000)]

Other Threads:
  0x0000000013216800 VMThread [stack: 0x00000000142a0000,0x00000000143a0000] [id=368]
  0x0000000014a9c000 WatcherThread [stack: 0x0000000015090000,0x0000000015190000] [id=4444]

VM state:not at safepoint (normal execution)

VM Mutex/Monitor currently owned by a thread: None

Heap:
 PSYoungGen      total 18944K, used 12407K [0x00000000feb00000, 0x0000000100000000, 0x0000000100000000)
  eden space 16384K, 60% used [0x00000000feb00000,0x00000000ff4a3628,0x00000000ffb00000)
  from space 2560K, 99% used [0x00000000ffd80000,0x00000000ffffa7f0,0x0000000100000000)
  to   space 2560K, 0% used [0x00000000ffb00000,0x00000000ffb00000,0x00000000ffd80000)
 ParOldGen       total 44032K, used 5336K [0x00000000fc000000, 0x00000000feb00000, 0x00000000feb00000)
  object space 44032K, 12% used [0x00000000fc000000,0x00000000fc536370,0x00000000feb00000)
 Metaspace       used 7575K, capacity 7780K, committed 7936K, reserved 1056768K
  class space    used 869K, capacity 956K, committed 1024K, reserved 1048576K

Card table byte_map: [0x0000000012250000,0x0000000012280000] byte_map_base: 0x0000000011a70000

Marking Bits: (ParMarkBitMap*) 0x0000000068524970
 Begin Bits: [0x0000000012680000, 0x0000000012780000)
 End Bits:   [0x0000000012780000, 0x0000000012880000)

Polling page: 0x0000000002b00000

CodeCache: size=245760Kb used=3830Kb max_used=3842Kb free=241929Kb
 bounds [0x0000000002e90000, 0x0000000003260000, 0x0000000011e90000]
 total_blobs=1343 nmethods=1012 adapters=245
 compilation: enabled

Compilation events (10 events):
Event: 6.643 Thread 0x0000000014a93800 1010   !   3       java.nio.file.FileTreeWalker::getAttributes (94 bytes)
Event: 6.644 Thread 0x0000000014a93800 nmethod 1010 0x00000000032490d0 code [0x0000000003249320, 0x000000000324a458]
Event: 6.813 Thread 0x0000000014a93800 1011       3       java.util.stream.ForEachOps$ForEachOp$OfRef::accept (11 bytes)
Event: 6.814 Thread 0x0000000014a93800 nmethod 1011 0x0000000003244610 code [0x0000000003244780, 0x00000000032449a8]
Event: 6.814 Thread 0x0000000014a93800 1012       3       com.google.devtools.build.android.desugar.DirectoryInputFileProvider$1::accept (9 bytes)
Event: 6.814 Thread 0x0000000014a93800 nmethod 1012 0x000000000324e150 code [0x000000000324e2c0, 0x000000000324e568]
Event: 6.814 Thread 0x0000000014a93800 1013       3       com.google.devtools.build.android.desugar.DirectoryInputFileProvider$1::accept (48 bytes)
Event: 6.816 Thread 0x0000000014a93800 nmethod 1013 0x000000000324e610 code [0x000000000324e860, 0x000000000324f768]
Event: 6.820 Thread 0x000000001325b800 1014       4       java.util.ArrayList::add (29 bytes)
Event: 6.827 Thread 0x000000001325b800 nmethod 1014 0x0000000003252e10 code [0x0000000003252f60, 0x0000000003253288]

GC Heap History (4 events):
Event: 3.863 GC heap before
{Heap before GC invocations=1 (full 0):
 PSYoungGen      total 18944K, used 16384K [0x00000000feb00000, 0x0000000100000000, 0x0000000100000000)
  eden space 16384K, 100% used [0x00000000feb00000,0x00000000ffb00000,0x00000000ffb00000)
  from space 2560K, 0% used [0x00000000ffd80000,0x00000000ffd80000,0x0000000100000000)
  to   space 2560K, 0% used [0x00000000ffb00000,0x00000000ffb00000,0x00000000ffd80000)
 ParOldGen       total 44032K, used 0K [0x00000000fc000000, 0x00000000feb00000, 0x00000000feb00000)
  object space 44032K, 0% used [0x00000000fc000000,0x00000000fc000000,0x00000000feb00000)
 Metaspace       used 6515K, capacity 6610K, committed 6784K, reserved 1056768K
  class space    used 768K, capacity 823K, committed 896K, reserved 1048576K
Event: 3.870 GC heap after
Heap after GC invocations=1 (full 0):
 PSYoungGen      total 18944K, used 2528K [0x00000000feb00000, 0x0000000100000000, 0x0000000100000000)
  eden space 16384K, 0% used [0x00000000feb00000,0x00000000feb00000,0x00000000ffb00000)
  from space 2560K, 98% used [0x00000000ffb00000,0x00000000ffd78030,0x00000000ffd80000)
  to   space 2560K, 0% used [0x00000000ffd80000,0x00000000ffd80000,0x0000000100000000)
 ParOldGen       total 44032K, used 1657K [0x00000000fc000000, 0x00000000feb00000, 0x00000000feb00000)
  object space 44032K, 3% used [0x00000000fc000000,0x00000000fc19e580,0x00000000feb00000)
 Metaspace       used 6515K, capacity 6610K, committed 6784K, reserved 1056768K
  class space    used 768K, capacity 823K, committed 896K, reserved 1048576K
}
Event: 5.990 GC heap before
{Heap before GC invocations=2 (full 0):
 PSYoungGen      total 18944K, used 18912K [0x00000000feb00000, 0x0000000100000000, 0x0000000100000000)
  eden space 16384K, 100% used [0x00000000feb00000,0x00000000ffb00000,0x00000000ffb00000)
  from space 2560K, 98% used [0x00000000ffb00000,0x00000000ffd78030,0x00000000ffd80000)
  to   space 2560K, 0% used [0x00000000ffd80000,0x00000000ffd80000,0x0000000100000000)
 ParOldGen       total 44032K, used 1657K [0x00000000fc000000, 0x00000000feb00000, 0x00000000feb00000)
  object space 44032K, 3% used [0x00000000fc000000,0x00000000fc19e580,0x00000000feb00000)
 Metaspace       used 7527K, capacity 7712K, committed 7936K, reserved 1056768K
  class space    used 868K, capacity 956K, committed 1024K, reserved 1048576K
Event: 6.075 GC heap after
Heap after GC invocations=2 (full 0):
 PSYoungGen      total 18944K, used 2537K [0x00000000feb00000, 0x0000000100000000, 0x0000000100000000)
  eden space 16384K, 0% used [0x00000000feb00000,0x00000000feb00000,0x00000000ffb00000)
  from space 2560K, 99% used [0x00000000ffd80000,0x00000000ffffa7f0,0x0000000100000000)
  to   space 2560K, 0% used [0x00000000ffb00000,0x00000000ffb00000,0x00000000ffd80000)
 ParOldGen       total 44032K, used 5336K [0x00000000fc000000, 0x00000000feb00000, 0x00000000feb00000)
  object space 44032K, 12% used [0x00000000fc000000,0x00000000fc536370,0x00000000feb00000)
 Metaspace       used 7527K, capacity 7712K, committed 7936K, reserved 1056768K
  class space    used 868K, capacity 956K, committed 1024K, reserved 1048576K
}

Deoptimization events (10 events):
Event: 3.923 Thread 0x0000000002d95000 Uncommon trap: reason=unstable_if action=reinterpret pc=0x00000000030b235c method=java.util.zip.ZipCoder.decoder()Ljava/nio/charset/CharsetDecoder; @ 4
Event: 3.924 Thread 0x0000000002d95000 Uncommon trap: reason=unstable_if action=reinterpret pc=0x00000000030b72ac method=java.util.zip.ZipCoder.decoder()Ljava/nio/charset/CharsetDecoder; @ 4
Event: 3.938 Thread 0x0000000002d95000 Uncommon trap: reason=unstable_if action=reinterpret pc=0x00000000030d5408 method=java.util.HashMap$HashIterator.nextNode()Ljava/util/HashMap$Node; @ 74
Event: 4.952 Thread 0x0000000002d95000 Uncommon trap: reason=unstable_if action=reinterpret pc=0x00000000030d5988 method=java.util.HashMap$HashIterator.nextNode()Ljava/util/HashMap$Node; @ 74
Event: 5.342 Thread 0x0000000002d95000 Uncommon trap: reason=unloaded action=reinterpret pc=0x00000000030b8d7c method=java.util.zip.ZipEntry.setExtra0([BZ)V @ 37
Event: 5.977 Thread 0x0000000002d95000 Uncommon trap: reason=unstable_if action=reinterpret pc=0x00000000031c4948 method=org.objectweb.asm.Item.a(Lorg/objectweb/asm/Item;)Z @ 251
Event: 6.093 Thread 0x0000000002d95000 Uncommon trap: reason=unstable_if action=reinterpret pc=0x00000000031bf3bc method=org.objectweb.asm.MethodWriter.visitVarInsn(II)V @ 142
Event: 6.175 Thread 0x0000000002d95000 Uncommon trap: reason=unstable_if action=reinterpret pc=0x000000000318de7c method=java.lang.String.<init>([CII)V @ 18
Event: 6.185 Thread 0x0000000002d95000 Uncommon trap: reason=unstable_if action=reinterpret pc=0x00000000031876cc method=java.lang.String.<init>([CII)V @ 18
Event: 6.230 Thread 0x0000000002d95000 Uncommon trap: reason=unstable_if action=reinterpret pc=0x000000000308072c method=java.lang.String.<init>([CII)V @ 18

Classes redefined (0 events):
No events

Internal exceptions (10 events):
Event: 3.924 Thread 0x0000000002d95000 Implicit null exception at 0x00000000030b6e38 to 0x00000000030b7291
Event: 4.946 Thread 0x0000000002d95000 Exception <a 'sun/nio/fs/WindowsException'> (0x00000000ff136100) thrown at [D:\src\AOSP-openjdk-cygwin\jdk8u\hotspot\src\share\vm\prims\jni.cpp, line 709]
Event: 4.946 Thread 0x0000000002d95000 Exception <a 'sun/nio/fs/WindowsException'> (0x00000000ff1366d0) thrown at [D:\src\AOSP-openjdk-cygwin\jdk8u\hotspot\src\share\vm\prims\jni.cpp, line 709]
Event: 4.947 Thread 0x0000000002d95000 Exception <a 'sun/nio/fs/WindowsException'> (0x00000000ff136cc8) thrown at [D:\src\AOSP-openjdk-cygwin\jdk8u\hotspot\src\share\vm\prims\jni.cpp, line 709]
Event: 4.947 Thread 0x0000000002d95000 Exception <a 'sun/nio/fs/WindowsException'> (0x00000000ff137498) thrown at [D:\src\AOSP-openjdk-cygwin\jdk8u\hotspot\src\share\vm\prims\jni.cpp, line 709]
Event: 4.948 Thread 0x0000000002d95000 Exception <a 'sun/nio/fs/WindowsException'> (0x00000000ff137a68) thrown at [D:\src\AOSP-openjdk-cygwin\jdk8u\hotspot\src\share\vm\prims\jni.cpp, line 709]
Event: 4.948 Thread 0x0000000002d95000 Exception <a 'sun/nio/fs/WindowsException'> (0x00000000ff138228) thrown at [D:\src\AOSP-openjdk-cygwin\jdk8u\hotspot\src\share\vm\prims\jni.cpp, line 709]
Event: 4.975 Thread 0x0000000002d95000 Exception <a 'sun/nio/fs/WindowsException'> (0x00000000ff13d690) thrown at [D:\src\AOSP-openjdk-cygwin\jdk8u\hotspot\src\share\vm\prims\jni.cpp, line 709]
Event: 5.410 Thread 0x0000000002d95000 Exception <a 'sun/nio/fs/WindowsException'> (0x00000000ff611ca8) thrown at [D:\src\AOSP-openjdk-cygwin\jdk8u\hotspot\src\share\vm\prims\jni.cpp, line 709]
Event: 5.410 Thread 0x0000000002d95000 Exception <a 'sun/nio/fs/WindowsException'> (0x00000000ff612258) thrown at [D:\src\AOSP-openjdk-cygwin\jdk8u\hotspot\src\share\vm\prims\jni.cpp, line 709]

Events (10 events):
Event: 6.185 Thread 0x0000000002d95000 Uncommon trap: trap_request=0xffffff65 fr.pc=0x00000000031876cc
Event: 6.185 Thread 0x0000000002d95000 DEOPT PACKING pc=0x00000000031876cc sp=0x0000000002d8e750
Event: 6.185 Thread 0x0000000002d95000 DEOPT UNPACKING pc=0x0000000002ed557b sp=0x0000000002d8e670 mode 2
Event: 6.230 Thread 0x0000000002d95000 Uncommon trap: trap_request=0xffffff65 fr.pc=0x000000000308072c
Event: 6.230 Thread 0x0000000002d95000 DEOPT PACKING pc=0x000000000308072c sp=0x0000000002d8eb60
Event: 6.230 Thread 0x0000000002d95000 DEOPT UNPACKING pc=0x0000000002ed557b sp=0x0000000002d8eb28 mode 2
Event: 6.231 loading class java/util/Vector$Itr
Event: 6.231 loading class java/util/Vector$Itr done
Event: 6.256 loading class com/google/devtools/build/android/desugar/DirectoryOutputFileProvider
Event: 6.256 loading class com/google/devtools/build/android/desugar/DirectoryOutputFileProvider done


Dynamic libraries:
0x00007ff78e000000 - 0x00007ff78e031000 	C:\Program Files\Android\Android Studio1\jre\bin\java.exe
0x00007ffd6e9c0000 - 0x00007ffd6eb82000 	C:\Windows\SYSTEM32\ntdll.dll
0x00007ffd6c480000 - 0x00007ffd6c52d000 	C:\Windows\system32\KERNEL32.DLL
0x00007ffd6bea0000 - 0x00007ffd6c07d000 	C:\Windows\system32\KERNELBASE.dll
0x00007ffd6e000000 - 0x00007ffd6e0a6000 	C:\Windows\system32\ADVAPI32.dll
0x00007ffd6c370000 - 0x00007ffd6c40d000 	C:\Windows\system32\msvcrt.dll
0x00007ffd6e5e0000 - 0x00007ffd6e63b000 	C:\Windows\system32\sechost.dll
0x00007ffd6e640000 - 0x00007ffd6e766000 	C:\Windows\system32\RPCRT4.dll
0x00007ffd6e860000 - 0x00007ffd6e9ae000 	C:\Windows\system32\USER32.dll
0x00007ffd6c080000 - 0x00007ffd6c203000 	C:\Windows\system32\GDI32.dll
0x00007ffd60d10000 - 0x00007ffd60f84000 	C:\Windows\WinSxS\amd64_microsoft.windows.common-controls_6595b64144ccf1df_6.0.10240.17184_none_f41d7a705752bce6\COMCTL32.dll
0x00007ffd6e540000 - 0x00007ffd6e576000 	C:\Windows\system32\IMM32.DLL
0x00007ffd6c210000 - 0x00007ffd6c36c000 	C:\Windows\system32\MSCTF.dll
0x0000000067c80000 - 0x0000000067d52000 	C:\Program Files\Android\Android Studio1\jre\jre\bin\msvcr100.dll
0x0000000067d60000 - 0x000000006859f000 	C:\Program Files\Android\Android Studio1\jre\jre\bin\server\jvm.dll
0x00007ffd6c9f0000 - 0x00007ffd6c9f8000 	C:\Windows\system32\PSAPI.DLL
0x00007ffd69610000 - 0x00007ffd69633000 	C:\Windows\SYSTEM32\WINMM.dll
0x00007ffd61020000 - 0x00007ffd6102a000 	C:\Windows\SYSTEM32\VERSION.dll
0x0000000002ad0000 - 0x0000000002afc000 	C:\Windows\SYSTEM32\WINMMBASE.dll
0x00007ffd6be50000 - 0x00007ffd6be94000 	C:\Windows\system32\cfgmgr32.dll
0x00007ffd69d60000 - 0x00007ffd69d87000 	C:\Windows\SYSTEM32\DEVOBJ.dll
0x00007ffd668e0000 - 0x00007ffd668e9000 	C:\Windows\SYSTEM32\WSOCK32.dll
0x00007ffd6ca00000 - 0x00007ffd6ca69000 	C:\Windows\system32\WS2_32.dll
0x00007ffd6e9b0000 - 0x00007ffd6e9b8000 	C:\Windows\system32\NSI.dll
0x00007ffd66020000 - 0x00007ffd6602f000 	C:\Program Files\Android\Android Studio1\jre\jre\bin\verify.dll
0x00007ffd63ca0000 - 0x00007ffd63cc9000 	C:\Program Files\Android\Android Studio1\jre\jre\bin\java.dll
0x00007ffd641f0000 - 0x00007ffd64206000 	C:\Program Files\Android\Android Studio1\jre\jre\bin\zip.dll
0x00007ffd6cad0000 - 0x00007ffd6dff3000 	C:\Windows\system32\SHELL32.dll
0x00007ffd6b480000 - 0x00007ffd6baa9000 	C:\Windows\system32\windows.storage.dll
0x00007ffd6e260000 - 0x00007ffd6e4dc000 	C:\Windows\system32\combase.dll
0x00007ffd6e580000 - 0x00007ffd6e5d1000 	C:\Windows\system32\shlwapi.dll
0x00007ffd6b400000 - 0x00007ffd6b40f000 	C:\Windows\system32\kernel.appcore.dll
0x00007ffd6bce0000 - 0x00007ffd6bd93000 	C:\Windows\system32\shcore.dll
0x00007ffd6b430000 - 0x00007ffd6b47a000 	C:\Windows\system32\powrprof.dll
0x00007ffd6b410000 - 0x00007ffd6b423000 	C:\Windows\system32\profapi.dll
0x00007ffd6acb0000 - 0x00007ffd6acc7000 	C:\Windows\SYSTEM32\CRYPTSP.dll
0x00007ffd6b270000 - 0x00007ffd6b298000 	C:\Windows\SYSTEM32\bcrypt.dll
0x00007ffd6a900000 - 0x00007ffd6a933000 	C:\Windows\system32\rsaenh.dll
0x00007ffd6aa30000 - 0x00007ffd6aa4f000 	C:\Windows\SYSTEM32\USERENV.dll
0x00007ffd6b200000 - 0x00007ffd6b26b000 	C:\Windows\system32\bcryptprimitives.dll
0x00007ffd6ae00000 - 0x00007ffd6ae0b000 	C:\Windows\SYSTEM32\CRYPTBASE.dll
0x00007ffd63c00000 - 0x00007ffd63c1a000 	C:\Program Files\Android\Android Studio1\jre\jre\bin\net.dll
0x00007ffd6ac50000 - 0x00007ffd6acad000 	C:\Windows\system32\mswsock.dll
0x00007ffd686e0000 - 0x00007ffd68718000 	C:\Windows\SYSTEM32\IPHLPAPI.DLL
0x00007ffd68500000 - 0x00007ffd6850b000 	C:\Windows\SYSTEM32\WINNSI.DLL
0x00007ffd66940000 - 0x00007ffd66956000 	C:\Windows\SYSTEM32\dhcpcsvc6.DLL
0x00007ffd66920000 - 0x00007ffd6693a000 	C:\Windows\SYSTEM32\dhcpcsvc.DLL
0x00007ffd63940000 - 0x00007ffd63951000 	C:\Program Files\Android\Android Studio1\jre\jre\bin\nio.dll

VM Arguments:
jvm_args: -Djava.awt.headless=true -Xmx64M -Dfile.encoding=windows-1252 -Duser.country=US -Duser.language=en -Duser.variant 
java_command: com.google.devtools.build.android.desugar.Desugar --input C:\Users\ALEXANDRE\AndroidStudioProjects\SitaProject\app\build\intermediates\transforms\stackFramesFixer\debug\20.jar --output C:\Users\ALEXANDRE\AndroidStudioProjects\SitaProject\app\build\intermediates\transforms\desugar\debug\21.jar --input C:\Users\ALEXANDRE\AndroidStudioProjects\SitaProject\app\build\intermediates\classes\debug --output C:\Users\ALEXANDRE\AndroidStudioProjects\SitaProject\app\build\intermediates\transforms\desugar\debug\0 --input C:\Users\ALEXANDRE\AndroidStudioProjects\SitaProject\app\build\intermediates\transforms\stackFramesFixer\debug\24.jar --output C:\Users\ALEXANDRE\AndroidStudioProjects\SitaProject\app\build\intermediates\transforms\desugar\debug\25.jar --input C:\Users\ALEXANDRE\AndroidStudioProjects\SitaProject\app\build\intermediates\transforms\stackFramesFixer\debug\10.jar --output C:\Users\ALEXANDRE\AndroidStudioProjects\SitaProject\app\build\intermediates\transforms\desugar\debug\11.jar --input C:\Users\ALEXANDRE\AndroidStudioProjects\SitaProject\app\build\intermediates\transforms\stackFramesFixer\debug\11.jar --output C:\Users\ALEXANDRE\AndroidStudioProjects\SitaProject\app\build\intermediates\transforms\desugar\debug\12.jar --input C:\Users\ALEXANDRE\AndroidStudioProjects\SitaProject\app\build\intermediates\transforms\stackFramesFixer\debug\8.jar --output C:\Users\ALEXANDRE\AndroidStudioProjects\SitaProject\app\build\intermediates\transforms\desugar\debug\9.jar --input C:\Users\ALEXANDRE\AndroidStudioProjects\SitaProject\app\build\intermediates\transforms\stackFramesFixer\debug\22.jar --output C:\Users\ALEXANDRE\AndroidStudioProjects\SitaProject\app\build\intermediates\transforms\desugar\debug\23.jar --input C:\Users\ALEXANDRE\AndroidStudioProjects\SitaProject\app\build\intermediates\transforms\stackFramesFixer\debug\2.jar --output C:\Users\ALEXANDRE\AndroidStudioProjects\SitaProject\app\build\intermediates\transforms\desugar\debug\3.jar --input C:\Users\A
java_class_path (initial): C:\Users\ALEXAN~1\AppData\Local\Temp\desugar_deploy.jar6689267638025455437
Launcher Type: SUN_STANDARD

Environment Variables:
JAVA_HOME=C:\Program Files\Java\jdk1.8.0_121
PATH=C:\ProgramData\Oracle\Java\javapath;C:\Windows\system32;C:\Windows;C:\Windows\System32\Wbem;C:\Windows\System32\WindowsPowerShell\v1.0\;C:\Qt\Qt5.6.2\5.6\mingw49_32\bin;C:\Qt\Qt5.6.2\Tools\QtCreator\bin;C:\vstudio;C:\Program Files\Java\jdk1.8.0_121\bin;C:\Qt\Qt5.6.2\5.6\mingw49_32\bin;C:\Qt\Qt5.6.2\Tools\mingw492_32;C:\Program Files (x86)\Windows Kits\8.1\Windows Performance Toolkit\;C:\Program Files (x86)\Microsoft Emulator Manager\1.0\C:\MinGW\bin;C:\MinGW\include;C:\MinGW\mingw32\bin;C:\Qt\Qt5.6.2\Tools\mingw492_32\bin;C:\Users\ALEXANDRE\Desktop\gradle-3.5\bin;C:\Program Files\Android\Android Studio\bin;C:\Program Files\Microsoft\Web Platform Installer\;C:\Program Files (x86)\Microsoft ASP.NET\ASP.NET Web Pages\v1.0\;C:\Program Files\Microsoft SQL Server\110\Tools\Binn\;C:\Program Files (x86)\MATLAB\R2013\runtime\win32;C:\Program Files (x86)\MATLAB\R2013\bin;C:\Program Files (x86)\Common Files\lenovo\easyplussdk\bin;C:\android-studio-ide-162.3934792-windows\android-studio\gradle\gradle-4.6-bin;C:\Users\ALEXANDRE\Desktop\bin;C:\Program Files (x86)\Git\cmd;C:\Program Files\Java\jre7\bin;;C:\Program Files (x86)\Microsoft VS Code\bin
USERNAME=ALEXANDRE
OS=Windows_NT
PROCESSOR_IDENTIFIER=Intel64 Family 6 Model 42 Stepping 7, GenuineIntel



---------------  S Y S T E M  ---------------

OS: Windows 10.0 , 64 bit Build 10240 (10.0.10240.17113)

CPU:total 4 (initial active 4) (2 cores per cpu, 2 threads per core) family 6 model 42 stepping 7, cmov, cx8, fxsr, mmx, sse, sse2, sse3, ssse3, sse4.1, sse4.2, popcnt, avx, clmul, ht, tsc, tscinvbit

Memory: 4k page, physical 4140908k(396428k free), swap 5575532k(162176k free)

vm_info: OpenJDK 64-Bit Server VM (25.152-b02) for windows-amd64 JRE (1.8.0_152-release-1024-b02), built by "builder" with MS VC++ 10.0 (VS2010)

time: Tue Aug 14 14:34:54 2018
elapsed time: 7 seconds (0d 0h 0m 7s)

