#
# There is insufficient memory for the Java Runtime Environment to continue.
# Native memory allocation (malloc) failed to allocate 1631744 bytes for Chunk::new
# Possible reasons:
#   The system is out of physical RAM or swap space
#   In 32 bit mode, the process size limit was hit
# Possible solutions:
#   Reduce memory load on the system
#   Increase physical memory or swap space
#   Check if swap backing store is full
#   Use 64 bit Java on a 64 bit OS
#   Decrease Java heap size (-Xmx/-Xms)
#   Decrease number of Java threads
#   Decrease Java thread stack sizes (-Xss)
#   Set larger code cache with -XX:ReservedCodeCacheSize=
# This output file may be truncated or incomplete.
#
#  Out of Memory Error (allocation.cpp:390), pid=157336, tid=0x0000000000026824
#
# JRE version: OpenJDK Runtime Environment (8.0_152-b02) (build 1.8.0_152-release-1024-b02)
# Java VM: OpenJDK 64-Bit Server VM (25.152-b02 mixed mode windows-amd64 compressed oops)
# Failed to write core dump. Minidumps are not enabled by default on client versions of Windows
#

---------------  T H R E A D  ---------------

Current thread (0x000000001282e800):  JavaThread "C2 CompilerThread1" daemon [_thread_in_native, id=157732, stack(0x0000000013f30000,0x0000000014030000)]

Stack: [0x0000000013f30000,0x0000000014030000]
[error occurred during error reporting (printing stack bounds), id 0xc0000005]

Native frames: (J=compiled Java code, j=interpreted, Vv=VM code, C=native code)


Current CompileTask:
C2:  12596  936       4       org.objectweb.asm.ClassReader::a (3587 bytes)


---------------  P R O C E S S  ---------------

Java Threads: ( => current thread )
  0x0000000014044000 JavaThread "Service Thread" daemon [_thread_blocked, id=157740, stack(0x0000000014530000,0x0000000014630000)]
  0x0000000012839000 JavaThread "C1 CompilerThread2" daemon [_thread_blocked, id=157736, stack(0x0000000014430000,0x0000000014530000)]
=>0x000000001282e800 JavaThread "C2 CompilerThread1" daemon [_thread_in_native, id=157732, stack(0x0000000013f30000,0x0000000014030000)]
  0x00000000127eb800 JavaThread "C2 CompilerThread0" daemon [_thread_blocked, id=157728, stack(0x0000000013e30000,0x0000000013f30000)]
  0x00000000127ea000 JavaThread "Attach Listener" daemon [_thread_blocked, id=157724, stack(0x0000000013d30000,0x0000000013e30000)]
  0x00000000127e8800 JavaThread "Signal Dispatcher" daemon [_thread_blocked, id=157720, stack(0x0000000013c30000,0x0000000013d30000)]
  0x00000000127ce000 JavaThread "Finalizer" daemon [_thread_blocked, id=157716, stack(0x0000000013a40000,0x0000000013b40000)]
  0x0000000002456000 JavaThread "Reference Handler" daemon [_thread_blocked, id=157712, stack(0x0000000013940000,0x0000000013a40000)]
  0x0000000002365800 JavaThread "main" [_thread_in_native, id=156348, stack(0x0000000002260000,0x0000000002360000)]

Other Threads:
  0x00000000127a6000 VMThread [stack: 0x0000000013840000,0x0000000013940000] [id=157708]
  0x0000000014045800 WatcherThread [stack: 0x0000000014630000,0x0000000014730000] [id=157744]

VM state:not at safepoint (normal execution)

VM Mutex/Monitor currently owned by a thread: None

Heap:
 PSYoungGen      total 18944K, used 13843K [0x00000000feb00000, 0x0000000100000000, 0x0000000100000000)
  eden space 16384K, 68% used [0x00000000feb00000,0x00000000ff6090b8,0x00000000ffb00000)
  from space 2560K, 99% used [0x00000000ffd80000,0x00000000ffffbb98,0x0000000100000000)
  to   space 2560K, 0% used [0x00000000ffb00000,0x00000000ffb00000,0x00000000ffd80000)
 ParOldGen       total 44032K, used 5628K [0x00000000fc000000, 0x00000000feb00000, 0x00000000feb00000)
  object space 44032K, 12% used [0x00000000fc000000,0x00000000fc57f030,0x00000000feb00000)
 Metaspace       used 7831K, capacity 8000K, committed 8192K, reserved 1056768K
  class space    used 904K, capacity 988K, committed 1024K, reserved 1048576K

Card table byte_map: [0x0000000001fe0000,0x0000000002010000] byte_map_base: 0x0000000001800000

Marking Bits: (ParMarkBitMap*) 0x000000005c554970
 Begin Bits: [0x0000000011c20000, 0x0000000011d20000)
 End Bits:   [0x0000000011d20000, 0x0000000011e20000)

Polling page: 0x0000000001fb0000

CodeCache: size=245760Kb used=3865Kb max_used=3876Kb free=241894Kb
 bounds [0x0000000002460000, 0x0000000002830000, 0x0000000011460000]
 total_blobs=1376 nmethods=1045 adapters=245
 compilation: enabled

Compilation events (10 events):
Event: 12.524 Thread 0x00000000127eb800 1037       4       org.objectweb.asm.MethodWriter::visitInsn (114 bytes)
Event: 12.524 Thread 0x0000000012839000 1039       1       sun.util.calendar.CalendarDate::getZone (5 bytes)
Event: 12.524 Thread 0x0000000012839000 nmethod 1039 0x0000000002819c50 code [0x0000000002819da0, 0x0000000002819eb0]
Event: 12.524 Thread 0x0000000012839000 1040       1       sun.util.calendar.CalendarDate::isNormalized (5 bytes)
Event: 12.524 Thread 0x0000000012839000 nmethod 1040 0x0000000002819990 code [0x0000000002819ae0, 0x0000000002819bf0]
Event: 12.524 Thread 0x0000000012839000 1041       3       sun.util.calendar.BaseCalendar::isLeapYear (5 bytes)
Event: 12.524 Thread 0x0000000012839000 nmethod 1041 0x0000000002819410 code [0x0000000002819580, 0x0000000002819870]
Event: 12.524 Thread 0x0000000012839000 1042       3       sun.util.calendar.CalendarDate::setLeapYear (6 bytes)
Event: 12.525 Thread 0x0000000012839000 nmethod 1042 0x0000000002819110 code [0x0000000002819260, 0x00000000028193b0]
Event: 12.528 Thread 0x00000000127eb800 nmethod 1037 0x0000000002826110 code [0x0000000002826260, 0x00000000028264a8]

GC Heap History (4 events):
Event: 6.998 GC heap before
{Heap before GC invocations=1 (full 0):
 PSYoungGen      total 18944K, used 16384K [0x00000000feb00000, 0x0000000100000000, 0x0000000100000000)
  eden space 16384K, 100% used [0x00000000feb00000,0x00000000ffb00000,0x00000000ffb00000)
  from space 2560K, 0% used [0x00000000ffd80000,0x00000000ffd80000,0x0000000100000000)
  to   space 2560K, 0% used [0x00000000ffb00000,0x00000000ffb00000,0x00000000ffd80000)
 ParOldGen       total 44032K, used 0K [0x00000000fc000000, 0x00000000feb00000, 0x00000000feb00000)
  object space 44032K, 0% used [0x00000000fc000000,0x00000000fc000000,0x00000000feb00000)
 Metaspace       used 6502K, capacity 6674K, committed 6784K, reserved 1056768K
  class space    used 768K, capacity 823K, committed 896K, reserved 1048576K
Event: 7.005 GC heap after
Heap after GC invocations=1 (full 0):
 PSYoungGen      total 18944K, used 2528K [0x00000000feb00000, 0x0000000100000000, 0x0000000100000000)
  eden space 16384K, 0% used [0x00000000feb00000,0x00000000feb00000,0x00000000ffb00000)
  from space 2560K, 98% used [0x00000000ffb00000,0x00000000ffd78030,0x00000000ffd80000)
  to   space 2560K, 0% used [0x00000000ffd80000,0x00000000ffd80000,0x0000000100000000)
 ParOldGen       total 44032K, used 1693K [0x00000000fc000000, 0x00000000feb00000, 0x00000000feb00000)
  object space 44032K, 3% used [0x00000000fc000000,0x00000000fc1a74d8,0x00000000feb00000)
 Metaspace       used 6502K, capacity 6674K, committed 6784K, reserved 1056768K
  class space    used 768K, capacity 823K, committed 896K, reserved 1048576K
}
Event: 11.531 GC heap before
{Heap before GC invocations=2 (full 0):
 PSYoungGen      total 18944K, used 18912K [0x00000000feb00000, 0x0000000100000000, 0x0000000100000000)
  eden space 16384K, 100% used [0x00000000feb00000,0x00000000ffb00000,0x00000000ffb00000)
  from space 2560K, 98% used [0x00000000ffb00000,0x00000000ffd78030,0x00000000ffd80000)
  to   space 2560K, 0% used [0x00000000ffd80000,0x00000000ffd80000,0x0000000100000000)
 ParOldGen       total 44032K, used 1693K [0x00000000fc000000, 0x00000000feb00000, 0x00000000feb00000)
  object space 44032K, 3% used [0x00000000fc000000,0x00000000fc1a74d8,0x00000000feb00000)
 Metaspace       used 7683K, capacity 7872K, committed 7936K, reserved 1056768K
  class space    used 898K, capacity 988K, committed 1024K, reserved 1048576K
Event: 11.549 GC heap after
Heap after GC invocations=2 (full 0):
 PSYoungGen      total 18944K, used 2542K [0x00000000feb00000, 0x0000000100000000, 0x0000000100000000)
  eden space 16384K, 0% used [0x00000000feb00000,0x00000000feb00000,0x00000000ffb00000)
  from space 2560K, 99% used [0x00000000ffd80000,0x00000000ffffbb98,0x0000000100000000)
  to   space 2560K, 0% used [0x00000000ffb00000,0x00000000ffb00000,0x00000000ffd80000)
 ParOldGen       total 44032K, used 5628K [0x00000000fc000000, 0x00000000feb00000, 0x00000000feb00000)
  object space 44032K, 12% used [0x00000000fc000000,0x00000000fc57f030,0x00000000feb00000)
 Metaspace       used 7683K, capacity 7872K, committed 7936K, reserved 1056768K
  class space    used 898K, capacity 988K, committed 1024K, reserved 1048576K
}

Deoptimization events (10 events):
Event: 10.366 Thread 0x0000000002365800 Uncommon trap: reason=class_check action=maybe_recompile pc=0x000000000267c550 method=com.google.common.collect.Iterators$7.transform(Ljava/lang/Object;)Ljava/lang/Object; @ 5
Event: 10.619 Thread 0x0000000002365800 Uncommon trap: reason=unstable_if action=reinterpret pc=0x0000000002657d2c method=java.lang.String.<init>([CII)V @ 18
Event: 10.620 Thread 0x0000000002365800 Uncommon trap: reason=unstable_if action=reinterpret pc=0x000000000267ab1c method=java.util.zip.ZipFile$ZipEntryIterator.hasNext()Z @ 25
Event: 11.527 Thread 0x0000000002365800 Uncommon trap: reason=unstable_if action=reinterpret pc=0x00000000027a5c40 method=org.objectweb.asm.Item.a(Lorg/objectweb/asm/Item;)Z @ 345
Event: 11.800 Thread 0x0000000002365800 Uncommon trap: reason=unstable_if action=reinterpret pc=0x00000000027b415c method=org.objectweb.asm.Type.getArgumentsAndReturnSizes(Ljava/lang/String;)I @ 47
Event: 12.476 Thread 0x0000000002365800 Uncommon trap: reason=class_check action=maybe_recompile pc=0x0000000002803e08 method=org.objectweb.asm.tree.VarInsnNode.accept(Lorg/objectweb/asm/MethodVisitor;)V @ 9
Event: 12.476 Thread 0x0000000002365800 Uncommon trap: reason=class_check action=maybe_recompile pc=0x0000000002803e08 method=org.objectweb.asm.tree.VarInsnNode.accept(Lorg/objectweb/asm/MethodVisitor;)V @ 9
Event: 12.476 Thread 0x0000000002365800 Uncommon trap: reason=class_check action=maybe_recompile pc=0x0000000002803e08 method=org.objectweb.asm.tree.VarInsnNode.accept(Lorg/objectweb/asm/MethodVisitor;)V @ 9
Event: 12.476 Thread 0x0000000002365800 Uncommon trap: reason=class_check action=maybe_recompile pc=0x0000000002803e08 method=org.objectweb.asm.tree.VarInsnNode.accept(Lorg/objectweb/asm/MethodVisitor;)V @ 9
Event: 12.497 Thread 0x0000000002365800 Uncommon trap: reason=unstable_if action=reinterpret pc=0x0000000002815634 method=org.objectweb.asm.tree.MethodNode.getLabelNodes([Ljava/lang/Object;)[Ljava/lang/Object; @ 24

Classes redefined (0 events):
No events

Internal exceptions (10 events):
Event: 9.348 Thread 0x0000000002365800 Exception <a 'sun/nio/fs/WindowsException'> (0x00000000ff124610) thrown at [D:\src\AOSP-openjdk-cygwin\jdk8u\hotspot\src\share\vm\prims\jni.cpp, line 709]
Event: 9.449 Thread 0x0000000002365800 Exception <a 'sun/nio/fs/WindowsException'> (0x00000000ff129a78) thrown at [D:\src\AOSP-openjdk-cygwin\jdk8u\hotspot\src\share\vm\prims\jni.cpp, line 709]
Event: 10.220 Thread 0x0000000002365800 Exception <a 'sun/nio/fs/WindowsException'> (0x00000000ff644978) thrown at [D:\src\AOSP-openjdk-cygwin\jdk8u\hotspot\src\share\vm\prims\jni.cpp, line 709]
Event: 10.220 Thread 0x0000000002365800 Exception <a 'sun/nio/fs/WindowsException'> (0x00000000ff644f28) thrown at [D:\src\AOSP-openjdk-cygwin\jdk8u\hotspot\src\share\vm\prims\jni.cpp, line 709]
Event: 10.658 Thread 0x0000000002365800 Exception <a 'sun/nio/fs/WindowsException'> (0x00000000ff834de0) thrown at [D:\src\AOSP-openjdk-cygwin\jdk8u\hotspot\src\share\vm\prims\jni.cpp, line 709]
Event: 10.658 Thread 0x0000000002365800 Exception <a 'sun/nio/fs/WindowsException'> (0x00000000ff835310) thrown at [D:\src\AOSP-openjdk-cygwin\jdk8u\hotspot\src\share\vm\prims\jni.cpp, line 709]
Event: 11.312 Thread 0x0000000002365800 Exception <a 'sun/nio/fs/WindowsException'> (0x00000000ff8c7d28) thrown at [D:\src\AOSP-openjdk-cygwin\jdk8u\hotspot\src\share\vm\prims\jni.cpp, line 709]
Event: 11.312 Thread 0x0000000002365800 Exception <a 'sun/nio/fs/WindowsException'> (0x00000000ff8c8258) thrown at [D:\src\AOSP-openjdk-cygwin\jdk8u\hotspot\src\share\vm\prims\jni.cpp, line 709]
Event: 12.214 Thread 0x0000000002365800 Exception <a 'sun/nio/fs/WindowsException'> (0x00000000ff1ef2c0) thrown at [D:\src\AOSP-openjdk-cygwin\jdk8u\hotspot\src\share\vm\prims\jni.cpp, line 709]
Event: 12.214 Thread 0x0000000002365800 Exception <a 'sun/nio/fs/WindowsException'> (0x00000000ff1ef7f0) thrown at [D:\src\AOSP-openjdk-cygwin\jdk8u\hotspot\src\share\vm\prims\jni.cpp, line 709]

Events (10 events):
Event: 12.476 Thread 0x0000000002365800 DEOPT UNPACKING pc=0x00000000024a557b sp=0x000000000235eb58 mode 2
Event: 12.476 Thread 0x0000000002365800 Uncommon trap: trap_request=0xffffffde fr.pc=0x0000000002803e08
Event: 12.476 Thread 0x0000000002365800 DEOPT PACKING pc=0x0000000002803e08 sp=0x000000000235ebc0
Event: 12.476 Thread 0x0000000002365800 DEOPT UNPACKING pc=0x00000000024a557b sp=0x000000000235eb58 mode 2
Event: 12.476 Thread 0x0000000002365800 Uncommon trap: trap_request=0xffffffde fr.pc=0x0000000002803e08
Event: 12.476 Thread 0x0000000002365800 DEOPT PACKING pc=0x0000000002803e08 sp=0x000000000235ebc0
Event: 12.476 Thread 0x0000000002365800 DEOPT UNPACKING pc=0x00000000024a557b sp=0x000000000235eb58 mode 2
Event: 12.497 Thread 0x0000000002365800 Uncommon trap: trap_request=0xffffff65 fr.pc=0x0000000002815634
Event: 12.497 Thread 0x0000000002365800 DEOPT PACKING pc=0x0000000002815634 sp=0x000000000235e9b0
Event: 12.497 Thread 0x0000000002365800 DEOPT UNPACKING pc=0x00000000024a557b sp=0x000000000235e940 mode 2


Dynamic libraries:
0x00007ff670ef0000 - 0x00007ff670f21000 	C:\Program Files\Android\Android Studio1\jre\bin\java.exe
0x00007ffdc55b0000 - 0x00007ffdc5772000 	C:\Windows\SYSTEM32\ntdll.dll
0x00007ffdc53c0000 - 0x00007ffdc546d000 	C:\Windows\system32\KERNEL32.DLL
0x00007ffdc2300000 - 0x00007ffdc24dd000 	C:\Windows\system32\KERNELBASE.dll
0x00007ffdc4530000 - 0x00007ffdc45d6000 	C:\Windows\system32\ADVAPI32.dll
0x00007ffdc5160000 - 0x00007ffdc51fd000 	C:\Windows\system32\msvcrt.dll
0x00007ffdc45e0000 - 0x00007ffdc463b000 	C:\Windows\system32\sechost.dll
0x00007ffdc5470000 - 0x00007ffdc5596000 	C:\Windows\system32\RPCRT4.dll
0x00007ffdc4880000 - 0x00007ffdc49ce000 	C:\Windows\system32\USER32.dll
0x00007ffdc49f0000 - 0x00007ffdc4b73000 	C:\Windows\system32\GDI32.dll
0x00007ffdb7300000 - 0x00007ffdb7574000 	C:\Windows\WinSxS\amd64_microsoft.windows.common-controls_6595b64144ccf1df_6.0.10240.17184_none_f41d7a705752bce6\COMCTL32.dll
0x00007ffdc5120000 - 0x00007ffdc5156000 	C:\Windows\system32\IMM32.DLL
0x00007ffdc5200000 - 0x00007ffdc535c000 	C:\Windows\system32\MSCTF.dll
0x000000005bcb0000 - 0x000000005bd82000 	C:\Program Files\Android\Android Studio1\jre\jre\bin\msvcr100.dll
0x000000005bd90000 - 0x000000005c5cf000 	C:\Program Files\Android\Android Studio1\jre\jre\bin\server\jvm.dll
0x00007ffdc55a0000 - 0x00007ffdc55a8000 	C:\Windows\system32\PSAPI.DLL
0x00007ffdbb980000 - 0x00007ffdbb989000 	C:\Windows\SYSTEM32\WSOCK32.dll
0x00007ffdc50b0000 - 0x00007ffdc5119000 	C:\Windows\system32\WS2_32.dll
0x00007ffdc4790000 - 0x00007ffdc4798000 	C:\Windows\system32\NSI.dll
0x00007ffdc06e0000 - 0x00007ffdc0703000 	C:\Windows\SYSTEM32\WINMM.dll
0x00007ffdb8f60000 - 0x00007ffdb8f6a000 	C:\Windows\SYSTEM32\VERSION.dll
0x00007ffdc0680000 - 0x00007ffdc06ac000 	C:\Windows\SYSTEM32\WINMMBASE.dll
0x00007ffdc25f0000 - 0x00007ffdc2634000 	C:\Windows\system32\cfgmgr32.dll
0x00007ffdc0950000 - 0x00007ffdc0977000 	C:\Windows\SYSTEM32\DEVOBJ.dll
0x00007ffdbb800000 - 0x00007ffdbb80f000 	C:\Program Files\Android\Android Studio1\jre\jre\bin\verify.dll
0x00007ffdb5490000 - 0x00007ffdb54b9000 	C:\Program Files\Android\Android Studio1\jre\jre\bin\java.dll
0x00007ffdb5740000 - 0x00007ffdb5756000 	C:\Program Files\Android\Android Studio1\jre\jre\bin\zip.dll
0x00007ffdc2c80000 - 0x00007ffdc41a3000 	C:\Windows\system32\SHELL32.dll
0x00007ffdc2640000 - 0x00007ffdc2c69000 	C:\Windows\system32\windows.storage.dll
0x00007ffdc4c40000 - 0x00007ffdc4ebc000 	C:\Windows\system32\combase.dll
0x00007ffdc4b80000 - 0x00007ffdc4bd1000 	C:\Windows\system32\shlwapi.dll
0x00007ffdc2060000 - 0x00007ffdc206f000 	C:\Windows\system32\kernel.appcore.dll
0x00007ffdc2240000 - 0x00007ffdc22f3000 	C:\Windows\system32\shcore.dll
0x00007ffdc1fd0000 - 0x00007ffdc201a000 	C:\Windows\system32\powrprof.dll
0x00007ffdc2020000 - 0x00007ffdc2033000 	C:\Windows\system32\profapi.dll
0x00007ffdc18a0000 - 0x00007ffdc18b7000 	C:\Windows\SYSTEM32\CRYPTSP.dll
0x00007ffdc1f00000 - 0x00007ffdc1f28000 	C:\Windows\SYSTEM32\bcrypt.dll
0x00007ffdc1490000 - 0x00007ffdc14c3000 	C:\Windows\system32\rsaenh.dll
0x00007ffdc15e0000 - 0x00007ffdc15ff000 	C:\Windows\SYSTEM32\USERENV.dll
0x00007ffdc1df0000 - 0x00007ffdc1e5b000 	C:\Windows\system32\bcryptprimitives.dll
0x00007ffdc1a10000 - 0x00007ffdc1a1b000 	C:\Windows\SYSTEM32\CRYPTBASE.dll
0x00007ffdb4cd0000 - 0x00007ffdb4cea000 	C:\Program Files\Android\Android Studio1\jre\jre\bin\net.dll
0x00007ffdc1840000 - 0x00007ffdc189d000 	C:\Windows\system32\mswsock.dll
0x00007ffdbe3a0000 - 0x00007ffdbe3d8000 	C:\Windows\SYSTEM32\IPHLPAPI.DLL
0x00007ffdbe2c0000 - 0x00007ffdbe2cb000 	C:\Windows\SYSTEM32\WINNSI.DLL
0x00007ffdbd2b0000 - 0x00007ffdbd2c6000 	C:\Windows\SYSTEM32\dhcpcsvc6.DLL
0x00007ffdbd290000 - 0x00007ffdbd2aa000 	C:\Windows\SYSTEM32\dhcpcsvc.DLL
0x00007ffdb4c10000 - 0x00007ffdb4c21000 	C:\Program Files\Android\Android Studio1\jre\jre\bin\nio.dll

VM Arguments:
jvm_args: -Djava.awt.headless=true -Xmx64M -Dfile.encoding=windows-1252 -Duser.country=US -Duser.language=en -Duser.variant 
java_command: com.google.devtools.build.android.desugar.Desugar --input C:\Users\ALEXANDRE\AndroidStudioProjects\SitaProject\app\build\intermediates\transforms\stackFramesFixer\debug\0.jar --output C:\Users\ALEXANDRE\AndroidStudioProjects\SitaProject\app\build\intermediates\transforms\desugar\debug\1.jar --input C:\Users\ALEXANDRE\AndroidStudioProjects\SitaProject\app\build\intermediates\transforms\stackFramesFixer\debug\1.jar --output C:\Users\ALEXANDRE\AndroidStudioProjects\SitaProject\app\build\intermediates\transforms\desugar\debug\2.jar --input C:\Users\ALEXANDRE\AndroidStudioProjects\SitaProject\app\build\intermediates\transforms\stackFramesFixer\debug\24.jar --output C:\Users\ALEXANDRE\AndroidStudioProjects\SitaProject\app\build\intermediates\transforms\desugar\debug\25.jar --input C:\Users\ALEXANDRE\AndroidStudioProjects\SitaProject\app\build\intermediates\transforms\stackFramesFixer\debug\13.jar --output C:\Users\ALEXANDRE\AndroidStudioProjects\SitaProject\app\build\intermediates\transforms\desugar\debug\14.jar --input C:\Users\ALEXANDRE\AndroidStudioProjects\SitaProject\app\build\intermediates\transforms\stackFramesFixer\debug\12.jar --output C:\Users\ALEXANDRE\AndroidStudioProjects\SitaProject\app\build\intermediates\transforms\desugar\debug\13.jar --input C:\Users\ALEXANDRE\AndroidStudioProjects\SitaProject\app\build\intermediates\transforms\stackFramesFixer\debug\28.jar --output C:\Users\ALEXANDRE\AndroidStudioProjects\SitaProject\app\build\intermediates\transforms\desugar\debug\29.jar --input C:\Users\ALEXANDRE\AndroidStudioProjects\SitaProject\app\build\intermediates\transforms\stackFramesFixer\debug\29.jar --output C:\Users\ALEXANDRE\AndroidStudioProjects\SitaProject\app\build\intermediates\transforms\desugar\debug\30.jar --input C:\Users\ALEXANDRE\AndroidStudioProjects\SitaProject\app\build\intermediates\transforms\stackFramesFixer\debug\9.jar --output C:\Users\ALEXANDRE\AndroidStudioProjects\SitaProject\app\build\intermediates\transforms\desugar\
java_class_path (initial): C:\Users\ALEXAN~1\AppData\Local\Temp\desugar_deploy.jar5142565922179749798
Launcher Type: SUN_STANDARD

Environment Variables:
JAVA_HOME=C:\Program Files\Java\jdk1.8.0_121
PATH=C:\ProgramData\Oracle\Java\javapath;C:\Windows\system32;C:\Windows;C:\Windows\System32\Wbem;C:\Windows\System32\WindowsPowerShell\v1.0\;C:\Qt\Qt5.6.2\5.6\mingw49_32\bin;C:\Qt\Qt5.6.2\Tools\QtCreator\bin;C:\vstudio;C:\Program Files\Java\jdk1.8.0_121\bin;C:\Qt\Qt5.6.2\5.6\mingw49_32\bin;C:\Qt\Qt5.6.2\Tools\mingw492_32;C:\Program Files (x86)\Windows Kits\8.1\Windows Performance Toolkit\;C:\Program Files (x86)\Microsoft Emulator Manager\1.0\C:\MinGW\bin;C:\MinGW\include;C:\MinGW\mingw32\bin;C:\Qt\Qt5.6.2\Tools\mingw492_32\bin;C:\Users\ALEXANDRE\Desktop\gradle-3.5\bin;C:\Program Files\Android\Android Studio\bin;C:\Program Files\Microsoft\Web Platform Installer\;C:\Program Files (x86)\Microsoft ASP.NET\ASP.NET Web Pages\v1.0\;C:\Program Files\Microsoft SQL Server\110\Tools\Binn\;C:\Program Files (x86)\MATLAB\R2013\runtime\win32;C:\Program Files (x86)\MATLAB\R2013\bin;C:\Program Files (x86)\Common Files\lenovo\easyplussdk\bin;C:\android-studio-ide-162.3934792-windows\android-studio\gradle\gradle-4.6-bin;C:\Users\ALEXANDRE\Desktop\bin;C:\Program Files (x86)\Git\cmd;C:\Program Files\Java\jre7\bin;C:\Program Files (x86)\Microsoft VS Code\bin
USERNAME=ALEXANDRE
OS=Windows_NT
PROCESSOR_IDENTIFIER=Intel64 Family 6 Model 42 Stepping 7, GenuineIntel



---------------  S Y S T E M  ---------------

OS: Windows 10.0 , 64 bit Build 10240 (10.0.10240.17113)

CPU:total 4 (initial active 4) (2 cores per cpu, 2 threads per core) family 6 model 42 stepping 7, cmov, cx8, fxsr, mmx, sse, sse2, sse3, ssse3, sse4.1, sse4.2, popcnt, avx, clmul, ht, tsc, tscinvbit

Memory: 4k page, physical 4140908k(156132k free), swap 5575532k(4044k free)

vm_info: OpenJDK 64-Bit Server VM (25.152-b02) for windows-amd64 JRE (1.8.0_152-release-1024-b02), built by "builder" with MS VC++ 10.0 (VS2010)

time: Tue Aug 07 15:47:36 2018
elapsed time: 12 seconds (0d 0h 0m 12s)

