#
# There is insufficient memory for the Java Runtime Environment to continue.
# Native memory allocation (malloc) failed to allocate 32768 bytes for AllocateHeap
# Possible reasons:
#   The system is out of physical RAM or swap space
#   In 32 bit mode, the process size limit was hit
# Possible solutions:
#   Reduce memory load on the system
#   Increase physical memory or swap space
#   Check if swap backing store is full
#   Use 64 bit Java on a 64 bit OS
#   Decrease Java heap size (-Xmx/-Xms)
#   Decrease number of Java threads
#   Decrease Java thread stack sizes (-Xss)
#   Set larger code cache with -XX:ReservedCodeCacheSize=
# This output file may be truncated or incomplete.
#
#  Out of Memory Error (memory/allocation.inline.hpp:61), pid=5024, tid=0x00000000000005d0
#
# JRE version:  (8.0_152-b02) (build )
# Java VM: OpenJDK 64-Bit Server VM (25.152-b02 mixed mode windows-amd64 compressed oops)
# Failed to write core dump. Minidumps are not enabled by default on client versions of Windows
#

---------------  T H R E A D  ---------------

Current thread (0x0000000002395800):  JavaThread "Unknown thread" [_thread_in_vm, id=1488, stack(0x0000000002290000,0x0000000002390000)]

Stack: [0x0000000002290000,0x0000000002390000]
[error occurred during error reporting (printing stack bounds), id 0xc0000005]

Native frames: (J=compiled Java code, j=interpreted, Vv=VM code, C=native code)


---------------  P R O C E S S  ---------------

Java Threads: ( => current thread )

Other Threads:

=>0x0000000002395800 (exited) JavaThread "Unknown thread" [_thread_in_vm, id=1488, stack(0x0000000002290000,0x0000000002390000)]

VM state:not at safepoint (not fully initialized)

VM Mutex/Monitor currently owned by a thread:  ([mutex/lock_event])
[0x0000000002391ad0] SystemDictionary_lock - owner thread: 0x0000000002395800

GC Heap History (0 events):
No events

Deoptimization events (0 events):
No events

Classes redefined (0 events):
No events

Internal exceptions (0 events):
No events

Events (0 events):
No events


Dynamic libraries:
0x00007ff6f3780000 - 0x00007ff6f37b1000 	C:\Program Files\Android\Android Studio1\jre\bin\java.exe
0x00007ffeef600000 - 0x00007ffeef7c2000 	C:\Windows\SYSTEM32\ntdll.dll
0x00007ffeed640000 - 0x00007ffeed6ed000 	C:\Windows\system32\KERNEL32.DLL
0x00007ffeec8c0000 - 0x00007ffeeca9d000 	C:\Windows\system32\KERNELBASE.dll
0x00007ffeecf50000 - 0x00007ffeecff6000 	C:\Windows\system32\ADVAPI32.dll
0x00007ffeef1b0000 - 0x00007ffeef24d000 	C:\Windows\system32\msvcrt.dll
0x00007ffeef250000 - 0x00007ffeef2ab000 	C:\Windows\system32\sechost.dll
0x00007ffeed460000 - 0x00007ffeed586000 	C:\Windows\system32\RPCRT4.dll
0x00007ffeef4a0000 - 0x00007ffeef5ee000 	C:\Windows\system32\USER32.dll
0x00007ffeef2b0000 - 0x00007ffeef433000 	C:\Windows\system32\GDI32.dll
0x00007ffee19f0000 - 0x00007ffee1c64000 	C:\Windows\WinSxS\amd64_microsoft.windows.common-controls_6595b64144ccf1df_6.0.10240.17184_none_f41d7a705752bce6\COMCTL32.dll
0x00007ffeed850000 - 0x00007ffeed886000 	C:\Windows\system32\IMM32.DLL
0x00007ffeedb20000 - 0x00007ffeedc7c000 	C:\Windows\system32\MSCTF.dll
0x000000006ba90000 - 0x000000006bb62000 	C:\Program Files\Android\Android Studio1\jre\jre\bin\msvcr100.dll
0x000000006bb70000 - 0x000000006c3af000 	C:\Program Files\Android\Android Studio1\jre\jre\bin\server\jvm.dll
0x00007ffeedb10000 - 0x00007ffeedb18000 	C:\Windows\system32\PSAPI.DLL
0x00007ffeea350000 - 0x00007ffeea373000 	C:\Windows\SYSTEM32\WINMM.dll
0x00007ffee6400000 - 0x00007ffee6409000 	C:\Windows\SYSTEM32\WSOCK32.dll
0x00007ffee2110000 - 0x00007ffee211a000 	C:\Windows\SYSTEM32\VERSION.dll
0x00007ffeed6f0000 - 0x00007ffeed759000 	C:\Windows\system32\WS2_32.dll
0x00007ffee9820000 - 0x00007ffee984c000 	C:\Windows\SYSTEM32\WINMMBASE.dll
0x00007ffeecf40000 - 0x00007ffeecf48000 	C:\Windows\system32\NSI.dll
0x00007ffeecaa0000 - 0x00007ffeecae4000 	C:\Windows\system32\cfgmgr32.dll
0x00007ffeea9a0000 - 0x00007ffeea9c7000 	C:\Windows\SYSTEM32\DEVOBJ.dll
0x00007ffee63f0000 - 0x00007ffee63ff000 	C:\Program Files\Android\Android Studio1\jre\jre\bin\verify.dll
0x00007ffedf9e0000 - 0x00007ffedfa09000 	C:\Program Files\Android\Android Studio1\jre\jre\bin\java.dll
0x00007ffedddb0000 - 0x00007ffedddc6000 	C:\Program Files\Android\Android Studio1\jre\jre\bin\zip.dll

VM Arguments:
jvm_args: -Djava.awt.headless=true -Xmx64M -Dfile.encoding=windows-1252 -Duser.country=US -Duser.language=en -Duser.variant 
java_command: com.google.devtools.build.android.desugar.Desugar --input C:\Users\ALEXANDRE\AndroidStudioProjects\SitaProject\app\build\intermediates\transforms\stackFramesFixer\debug\0.jar --output C:\Users\ALEXANDRE\AndroidStudioProjects\SitaProject\app\build\intermediates\transforms\desugar\debug\1.jar --input C:\Users\ALEXANDRE\AndroidStudioProjects\SitaProject\app\build\intermediates\transforms\stackFramesFixer\debug\27.jar --output C:\Users\ALEXANDRE\AndroidStudioProjects\SitaProject\app\build\intermediates\transforms\desugar\debug\28.jar --input C:\Users\ALEXANDRE\AndroidStudioProjects\SitaProject\app\build\intermediates\transforms\stackFramesFixer\debug\15.jar --output C:\Users\ALEXANDRE\AndroidStudioProjects\SitaProject\app\build\intermediates\transforms\desugar\debug\16.jar --input C:\Users\ALEXANDRE\AndroidStudioProjects\SitaProject\app\build\intermediates\transforms\stackFramesFixer\debug\10.jar --output C:\Users\ALEXANDRE\AndroidStudioProjects\SitaProject\app\build\intermediates\transforms\desugar\debug\11.jar --input C:\Users\ALEXANDRE\AndroidStudioProjects\SitaProject\app\build\intermediates\transforms\stackFramesFixer\debug\25.jar --output C:\Users\ALEXANDRE\AndroidStudioProjects\SitaProject\app\build\intermediates\transforms\desugar\debug\26.jar --input C:\Users\ALEXANDRE\AndroidStudioProjects\SitaProject\app\build\intermediates\transforms\stackFramesFixer\debug\11.jar --output C:\Users\ALEXANDRE\AndroidStudioProjects\SitaProject\app\build\intermediates\transforms\desugar\debug\12.jar --input C:\Users\ALEXANDRE\AndroidStudioProjects\SitaProject\app\build\intermediates\transforms\stackFramesFixer\debug\28.jar --output C:\Users\ALEXANDRE\AndroidStudioProjects\SitaProject\app\build\intermediates\transforms\desugar\debug\29.jar --input C:\Users\ALEXANDRE\AndroidStudioProjects\SitaProject\app\build\intermediates\transforms\stackFramesFixer\debug\29.jar --output C:\Users\ALEXANDRE\AndroidStudioProjects\SitaProject\app\build\intermediates\transforms\desug
java_class_path (initial): C:\Users\ALEXAN~1\AppData\Local\Temp\desugar_deploy.jar842801406608022114
Launcher Type: SUN_STANDARD

Environment Variables:
JAVA_HOME=C:\Program Files\Java\jdk1.8.0_121
PATH=C:\ProgramData\Oracle\Java\javapath;C:\Windows\system32;C:\Windows;C:\Windows\System32\Wbem;C:\Windows\System32\WindowsPowerShell\v1.0\;C:\Qt\Qt5.6.2\5.6\mingw49_32\bin;C:\Qt\Qt5.6.2\Tools\QtCreator\bin;C:\vstudio;C:\Program Files\Java\jdk1.8.0_121\bin;C:\Qt\Qt5.6.2\5.6\mingw49_32\bin;C:\Qt\Qt5.6.2\Tools\mingw492_32;C:\Program Files (x86)\Windows Kits\8.1\Windows Performance Toolkit\;C:\Program Files (x86)\Microsoft Emulator Manager\1.0\C:\MinGW\bin;C:\MinGW\include;C:\MinGW\mingw32\bin;C:\Qt\Qt5.6.2\Tools\mingw492_32\bin;C:\Users\ALEXANDRE\Desktop\gradle-3.5\bin;C:\Program Files\Android\Android Studio\bin;C:\Program Files\Microsoft\Web Platform Installer\;C:\Program Files (x86)\Microsoft ASP.NET\ASP.NET Web Pages\v1.0\;C:\Program Files\Microsoft SQL Server\110\Tools\Binn\;C:\Program Files (x86)\MATLAB\R2013\runtime\win32;C:\Program Files (x86)\MATLAB\R2013\bin;C:\Program Files (x86)\Common Files\lenovo\easyplussdk\bin;C:\android-studio-ide-162.3934792-windows\android-studio\gradle\gradle-4.6-bin;C:\Users\ALEXANDRE\Desktop\bin;C:\Program Files (x86)\Git\cmd;C:\Program Files\Java\jre7\bin;;C:\Program Files (x86)\Microsoft VS Code\bin
USERNAME=ALEXANDRE
OS=Windows_NT
PROCESSOR_IDENTIFIER=Intel64 Family 6 Model 42 Stepping 7, GenuineIntel



---------------  S Y S T E M  ---------------

OS: Windows 10.0 , 64 bit Build 10240 (10.0.10240.17113)

CPU:total 4 (initial active 4) (2 cores per cpu, 2 threads per core) family 6 model 42 stepping 7, cmov, cx8, fxsr, mmx, sse, sse2, sse3, ssse3, sse4.1, sse4.2, popcnt, avx, clmul, ht, tsc, tscinvbit

Memory: 4k page, physical 4140908k(361072k free), swap 5575532k(4196k free)

vm_info: OpenJDK 64-Bit Server VM (25.152-b02) for windows-amd64 JRE (1.8.0_152-release-1024-b02), built by "builder" with MS VC++ 10.0 (VS2010)

time: Mon Aug 27 09:29:55 2018
elapsed time: 0 seconds (0d 0h 0m 0s)

