#
# There is insufficient memory for the Java Runtime Environment to continue.
# Native memory allocation (malloc) failed to allocate 682896 bytes for Chunk::new
# Possible reasons:
#   The system is out of physical RAM or swap space
#   In 32 bit mode, the process size limit was hit
# Possible solutions:
#   Reduce memory load on the system
#   Increase physical memory or swap space
#   Check if swap backing store is full
#   Use 64 bit Java on a 64 bit OS
#   Decrease Java heap size (-Xmx/-Xms)
#   Decrease number of Java threads
#   Decrease Java thread stack sizes (-Xss)
#   Set larger code cache with -XX:ReservedCodeCacheSize=
# This output file may be truncated or incomplete.
#
#  Out of Memory Error (allocation.cpp:390), pid=29376, tid=0x0000000000007470
#
# JRE version: OpenJDK Runtime Environment (8.0_152-b02) (build 1.8.0_152-release-1024-b02)
# Java VM: OpenJDK 64-Bit Server VM (25.152-b02 mixed mode windows-amd64 compressed oops)
# Failed to write core dump. Minidumps are not enabled by default on client versions of Windows
#

---------------  T H R E A D  ---------------

Current thread (0x0000000012c20800):  JavaThread "C2 CompilerThread0" daemon [_thread_in_native, id=29808, stack(0x0000000014270000,0x0000000014370000)]

Stack: [0x0000000014270000,0x0000000014370000]
[error occurred during error reporting (printing stack bounds), id 0xc0000005]

Native frames: (J=compiled Java code, j=interpreted, Vv=VM code, C=native code)


Current CompileTask:
C2:  10092  816 %     4       org.objectweb.asm.ClassReader::a @ 1480 (3587 bytes)


---------------  P R O C E S S  ---------------

Java Threads: ( => current thread )
  0x000000001459c000 JavaThread "Service Thread" daemon [_thread_blocked, id=29820, stack(0x0000000014970000,0x0000000014a70000)]
  0x0000000012c29800 JavaThread "C1 CompilerThread2" daemon [_thread_blocked, id=29816, stack(0x0000000014470000,0x0000000014570000)]
  0x0000000012c24800 JavaThread "C2 CompilerThread1" daemon [_thread_blocked, id=29812, stack(0x0000000014370000,0x0000000014470000)]
=>0x0000000012c20800 JavaThread "C2 CompilerThread0" daemon [_thread_in_native, id=29808, stack(0x0000000014270000,0x0000000014370000)]
  0x0000000012c1f000 JavaThread "Attach Listener" daemon [_thread_blocked, id=29804, stack(0x0000000014170000,0x0000000014270000)]
  0x0000000012c1e000 JavaThread "Signal Dispatcher" daemon [_thread_blocked, id=29800, stack(0x0000000014070000,0x0000000014170000)]
  0x0000000012c0e000 JavaThread "Finalizer" daemon [_thread_blocked, id=29796, stack(0x0000000013e80000,0x0000000013f80000)]
  0x0000000002855800 JavaThread "Reference Handler" daemon [_thread_blocked, id=29792, stack(0x0000000013d80000,0x0000000013e80000)]
  0x0000000002765800 JavaThread "main" [_thread_in_native, id=29768, stack(0x0000000002610000,0x0000000002710000)]

Other Threads:
  0x0000000012be6000 VMThread [stack: 0x0000000013c80000,0x0000000013d80000] [id=29788]
  0x0000000012c7e800 WatcherThread [stack: 0x0000000014a70000,0x0000000014b70000] [id=29824]

VM state:not at safepoint (normal execution)

VM Mutex/Monitor currently owned by a thread: None

Heap:
 PSYoungGen      total 18944K, used 18932K [0x00000000feb00000, 0x0000000100000000, 0x0000000100000000)
  eden space 16384K, 99% used [0x00000000feb00000,0x00000000ffafead8,0x00000000ffb00000)
  from space 2560K, 99% used [0x00000000ffd80000,0x00000000ffffe800,0x0000000100000000)
  to   space 2560K, 0% used [0x00000000ffb00000,0x00000000ffb00000,0x00000000ffd80000)
 ParOldGen       total 18432K, used 3779K [0x00000000fc000000, 0x00000000fd200000, 0x00000000feb00000)
  object space 18432K, 20% used [0x00000000fc000000,0x00000000fc3b0f78,0x00000000fd200000)
 Metaspace       used 7497K, capacity 7708K, committed 7936K, reserved 1056768K
  class space    used 872K, capacity 956K, committed 1024K, reserved 1048576K

Card table byte_map: [0x0000000011c20000,0x0000000011c50000] byte_map_base: 0x0000000011440000

Marking Bits: (ParMarkBitMap*) 0x00000000601b4970
 Begin Bits: [0x0000000012050000, 0x0000000012150000)
 End Bits:   [0x0000000012150000, 0x0000000012250000)

Polling page: 0x0000000000db0000

CodeCache: size=245760Kb used=3435Kb max_used=3447Kb free=242324Kb
 bounds [0x0000000002860000, 0x0000000002bd0000, 0x0000000011860000]
 total_blobs=1236 nmethods=905 adapters=245
 compilation: enabled

Compilation events (10 events):
Event: 9.934 Thread 0x0000000012c29800 nmethod 904 0x0000000002bb2d50 code [0x0000000002bb2ea0, 0x0000000002bb2fb0]
Event: 9.971 Thread 0x0000000012c24800 nmethod 855 0x0000000002bb6410 code [0x0000000002bb6760, 0x0000000002bb8e78]
Event: 9.971 Thread 0x0000000012c24800  882       4       org.objectweb.asm.Type::getArgumentsAndReturnSizes (151 bytes)
Event: 9.978 Thread 0x0000000012c24800 nmethod 882 0x0000000002bbd310 code [0x0000000002bbd480, 0x0000000002bbd918]
Event: 9.978 Thread 0x0000000012c24800  905  s    4       java.io.BufferedOutputStream::write (35 bytes)
Event: 9.980 Thread 0x0000000012c24800 nmethod 905 0x0000000002bbde50 code [0x0000000002bbdfa0, 0x0000000002bbe308]
Event: 9.980 Thread 0x0000000012c24800  880       4       org.objectweb.asm.tree.VarInsnNode::accept (18 bytes)
Event: 9.989 Thread 0x0000000012c24800 nmethod 880 0x0000000002bbe450 code [0x0000000002bbe5e0, 0x0000000002bbecd8]
Event: 9.989 Thread 0x0000000012c24800  879       4       org.objectweb.asm.MethodWriter::visitLabel (321 bytes)
Event: 9.998 Thread 0x0000000012c24800 nmethod 879 0x0000000002bbf4d0 code [0x0000000002bbf640, 0x0000000002bbfc18]

GC Heap History (6 events):
Event: 3.201 GC heap before
{Heap before GC invocations=1 (full 0):
 PSYoungGen      total 18944K, used 5932K [0x00000000feb00000, 0x0000000100000000, 0x0000000100000000)
  eden space 16384K, 36% used [0x00000000feb00000,0x00000000ff0cb388,0x00000000ffb00000)
  from space 2560K, 0% used [0x00000000ffd80000,0x00000000ffd80000,0x0000000100000000)
  to   space 2560K, 0% used [0x00000000ffb00000,0x00000000ffb00000,0x00000000ffd80000)
 ParOldGen       total 44032K, used 0K [0x00000000fc000000, 0x00000000feb00000, 0x00000000feb00000)
  object space 44032K, 0% used [0x00000000fc000000,0x00000000fc000000,0x00000000feb00000)
 Metaspace       used 5293K, capacity 5556K, committed 5760K, reserved 1056768K
  class space    used 622K, capacity 624K, committed 640K, reserved 1048576K
Event: 3.205 GC heap after
Heap after GC invocations=1 (full 0):
 PSYoungGen      total 18944K, used 1752K [0x00000000feb00000, 0x0000000100000000, 0x0000000100000000)
  eden space 16384K, 0% used [0x00000000feb00000,0x00000000feb00000,0x00000000ffb00000)
  from space 2560K, 68% used [0x00000000ffb00000,0x00000000ffcb6248,0x00000000ffd80000)
  to   space 2560K, 0% used [0x00000000ffd80000,0x00000000ffd80000,0x0000000100000000)
 ParOldGen       total 44032K, used 8K [0x00000000fc000000, 0x00000000feb00000, 0x00000000feb00000)
  object space 44032K, 0% used [0x00000000fc000000,0x00000000fc002000,0x00000000feb00000)
 Metaspace       used 5293K, capacity 5556K, committed 5760K, reserved 1056768K
  class space    used 622K, capacity 624K, committed 640K, reserved 1048576K
}
Event: 3.205 GC heap before
{Heap before GC invocations=2 (full 1):
 PSYoungGen      total 18944K, used 1752K [0x00000000feb00000, 0x0000000100000000, 0x0000000100000000)
  eden space 16384K, 0% used [0x00000000feb00000,0x00000000feb00000,0x00000000ffb00000)
  from space 2560K, 68% used [0x00000000ffb00000,0x00000000ffcb6248,0x00000000ffd80000)
  to   space 2560K, 0% used [0x00000000ffd80000,0x00000000ffd80000,0x0000000100000000)
 ParOldGen       total 44032K, used 8K [0x00000000fc000000, 0x00000000feb00000, 0x00000000feb00000)
  object space 44032K, 0% used [0x00000000fc000000,0x00000000fc002000,0x00000000feb00000)
 Metaspace       used 5293K, capacity 5556K, committed 5760K, reserved 1056768K
  class space    used 622K, capacity 624K, committed 640K, reserved 1048576K
Event: 3.230 GC heap after
Heap after GC invocations=2 (full 1):
 PSYoungGen      total 18944K, used 0K [0x00000000feb00000, 0x0000000100000000, 0x0000000100000000)
  eden space 16384K, 0% used [0x00000000feb00000,0x00000000feb00000,0x00000000ffb00000)
  from space 2560K, 0% used [0x00000000ffb00000,0x00000000ffb00000,0x00000000ffd80000)
  to   space 2560K, 0% used [0x00000000ffd80000,0x00000000ffd80000,0x0000000100000000)
 ParOldGen       total 18432K, used 1620K [0x00000000fc000000, 0x00000000fd200000, 0x00000000feb00000)
  object space 18432K, 8% used [0x00000000fc000000,0x00000000fc1951e0,0x00000000fd200000)
 Metaspace       used 5293K, capacity 5556K, committed 5760K, reserved 1056768K
  class space    used 622K, capacity 624K, committed 640K, reserved 1048576K
}
Event: 7.027 GC heap before
{Heap before GC invocations=3 (full 1):
 PSYoungGen      total 18944K, used 16384K [0x00000000feb00000, 0x0000000100000000, 0x0000000100000000)
  eden space 16384K, 100% used [0x00000000feb00000,0x00000000ffb00000,0x00000000ffb00000)
  from space 2560K, 0% used [0x00000000ffb00000,0x00000000ffb00000,0x00000000ffd80000)
  to   space 2560K, 0% used [0x00000000ffd80000,0x00000000ffd80000,0x0000000100000000)
 ParOldGen       total 18432K, used 1620K [0x00000000fc000000, 0x00000000fd200000, 0x00000000feb00000)
  object space 18432K, 8% used [0x00000000fc000000,0x00000000fc1951e0,0x00000000fd200000)
 Metaspace       used 6472K, capacity 6606K, committed 6784K, reserved 1056768K
  class space    used 768K, capacity 823K, committed 896K, reserved 1048576K
Event: 7.034 GC heap after
Heap after GC invocations=3 (full 1):
 PSYoungGen      total 18944K, used 2554K [0x00000000feb00000, 0x0000000100000000, 0x0000000100000000)
  eden space 16384K, 0% used [0x00000000feb00000,0x00000000feb00000,0x00000000ffb00000)
  from space 2560K, 99% used [0x00000000ffd80000,0x00000000ffffe800,0x0000000100000000)
  to   space 2560K, 0% used [0x00000000ffb00000,0x00000000ffb00000,0x00000000ffd80000)
 ParOldGen       total 18432K, used 3779K [0x00000000fc000000, 0x00000000fd200000, 0x00000000feb00000)
  object space 18432K, 20% used [0x00000000fc000000,0x00000000fc3b0f78,0x00000000fd200000)
 Metaspace       used 6472K, capacity 6606K, committed 6784K, reserved 1056768K
  class space    used 768K, capacity 823K, committed 896K, reserved 1048576K
}

Deoptimization events (10 events):
Event: 6.959 Thread 0x0000000002765800 Uncommon trap: reason=unstable_if action=reinterpret pc=0x0000000002a5feac method=java.util.zip.ZipFile$ZipEntryIterator.hasNext()Z @ 25
Event: 6.959 Thread 0x0000000002765800 Uncommon trap: reason=unstable_if action=reinterpret pc=0x0000000002a687dc method=java.util.zip.ZipCoder.decoder()Ljava/nio/charset/CharsetDecoder; @ 4
Event: 6.959 Thread 0x0000000002765800 Uncommon trap: reason=unstable_if action=reinterpret pc=0x0000000002a59b18 method=java.util.zip.ZipEntry.setExtra0([BZ)V @ 1
Event: 6.962 Thread 0x0000000002765800 Uncommon trap: reason=unstable_if action=reinterpret pc=0x0000000002a608ec method=java.util.zip.ZipCoder.decoder()Ljava/nio/charset/CharsetDecoder; @ 4
Event: 7.024 Thread 0x0000000002765800 Uncommon trap: reason=unstable_if action=reinterpret pc=0x0000000002a76ac8 method=java.util.HashMap$HashIterator.nextNode()Ljava/util/HashMap$Node; @ 74
Event: 9.360 Thread 0x0000000002765800 Uncommon trap: reason=unloaded action=reinterpret pc=0x0000000002a6de3c method=java.util.zip.ZipEntry.setExtra0([BZ)V @ 37
Event: 9.387 Thread 0x0000000002765800 Uncommon trap: reason=unstable_if action=reinterpret pc=0x0000000002a77608 method=java.util.HashMap$HashIterator.nextNode()Ljava/util/HashMap$Node; @ 74
Event: 9.430 Thread 0x0000000002765800 Uncommon trap: reason=unstable_if action=reinterpret pc=0x0000000002a411ec method=java.lang.String.<init>([CII)V @ 18
Event: 9.814 Thread 0x0000000002765800 Uncommon trap: reason=unstable_if action=reinterpret pc=0x0000000002b7182c method=org.objectweb.asm.Type.getArgumentsAndReturnSizes(Ljava/lang/String;)I @ 47
Event: 9.814 Thread 0x0000000002765800 Uncommon trap: reason=unstable_if action=reinterpret pc=0x0000000002b663f4 method=org.objectweb.asm.MethodWriter.visitVarInsn(II)V @ 142

Classes redefined (0 events):
No events

Internal exceptions (10 events):
Event: 8.111 Thread 0x0000000002765800 Exception <a 'sun/nio/fs/WindowsException'> (0x00000000febc9eb0) thrown at [D:\src\AOSP-openjdk-cygwin\jdk8u\hotspot\src\share\vm\prims\jni.cpp, line 709]
Event: 8.111 Thread 0x0000000002765800 Exception <a 'sun/nio/fs/WindowsException'> (0x00000000febca480) thrown at [D:\src\AOSP-openjdk-cygwin\jdk8u\hotspot\src\share\vm\prims\jni.cpp, line 709]
Event: 8.111 Thread 0x0000000002765800 Exception <a 'sun/nio/fs/WindowsException'> (0x00000000febcac40) thrown at [D:\src\AOSP-openjdk-cygwin\jdk8u\hotspot\src\share\vm\prims\jni.cpp, line 709]
Event: 8.122 Thread 0x0000000002765800 Exception <a 'sun/nio/fs/WindowsException'> (0x00000000febd00a8) thrown at [D:\src\AOSP-openjdk-cygwin\jdk8u\hotspot\src\share\vm\prims\jni.cpp, line 709]
Event: 9.394 Thread 0x0000000002765800 Exception <a 'sun/nio/fs/WindowsException'> (0x00000000ff0e9d88) thrown at [D:\src\AOSP-openjdk-cygwin\jdk8u\hotspot\src\share\vm\prims\jni.cpp, line 709]
Event: 9.394 Thread 0x0000000002765800 Exception <a 'sun/nio/fs/WindowsException'> (0x00000000ff0ea338) thrown at [D:\src\AOSP-openjdk-cygwin\jdk8u\hotspot\src\share\vm\prims\jni.cpp, line 709]
Event: 9.635 Thread 0x0000000002765800 Exception <a 'sun/nio/fs/WindowsException'> (0x00000000ff1f00e8) thrown at [D:\src\AOSP-openjdk-cygwin\jdk8u\hotspot\src\share\vm\prims\jni.cpp, line 709]
Event: 9.635 Thread 0x0000000002765800 Exception <a 'sun/nio/fs/WindowsException'> (0x00000000ff1f0618) thrown at [D:\src\AOSP-openjdk-cygwin\jdk8u\hotspot\src\share\vm\prims\jni.cpp, line 709]
Event: 9.866 Thread 0x0000000002765800 Exception <a 'sun/nio/fs/WindowsException'> (0x00000000ffa36460) thrown at [D:\src\AOSP-openjdk-cygwin\jdk8u\hotspot\src\share\vm\prims\jni.cpp, line 709]
Event: 9.866 Thread 0x0000000002765800 Exception <a 'sun/nio/fs/WindowsException'> (0x00000000ffa36990) thrown at [D:\src\AOSP-openjdk-cygwin\jdk8u\hotspot\src\share\vm\prims\jni.cpp, line 709]

Events (10 events):
Event: 9.920 loading class java/io/EOFException
Event: 9.920 loading class java/io/EOFException done
Event: 9.920 loading class com/google/common/io/ByteStreams$FastByteArrayOutputStream
Event: 9.920 loading class com/google/common/io/ByteStreams$FastByteArrayOutputStream done
Event: 9.920 Executing VM operation: Deoptimize
Event: 9.921 Executing VM operation: Deoptimize done
Event: 9.921 loading class com/google/common/io/ByteArrayDataInput
Event: 9.921 loading class com/google/common/io/ByteArrayDataInput done
Event: 9.926 loading class com/google/common/io/ByteArrayDataOutput
Event: 9.926 loading class com/google/common/io/ByteArrayDataOutput done


Dynamic libraries:
0x00007ff68cbc0000 - 0x00007ff68cbf1000 	C:\Program Files\Android\Android Studio1\jre\bin\java.exe
0x00007ff989560000 - 0x00007ff989722000 	C:\Windows\SYSTEM32\ntdll.dll
0x00007ff9886c0000 - 0x00007ff98876d000 	C:\Windows\system32\KERNEL32.DLL
0x00007ff9860d0000 - 0x00007ff9862ad000 	C:\Windows\system32\KERNELBASE.dll
0x00007ff988920000 - 0x00007ff9889c6000 	C:\Windows\system32\ADVAPI32.dll
0x00007ff9885c0000 - 0x00007ff98865d000 	C:\Windows\system32\msvcrt.dll
0x00007ff988560000 - 0x00007ff9885bb000 	C:\Windows\system32\sechost.dll
0x00007ff988770000 - 0x00007ff988896000 	C:\Windows\system32\RPCRT4.dll
0x00007ff988b20000 - 0x00007ff988c6e000 	C:\Windows\system32\USER32.dll
0x00007ff989190000 - 0x00007ff989313000 	C:\Windows\system32\GDI32.dll
0x00007ff97bb30000 - 0x00007ff97bda4000 	C:\Windows\WinSxS\amd64_microsoft.windows.common-controls_6595b64144ccf1df_6.0.10240.17184_none_f41d7a705752bce6\COMCTL32.dll
0x00007ff988eb0000 - 0x00007ff988ee6000 	C:\Windows\system32\IMM32.DLL
0x00007ff988fc0000 - 0x00007ff98911c000 	C:\Windows\system32\MSCTF.dll
0x000000005f910000 - 0x000000005f9e2000 	C:\Program Files\Android\Android Studio1\jre\jre\bin\msvcr100.dll
0x000000005f9f0000 - 0x000000006022f000 	C:\Program Files\Android\Android Studio1\jre\jre\bin\server\jvm.dll
0x00007ff989120000 - 0x00007ff989128000 	C:\Windows\system32\PSAPI.DLL
0x00007ff983850000 - 0x00007ff98385a000 	C:\Windows\SYSTEM32\VERSION.dll
0x00007ff984440000 - 0x00007ff984463000 	C:\Windows\SYSTEM32\WINMM.dll
0x00007ff97d040000 - 0x00007ff97d049000 	C:\Windows\SYSTEM32\WSOCK32.dll
0x00007ff988e40000 - 0x00007ff988ea9000 	C:\Windows\system32\WS2_32.dll
0x00007ff989320000 - 0x00007ff989328000 	C:\Windows\system32\NSI.dll
0x00007ff9842d0000 - 0x00007ff9842fc000 	C:\Windows\SYSTEM32\WINMMBASE.dll
0x00007ff9862b0000 - 0x00007ff9862f4000 	C:\Windows\system32\cfgmgr32.dll
0x00007ff984900000 - 0x00007ff984927000 	C:\Windows\SYSTEM32\DEVOBJ.dll
0x00007ff979ba0000 - 0x00007ff979baf000 	C:\Program Files\Android\Android Studio1\jre\jre\bin\verify.dll
0x00007ff9769a0000 - 0x00007ff9769c9000 	C:\Program Files\Android\Android Studio1\jre\jre\bin\java.dll
0x00007ff977ba0000 - 0x00007ff977bb6000 	C:\Program Files\Android\Android Studio1\jre\jre\bin\zip.dll
0x00007ff986cd0000 - 0x00007ff9881f3000 	C:\Windows\system32\SHELL32.dll
0x00007ff9865f0000 - 0x00007ff986c19000 	C:\Windows\system32\windows.storage.dll
0x00007ff988200000 - 0x00007ff98847c000 	C:\Windows\system32\combase.dll
0x00007ff988660000 - 0x00007ff9886b1000 	C:\Windows\system32\shlwapi.dll
0x00007ff986010000 - 0x00007ff98601f000 	C:\Windows\system32\kernel.appcore.dll
0x00007ff9864d0000 - 0x00007ff986583000 	C:\Windows\system32\shcore.dll
0x00007ff985f80000 - 0x00007ff985fca000 	C:\Windows\system32\powrprof.dll
0x00007ff985fd0000 - 0x00007ff985fe3000 	C:\Windows\system32\profapi.dll
0x00007ff985850000 - 0x00007ff985867000 	C:\Windows\SYSTEM32\CRYPTSP.dll
0x00007ff985eb0000 - 0x00007ff985ed8000 	C:\Windows\SYSTEM32\bcrypt.dll
0x00007ff985440000 - 0x00007ff985473000 	C:\Windows\system32\rsaenh.dll
0x00007ff985620000 - 0x00007ff98563f000 	C:\Windows\SYSTEM32\USERENV.dll
0x00007ff985da0000 - 0x00007ff985e0b000 	C:\Windows\system32\bcryptprimitives.dll
0x00007ff9859c0000 - 0x00007ff9859cb000 	C:\Windows\SYSTEM32\CRYPTBASE.dll
0x00007ff9770e0000 - 0x00007ff9770fa000 	C:\Program Files\Android\Android Studio1\jre\jre\bin\net.dll
0x00007ff9857f0000 - 0x00007ff98584d000 	C:\Windows\system32\mswsock.dll
0x00007ff983cd0000 - 0x00007ff983d08000 	C:\Windows\SYSTEM32\IPHLPAPI.DLL
0x00007ff983ca0000 - 0x00007ff983cab000 	C:\Windows\SYSTEM32\WINNSI.DLL
0x00007ff97e120000 - 0x00007ff97e136000 	C:\Windows\SYSTEM32\dhcpcsvc6.DLL
0x00007ff980db0000 - 0x00007ff980dca000 	C:\Windows\SYSTEM32\dhcpcsvc.DLL
0x00007ff974ec0000 - 0x00007ff974ed1000 	C:\Program Files\Android\Android Studio1\jre\jre\bin\nio.dll

VM Arguments:
jvm_args: -Djava.awt.headless=true -Xmx64M -Dfile.encoding=windows-1252 -Duser.country=US -Duser.language=en -Duser.variant 
java_command: com.google.devtools.build.android.desugar.Desugar --input C:\Users\ALEXANDRE\AndroidStudioProjects\SitaProject\app\build\intermediates\transforms\stackFramesFixer\debug\20.jar --output C:\Users\ALEXANDRE\AndroidStudioProjects\SitaProject\app\build\intermediates\transforms\desugar\debug\21.jar --input C:\Users\ALEXANDRE\AndroidStudioProjects\SitaProject\app\build\intermediates\transforms\stackFramesFixer\debug\21.jar --output C:\Users\ALEXANDRE\AndroidStudioProjects\SitaProject\app\build\intermediates\transforms\desugar\debug\22.jar --input C:\Users\ALEXANDRE\AndroidStudioProjects\SitaProject\app\build\intermediates\transforms\stackFramesFixer\debug\15.jar --output C:\Users\ALEXANDRE\AndroidStudioProjects\SitaProject\app\build\intermediates\transforms\desugar\debug\16.jar --input C:\Users\ALEXANDRE\AndroidStudioProjects\SitaProject\app\build\intermediates\transforms\stackFramesFixer\debug\25.jar --output C:\Users\ALEXANDRE\AndroidStudioProjects\SitaProject\app\build\intermediates\transforms\desugar\debug\26.jar --input C:\Users\ALEXANDRE\AndroidStudioProjects\SitaProject\app\build\intermediates\transforms\stackFramesFixer\debug\26.jar --output C:\Users\ALEXANDRE\AndroidStudioProjects\SitaProject\app\build\intermediates\transforms\desugar\debug\27.jar --input C:\Users\ALEXANDRE\AndroidStudioProjects\SitaProject\app\build\intermediates\transforms\stackFramesFixer\debug\12.jar --output C:\Users\ALEXANDRE\AndroidStudioProjects\SitaProject\app\build\intermediates\transforms\desugar\debug\13.jar --input C:\Users\ALEXANDRE\AndroidStudioProjects\SitaProject\app\build\intermediates\transforms\stackFramesFixer\debug\23.jar --output C:\Users\ALEXANDRE\AndroidStudioProjects\SitaProject\app\build\intermediates\transforms\desugar\debug\24.jar --input C:\Users\ALEXANDRE\AndroidStudioProjects\SitaProject\app\build\intermediates\transforms\stackFramesFixer\debug\11.jar --output C:\Users\ALEXANDRE\AndroidStudioProjects\SitaProject\app\build\intermediates\transforms\des
java_class_path (initial): C:\Users\ALEXAN~1\AppData\Local\Temp\desugar_deploy.jar350148461724742839
Launcher Type: SUN_STANDARD

Environment Variables:
JAVA_HOME=C:\Program Files\Java\jdk1.8.0_121
PATH=C:\ProgramData\Oracle\Java\javapath;C:\Windows\system32;C:\Windows;C:\Windows\System32\Wbem;C:\Windows\System32\WindowsPowerShell\v1.0\;C:\Qt\Qt5.6.2\5.6\mingw49_32\bin;C:\Qt\Qt5.6.2\Tools\QtCreator\bin;C:\vstudio;C:\Program Files\Java\jdk1.8.0_121\bin;C:\Qt\Qt5.6.2\5.6\mingw49_32\bin;C:\Qt\Qt5.6.2\Tools\mingw492_32;C:\Program Files (x86)\Windows Kits\8.1\Windows Performance Toolkit\;C:\Program Files (x86)\Microsoft Emulator Manager\1.0\C:\MinGW\bin;C:\MinGW\include;C:\MinGW\mingw32\bin;C:\Qt\Qt5.6.2\Tools\mingw492_32\bin;C:\Users\ALEXANDRE\Desktop\gradle-3.5\bin;C:\Program Files\Android\Android Studio\bin;C:\Program Files\Microsoft\Web Platform Installer\;C:\Program Files (x86)\Microsoft ASP.NET\ASP.NET Web Pages\v1.0\;C:\Program Files\Microsoft SQL Server\110\Tools\Binn\;C:\Program Files (x86)\MATLAB\R2013\runtime\win32;C:\Program Files (x86)\MATLAB\R2013\bin;C:\Program Files (x86)\Common Files\lenovo\easyplussdk\bin;C:\android-studio-ide-162.3934792-windows\android-studio\gradle\gradle-4.6-bin;C:\Users\ALEXANDRE\Desktop\bin;C:\Program Files (x86)\Git\cmd;C:\Program Files\Java\jre7\bin;;C:\Program Files (x86)\Microsoft VS Code\bin
USERNAME=ALEXANDRE
OS=Windows_NT
PROCESSOR_IDENTIFIER=Intel64 Family 6 Model 42 Stepping 7, GenuineIntel



---------------  S Y S T E M  ---------------

OS: Windows 10.0 , 64 bit Build 10240 (10.0.10240.17113)

CPU:total 4 (initial active 4) (2 cores per cpu, 2 threads per core) family 6 model 42 stepping 7, cmov, cx8, fxsr, mmx, sse, sse2, sse3, ssse3, sse4.1, sse4.2, popcnt, avx, clmul, ht, tsc, tscinvbit

Memory: 4k page, physical 4140908k(159828k free), swap 5575532k(5228k free)

vm_info: OpenJDK 64-Bit Server VM (25.152-b02) for windows-amd64 JRE (1.8.0_152-release-1024-b02), built by "builder" with MS VC++ 10.0 (VS2010)

time: Wed Aug 29 16:07:48 2018
elapsed time: 10 seconds (0d 0h 0m 10s)

