#
# There is insufficient memory for the Java Runtime Environment to continue.
# Native memory allocation (malloc) failed to allocate 39696 bytes for Chunk::new
# Possible reasons:
#   The system is out of physical RAM or swap space
#   In 32 bit mode, the process size limit was hit
# Possible solutions:
#   Reduce memory load on the system
#   Increase physical memory or swap space
#   Check if swap backing store is full
#   Use 64 bit Java on a 64 bit OS
#   Decrease Java heap size (-Xmx/-Xms)
#   Decrease number of Java threads
#   Decrease Java thread stack sizes (-Xss)
#   Set larger code cache with -XX:ReservedCodeCacheSize=
# This output file may be truncated or incomplete.
#
#  Out of Memory Error (allocation.cpp:390), pid=190000, tid=0x000000000002e7e4
#
# JRE version: OpenJDK Runtime Environment (8.0_152-b02) (build 1.8.0_152-release-1024-b02)
# Java VM: OpenJDK 64-Bit Server VM (25.152-b02 mixed mode windows-amd64 compressed oops)
# Failed to write core dump. Minidumps are not enabled by default on client versions of Windows
#

---------------  T H R E A D  ---------------

Current thread (0x000000001301f000):  JavaThread "C2 CompilerThread1" daemon [_thread_in_native, id=190436, stack(0x0000000014760000,0x0000000014860000)]

Stack: [0x0000000014760000,0x0000000014860000]
[error occurred during error reporting (printing stack bounds), id 0xc0000005]

Native frames: (J=compiled Java code, j=interpreted, Vv=VM code, C=native code)


Current CompileTask:
C2:   2619  395       4       jdk.internal.org.objectweb.asm.ByteVector::putUTF8 (142 bytes)


---------------  P R O C E S S  ---------------

Java Threads: ( => current thread )
  0x0000000013016800 JavaThread "Service Thread" daemon [_thread_blocked, id=185660, stack(0x0000000014d60000,0x0000000014e60000)]
  0x0000000013014800 JavaThread "C1 CompilerThread2" daemon [_thread_in_native, id=175696, stack(0x0000000014860000,0x0000000014960000)]
=>0x000000001301f000 JavaThread "C2 CompilerThread1" daemon [_thread_in_native, id=190436, stack(0x0000000014760000,0x0000000014860000)]
  0x000000001301b000 JavaThread "C2 CompilerThread0" daemon [_thread_blocked, id=190424, stack(0x0000000014660000,0x0000000014760000)]
  0x0000000013019800 JavaThread "Attach Listener" daemon [_thread_blocked, id=189508, stack(0x0000000014560000,0x0000000014660000)]
  0x0000000013018000 JavaThread "Signal Dispatcher" daemon [_thread_blocked, id=157980, stack(0x0000000014460000,0x0000000014560000)]
  0x0000000002caa800 JavaThread "Finalizer" daemon [_thread_blocked, id=187768, stack(0x0000000014280000,0x0000000014380000)]
  0x0000000002ca5000 JavaThread "Reference Handler" daemon [_thread_blocked, id=189116, stack(0x0000000014180000,0x0000000014280000)]
  0x0000000002bb5000 JavaThread "main" [_thread_in_vm, id=188580, stack(0x0000000002ab0000,0x0000000002bb0000)]

Other Threads:
  0x0000000012fd6800 VMThread [stack: 0x0000000014080000,0x0000000014180000] [id=180772]
  0x000000001498c000 WatcherThread [stack: 0x0000000014e60000,0x0000000014f60000] [id=189920]

VM state:not at safepoint (normal execution)

VM Mutex/Monitor currently owned by a thread: None

Heap:
 PSYoungGen      total 18944K, used 6997K [0x00000000feb00000, 0x0000000100000000, 0x0000000100000000)
  eden space 16384K, 42% used [0x00000000feb00000,0x00000000ff1d57d8,0x00000000ffb00000)
  from space 2560K, 0% used [0x00000000ffd80000,0x00000000ffd80000,0x0000000100000000)
  to   space 2560K, 0% used [0x00000000ffb00000,0x00000000ffb00000,0x00000000ffd80000)
 ParOldGen       total 44032K, used 0K [0x00000000fc000000, 0x00000000feb00000, 0x00000000feb00000)
  object space 44032K, 0% used [0x00000000fc000000,0x00000000fc000000,0x00000000feb00000)
 Metaspace       used 5850K, capacity 5988K, committed 6144K, reserved 1056768K
  class space    used 687K, capacity 740K, committed 768K, reserved 1048576K

Card table byte_map: [0x0000000001170000,0x00000000011a0000] byte_map_base: 0x0000000000990000

Marking Bits: (ParMarkBitMap*) 0x000000005c554970
 Begin Bits: [0x0000000012470000, 0x0000000012570000)
 End Bits:   [0x0000000012570000, 0x0000000012670000)

Polling page: 0x0000000001140000

CodeCache: size=245760Kb used=1752Kb max_used=1752Kb free=244008Kb
 bounds [0x0000000002cb0000, 0x0000000002f20000, 0x0000000011cb0000]
 total_blobs=692 nmethods=387 adapters=219
 compilation: enabled

Compilation events (10 events):
Event: 2.592 Thread 0x0000000013014800  373       3       jdk.internal.org.objectweb.asm.Type::getType (269 bytes)
Event: 2.593 Thread 0x0000000013014800 nmethod 373 0x0000000002e5ff10 code [0x0000000002e60100, 0x0000000002e609f0]
Event: 2.593 Thread 0x0000000013014800  374       1       java.lang.invoke.MethodHandle::type (5 bytes)
Event: 2.593 Thread 0x0000000013014800 nmethod 374 0x0000000002e60dd0 code [0x0000000002e60f20, 0x0000000002e61030]
Event: 2.594 Thread 0x0000000013014800  376       3       jdk.internal.org.objectweb.asm.Type::getArgumentsAndReturnSizes (151 bytes)
Event: 2.595 Thread 0x0000000013014800 nmethod 376 0x0000000002e61390 code [0x0000000002e615c0, 0x0000000002e62358]
Event: 2.595 Thread 0x0000000013014800  377       3       java.lang.invoke.InvokerBytecodeGenerator::isStaticallyNameable (116 bytes)
Event: 2.598 Thread 0x0000000013014800 nmethod 377 0x0000000002e62d10 code [0x0000000002e63060, 0x0000000002e65018]
Event: 2.598 Thread 0x0000000013014800  382       3       jdk.internal.org.objectweb.asm.Frame::execute (2252 bytes)
Event: 2.605 Thread 0x000000001301f000  395       4       jdk.internal.org.objectweb.asm.ByteVector::putUTF8 (142 bytes)

GC Heap History (0 events):
No events

Deoptimization events (1 events):
Event: 2.406 Thread 0x0000000002bb5000 Uncommon trap: reason=range_check action=make_not_entrant pc=0x0000000002e1ebe0 method=sun.reflect.generics.parser.SignatureParser.current()C @ 34

Classes redefined (0 events):
No events

Internal exceptions (6 events):
Event: 0.073 Thread 0x0000000002bb5000 Exception <a 'java/lang/NoSuchMethodError': Method sun.misc.Unsafe.defineClass(Ljava/lang/String;[BII)Ljava/lang/Class; name or signature does not match> (0x00000000feb07ca8) thrown at [D:\src\AOSP-openjdk-cygwin\jdk8u\hotspot\src\share\vm\prims\jni.cpp, 
Event: 0.073 Thread 0x0000000002bb5000 Exception <a 'java/lang/NoSuchMethodError': Method sun.misc.Unsafe.prefetchRead(Ljava/lang/Object;J)V name or signature does not match> (0x00000000feb07f90) thrown at [D:\src\AOSP-openjdk-cygwin\jdk8u\hotspot\src\share\vm\prims\jni.cpp, line 4011]
Event: 1.980 Thread 0x0000000002bb5000 Exception <a 'sun/nio/fs/WindowsException'> (0x00000000fecca4e0) thrown at [D:\src\AOSP-openjdk-cygwin\jdk8u\hotspot\src\share\vm\prims\jni.cpp, line 709]
Event: 2.406 Thread 0x0000000002bb5000 Exception <a 'java/lang/ArrayIndexOutOfBoundsException': 18> (0x00000000fef228d0) thrown at [D:\src\AOSP-openjdk-cygwin\jdk8u\hotspot\src\share\vm\interpreter\interpreterRuntime.cpp, line 366]
Event: 2.407 Thread 0x0000000002bb5000 Exception <a 'java/lang/ArrayIndexOutOfBoundsException': 67> (0x00000000fef237d8) thrown at [D:\src\AOSP-openjdk-cygwin\jdk8u\hotspot\src\share\vm\interpreter\interpreterRuntime.cpp, line 366]
Event: 2.601 Thread 0x0000000002bb5000 Exception <a 'java/lang/NoSuchFieldError': method resolution failed> (0x00000000ff18fd70) thrown at [D:\src\AOSP-openjdk-cygwin\jdk8u\hotspot\src\share\vm\prims\methodHandles.cpp, line 1167]

Events (10 events):
Event: 2.550 loading class java/lang/invoke/DelegatingMethodHandle done
Event: 2.550 loading class java/lang/invoke/MethodHandleImpl$AsVarargsCollector done
Event: 2.551 loading class java/lang/invoke/WrongMethodTypeException
Event: 2.553 loading class java/lang/invoke/WrongMethodTypeException done
Event: 2.571 loading class java/lang/invoke/MethodHandleImpl$Lazy
Event: 2.571 loading class java/lang/invoke/MethodHandleImpl$Lazy done
Event: 2.573 loading class java/lang/invoke/MethodHandleImpl$IntrinsicMethodHandle
Event: 2.573 loading class java/lang/invoke/MethodHandleImpl$IntrinsicMethodHandle done
Event: 2.601 loading class java/lang/NoSuchFieldError
Event: 2.601 loading class java/lang/NoSuchFieldError done


Dynamic libraries:
0x00007ff64f240000 - 0x00007ff64f271000 	C:\Program Files\Android\Android Studio1\jre\bin\java.exe
0x00007ffdc55b0000 - 0x00007ffdc5772000 	C:\Windows\SYSTEM32\ntdll.dll
0x00007ffdc53c0000 - 0x00007ffdc546d000 	C:\Windows\system32\KERNEL32.DLL
0x00007ffdc2300000 - 0x00007ffdc24dd000 	C:\Windows\system32\KERNELBASE.dll
0x00007ffdc4530000 - 0x00007ffdc45d6000 	C:\Windows\system32\ADVAPI32.dll
0x00007ffdc5160000 - 0x00007ffdc51fd000 	C:\Windows\system32\msvcrt.dll
0x00007ffdc45e0000 - 0x00007ffdc463b000 	C:\Windows\system32\sechost.dll
0x00007ffdc5470000 - 0x00007ffdc5596000 	C:\Windows\system32\RPCRT4.dll
0x00007ffdc4880000 - 0x00007ffdc49ce000 	C:\Windows\system32\USER32.dll
0x00007ffdc49f0000 - 0x00007ffdc4b73000 	C:\Windows\system32\GDI32.dll
0x00007ffdb7300000 - 0x00007ffdb7574000 	C:\Windows\WinSxS\amd64_microsoft.windows.common-controls_6595b64144ccf1df_6.0.10240.17184_none_f41d7a705752bce6\COMCTL32.dll
0x00007ffdc5120000 - 0x00007ffdc5156000 	C:\Windows\system32\IMM32.DLL
0x00007ffdc5200000 - 0x00007ffdc535c000 	C:\Windows\system32\MSCTF.dll
0x000000005bcb0000 - 0x000000005bd82000 	C:\Program Files\Android\Android Studio1\jre\jre\bin\msvcr100.dll
0x000000005bd90000 - 0x000000005c5cf000 	C:\Program Files\Android\Android Studio1\jre\jre\bin\server\jvm.dll
0x00007ffdc55a0000 - 0x00007ffdc55a8000 	C:\Windows\system32\PSAPI.DLL
0x00007ffdb8f60000 - 0x00007ffdb8f6a000 	C:\Windows\SYSTEM32\VERSION.dll
0x00007ffdc06e0000 - 0x00007ffdc0703000 	C:\Windows\SYSTEM32\WINMM.dll
0x00007ffdc0680000 - 0x00007ffdc06ac000 	C:\Windows\SYSTEM32\WINMMBASE.dll
0x00007ffdc25f0000 - 0x00007ffdc2634000 	C:\Windows\system32\cfgmgr32.dll
0x00007ffdc0170000 - 0x00007ffdc0179000 	C:\Windows\SYSTEM32\WSOCK32.dll
0x00007ffdc50b0000 - 0x00007ffdc5119000 	C:\Windows\system32\WS2_32.dll
0x00007ffdc0950000 - 0x00007ffdc0977000 	C:\Windows\SYSTEM32\DEVOBJ.dll
0x00007ffdc4790000 - 0x00007ffdc4798000 	C:\Windows\system32\NSI.dll
0x00007ffdc0060000 - 0x00007ffdc006f000 	C:\Program Files\Android\Android Studio1\jre\jre\bin\verify.dll
0x00007ffdba070000 - 0x00007ffdba099000 	C:\Program Files\Android\Android Studio1\jre\jre\bin\java.dll
0x00007ffdb65f0000 - 0x00007ffdb6606000 	C:\Program Files\Android\Android Studio1\jre\jre\bin\zip.dll
0x00007ffdc2c80000 - 0x00007ffdc41a3000 	C:\Windows\system32\SHELL32.dll
0x00007ffdc2640000 - 0x00007ffdc2c69000 	C:\Windows\system32\windows.storage.dll
0x00007ffdc4c40000 - 0x00007ffdc4ebc000 	C:\Windows\system32\combase.dll
0x00007ffdc4b80000 - 0x00007ffdc4bd1000 	C:\Windows\system32\shlwapi.dll
0x00007ffdc2060000 - 0x00007ffdc206f000 	C:\Windows\system32\kernel.appcore.dll
0x00007ffdc2240000 - 0x00007ffdc22f3000 	C:\Windows\system32\shcore.dll
0x00007ffdc1fd0000 - 0x00007ffdc201a000 	C:\Windows\system32\powrprof.dll
0x00007ffdc2020000 - 0x00007ffdc2033000 	C:\Windows\system32\profapi.dll
0x00007ffdc18a0000 - 0x00007ffdc18b7000 	C:\Windows\SYSTEM32\CRYPTSP.dll
0x00007ffdc1f00000 - 0x00007ffdc1f28000 	C:\Windows\SYSTEM32\bcrypt.dll
0x00007ffdc1490000 - 0x00007ffdc14c3000 	C:\Windows\system32\rsaenh.dll
0x00007ffdc15e0000 - 0x00007ffdc15ff000 	C:\Windows\SYSTEM32\USERENV.dll
0x00007ffdc1df0000 - 0x00007ffdc1e5b000 	C:\Windows\system32\bcryptprimitives.dll
0x00007ffdc1a10000 - 0x00007ffdc1a1b000 	C:\Windows\SYSTEM32\CRYPTBASE.dll
0x00007ffdb60b0000 - 0x00007ffdb60ca000 	C:\Program Files\Android\Android Studio1\jre\jre\bin\net.dll
0x00007ffdc1840000 - 0x00007ffdc189d000 	C:\Windows\system32\mswsock.dll
0x00007ffdbe3a0000 - 0x00007ffdbe3d8000 	C:\Windows\SYSTEM32\IPHLPAPI.DLL
0x00007ffdbe2c0000 - 0x00007ffdbe2cb000 	C:\Windows\SYSTEM32\WINNSI.DLL
0x00007ffdbd2b0000 - 0x00007ffdbd2c6000 	C:\Windows\SYSTEM32\dhcpcsvc6.DLL
0x00007ffdbd290000 - 0x00007ffdbd2aa000 	C:\Windows\SYSTEM32\dhcpcsvc.DLL
0x00007ffdb5e50000 - 0x00007ffdb5e61000 	C:\Program Files\Android\Android Studio1\jre\jre\bin\nio.dll

VM Arguments:
jvm_args: -Djava.awt.headless=true -Xmx64M -Dfile.encoding=windows-1252 -Duser.country=US -Duser.language=en -Duser.variant 
java_command: com.google.devtools.build.android.desugar.Desugar --input C:\Users\ALEXANDRE\AndroidStudioProjects\SitaProject\app\build\intermediates\transforms\stackFramesFixer\debug\20.jar --output C:\Users\ALEXANDRE\AndroidStudioProjects\SitaProject\app\build\intermediates\transforms\desugar\debug\21.jar --input C:\Users\ALEXANDRE\AndroidStudioProjects\SitaProject\app\build\intermediates\transforms\stackFramesFixer\debug\19.jar --output C:\Users\ALEXANDRE\AndroidStudioProjects\SitaProject\app\build\intermediates\transforms\desugar\debug\20.jar --input C:\Users\ALEXANDRE\AndroidStudioProjects\SitaProject\app\build\intermediates\transforms\stackFramesFixer\debug\15.jar --output C:\Users\ALEXANDRE\AndroidStudioProjects\SitaProject\app\build\intermediates\transforms\desugar\debug\16.jar --input C:\Users\ALEXANDRE\AndroidStudioProjects\SitaProject\app\build\intermediates\transforms\stackFramesFixer\debug\25.jar --output C:\Users\ALEXANDRE\AndroidStudioProjects\SitaProject\app\build\intermediates\transforms\desugar\debug\26.jar --input C:\Users\ALEXANDRE\AndroidStudioProjects\SitaProject\app\build\intermediates\transforms\stackFramesFixer\debug\11.jar --output C:\Users\ALEXANDRE\AndroidStudioProjects\SitaProject\app\build\intermediates\transforms\desugar\debug\12.jar --input C:\Users\ALEXANDRE\AndroidStudioProjects\SitaProject\app\build\intermediates\transforms\stackFramesFixer\debug\3.jar --output C:\Users\ALEXANDRE\AndroidStudioProjects\SitaProject\app\build\intermediates\transforms\desugar\debug\4.jar --input C:\Users\ALEXANDRE\AndroidStudioProjects\SitaProject\app\build\intermediates\transforms\stackFramesFixer\debug\22.jar --output C:\Users\ALEXANDRE\AndroidStudioProjects\SitaProject\app\build\intermediates\transforms\desugar\debug\23.jar --input C:\Users\ALEXANDRE\AndroidStudioProjects\SitaProject\app\build\intermediates\transforms\stackFramesFixer\debug\7.jar --output C:\Users\ALEXANDRE\AndroidStudioProjects\SitaProject\app\build\intermediates\transforms\desuga
java_class_path (initial): C:\Users\ALEXAN~1\AppData\Local\Temp\desugar_deploy.jar5730209079618063144
Launcher Type: SUN_STANDARD

Environment Variables:
JAVA_HOME=C:\Program Files\Java\jdk1.8.0_121
PATH=C:\ProgramData\Oracle\Java\javapath;C:\Windows\system32;C:\Windows;C:\Windows\System32\Wbem;C:\Windows\System32\WindowsPowerShell\v1.0\;C:\Qt\Qt5.6.2\5.6\mingw49_32\bin;C:\Qt\Qt5.6.2\Tools\QtCreator\bin;C:\vstudio;C:\Program Files\Java\jdk1.8.0_121\bin;C:\Qt\Qt5.6.2\5.6\mingw49_32\bin;C:\Qt\Qt5.6.2\Tools\mingw492_32;C:\Program Files (x86)\Windows Kits\8.1\Windows Performance Toolkit\;C:\Program Files (x86)\Microsoft Emulator Manager\1.0\C:\MinGW\bin;C:\MinGW\include;C:\MinGW\mingw32\bin;C:\Qt\Qt5.6.2\Tools\mingw492_32\bin;C:\Users\ALEXANDRE\Desktop\gradle-3.5\bin;C:\Program Files\Android\Android Studio\bin;C:\Program Files\Microsoft\Web Platform Installer\;C:\Program Files (x86)\Microsoft ASP.NET\ASP.NET Web Pages\v1.0\;C:\Program Files\Microsoft SQL Server\110\Tools\Binn\;C:\Program Files (x86)\MATLAB\R2013\runtime\win32;C:\Program Files (x86)\MATLAB\R2013\bin;C:\Program Files (x86)\Common Files\lenovo\easyplussdk\bin;C:\android-studio-ide-162.3934792-windows\android-studio\gradle\gradle-4.6-bin;C:\Users\ALEXANDRE\Desktop\bin;C:\Program Files (x86)\Git\cmd;C:\Program Files\Java\jre7\bin;;C:\Program Files (x86)\Microsoft VS Code\bin
USERNAME=ALEXANDRE
OS=Windows_NT
PROCESSOR_IDENTIFIER=Intel64 Family 6 Model 42 Stepping 7, GenuineIntel



---------------  S Y S T E M  ---------------

OS: Windows 10.0 , 64 bit Build 10240 (10.0.10240.17113)

CPU:total 4 (initial active 4) (2 cores per cpu, 2 threads per core) family 6 model 42 stepping 7, cmov, cx8, fxsr, mmx, sse, sse2, sse3, ssse3, sse4.1, sse4.2, popcnt, avx, clmul, ht, tsc, tscinvbit

Memory: 4k page, physical 4140908k(697460k free), swap 5575532k(3280k free)

vm_info: OpenJDK 64-Bit Server VM (25.152-b02) for windows-amd64 JRE (1.8.0_152-release-1024-b02), built by "builder" with MS VC++ 10.0 (VS2010)

time: Fri Aug 10 13:52:11 2018
elapsed time: 2 seconds (0d 0h 0m 2s)

