JvmtiExport can_access_local_variables 0
JvmtiExport can_hotswap_or_post_breakpoint 0
JvmtiExport can_post_on_exceptions 0
# 324 ciObject found
ciMethod java/lang/Object <init> ()V 4097 1 87377 0 0
ciMethod java/lang/String equals (Ljava/lang/Object;)Z 2049 12473 3347 0 -1
ciMethod java/lang/String toCharArray ()[C 2049 1 3147 0 0
ciMethod java/lang/System arraycopy (Ljava/lang/Object;ILjava/lang/Object;II)V 5121 1 640 0 -1
ciMethod java/lang/Float <init> (F)V 9 1 5 0 0
ciMethod java/lang/Float intBitsToFloat (I)F 0 0 1 0 -1
ciMethod java/lang/Number <init> ()V 3257 1 1413 0 0
ciMethod java/lang/Double longBitsToDouble (J)D 25 1 3 0 -1
ciMethod java/lang/Integer <init> (I)V 2065 1 306 0 0
ciMethod java/lang/Long <init> (J)V 2049 1 258 0 0
ciMethod java/util/List add (Ljava/lang/Object;)Z 0 0 1 0 -1
ciMethod java/util/List subList (II)Ljava/util/List; 0 0 1 0 -1
ciMethod java/util/AbstractList <init> ()V 2049 1 2586 0 0
ciMethod java/util/AbstractCollection <init> ()V 505 1 2934 0 0
ciMethod java/util/Objects requireNonNull (Ljava/lang/Object;)Ljava/lang/Object; 2073 1 1957 0 0
ciMethod java/util/Arrays asList ([Ljava/lang/Object;)Ljava/util/List; 2089 1 318 0 0
ciMethodData java/lang/Object <init> ()V 2 87377 orig 264 56 173 207 101 0 0 0 0 128 4 162 18 0 0 0 0 32 1 0 0 0 0 0 0 0 0 0 0 0 0 0 0 0 0 0 0 0 0 0 0 0 0 0 0 0 0 0 0 0 0 0 0 0 0 0 0 0 0 0 0 0 0 0 0 0 0 0 0 0 0 0 0 0 0 0 0 0 0 0 0 77 68 79 32 101 120 116 114 97 32 100 97 116 97 32 108 111 99 107 0 0 0 0 0 0 0 0 0 0 0 0 0 0 0 0 0 0 0 0 0 0 0 0 0 0 0 0 0 0 0 0 0 0 0 0 0 0 0 0 0 0 0 0 0 0 0 0 0 0 0 0 0 0 0 0 0 0 0 0 0 0 0 0 0 0 0 0 0 0 0 0 0 0 0 0 0 0 0 0 0 0 0 0 0 1 0 0 0 0 0 0 0 1 0 0 0 0 0 0 0 1 0 0 0 0 0 0 0 0 0 0 0 0 0 0 0 0 2 0 0 137 154 10 0 1 0 0 0 0 0 0 0 0 0 0 0 2 0 0 0 0 0 3 0 1 0 0 0 0 0 0 0 255 255 255 255 0 0 0 0 0 0 0 0 data 0 oops 0
ciMethod java/lang/IllegalArgumentException <init> (Ljava/lang/String;)V 0 0 1 0 -1
ciMethod java/util/Arrays$ArrayList <init> ([Ljava/lang/Object;)V 2089 1 318 0 0
ciMethodData java/lang/Number <init> ()V 2 1413 orig 264 56 173 207 101 0 0 0 0 48 229 171 18 0 0 0 0 48 1 0 0 0 0 0 0 0 0 0 0 0 0 0 0 0 0 0 0 0 0 0 0 0 0 0 0 0 0 0 0 0 0 0 0 0 0 0 0 0 0 0 0 0 0 0 0 0 0 0 0 0 0 0 0 0 0 0 0 0 0 0 0 77 68 79 32 101 120 116 114 97 32 100 97 116 97 32 108 111 99 107 0 0 0 0 0 0 0 0 0 0 0 0 0 0 0 0 0 0 0 0 0 0 0 0 0 0 0 0 0 0 0 0 0 0 0 0 0 0 0 0 0 0 0 0 0 0 0 0 0 0 0 0 0 0 0 0 0 0 0 0 0 0 0 0 0 0 0 0 0 0 0 0 0 0 0 0 0 0 0 0 0 0 0 0 0 0 0 0 0 0 0 0 0 0 0 0 0 0 0 0 0 0 0 0 0 0 0 0 0 0 0 0 0 0 0 0 0 150 1 0 0 113 31 0 0 1 0 0 0 0 0 0 0 0 0 0 0 2 0 0 0 0 0 3 0 2 0 0 0 16 0 0 0 255 255 255 255 2 0 1 0 0 0 0 0 data 2 0x10002 0x3ee oops 0
ciMethodData java/lang/Long <init> (J)V 1 258 orig 264 56 173 207 101 0 0 0 0 216 146 172 18 0 0 0 0 64 1 0 0 0 0 0 0 0 0 0 0 0 0 0 0 0 0 0 0 0 0 0 0 0 0 0 0 0 0 0 0 0 0 0 0 0 0 0 0 0 0 0 0 0 0 0 0 0 0 0 0 0 0 0 0 0 0 0 0 0 0 0 0 77 68 79 32 101 120 116 114 97 32 100 97 116 97 32 108 111 99 107 0 0 0 0 0 0 0 0 0 0 0 0 0 0 0 0 0 0 0 0 0 0 0 0 0 0 0 0 0 0 0 0 0 0 0 0 0 0 0 0 0 0 0 0 0 0 0 0 0 0 0 0 0 0 0 0 0 0 0 0 0 0 0 0 0 0 0 0 0 0 0 0 0 0 0 0 0 0 0 0 0 0 0 0 0 0 0 0 0 0 0 0 0 0 0 0 0 0 0 0 0 0 0 0 0 0 0 0 0 0 0 0 0 0 0 0 0 0 1 0 0 17 0 0 0 1 0 0 0 0 0 0 0 0 0 0 0 2 0 0 0 0 0 3 0 2 0 0 0 16 0 0 0 255 255 255 255 2 0 1 0 0 0 0 0 data 2 0x10002 0x2 oops 0
ciMethodData java/util/AbstractCollection <init> ()V 2 2934 orig 264 56 173 207 101 0 0 0 0 200 115 174 18 0 0 0 0 48 1 0 0 0 0 0 0 0 0 0 0 0 0 0 0 0 0 0 0 0 0 0 0 0 0 0 0 0 0 0 0 0 0 0 0 0 0 0 0 0 0 0 0 0 0 0 0 0 0 0 0 0 0 0 0 0 0 0 0 0 0 0 0 77 68 79 32 101 120 116 114 97 32 100 97 116 97 32 108 111 99 107 0 0 0 0 0 0 0 0 0 0 0 0 0 0 0 0 0 0 0 0 0 0 0 0 0 0 0 0 0 0 0 0 0 0 0 0 0 0 0 0 0 0 0 0 0 0 0 0 0 0 0 0 0 0 0 0 0 0 0 0 0 0 0 0 0 0 0 0 0 0 0 0 0 0 0 0 0 0 0 0 0 0 0 0 0 0 0 0 0 0 0 0 0 0 0 0 0 0 0 0 0 0 0 0 0 0 0 0 0 0 0 0 0 0 0 0 0 63 0 0 0 185 89 0 0 1 0 0 0 0 0 0 0 0 0 0 0 2 0 0 0 0 0 3 0 2 0 0 0 16 0 0 0 255 255 255 255 2 0 1 0 0 0 0 0 data 2 0x10002 0xb37 oops 0
ciMethodData java/lang/String toCharArray ()[C 2 3147 orig 264 56 173 207 101 0 0 0 0 232 110 162 18 0 0 0 0 88 1 0 0 0 0 0 0 0 0 0 0 0 0 0 0 0 0 0 0 0 0 0 0 0 0 0 0 0 0 0 0 0 0 0 0 0 0 0 0 0 0 0 0 0 0 0 0 0 0 0 0 0 0 0 0 0 0 0 0 0 0 0 0 77 68 79 32 101 120 116 114 97 32 100 97 116 97 32 108 111 99 107 0 0 0 0 0 0 0 0 0 0 0 0 0 0 0 0 0 0 0 0 0 0 0 0 0 0 0 0 0 0 0 0 0 0 0 0 0 0 0 0 0 0 0 0 0 0 0 0 0 0 0 0 0 0 0 0 0 0 0 0 0 0 0 0 0 0 0 0 0 0 0 0 0 0 0 0 0 0 0 0 0 0 0 0 0 0 0 0 0 0 0 0 0 0 0 0 0 0 0 0 0 0 0 0 0 0 0 0 0 0 0 0 0 0 0 0 0 0 1 0 0 89 90 0 0 1 0 0 0 0 0 0 0 0 0 0 0 2 0 0 0 0 0 3 0 2 0 0 0 16 0 0 0 255 255 255 255 2 0 20 0 0 0 0 0 data 2 0x140002 0xb4b oops 0
ciMethodData java/lang/Integer <init> (I)V 1 306 orig 264 56 173 207 101 0 0 0 0 144 82 172 18 0 0 0 0 56 1 0 0 0 0 0 0 0 0 0 0 0 0 0 0 0 0 0 0 0 0 0 0 0 0 0 0 0 0 0 0 0 0 0 0 0 0 0 0 0 0 0 0 0 0 0 0 0 0 0 0 0 0 0 0 0 0 0 0 0 0 0 0 77 68 79 32 101 120 116 114 97 32 100 97 116 97 32 108 111 99 107 0 0 0 0 0 0 0 0 0 0 0 0 0 0 0 0 0 0 0 0 0 0 0 0 0 0 0 0 0 0 0 0 0 0 0 0 0 0 0 0 0 0 0 0 0 0 0 0 0 0 0 0 0 0 0 0 0 0 0 0 0 0 0 0 0 0 0 0 0 0 0 0 0 0 0 0 0 0 0 0 0 0 0 0 0 0 0 0 0 0 0 0 0 0 0 0 0 0 0 0 0 0 0 0 0 0 0 0 0 0 0 0 0 0 0 0 0 2 1 0 0 129 1 0 0 1 0 0 0 0 0 0 0 0 0 0 0 2 0 0 0 0 0 0 0 0 0 0 0 16 0 0 0 255 255 255 255 2 0 1 0 0 0 0 0 data 2 0x10002 0x30 oops 0
ciMethodData java/util/Objects requireNonNull (Ljava/lang/Object;)Ljava/lang/Object; 2 1957 orig 264 56 173 207 101 0 0 0 0 64 186 177 18 0 0 0 0 80 1 0 0 0 0 0 0 0 0 0 0 0 0 0 0 0 0 0 0 0 0 0 0 0 0 0 0 0 0 0 0 0 0 0 0 0 0 0 0 0 0 0 0 0 0 0 0 0 0 0 0 0 0 0 0 0 0 0 0 0 0 0 0 77 68 79 32 101 120 116 114 97 32 100 97 116 97 32 108 111 99 107 0 0 0 0 0 0 0 0 0 0 0 0 0 0 0 0 0 0 0 0 0 0 0 0 0 0 0 0 0 0 0 0 0 0 0 0 0 0 0 0 0 0 0 0 0 0 0 0 0 0 0 0 0 0 0 0 0 0 0 0 0 0 0 0 0 0 0 0 0 0 0 0 0 0 0 0 0 0 0 0 0 0 0 0 0 0 0 0 0 0 0 0 0 0 0 0 0 0 0 0 0 0 0 0 0 0 0 0 0 0 0 0 0 0 0 0 0 3 1 0 0 17 53 0 0 1 0 0 0 0 0 0 0 0 0 0 0 2 0 0 0 0 0 5 0 2 0 0 0 48 0 0 0 255 255 255 255 7 0 1 0 0 0 0 0 data 6 0x10007 0x6a2 0x30 0x0 0x80002 0x0 oops 0
ciMethodData java/util/AbstractList <init> ()V 2 2586 orig 264 56 173 207 101 0 0 0 0 40 96 174 18 0 0 0 0 48 1 0 0 0 0 0 0 0 0 0 0 0 0 0 0 0 0 0 0 0 0 0 0 0 0 0 0 0 0 0 0 0 0 0 0 0 0 0 0 0 0 0 0 0 0 0 0 0 0 0 0 0 0 0 0 0 0 0 0 0 0 0 0 77 68 79 32 101 120 116 114 97 32 100 97 116 97 32 108 111 99 107 0 0 0 0 0 0 0 0 0 0 0 0 0 0 0 0 0 0 0 0 0 0 0 0 0 0 0 0 0 0 0 0 0 0 0 0 0 0 0 0 0 0 0 0 0 0 0 0 0 0 0 0 0 0 0 0 0 0 0 0 0 0 0 0 0 0 0 0 0 0 0 0 0 0 0 0 0 0 0 0 0 0 0 0 0 0 0 0 0 0 0 0 0 0 0 0 0 0 0 0 0 0 0 0 0 0 0 0 0 0 0 0 0 0 0 0 0 0 1 0 0 209 72 0 0 1 0 0 0 0 0 0 0 0 0 0 0 2 0 0 0 0 0 3 0 2 0 0 0 16 0 0 0 255 255 255 255 2 0 1 0 0 0 0 0 data 2 0x10002 0x91a oops 0
ciMethod org/objectweb/asm/ClassReader a (Lorg/objectweb/asm/MethodVisitor;Lorg/objectweb/asm/Context;I)V 889 49441 728 0 -1
ciMethod org/objectweb/asm/ClassReader a (Lorg/objectweb/asm/MethodVisitor;Lorg/objectweb/asm/Context;IZ)[I 0 0 1 0 -1
ciMethod org/objectweb/asm/ClassReader a (Lorg/objectweb/asm/Context;I)I 0 0 1 0 -1
ciMethod org/objectweb/asm/ClassReader a (I[CZLorg/objectweb/asm/AnnotationVisitor;)I 1457 1 1126 0 -1
ciMethod org/objectweb/asm/ClassReader a (Lorg/objectweb/asm/Context;)V 0 0 1 0 -1
ciMethod org/objectweb/asm/ClassReader a (IZZLorg/objectweb/asm/Context;)I 825 585 530 0 -1
ciMethod org/objectweb/asm/ClassReader a ([Ljava/lang/Object;II[C[Lorg/objectweb/asm/Label;)I 3129 1 450 0 -1
ciMethod org/objectweb/asm/ClassReader readLabel (I[Lorg/objectweb/asm/Label;)Lorg/objectweb/asm/Label; 2049 1 3475 0 0
ciMethod org/objectweb/asm/ClassReader readByte (I)I 0 0 1 0 0
ciMethod org/objectweb/asm/ClassReader readUnsignedShort (I)I 2113 1 37970 0 160
ciMethod org/objectweb/asm/ClassReader readShort (I)S 1681 1 1142 0 0
ciMethod org/objectweb/asm/ClassReader readInt (I)I 2161 1 1684 0 192
ciMethod org/objectweb/asm/ClassReader readLong (I)J 0 0 2 0 0
ciMethod org/objectweb/asm/ClassReader readUTF8 (I[C)Ljava/lang/String; 2121 1 16456 0 2080
ciMethod org/objectweb/asm/ClassReader a (II[C)Ljava/lang/String; 737 23105 1057 0 -1
ciMethod org/objectweb/asm/ClassReader readClass (I[C)Ljava/lang/String; 2121 1 5083 0 0
ciMethod org/objectweb/asm/ClassReader readConst (I[C)Ljava/lang/Object; 2345 1 524 0 0
ciMethod org/objectweb/asm/ClassWriter a (Ljava/lang/String;Ljava/lang/String;Ljava/lang/String;Z)Lorg/objectweb/asm/Item; 4097 1 1044 0 -1
ciMethod org/objectweb/asm/MethodVisitor visitAttribute (Lorg/objectweb/asm/Attribute;)V 0 0 1 0 -1
ciMethod org/objectweb/asm/MethodVisitor visitFrame (II[Ljava/lang/Object;I[Ljava/lang/Object;)V 2097 1 529 0 0
ciMethod org/objectweb/asm/MethodVisitor visitInsn (I)V 4097 1 2110 0 0
ciMethod org/objectweb/asm/MethodVisitor visitIntInsn (II)V 2049 1 106 0 0
ciMethod org/objectweb/asm/MethodVisitor visitVarInsn (II)V 2049 1 3792 0 0
ciMethod org/objectweb/asm/MethodVisitor visitTypeInsn (ILjava/lang/String;)V 3105 1 525 0 0
ciMethod org/objectweb/asm/MethodVisitor visitFieldInsn (ILjava/lang/String;Ljava/lang/String;Ljava/lang/String;)V 4097 1 1272 0 0
ciMethod org/objectweb/asm/MethodVisitor visitMethodInsn (ILjava/lang/String;Ljava/lang/String;Ljava/lang/String;)V 0 0 1 0 -1
ciMethod org/objectweb/asm/MethodVisitor visitMethodInsn (ILjava/lang/String;Ljava/lang/String;Ljava/lang/String;Z)V 2145 1 2106 0 0
ciMethod org/objectweb/asm/MethodVisitor visitInvokeDynamicInsn (Ljava/lang/String;Ljava/lang/String;Lorg/objectweb/asm/Handle;[Ljava/lang/Object;)V 0 0 1 0 -1
ciMethod org/objectweb/asm/MethodVisitor visitJumpInsn (ILorg/objectweb/asm/Label;)V 2593 1 533 0 0
ciMethod org/objectweb/asm/MethodVisitor visitLabel (Lorg/objectweb/asm/Label;)V 3129 1 2053 0 0
ciMethod org/objectweb/asm/MethodVisitor visitLdcInsn (Ljava/lang/Object;)V 3073 1 483 0 0
ciMethod org/objectweb/asm/MethodVisitor visitIincInsn (II)V 481 1 22 0 0
ciMethod org/objectweb/asm/MethodVisitor visitTableSwitchInsn (IILorg/objectweb/asm/Label;[Lorg/objectweb/asm/Label;)V 177 1 4 0 0
ciMethod org/objectweb/asm/MethodVisitor visitLookupSwitchInsn (Lorg/objectweb/asm/Label;[I[Lorg/objectweb/asm/Label;)V 33 1 1 0 -1
ciMethod org/objectweb/asm/MethodVisitor visitMultiANewArrayInsn (Ljava/lang/String;I)V 0 0 1 0 -1
ciMethod org/objectweb/asm/MethodVisitor visitInsnAnnotation (ILorg/objectweb/asm/TypePath;Ljava/lang/String;Z)Lorg/objectweb/asm/AnnotationVisitor; 0 0 1 0 -1
ciMethod org/objectweb/asm/MethodVisitor visitTryCatchBlock (Lorg/objectweb/asm/Label;Lorg/objectweb/asm/Label;Lorg/objectweb/asm/Label;Ljava/lang/String;)V 2049 1 76 0 0
ciMethod org/objectweb/asm/MethodVisitor visitLocalVariable (Ljava/lang/String;Ljava/lang/String;Ljava/lang/String;Lorg/objectweb/asm/Label;Lorg/objectweb/asm/Label;I)V 4097 1 822 0 -1
ciMethod org/objectweb/asm/MethodVisitor visitLocalVariableAnnotation (ILorg/objectweb/asm/TypePath;[Lorg/objectweb/asm/Label;[Lorg/objectweb/asm/Label;[ILjava/lang/String;Z)Lorg/objectweb/asm/AnnotationVisitor; 0 0 1 0 -1
ciMethod org/objectweb/asm/MethodVisitor visitLineNumber (ILorg/objectweb/asm/Label;)V 4097 1 1286 0 -1
ciMethod org/objectweb/asm/MethodVisitor visitMaxs (II)V 2057 1 729 0 0
ciMethod org/objectweb/asm/Attribute read (Lorg/objectweb/asm/ClassReader;II[CI[Lorg/objectweb/asm/Label;)Lorg/objectweb/asm/Attribute; 0 0 1 0 -1
ciMethod org/objectweb/asm/MethodWriter visitMethodInsn (ILjava/lang/String;Ljava/lang/String;Ljava/lang/String;Z)V 4097 1 1044 0 0
ciMethod org/objectweb/asm/MethodWriter visitLabel (Lorg/objectweb/asm/Label;)V 4097 1 2124 0 0
ciMethod org/objectweb/asm/MethodWriter a (ILorg/objectweb/asm/Label;)V 4097 1 1516 0 0
ciMethod org/objectweb/asm/Label <init> ()V 1873 1 4994 0 0
ciMethod org/objectweb/asm/Label a (Lorg/objectweb/asm/MethodWriter;I[B)Z 4097 465 2124 0 0
ciMethod org/objectweb/asm/ByteVector a (II)Lorg/objectweb/asm/ByteVector; 2233 1 734 0 -1
ciMethod org/objectweb/asm/ByteVector b (II)Lorg/objectweb/asm/ByteVector; 4097 1 4410 0 -1
ciMethod org/objectweb/asm/tree/AbstractInsnNode <init> (I)V 4097 1 9309 0 0
ciMethod org/objectweb/asm/tree/MethodInsnNode <init> (ILjava/lang/String;Ljava/lang/String;Ljava/lang/String;Z)V 4097 1 1100 0 0
ciMethod org/objectweb/asm/tree/InsnNode <init> (I)V 4097 1 1341 0 -1
ciMethod org/objectweb/asm/tree/MethodNode visitFrame (II[Ljava/lang/Object;I[Ljava/lang/Object;)V 2065 1 276 0 0
ciMethod org/objectweb/asm/tree/MethodNode visitInsn (I)V 4097 1 1341 0 0
ciMethod org/objectweb/asm/tree/MethodNode visitIntInsn (II)V 2049 1 97 0 0
ciMethod org/objectweb/asm/tree/MethodNode visitVarInsn (II)V 2393 1 1888 0 0
ciMethod org/objectweb/asm/tree/MethodNode visitTypeInsn (ILjava/lang/String;)V 2057 1 295 0 0
ciMethod org/objectweb/asm/tree/MethodNode visitFieldInsn (ILjava/lang/String;Ljava/lang/String;Ljava/lang/String;)V 2049 1 730 0 0
ciMethod org/objectweb/asm/tree/MethodNode visitMethodInsn (ILjava/lang/String;Ljava/lang/String;Ljava/lang/String;Z)V 4097 1 1100 0 0
ciMethod org/objectweb/asm/tree/MethodNode visitJumpInsn (ILorg/objectweb/asm/Label;)V 4097 1 271 0 0
ciMethod org/objectweb/asm/tree/MethodNode visitLabel (Lorg/objectweb/asm/Label;)V 2233 1 1814 0 0
ciMethod org/objectweb/asm/tree/MethodNode visitLdcInsn (Ljava/lang/Object;)V 2057 1 263 0 0
ciMethod org/objectweb/asm/tree/MethodNode visitIincInsn (II)V 241 1 11 0 0
ciMethod org/objectweb/asm/tree/MethodNode visitTableSwitchInsn (IILorg/objectweb/asm/Label;[Lorg/objectweb/asm/Label;)V 89 1 2 0 0
ciMethod org/objectweb/asm/tree/MethodNode visitTryCatchBlock (Lorg/objectweb/asm/Label;Lorg/objectweb/asm/Label;Lorg/objectweb/asm/Label;Ljava/lang/String;)V 1865 1 47 0 0
ciMethod org/objectweb/asm/tree/MethodNode visitLocalVariable (Ljava/lang/String;Ljava/lang/String;Ljava/lang/String;Lorg/objectweb/asm/Label;Lorg/objectweb/asm/Label;I)V 4097 1 853 0 0
ciMethod org/objectweb/asm/tree/MethodNode visitLineNumber (ILorg/objectweb/asm/Label;)V 4097 1 1337 0 0
ciMethod org/objectweb/asm/tree/MethodNode visitMaxs (II)V 3081 1 388 0 0
ciMethod org/objectweb/asm/tree/MethodNode getLabelNode (Lorg/objectweb/asm/Label;)Lorg/objectweb/asm/tree/LabelNode; 3233 1 5215 0 0
ciMethod org/objectweb/asm/tree/MethodNode getLabelNodes ([Lorg/objectweb/asm/Label;)[Lorg/objectweb/asm/tree/LabelNode; 105 497 2 0 -1
ciMethod org/objectweb/asm/tree/MethodNode getLabelNodes ([Ljava/lang/Object;)[Ljava/lang/Object; 2145 9329 516 0 0
ciMethod org/objectweb/asm/Frame <init> ()V 0 0 1 0 -1
ciMethod org/objectweb/asm/Frame a (IILorg/objectweb/asm/ClassWriter;Lorg/objectweb/asm/Item;)V 0 0 1 0 -1
ciMethod org/objectweb/asm/Type <init> (I[CII)V 2121 1 965 0 0
ciMethod org/objectweb/asm/Type getObjectType (Ljava/lang/String;)Lorg/objectweb/asm/Type; 1761 1 257 0 0
ciMethod org/objectweb/asm/Type getMethodType (Ljava/lang/String;)Lorg/objectweb/asm/Type; 0 0 1 0 0
ciMethod org/objectweb/asm/Type getArgumentsAndReturnSizes (Ljava/lang/String;)I 1553 41313 894 0 -1
ciMethod org/objectweb/asm/Type a ([CI)Lorg/objectweb/asm/Type; 785 26081 737 0 -1
ciMethod org/objectweb/asm/tree/LdcInsnNode <init> (Ljava/lang/Object;)V 2057 1 263 0 0
ciMethod org/objectweb/asm/tree/LineNumberNode <init> (ILorg/objectweb/asm/tree/LabelNode;)V 4097 1 1337 0 0
ciMethod org/objectweb/asm/tree/TableSwitchInsnNode <init> (IILorg/objectweb/asm/tree/LabelNode;[Lorg/objectweb/asm/tree/LabelNode;)V 89 1 2 0 -1
ciMethod org/objectweb/asm/tree/IincInsnNode <init> (II)V 241 1 11 0 -1
ciMethod org/objectweb/asm/tree/FrameNode <init> (II[Ljava/lang/Object;I[Ljava/lang/Object;)V 2065 1 276 0 0
ciMethod org/objectweb/asm/tree/FrameNode asList (I[Ljava/lang/Object;)Ljava/util/List; 2049 1 145 0 0
ciMethod org/objectweb/asm/tree/LabelNode <init> ()V 1233 1 1814 0 0
ciMethod org/objectweb/asm/tree/JumpInsnNode <init> (ILorg/objectweb/asm/tree/LabelNode;)V 4089 1 271 0 0
ciMethod org/objectweb/asm/tree/IntInsnNode <init> (II)V 2041 1 97 0 -1
ciMethod org/objectweb/asm/tree/VarInsnNode <init> (II)V 2393 1 1888 0 -1
ciMethod org/objectweb/asm/tree/TypeInsnNode <init> (ILjava/lang/String;)V 2057 1 295 0 -1
ciMethod org/objectweb/asm/tree/FieldInsnNode <init> (ILjava/lang/String;Ljava/lang/String;Ljava/lang/String;)V 2041 1 730 0 0
ciMethod org/objectweb/asm/tree/InsnList add (Lorg/objectweb/asm/tree/AbstractInsnNode;)V 4097 1 5632 0 160
ciMethod org/objectweb/asm/tree/LocalVariableNode <init> (Ljava/lang/String;Ljava/lang/String;Ljava/lang/String;Lorg/objectweb/asm/tree/La