JvmtiExport can_access_local_variables 0
JvmtiExport can_hotswap_or_post_breakpoint 0
JvmtiExport can_post_on_exceptions 0
# 326 ciObject found
ciMethod java/lang/Object <init> ()V 4097 1 87187 0 0
ciMethod java/lang/String <init> ([CII)V 2865 1 5665 0 640
ciMethod java/lang/String equals (Ljava/lang/Object;)Z 2049 12473 3341 0 -1
ciMethod java/lang/String toCharArray ()[C 2049 1 2547 0 -1
ciMethod java/lang/System arraycopy (Ljava/lang/Object;ILjava/lang/Object;II)V 5121 1 640 0 -1
ciMethod java/lang/Float <init> (F)V 137 1 19 0 0
ciMethod java/lang/Float intBitsToFloat (I)F 129 1 16 0 -1
ciMethod java/lang/Number <init> ()V 3361 1 1563 0 0
ciMethod java/lang/Double <init> (D)V 57 1 7 0 0
ciMethod java/lang/Double longBitsToDouble (J)D 73 1 9 0 -1
ciMethod java/lang/Integer <init> (I)V 2065 1 418 0 0
ciMethod java/lang/Long <init> (J)V 2049 1 265 0 0
ciMethod java/lang/NullPointerException <init> ()V 0 0 1 0 -1
ciMethod java/util/List add (Ljava/lang/Object;)Z 0 0 1 0 -1
ciMethod java/util/List addAll (Ljava/util/Collection;)Z 0 0 1 0 -1
ciMethod java/util/List subList (II)Ljava/util/List; 0 0 1 0 -1
ciMethod java/util/AbstractList <init> ()V 2049 1 2365 0 0
ciMethod java/util/AbstractCollection <init> ()V 505 1 2787 0 0
ciMethod java/util/ArrayList <init> (I)V 2161 1 1389 0 -1
ciMethod java/lang/Math min (II)I 3377 1 16138 0 -1
ciMethod java/util/Objects requireNonNull (Ljava/lang/Object;)Ljava/lang/Object; 2153 1 1961 0 0
ciMethod java/util/Arrays copyOfRange ([CII)[C 3073 1 5546 0 480
ciMethod java/util/Arrays asList ([Ljava/lang/Object;)Ljava/util/List; 2049 1 325 0 0
ciMethodData java/lang/Object <init> ()V 2 87193 orig 264 56 173 207 101 0 0 0 0 128 4 141 18 0 0 0 0 32 1 0 0 0 0 0 0 0 0 0 0 0 0 0 0 0 0 0 0 0 0 0 0 0 0 0 0 0 0 0 0 0 0 0 0 0 0 0 0 0 0 0 0 0 0 0 0 0 0 0 0 0 0 0 0 0 0 0 0 0 0 0 0 77 68 79 32 101 120 116 114 97 32 100 97 116 97 32 108 111 99 107 0 0 0 0 0 0 0 0 0 0 0 0 0 0 0 0 0 0 0 0 0 0 0 0 0 0 0 0 0 0 0 0 0 0 0 0 0 0 0 0 0 0 0 0 0 0 0 0 0 0 0 0 0 0 0 0 0 0 0 0 0 0 0 0 0 0 0 0 0 0 0 0 0 0 0 0 0 0 0 0 0 0 0 0 0 1 0 0 0 0 0 0 0 1 0 0 0 0 0 0 0 1 0 0 0 0 0 0 0 0 0 0 0 0 0 0 0 0 2 0 0 201 148 10 0 1 0 0 0 0 0 0 0 0 0 0 0 2 0 0 0 0 0 3 0 1 0 0 0 0 0 0 0 255 255 255 255 0 0 0 0 0 0 0 0 data 0 oops 0
ciMethod java/lang/IllegalArgumentException <init> (Ljava/lang/String;)V 0 0 1 0 -1
ciMethodData java/util/Arrays copyOfRange ([CII)[C 2 5546 orig 264 56 173 207 101 0 0 0 0 128 37 159 18 0 0 0 0 120 2 0 0 240 0 0 0 0 0 0 0 0 0 0 0 0 0 0 0 0 0 0 0 0 0 0 0 0 0 0 0 0 0 0 0 0 0 0 0 0 0 0 0 0 0 0 0 0 0 0 0 0 0 0 0 0 0 0 0 0 0 0 0 77 68 79 32 101 120 116 114 97 32 100 97 116 97 32 108 111 99 107 0 0 0 0 0 0 0 0 0 0 0 0 0 0 0 0 0 0 0 0 0 0 0 0 0 0 0 0 0 0 0 0 0 0 0 0 0 0 0 0 0 0 0 0 0 0 0 0 0 0 0 0 0 0 0 0 0 0 0 0 0 0 0 0 0 0 0 0 0 0 0 0 0 0 0 0 0 0 0 0 0 0 0 0 0 0 0 0 0 0 0 0 0 0 0 0 0 0 0 0 0 0 0 0 0 0 0 0 0 0 0 0 0 0 0 0 0 128 1 0 0 81 161 0 0 1 0 0 0 0 0 0 0 0 0 0 0 2 0 0 0 0 0 9 0 2 0 0 0 32 1 0 0 255 255 255 255 7 0 5 0 0 0 0 0 data 36 0x50007 0x142a 0x100 0x0 0x100002 0x0 0x140005 0x0 0x0 0x0 0x0 0x0 0x190005 0x0 0x0 0x0 0x0 0x0 0x1d0005 0x0 0x0 0x0 0x0 0x0 0x200005 0x0 0x0 0x0 0x0 0x0 0x230002 0x0 0x360002 0x142a 0x390002 0x142a oops 0
ciMethodData java/lang/String <init> ([CII)V 2 5665 orig 264 56 173 207 101 0 0 0 0 160 49 141 18 0 0 0 0 80 2 0 0 208 0 0 0 0 0 0 0 0 0 0 0 0 0 0 0 0 0 0 0 0 0 0 0 0 0 0 0 0 0 0 0 0 0 0 0 0 0 0 0 0 0 0 0 0 0 0 0 0 0 0 0 0 0 0 0 0 0 0 0 77 68 79 32 101 120 116 114 97 32 100 97 116 97 32 108 111 99 107 0 0 0 0 0 0 0 0 0 0 0 0 0 0 0 0 0 0 0 0 0 0 0 0 0 0 0 0 0 0 0 0 0 0 0 0 0 0 0 0 0 0 0 0 0 0 0 0 0 0 0 0 0 0 0 0 0 0 0 0 0 0 0 0 0 0 0 0 0 0 0 0 0 0 0 0 0 0 0 0 0 0 0 0 0 0 0 0 0 0 0 0 0 0 0 0 0 0 0 0 0 0 0 0 0 0 0 0 0 0 0 0 0 0 0 0 0 102 1 0 0 217 165 0 0 1 0 0 0 0 0 0 0 0 0 0 0 2 0 0 0 0 0 14 0 2 0 0 0 240 0 0 0 255 255 255 255 2 0 1 0 0 0 0 0 data 30 0x10002 0x14bb 0x50007 0x14bb 0x30 0x0 0xd0002 0x0 0x120007 0x14bb 0x70 0x0 0x160007 0x0 0x30 0x0 0x1e0002 0x0 0x250007 0x0 0x20 0x0 0x370007 0x14bb 0x30 0x0 0x410002 0x0 0x4b0002 0x14bb oops 0
ciMethod java/util/Arrays$ArrayList <init> ([Ljava/lang/Object;)V 2041 1 325 0 0
ciMethodData java/lang/Number <init> ()V 2 1563 orig 264 56 173 207 101 0 0 0 0 48 229 150 18 0 0 0 0 48 1 0 0 0 0 0 0 0 0 0 0 0 0 0 0 0 0 0 0 0 0 0 0 0 0 0 0 0 0 0 0 0 0 0 0 0 0 0 0 0 0 0 0 0 0 0 0 0 0 0 0 0 0 0 0 0 0 0 0 0 0 0 0 77 68 79 32 101 120 116 114 97 32 100 97 116 97 32 108 111 99 107 0 0 0 0 0 0 0 0 0 0 0 0 0 0 0 0 0 0 0 0 0 0 0 0 0 0 0 0 0 0 0 0 0 0 0 0 0 0 0 0 0 0 0 0 0 0 0 0 0 0 0 0 0 0 0 0 0 0 0 0 0 0 0 0 0 0 0 0 0 0 0 0 0 0 0 0 0 0 0 0 0 0 0 0 0 0 0 0 0 0 0 0 0 0 0 0 0 0 0 0 0 0 0 0 0 0 0 0 0 0 0 0 0 0 0 0 0 162 1 0 0 185 35 0 0 1 0 0 0 0 0 0 0 0 0 0 0 2 0 0 0 0 0 3 0 2 0 0 0 16 0 0 0 255 255 255 255 2 0 1 0 0 0 0 0 data 2 0x10002 0x477 oops 0
ciMethodData java/lang/Long <init> (J)V 1 269 orig 264 56 173 207 101 0 0 0 0 216 146 151 18 0 0 0 0 64 1 0 0 0 0 0 0 0 0 0 0 0 0 0 0 0 0 0 0 0 0 0 0 0 0 0 0 0 0 0 0 0 0 0 0 0 0 0 0 0 0 0 0 0 0 0 0 0 0 0 0 0 0 0 0 0 0 0 0 0 0 0 0 77 68 79 32 101 120 116 114 97 32 100 97 116 97 32 108 111 99 107 0 0 0 0 0 0 0 0 0 0 0 0 0 0 0 0 0 0 0 0 0 0 0 0 0 0 0 0 0 0 0 0 0 0 0 0 0 0 0 0 0 0 0 0 0 0 0 0 0 0 0 0 0 0 0 0 0 0 0 0 0 0 0 0 0 0 0 0 0 0 0 0 0 0 0 0 0 0 0 0 0 0 0 0 0 0 0 0 0 0 0 0 0 0 0 0 0 0 0 0 0 0 0 0 0 0 0 0 0 0 0 0 0 0 0 0 0 0 1 0 0 105 0 0 0 1 0 0 0 0 0 0 0 0 0 0 0 2 0 0 0 0 0 3 0 2 0 0 0 16 0 0 0 255 255 255 255 2 0 1 0 0 0 0 0 data 2 0x10002 0xd oops 0
ciMethodData java/util/AbstractCollection <init> ()V 2 2787 orig 264 56 173 207 101 0 0 0 0 200 115 153 18 0 0 0 0 48 1 0 0 0 0 0 0 0 0 0 0 0 0 0 0 0 0 0 0 0 0 0 0 0 0 0 0 0 0 0 0 0 0 0 0 0 0 0 0 0 0 0 0 0 0 0 0 0 0 0 0 0 0 0 0 0 0 0 0 0 0 0 0 77 68 79 32 101 120 116 114 97 32 100 97 116 97 32 108 111 99 107 0 0 0 0 0 0 0 0 0 0 0 0 0 0 0 0 0 0 0 0 0 0 0 0 0 0 0 0 0 0 0 0 0 0 0 0 0 0 0 0 0 0 0 0 0 0 0 0 0 0 0 0 0 0 0 0 0 0 0 0 0 0 0 0 0 0 0 0 0 0 0 0 0 0 0 0 0 0 0 0 0 0 0 0 0 0 0 0 0 0 0 0 0 0 0 0 0 0 0 0 0 0 0 0 0 0 0 0 0 0 0 0 0 0 0 0 0 63 0 0 0 33 85 0 0 1 0 0 0 0 0 0 0 0 0 0 0 2 0 0 0 0 0 3 0 2 0 0 0 16 0 0 0 255 255 255 255 2 0 1 0 0 0 0 0 data 2 0x10002 0xaa4 oops 0
ciMethodData java/lang/String toCharArray ()[C 2 2665 orig 264 56 173 207 101 0 0 0 0 232 110 141 18 0 0 0 0 88 1 0 0 0 0 0 0 0 0 0 0 0 0 0 0 0 0 0 0 0 0 0 0 0 0 0 0 0 0 0 0 0 0 0 0 0 0 0 0 0 0 0 0 0 0 0 0 0 0 0 0 0 0 0 0 0 0 0 0 0 0 0 0 77 68 79 32 101 120 116 114 97 32 100 97 116 97 32 108 111 99 107 0 0 0 0 0 0 0 0 0 0 0 0 0 0 0 0 0 0 0 0 0 0 0 0 0 0 0 0 0 0 0 0 0 0 0 0 0 0 0 0 0 0 0 0 0 0 0 0 0 0 0 0 0 0 0 0 0 0 0 0 0 0 0 0 0 0 0 0 0 0 0 0 0 0 0 0 0 0 0 0 0 0 0 0 0 0 0 0 0 0 0 0 0 0 0 0 0 0 0 0 0 0 0 0 0 0 0 0 0 0 0 0 0 0 0 0 0 0 1 0 0 73 75 0 0 1 0 0 0 0 0 0 0 0 0 0 0 2 0 0 0 0 0 3 0 2 0 0 0 16 0 0 0 255 255 255 255 2 0 20 0 0 0 0 0 data 2 0x140002 0x969 oops 0
ciMethodData java/lang/Integer <init> (I)V 1 425 orig 264 56 173 207 101 0 0 0 0 144 82 151 18 0 0 0 0 56 1 0 0 0 0 0 0 0 0 0 0 0 0 0 0 0 0 0 0 0 0 0 0 0 0 0 0 0 0 0 0 0 0 0 0 0 0 0 0 0 0 0 0 0 0 0 0 0 0 0 0 0 0 0 0 0 0 0 0 0 0 0 0 77 68 79 32 101 120 116 114 97 32 100 97 116 97 32 108 111 99 107 0 0 0 0 0 0 0 0 0 0 0 0 0 0 0 0 0 0 0 0 0 0 0 0 0 0 0 0 0 0 0 0 0 0 0 0 0 0 0 0 0 0 0 0 0 0 0 0 0 0 0 0 0 0 0 0 0 0 0 0 0 0 0 0 0 0 0 0 0 0 0 0 0 0 0 0 0 0 0 0 0 0 0 0 0 0 0 0 0 0 0 0 0 0 0 0 0 0 0 0 0 0 0 0 0 0 0 0 0 0 0 0 0 0 0 0 0 2 1 0 0 57 5 0 0 1 0 0 0 0 0 0 0 0 0 0 0 2 0 0 0 0 0 0 0 0 0 0 0 16 0 0 0 255 255 255 255 2 0 1 0 0 0 0 0 data 2 0x10002 0xa7 oops 0
ciMethodData java/util/Objects requireNonNull (Ljava/lang/Object;)Ljava/lang/Object; 2 1961 orig 264 56 173 207 101 0 0 0 0 64 186 156 18 0 0 0 0 80 1 0 0 0 0 0 0 0 0 0 0 0 0 0 0 0 0 0 0 0 0 0 0 0 0 0 0 0 0 0 0 0 0 0 0 0 0 0 0 0 0 0 0 0 0 0 0 0 0 0 0 0 0 0 0 0 0 0 0 0 0 0 0 77 68 79 32 101 120 116 114 97 32 100 97 116 97 32 108 111 99 107 0 0 0 0 0 0 0 0 0 0 0 0 0 0 0 0 0 0 0 0 0 0 0 0 0 0 0 0 0 0 0 0 0 0 0 0 0 0 0 0 0 0 0 0 0 0 0 0 0 0 0 0 0 0 0 0 0 0 0 0 0 0 0 0 0 0 0 0 0 0 0 0 0 0 0 0 0 0 0 0 0 0 0 0 0 0 0 0 0 0 0 0 0 0 0 0 0 0 0 0 0 0 0 0 0 0 0 0 0 0 0 0 0 0 0 0 0 13 1 0 0 225 52 0 0 1 0 0 0 0 0 0 0 0 0 0 0 2 0 0 0 0 0 5 0 2 0 0 0 48 0 0 0 255 255 255 255 7 0 1 0 0 0 0 0 data 6 0x10007 0x69c 0x30 0x0 0x80002 0x0 oops 0
ciMethodData java/util/AbstractList <init> ()V 2 2365 orig 264 56 173 207 101 0 0 0 0 40 96 153 18 0 0 0 0 48 1 0 0 0 0 0 0 0 0 0 0 0 0 0 0 0 0 0 0 0 0 0 0 0 0 0 0 0 0 0 0 0 0 0 0 0 0 0 0 0 0 0 0 0 0 0 0 0 0 0 0 0 0 0 0 0 0 0 0 0 0 0 0 77 68 79 32 101 120 116 114 97 32 100 97 116 97 32 108 111 99 107 0 0 0 0 0 0 0 0 0 0 0 0 0 0 0 0 0 0 0 0 0 0 0 0 0 0 0 0 0 0 0 0 0 0 0 0 0 0 0 0 0 0 0 0 0 0 0 0 0 0 0 0 0 0 0 0 0 0 0 0 0 0 0 0 0 0 0 0 0 0 0 0 0 0 0 0 0 0 0 0 0 0 0 0 0 0 0 0 0 0 0 0 0 0 0 0 0 0 0 0 0 0 0 0 0 0 0 0 0 0 0 0 0 0 0 0 0 0 1 0 0 233 65 0 0 1 0 0 0 0 0 0 0 0 0 0 0 2 0 0 0 0 0 3 0 2 0 0 0 16 0 0 0 255 255 255 255 2 0 1 0 0 0 0 0 data 2 0x10002 0x83d oops 0
ciMethod org/objectweb/asm/ClassReader a (Lorg/objectweb/asm/MethodVisitor;Lorg/objectweb/asm/Context;I)V 1089 38625 760 0 -1
ciMethod org/objectweb/asm/ClassReader a (Lorg/objectweb/asm/MethodVisitor;Lorg/objectweb/asm/Context;IZ)[I 0 0 1 0 -1
ciMethod org/objectweb/asm/ClassReader a (Lorg/objectweb/asm/Context;I)I 0 0 1 0 -1
ciMethod org/objectweb/asm/ClassReader a (I[CZLorg/objectweb/asm/AnnotationVisitor;)I 417 33 188 0 -1
ciMethod org/objectweb/asm/ClassReader a (Lorg/objectweb/asm/Context;)V 0 0 1 0 -1
ciMethod org/objectweb/asm/ClassReader a (IZZLorg/objectweb/asm/Context;)I 425 1833 618 0 -1
ciMethod org/objectweb/asm/ClassReader a ([Ljava/lang/Object;II[C[Lorg/objectweb/asm/Label;)I 4097 1 1268 0 -1
ciMethod org/objectweb/asm/ClassReader readLabel (I[Lorg/objectweb/asm/Label;)Lorg/objectweb/asm/Label; 3169 1 3939 0 0
ciMethod org/objectweb/asm/ClassReader readByte (I)I 0 0 1 0 0
ciMethod org/objectweb/asm/ClassReader readUnsignedShort (I)I 2105 1 34063 0 160
ciMethod org/objectweb/asm/ClassReader readShort (I)S 1025 1 1505 0 0
ciMethod org/objectweb/asm/ClassReader readInt (I)I 2049 1 1280 0 192
ciMethod org/objectweb/asm/ClassReader readLong (I)J 65 1 15 0 0
ciMethod org/objectweb/asm/ClassReader readUTF8 (I[C)Ljava/lang/String; 2217 1 9088 0 1856
ciMethod org/objectweb/asm/ClassReader a (II[C)Ljava/lang/String; 657 14553 980 0 1248
ciMethod org/objectweb/asm/ClassReader readClass (I[C)Ljava/lang/String; 3233 1 5548 0 2048
ciMethod org/objectweb/asm/ClassReader readConst (I[C)Ljava/lang/Object; 385 1 353 0 0
ciMethod org/objectweb/asm/MethodVisitor visitAttribute (Lorg/objectweb/asm/Attribute;)V 0 0 1 0 -1
ciMethod org/objectweb/asm/MethodVisitor visitFrame (II[Ljava/lang/Object;I[Ljava/lang/Object;)V 2089 1 618 0 0
ciMethod org/objectweb/asm/MethodVisitor visitInsn (I)V 2177 1 3058 0 0
ciMethod org/objectweb/asm/MethodVisitor visitIntInsn (II)V 2049 1 80 0 0
ciMethod org/objectweb/asm/MethodVisitor visitVarInsn (II)V 2049 1 5318 0 1440
ciMethod org/objectweb/asm/MethodVisitor visitTypeInsn (ILjava/lang/String;)V 2129 1 524 0 0
ciMethod org/objectweb/asm/MethodVisitor visitFieldInsn (ILjava/lang/String;Ljava/lang/String;Ljava/lang/String;)V 3073 1 1416 0 0
ciMethod org/objectweb/asm/MethodVisitor visitMethodInsn (ILjava/lang/String;Ljava/lang/String;Ljava/lang/String;)V 0 0 1 0 -1
ciMethod org/objectweb/asm/MethodVisitor visitMethodInsn (ILjava/lang/String;Ljava/lang/String;Ljava/lang/String;Z)V 3945 1 1958 0 0
ciMethod org/objectweb/asm/MethodVisitor visitInvokeDynamicInsn (Ljava/lang/String;Ljava/lang/String;Lorg/objectweb/asm/Handle;[Ljava/lang/Object;)V 0 0 1 0 -1
ciMethod org/objectweb/asm/MethodVisitor visitJumpInsn (ILorg/objectweb/asm/Label;)V 2129 1 706 0 0
ciMethod org/objectweb/asm/MethodVisitor visitLabel (Lorg/objectweb/asm/Label;)V 2225 1 2406 0 0
ciMethod org/objectweb/asm/MethodVisitor visitLdcInsn (Ljava/lang/Object;)V 3073 1 288 0 0
ciMethod org/objectweb/asm/MethodVisitor visitIincInsn (II)V 2049 1 26 0 0
ciMethod org/objectweb/asm/MethodVisitor visitTableSwitchInsn (IILorg/objectweb/asm/Label;[Lorg/objectweb/asm/Label;)V 289 1 1 0 -1
ciMethod org/objectweb/asm/MethodVisitor visitLookupSwitchInsn (Lorg/objectweb/asm/Label;[I[Lorg/objectweb/asm/Label;)V 273 1 6 0 0
ciMethod org/objectweb/asm/MethodVisitor visitMultiANewArrayInsn (Ljava/lang/String;I)V 0 0 1 0 -1
ciMethod org/objectweb/asm/MethodVisitor visitInsnAnnotation (ILorg/objectweb/asm/TypePath;Ljava/lang/String;Z)Lorg/objectweb/asm/AnnotationVisitor; 0 0 1 0 -1
ciMethod org/objectweb/asm/MethodVisitor visitTryCatchBlock (Lorg/objectweb/asm/Label;Lorg/objectweb/asm/Label;Lorg/objectweb/asm/Label;Ljava/lang/String;)V 2049 1 28 0 0
ciMethod org/objectweb/asm/MethodVisitor visitLocalVariable (Ljava/lang/String;Ljava/lang/String;Ljava/lang/String;Lorg/objectweb/asm/Label;Lorg/objectweb/asm/Label;I)V 2169 1 1203 0 -1
ciMethod org/objectweb/asm/MethodVisitor visitLocalVariableAnnotation (ILorg/objectweb/asm/TypePath;[Lorg/objectweb/asm/Label;[Lorg/objectweb/asm/Label;[ILjava/lang/String;Z)Lorg/objectweb/asm/AnnotationVisitor; 0 0 1 0 -1
ciMethod org/objectweb/asm/MethodVisitor visitLineNumber (ILorg/objectweb/asm/Label;)V 3081 1 1631 0 -1
ciMethod org/objectweb/asm/MethodVisitor visitMaxs (II)V 4097 1 760 0 0
ciMethod org/objectweb/asm/Attribute read (Lorg/objectweb/asm/ClassReader;II[CI[Lorg/objectweb/asm/Label;)Lorg/objectweb/asm/Attribute; 0 0 1 0 -1
ciMethod org/objectweb/asm/MethodWriter visitLabel (Lorg/objectweb/asm/Label;)V 2241 1 2508 0 0
ciMethod org/objectweb/asm/MethodWriter a (ILorg/objectweb/asm/Label;)V 1561 1 1961 0 0
ciMethod org/objectweb/asm/Label <init> ()V 3321 1 5712 0 0
ciMethod org/objectweb/asm/Label a (Lorg/objectweb/asm/MethodWriter;I[B)Z 2065 177 2508 0 0
ciMethod org/objectweb/asm/Type <init> (I[CII)V 1817 1 398 0 -1
ciMethod org/objectweb/asm/Type getObjectType (Ljava/lang/String;)Lorg/objectweb/asm/Type; 209 1 32 0 0
ciMethod org/objectweb/asm/Type getMethodType (Ljava/lang/String;)Lorg/objectweb/asm/Type; 0 0 1 0 0
ciMethod org/objectweb/asm/Type a ([CI)Lorg/objectweb/asm/Type; 1377 48353 373 0 -1
ciMethod org/objectweb/asm/tree/AbstractInsnNode <init> (I)V 2049 1 10941 0 64
ciMethod org/objectweb/asm/tree/MethodInsnNode <init> (ILjava/lang/String;Ljava/lang/String;Ljava/lang/String;Z)V 2041 1 1116 0 -1
ciMethod org/objectweb/asm/tree/InsnNode <init> (I)V 3073 1 1931 0 -1
ciMethod org/objectweb/asm/tree/MethodNode visitFrame (II[Ljava/lang/Object;I[Ljava/lang/Object;)V 3097 1 335 0 0
ciMethod org/objectweb/asm/tree/MethodNode visitInsn (I)V 3073 1 1931 0 0
ciMethod org/objectweb/asm/tree/MethodNode visitIntInsn (II)V 2049 1 77 0 0
ciMethod org/objectweb/asm/tree/MethodNode visitVarInsn (II)V 4097 1 2913 0 0
ciMethod org/objectweb/asm/tree/MethodNode visitTypeInsn (ILjava/lang/String;)V 2105 1 329 0 0
ciMethod org/objectweb/asm/tree/MethodNode visitFieldInsn (ILjava/lang/String;Ljava/lang/String;Ljava/lang/String;)V 3209 1 895 0 0
ciMethod org/objectweb/asm/tree/MethodNode visitMethodInsn (ILjava/lang/String;Ljava/lang/String;Ljava/lang/String;Z)V 2049 1 1116 0 0
ciMethod org/objectweb/asm/tree/MethodNode visitJumpInsn (ILorg/objectweb/asm/Label;)V 2049 1 379 0 0
ciMethod org/objectweb/asm/tree/MethodNode visitLabel (Lorg/objectweb/asm/Label;)V 4097 1 2155 0 0
ciMethod org/objectweb/asm/tree/MethodNode visitLdcInsn (Ljava/lang/Object;)V 2049 1 229 0 0
ciMethod org/objectweb/asm/tree/MethodNode visitIincInsn (II)V 2001 1 13 0 0
ciMethod org/objectweb/asm/tree/MethodNode visitLookupSwitchInsn (Lorg/objectweb/asm/Label;[I[Lorg/objectweb/asm/Label;)V 137 1 4 0 0
ciMethod org/objectweb/asm/tree/MethodNode visitTryCatchBlock (Lorg/objectweb/asm/Label;Lorg/objectweb/asm/Label;Lorg/objectweb/asm/Label;Ljava/lang/String;)V 2049 1 16 0 0
ciMethod org/objectweb/asm/tree/MethodNode visitLocalVariable (Ljava/lang/String;Ljava/lang/String;Ljava/lang/String;Lorg/objectweb/asm/Label;Lorg/objectweb/asm/Label;I)V 4097 1 1311 0 0
ciMethod org/objectweb/asm/tree/MethodNode visitLineNumber (ILorg/objectweb/asm/Label;)V 4097 1 1766 0 0
ciMethod org/objectweb/asm/tree/MethodNode visitMaxs (II)V 4097 1 433 0 0
ciMethod org/objectweb/asm/tree/MethodNode getLabelNode (Lorg/objectweb/asm/Label;)Lorg/objectweb/asm/tree/LabelNode; 3809 1 6716 0 0
ciMethod org/objectweb/asm/tree/MethodNode getLabelNodes ([Lorg/objectweb/asm/Label;)[Lorg/objectweb/asm/tree/LabelNode; 281 2457 4 0 -1
ciMethod org/objectweb/asm/tree/MethodNode getLabelNodes ([Ljava/lang/Object;)[Ljava/lang/Object; 2065 19977 641 0 0
ciMethodData org/objectweb/asm/ClassReader readUnsignedShort (I)I 2 34250 orig 264 56 173 207 101 0 0 0 0 248 197 229 18 0 0 0 0 40 1 0 0 0 0 0 0 0 0 0 0 0 0 0 0 0 0 0 0 0 0 0 0 0 0 0 0 0 0 0 0 0 0 0 0 0 0 0 0 0 0 0 0 0 0 0 0 0 0 0 0 0 0 0 0 0 0 0 0 0 0 0 0 77 68 79 32 101 120 116 114 97 32 100 97 116 97 32 108 111 99 107 0 0 0 0 0 0 0 0 0 0 0 0 0 0 0 0 0 0 0 0 0 0 0 0 0 0 0 0 0 0 0 0 0 0 0 0 0 0 0 0 0 0 0 0 0 0 0 0 0 0 0 0 0 0 0 0 0 0 0 0 0 0 0 0 0 0 0 0 0 0 0 0 0 0 0 0 0 0 0 0 0 0 0 0 0 0 0 0 0 0 0 0 0 0 0 0 0 0 0 0 0 0 0 0 0 0 0 0 0 0 0 0 0 0 0 0 0 7 1 0 0 25 38 4 0 1 0 0 0 0 0 0 0 0 0 0 0 2 0 0 0 0 0 3 0 1 0 0 0 0 0 0 0 255 255 255 255 0 0 0 0 0 0 0 0 data 0 oops 0
ciMethod org/objectweb/asm/Frame <init> ()V 0 0 1 0 -1
ciMethod org/objectweb/asm/tree/LineNumberNode <init> (ILorg/objectweb/asm/tree/LabelNode;)V 4097 1 1766 0 0
ciMethod org/objectweb/asm/tree/LookupSwitchInsnNode <init> (Lorg/objectweb/asm/tree/LabelNode;[I[Lorg/objectweb/asm/tree/LabelNode;)V 137 593 4 0 -1
ciMethod org/objectweb/asm/tree/IincInsnNode <init> (II)V 2001 1 13 0 -1
ciMethod org/objectweb/asm/tree/FrameNode <init> (II[Ljava/lang/Object;I[Ljava/lang/Object;)V 3097 1 335 0 0
ciMethod org/objectweb/asm/tree/FrameNode asList (I[Ljava/lang/Object;)Ljava/util/List; 1889 1 197 0 0
ciMethod org/objectweb/asm/tree/LabelNode <init> ()V 1249 1 2155 0 0
ciMethod org/objectweb/asm/tree/JumpInsnNode <init> (ILorg/objectweb/asm/tree/LabelNode;)V 2041 1 379 0 0
ciMethod org/objectweb/asm/tree/IntInsnNode <init> (II)V 2041 1 77 0 -1
ciMethod org/objectweb/asm/tree/LdcInsnNode <init> (Ljava/lang/Object;)V 2041 1 229 0 -1
ciMethod org/objectweb/asm/tree/TypeInsnNode <init> (ILjava/lang/String;)V 2105 1 329 0 -1
ciMethod org/objectweb/asm/tree/FieldInsnNode <init> (ILjava/lang/String;Ljava/lang/String;Ljava/lang/String;)V 3209 1 895 0 -1
ciMethod org/objectweb/asm/tree/VarInsnNode <init> (II)V 4097 1 2913 0 -1
ciMethod org/objectweb/asm/tree/InsnList add (Lorg/objectweb/asm/tree/AbstractInsnNode;)V 2089 1 5381 0 160
ciMethod org/objectweb/asm/tree/LocalVariableNode <init> (Ljava/lang/String;Ljava/lang/String;Ljava/lang/String;Lorg/objectweb/asm/tree/LabelNode;Lorg/objectweb/asm/tree/LabelNode;I)V 4097 1 1311 0 -1
ciMethod org/objectweb/asm/Edge <init> ()V 3073 1 2066 0 0
ciMethodData org/objectweb/asm/ClassReader readUTF8 (I[C)Ljava/lang/String; 2 9088 orig 264 56 173 207 101 0 0 0 0 208 200 229 18 0 0 0 0 88 2 0 0 112 0 0 0 0 0 0 0 0 0 0 0 0 0 0 0 0 0 0 0 0 0 0 0 0 0 0 0 0 0 0 0 0 0 0 0 0 0 0 0 0 0 0 0 0 0 0 0 0 0 0 0 0 0 0 0 0 0 0 0 77 68 79 32 101 120 116 114 97 32 100 97 116 97 32 108 111 99 107 0 0 0 0 0 0 0 0 0 0 0 0 0 0 0 0 0 0 0 0 0 0 0 0 0 0 0 0 0 0 0 0 0 0 0 0 0 0 0 0 0 0 0 0 0 0 0 0 0 0 0 0 0 0 0 0 0 0 0 0 0 0 0 0 0 0 0 0 0 0 0 0 0 0 0 0 0 0 0 0 0 0 0 0 0 0 0 0 0 0 0 0 0 0 0 0 0 0 0 0 0 0 0 0 0 0 0 0 0 0 0 0 0 0 0 0 0 21 1 0 0 89 19 1 0 1 0 0 0 0 0 0 0 0 0 0 0 2 0 0 0 0 0 10 0 2 0 0 0 0 1 0 0 255 255 255 255 5 0 2 0 0 0 0 0 data 32 0x20005 0x0 0x15887090 0x226b 0x0 0x0 0x70007 0x3e 0x40 0x222d 0xb0007 0x21ef 0x20 0x3e 0x1a0007 0x6ab 0x20 0x1b44 0x320005 0x0 0x15887090 0x6ab 0x0 0x0 0x360002 0x6ab 0x3a0004 0x0 0x2dffbc0 0x6ab 0x0 0x0 oops 3 2 org/objectweb/asm/ClassReader 20 org/objectweb/asm/ClassReader 28 java/lang/String
ciMethodData org/objectweb/asm/ClassReader a (II[C)Ljava/lang/String; 2 22006 orig 264 56 173 207 101 0 0 0 0 32 202 229 18 0 0 0 0 152 2 0 0 48 1 0 0 0 0 0 0 0 0 0 0 0 0 0 0 0 0 0 0 0 0 0 0 0 0 0 0 0 0 0 0 0 0 0 0 0 0 0 0 0 0 0 0 0 0 0 0 0 0 0 0 0 0 0 0 0 0 0 0 77 68 79 32 101 120 116 114 97 32 100 97 116 97 32 108 111 99 107 0 0 0 0 0 0 0 0 0 0 0 0 0 0 0 0 0 0 0 0 0 0 0 0 0 0 0 0 0 0 0 0 0 0 0 0 0 0 0 0 0 0 0 0 0 0 0 0 0 0 0 0 0 0 0 0 0 0 0 0 0 0 0 0 0 0 0 0 0 0 0 0 0 0 0 0 0 0 0 0 0 0 0 0 0 0 0 0 0 0 0 0 0 0 0 0 0 0 0 0 0 0 0 0 0 0 0 0 0 0 0 0 0 0 0 0 0 27 7 0 0 17 28 0 0 217 118 2 0 0 0 0 0 0 0 0 0 2 0 0 0 1 0 18 0 2 0 0 0 88 1 0 0 255 255 255 255 7 0 23 0 0 0 0 0 data 43 0x170007 0x382 0x148 0x4edb 0x250008 0x8 0x0 0x110 0x42c 0x50 0x0 0xf8 0x0 0x110 0x4d0007 0x0 0x38 0x4edb 0x5a0003 0x4edb 0xa0 0x620007 0x0 0x58 0x0 0x6a0007 0x0 0x38 0x0 0x780003 0x0 0x48 0x860003 0x0 0x30 0x9f0003 0x0 0x18 0xb30003 0x4edb 0xfffffffffffffed0 0xbe0002 0x382 oops 0
ciMethodData org/objectweb/asm/ClassReader readInt (I)I 2 1280 orig 264 56 173 207 101 0 0 0 0 96 199 229 18 0 0 0 0 40 1 0 0 0 0 0 0 0 0 0 0 0 0 0 0 0 0 0 0 0 0 0 0 0 0 0 0 0 0 0 0 0 0 0 0 0 0 0 0 0 0 0 0 0 0 0 0 0 0 0 0 0 0 0 0 0 0 0 0 0 0 0 0 77 68 79 32 101 120 116 114 97 32 100 97 116 97 32 108 111 99 107 0 0 0 0 0 0 0 0 0 0 0 0 0 0 0 0 0 0 0 0 0 0 0 0 0 0 0 0 0 0 0 0 0 0 0 0 0 0 0 0 0 0 0 0 0 0 0 0 0 0 0 0 0 0 0 0 0 0 0 0 0 0 0 0 0 0 0 0 0 0 0 0 0 0 0 0 0 0 0 0 0 0 0 0 0 0 0 0 0 0 0 0 0 0 0 0 0 0 0 0 0 0 0 0 0 0 0 0 0 0 0 0 0 0 0 0 0 0 1 0 0 1 32 0 0 1 0 0 0 0 0 0 0 0 0 0 0 2 0 0 0 0 0 3 0 1 0 0 0 0 0 0 0 255 255 255 255 0 0 0 0 0 0 0 0 data 0 oops 0
ciMethodData org/objectweb/asm/MethodVisitor visitVarInsn (II)V 2 6979 orig 264 56 173 207 101 0 0 0 0 40 77 232 18 0 0 0 0 168 1 0 0 0 0 0 0 0 0 0 0 0 0 0 0 0 0 0 0 0 0 0 0 0 0 0 0 0 0 0 0 0 0 0 0 0 0 0 0 0 0 0 0 0 0 0 0 0 0 0 0 0 0 0 0 0 0 0 0 0 0 0 0 77 68 79 32 101 120 116 114 97 32 100 97 116 97 32 108 111 99 107 0 0 0 0 0 0 0 0 0 0 0 0 0 0 0 0 0 0 0 0 0 0 0 0 0 0 0 0 0 0 0 0 0 0 0 0 0 0 0 0 0 0 0 0 0 0 0 0 0 0 0 0 0 0 0 0 0 0 0 0 0 0 0 0 0 0 0 0 0 0 0 0 0 0 0 0 0 0 0 0 0 0 0 0 0 0 0 0 0 0 0 0 0 0 0 0 0 0 0 0 0 0 0 0 0 0 0 0 0 0 0 0 0 0 0 0 0 0 1 0 0 25 210 0 0 1 0 0 0 0 0 0 0 0 0 0 0 2 0 0 0 0 0 6 0 2 0 0 0 80 0 0 0 255 255 255 255 7 0 4 0 0 0 0 0 data 10 0x40007 0xf1b 0x50 0xb28 0xd0005 0x0 0x14cb5080 0xb26 0x157bfdb0 0x2 oops 2 6 org/objectweb/asm/MethodWriter 8 org/objectweb/asm/tree/MethodNode
ciMethodData org/objectweb/asm/tree/AbstractInsnNode <init> (I)V 2 10941 orig 264 56 173 207 101 0 0 0 0 0 251 238 18 0 0 0 0 56 1 0 0 0 0 0 0 0 0 0 0 0 0 0 0 0 0 0 0 0 0 0 0 0 0 0 0 0 0 0 0 0 0 0 0 0 0 0 0 0 0 0 0 0 0 0 0 0 0 0 0 0 0 0 0 0 0 0 0 0 0 0 0 77 68 79 32 101 120 116 114 97 32 100 97 116 97 32 108 111 99 107 0 0 0 0 0 0 0 0 0 0 0 0 0 0 0 0 0 0 0 0 0 0 0 0 0 0 0 0 0 0 0 0 0 0 0 0 0 0 0 0 0 0 0 0 0 0 0 0 0 0 0 0 0 0 0 0 0 0 0 0 0 0 0 0 0 0 0 0 0 0 0 0 0 0 0 0 0 0 0 0 0 0 0 0 0 0 0 0 0 0 0 0 0 0 0 0 0 0 0 0 0 0 0 0 0 0 0 0 0 0 0 0 0 0 0 0 0 0 1 0 0 233 77 1 0 1 0 0 0 0 0 0 0 0 0 0 0 2 0 0 0 0 0 3 0 2 0 0 0 16 0 0 0 255 255 255 255 2 0 1 0 0 0 0 0 data 2 0x10002 0x29bd oops 0
ciMethodData org/objectweb/asm/tree/InsnList add (Lorg/objectweb/asm/tree/AbstractInsnNode;)V 2 5381 orig 264 56 173 207 101 0 0 0 0 104 130 240 18 0 0 0 0 96 1 0 0 0 0 0 0 0 0 0 0 0 0 0 0 0 0 0 0 0 0 0 0 0 0 0 0 0 0 0 0 0 0 0 0 0 0 0 0 0 0 0 0 0 0 0 0 0 0 0 0 0 0 0 0 0 0 0 0 0 0 0 0 77 68 79 32 101 120 116 114 97 32 100 97 116 97 32 108 111 99 107 0 0 0 0 0 0 0 0 0 0 0 0 0 0 0 0 0 0 0 0 0 0 0 0 0 0 0 0 0 0 0 0 0 0 0 0 0 0 0 0 0 0 0 0 0 0 0 0 0 0 0 0 0 0 0 0 0 0 0 0 0 0 0 0 0 0 0 0 0 0 0 0 0 0 0 0 0 0 0 0 0 0 0 0 0 0 0 0 0 0 0 0 0 0 0 0 0 0 0 0 0 0 0 0 0 0 0 0 0 0 0 0 0 0 0 0 0 5 1 0 0 1 160 0 0 1 0 0 0 0 0 0 0 0 0 0 0 2 0 0 0 0 0 6 0 2 0 0 0 56 0 0 0 255 255 255 255 7 0 14 0 0 0 0 0 data 7 0xe0007 0x1363 0x38 0x9d 0x1b0003 0x9d 0x18 oops 0
ciMethodData org/objectweb/asm/tree/MethodNode getLabelNode (Lorg/objectweb/asm/Label;)Lorg/objectweb/asm/tree/LabelNode; 2 6716 orig 264 56 173 207 101 0 0 0 0 120 69 239 18 0 0 0 0 224 1 0 0 80 0 0 0 0 0 0 0 0 0 0 0 0 0 0 0 0 0 0 0 0 0 0 0 0 0 0 0 0 0 0 0 0 0 0 0 0 0 0 0 0 0 0 0 0 0 0 0 0 0 0 0 0 0 0 0 0 0 0 0 77 68 79 32 101 120 116 114 97 32 100 97 116 97 32 108 111 99 107 0 0 0 0 0 0 0 0 0 0 0 0 0 0 0 0 0 0 0 0 0 0 0 0 0 0 0 0 0 0 0 0 0 0 0 0 0 0 0 0 0 0 0 0 0 0 0 0 0 0 0 0 0 0 0 0 0 0 0 0 0 0 0 0 0 0 0 0 0 0 0 0 0 0 0 0 0 0 0 0 0 0 0 0 0 0 0 0 0 0 0 0 0 0 0 0 0 0 0 0 0 0 0 0 0 0 0 0 0 0 0 0 0 0 0 0 0 220 1 0 0 1 195 0 0 1 0 0 0 0 0 0 0 0 0 0 0 2 0 0 0 0 0 6 0 2 0 0 0 144 0 0 0 255 255 255 255 4 1 4 0 0 0 0 0 data 18 0x40104 0x0 0x157c3f10 0x1091 0x0 0x0 0x70007 0x1091 0x30 0x7cf 0xf0002 0x7cf 0x190004 0x0 0x157c3f10 0x1860 0x0 0x0 oops 2 2 org/objectweb/asm/tree/LabelNode 14 org/objectweb/asm/tree/LabelNode
ciMethodData org/objectweb/asm/tree/LabelNode <init> ()V 2 2155 orig 264 56 173 207 101 0 0 0 0 168 59 240 18 0 0 0 0 48 1 0 0 0 0 0 0 0 0 0 0 0 0 0 0 0 0 0 0 0 0 0 0 0 0 0 0 0 0 0 0 0 0 0 0 0 0 0 0 0 0 0 0 0 0 0 0 0 0 0 0 0 0 0 0 0 0 0 0 0 0 0 0 77 68 79 32 101 120 116 114 97 32 100 97 116 97 32 108 111 99 107 0 0 0 0 0 0 0 0 0 0 0 0 0 0 0 0 0 0 0 0 0 0 0 0 0 0 0 0 0 0 0 0 0 0 0 0 0 0 0 0 0 0 0 0 0 0 0 0 0 0 0 0 0 0 0 0 0 0 0 0 0 0 0 0 0 0 0 0 0 0 0 0 0 0 0 0 0 0 0 0 0 0 0 0 0 0 0 0 0 0 0 0 0 0 0 0 0 0 0 0 0 0 0 0 0 0 0 0 0 0 0 0 0 0 0 0 0 156 0 0 0 121 62 0 0 1 0 0 0 0 0 0 0 0 0 0 0 2 0 0 0 0 0 0 0 0 0 0 0 16 0 0 0 255 255 255 255 2 0 2 0 0 0 0 0 data 2 0x20002 0x7cf oops 0
ciMethodData org/objectweb/asm/Label <init> ()V 2 5736 orig 264 56 173 207 101 0 0 0 0 112 10 238 18 0 0 0 0 48 1 0 0 0 0 0 0 0 0 0 0 0 0 0 0 0 0 0 0 0 0 0 0 0 0 0 0 0 0 0 0 0 0 0 0 0 0 0 0 0 0 0 0 0 0 0 0 0 0 0 0 0 0 0 0 0 0 0 0 0 0 0 0 77 68 79 32 101 120 116 114 97 32 100 97 116 97 32 108 111 99 107 0 0 0 0 0 0 0 0 0 0 0 0 0 0 0 0 0 0 0 0 0 0 0 0 0 0 0 0 0 0 0 0 0 0 0 0 0 0 0 0 0 0 0 0 0 0 0 0 0 0 0 0 0 0 0 0 0 0 0 0 0 0 0 0 0 0 0 0 0 0 0 0 0 0 0 0 0 0 0 0 0 0 0 0 0 0 0 0 0 0 0 0 0 0 0 0 0 0 0 0 0 0 0 0 0 0 0 0 0 0 0 0 0 0 0 0 0 159 1 0 0 73 166 0 0 1 0 0 0 0 0 0 0 0 0 0 0 2 0 0 0 0 0 3 0 2 0 0 0 16 0 0 0 255 255 255 255 2 0 1 0 0 0 0 0 data 2 0x10002 0x14c9 oops 0
ciMethodData org/objectweb/asm/MethodVisitor visitInsn (I)V 2 4492 orig 264 56 173 207 101 0 0 0 0 232 75 232 18 0 0 0 0 160 1 0 0 0 0 0 0 0 0 0 0 0 0 0 0 0 0 0 0 0 0 0 0 0 0 0 0 0 0 0 0 0 0 0 0 0 0 0 0 0 0 0 0 0 0 0 0 0 0 0 0 0 0 0 0 0 0 0 0 0 0 0 0 77 68 79 32 101 120 116 114 97 32 100 97 116 97 32 108 111 99 107 0 0 0 0 0 0 0 0 0 0 0 0 0 0 0 0 0 0 0 0 0 0 0 0 0 0 0 0 0 0 0 0 0 0 0 0 0 0 0 0 0 0 0 0 0 0 0 0 0 0 0 0 0 0 0 0 0 0 0 0 0 0 0 0 0 0 0 0 0 0 0 0 0 0 0 0 0 0 0 0 0 0 0 0 0 0 0 0 0 0 0 0 0 0 0 0 0 0 0 0 0 0 0 0 0 0 0 0 0 0 0 0 0 0 0 0 0 16 1 0 0 225 131 0 0 1 0 0 0 0 0 0 0 0 0 0 0 2 0 0 0 0 0 6 0 2 0 0 0 80 0 0 0 255 255 255 255 7 0 4 0 0 0 0 0 data 10 0x40007 0x83d 0x50 0x83f 0xc0005 0x0 0x14cb5080 0x771 0x157bfdb0 0xce oops 2 6 org/objectweb/asm/MethodWriter 8 org/objectweb/asm/tree/MethodNode
ciMethodData org/objectweb/asm/ClassReader readClass (I[C)Ljava/lang/String; 2 9212 orig 264 56 173 207 101 0 0 0 0 184 202 229 18 0 0 0 0 184 1 0 0 0 0 0 0 0 0 0 0 0 0 0 0 0 0 0 0 0 0 0 0 0 0 0 0 0 0 0 0 0 0 0 0 0 0 0 0 0 0 0 0 0 0 0 0 0 0 0 0 0 0 0 0 0 0 0 0 0 0 0 0 77 68 79 32 101 120 116 114 97 32 100 97 116 97 32 108 111 99 107 0 0 0 0 0 0 0 0 0 0 0 0 0 0 0 0 0 0 0 0 0 0 0 0 0 0 0 0 0 0 0 0 0 0 0 0 0 0 0 0 0 0 0 0 0 0 0 0 0 0 0 0 0 0 0 0 0 0 0 0 0 0 0 0 0 0 0 0 0 0 0 0 0 0 0 0 0 0 0 0 0 0 0 0 0 0 0 0 0 0 0 0 0 0 0 0 0 0 0 0 0 0 0 0 0 0 0 0 0 0 0 0 0 0 0 0 0 148 1 0 0 65 19 1 0 1 0 0 0 0 0 0 0 0 0 0 0 2 0 0 0 0 0 3 0 2 0 0 0 96 0 0 0 255 255 255 255 5 0 7 0 0 0 0 0 data 12 0x70005 0x0 0x15887090 0x2268 0x0 0x0 0xc0005 0x0 0x15887090 0x2268 0x0 0x0 oops 2 2 org/objectweb/asm/ClassReader 8 org/objectweb/asm/ClassReader
ciMethodData org/objectweb/asm/Label a (Lorg/objectweb/asm/MethodWriter;I[B)Z 2 2523 orig 264 56 173 207 101 0 0 0 0 56 14 238 18 0 0 0 0 48 2 0 0 208 0 0 0 0 0 0 0 0 0 0 0 0 0 0 0 0 0 0 0 0 0 0 0 0 0 0 0 0 0 0 0 0 0 0 0 0 0 0 0 0 0 0 0 0 0 0 0 0 0 0 0 0 0 0 0 0 0 0 0 77 68 79 32 101 120 116 114 97 32 100 97 116 97 32 108 111 99 107 0 0 0 0 0 0 0 0 0 0 0 0 0 0 0 0 0 0 0 0 0 0 0 0 0 0 0 0 0 0 0 0 0 0 0 0 0 0 0 0 0 0 0 0 0 0 0 0 0 0 0 0 0 0 0 0 0 0 0 0 0 0 0 0 0 0 0 0 0 0 0 0 0 0 0 0 0 0 0 0 0 0 0 0 0 0 0 0 0 0 0 0 0 0 0 0 0 0 0 0 0 0 0 0 0 0 0 0 0 0 0 0 0 0 0 0 0 1 1 0 0 201 70 0 0 97 10 0 0 0 0 0 0 0 0 0 0 2 0 0 0 1 0 18 0 2 0 0 0 232 0 0 0 255 255 255 255 7 0 27 0 0 0 0 0 data 29 0x1b0007 0x8d9 0xe8 0x14c 0x380007 0xd 0xb0 0x13f 0x460007 0x0 0x40 0x13f 0x4e0007 0x13f 0x58 0x0 0x620007 0x0 0x38 0x0 0x710003 0x0 0x18 0x970003 0x13f 0x18 0xd00003 0x14c 0xffffffffffffff30 oops 0
ciMethodData org/objectweb/asm/MethodWriter visitLabel (Lorg/objectweb/asm/Label;)V 2 2508 orig 264 56 173 207 101 0 0 0 0 184 218 237 18 0 0 0 0 120 3 0 0 248 1 0 0 0 0 0 0 0 0 0 0 0 0 0 0 0 0 0 0 0 0 0 0 0 0 0 0 0 0 0 0 0 0 0 0 0 0 0 0 0 0 0 0 0 0 0 0 0 0 0 0 0 0 0 0 0 0 0 0 77 68 79 32 101 120 116 114 97 32 100 97 116 97 32 108 111 99 107 0 0 0 0 0 0 0 0 0 0 0 0 0 0 0 0 0 0 0 0 0 0 0 0 0 0 0 0 0 0 0 0 0 0 0 0 0 0 0 0 0 0 0 0 0 0 0 0 0 0 0 0 0 0 0 0 0 0 0 0 0 0 0 0 0 0 0 0 0 0 0 0 0 0 0 0 0 0 0 0 0 0 0 0 0 0 0 0 0 0 0 0 0 0 0 0 0 0 0 0 0 0 0 0 0 0 0 0 0 0 0 0 0 0 0 0 0 23 1 0 0 161 69 0 0 1 0 0 0 0 0 0 0 0 0 0 0 2 0 0 0 0 0 33 0 2 0 0 0 40 2 0 0 255 255 255 255 5 0 24 0 0 0 0 0 data 69 0x180005 0x0 0x1588ad40 0x8b4 0x0 0x0 0x250007 0x8b4 0x20 0x0 0x2d0007 0x8b4 0xf8 0x0 0x340007 0x0 0x50 0x0 0x420007 0x0 0x20 0x0 0x670002 0x0 0x730007 0x0 0x30 0x0 0x7b0002 0x0 0x8d0007 0x0 0x40 0x0 0x9b0007 0x0 0x20 0x0 0xd20003 0x0 0xf8 0xda0007 0x8b4 0x70 0x0 0xe10007 0x0 0x38 0x0 0xe90003 0x0 0xa0 0xf70003 0x0 0x88 0xff0007 0x0 0x70 0x8b4 0x1060007 0x324 0x30 0x590 0x11a0002 0x590 0x1300007 0x160 0x20 0x754 oops 1 2 org/objectweb/asm/Label
ciMethodData org/objectweb/asm/MethodWriter a (ILorg/objectweb/asm/Label;)V 2 2041 orig 264 56 173 207 101 0 0 0 0 192 237 237 18 0 0 0 0 64 1 0 0 0 0 0 0 0 0 0 0 0 0 0 0 0 0 0 0 0 0 0 0 0 0 0 0 0 0 0 0 0 0 0 0 0 0 0 0 0 0 0 0 0 0 0 0 0 0 0 0 0 0 0 0 0 0 0 0 0 0 0 0 77 68 79 32 101 120 116 114 97 32 100 97 116 97 32 108 111 99 107 0 0 0 0 0 0 0 0 0 0 0 0 0 0 0 0 0 0 0 0 0 0 0 0 0 0 0 0 0 0 0 0 0 0 0 0 0 0 0 0 0 0 0 0 0 0 0 0 0 0 0 0 0 0 0 0 0 0 0 0 0 0 0 0 0 0 0 0 0 0 0 0 0 0 0 0 0 0 0 0 0 0 0 0 0 0 0 0 0 0 0 0 0 0 0 0 0 0 0 0 0 0 0 0 0 0 0 0 0 0 0 0 0 0 0 0 0 195 0 0 0 177 57 0 0 1 0 0 0 0 0 0 0 0 0 0 0 2 0 0 0 0 0 3 0 2 0 0 0 16 0 0 0 255 255 255 255 2 0 4 0 0 0 0 0 data 2 0x40002 0x736 oops 0
ciMethodData org/objectweb/asm/ClassReader readLabel (I[Lorg/objectweb/asm/Label;)Lorg/objectweb/asm/Label; 2 3967 orig 264 56 173 207 101 0 0 0 0 40 193 229 18 0 0 0 0 184 1 0 0 0 0 0 0 0 0 0 0 0 0 0 0 0 0 0 0 0 0 0 0 0 0 0 0 0 0 0 0 0 0 0 0 0 0 0 0 0 0 0 0 0 0 0 0 0 0 0 0 0 0 0 0 0 0 0 0 0 0 0 0 77 68 79 32 101 120 116 114 97 32 100 97 116 97 32 108 111 99 107 0 0 0 0 0 0 0 0 0 0 0 0 0 0 0 0 0 0 0 0 0 0 0 0 0 0 0 0 0 0 0 0 0 0 0 0 0 0 0 0 0 0 0 0 0 0 0 0 0 0 0 0 0 0 0 0 0 0 0 0 0 0 0 0 0 0 0 0 0 0 0 0 0 0 0 0 0 0 0 0 0 0 0 0 0 0 0 0 0 0 0 0 0 0 0 0 0 0 0 0 0 0 0 0 0 0 0 0 0 0 0 0 0 0 0 0 0 140 1 0 0 153 111 0 0 1 0 0 0 0 0 0 0 0 0 0 0 2 0 0 0 0 0 6 0 2 0 0 0 96 0 0 0 255 255 255 255 7 0 3 0 0 0 0 0 data 12 0x30007 0x2d8 0x60 0xb1b 0xc0002 0xb1b 0xf0004 0x0 0x1588ad40 0xb1b 0x0 0x0 oops 1 8 org/objectweb/asm/Label
ciMethodData org/objectweb/asm/MethodVisitor visitLabel (Lorg/objectweb/asm/Label;)V 2 2431 orig 264 56 173 207 101 0 0 0 0 208 81 232 18 0 0 0 0 160 1 0 0 0 0 0 0 0 0 0 0 0 0 0 0 0 0 0 0 0 0 0 0 0 0 0 0 0 0 0 0 0 0 0 0 0 0 0 0 0 0 0 0 0 0 0 0 0 0 0 0 0 0 0 0 0 0 0 0 0 0 0 0 77 68 79 32 101 120 116 114 97 32 100 97 116 97 32 108 111 99 107 0 0 0 0 0 0 0 0 0 0 0 0 0 0 0 0 0 0 0 0 0 0 0 0 0 0 0 0 0 0 0 0 0 0 0 0 0 0 0 0 0 0 0 0 0 0 0 0 0 0 0 0 0 0 0 0 0 0 0 0 0 0 0 0 0 0 0 0 0 0 0 0 0 0 0 0 0 0 0 0 0 0 0 0 0 0 0 0 0 0 0 0 0 0 0 0 0 0 0 0 0 0 0 0 0 0 0 0 0 0 0 0 0 0 0 0 0 22 1 0 0 73 67 0 0 1 0 0 0 0 0 0 0 0 0 0 0 2 0 0 0 0 0 6 0 2 0 0 0 80 0 0 0 255 255 255 255 7 0 4 0 0 0 0 0 data 10 0x40007 0x134 0x50 0x735 0xc0005 0x0 0x14cb5080 0x707 0x157bfdb0 0x2e oops 2 6 org/objectweb/asm/MethodWriter 8 org/objectweb/asm/tree/MethodNode
ciMethodData org/objectweb/asm/ClassReader a (Lorg/objectweb/asm/MethodVisitor;Lorg/objectweb/asm/Context;I)V 2 37614 orig 264 56 173 207 101 0 0 0 0 168 175 229 18 0 0 0 0 48 55 0 0 64 52 0 0 0 0 0 0 0 0 0 0 0 0 0 0 0 0 0 0 0 0 0 0 0 0 0 0 0 0 0 0 0 0 0 0 0 0 0 0 0 0 0 0 0 0 0 0 0 0 0 0 0 0 0 0 0 0 0 0 77 68 79 32 101 120 116 114 97 32 100 97 116 97 32 108 111 99 107 0 0 0 0 0 0 0 0 0 0 0 0 0 0 0 0 0 0 0 0 0 0 0 0 0 0 0 0 0 0 0 0 0 0 0 0 0 0 0 0 0 0 0 0 0 0 0 0 0 0 0 0 0 0 0 0 0 0 0 0 0 0 0 0 0 0 0 0 0 0 0 0 0 0 0 0 0 0 0 0 0 0 0 0 0 0 0 0 0 0 0 0 0 0 0 0 0 0 0 0 0 0 0 0 0 0 0 0 0 0 0 0 0 0 0 0 0 89 18 0 0 129 19 0 0 145 0 4 0 0 0 0 0 0 0 0 0 2 0 0 0 24 0 105 1 2 0 0 0 240 52 0 0 255 255 255 255 5 0 14 0 0 0 0 0 data 1694 0xe0005 0x0 0x15887090 0x270 0x0 0x0 0x170005 0x0 0x15887090 0x270 0x0 0x0 0x200005 0x0 0x15887090 0x270 0x0 0x0 0x460005 0x0 0x15887090 0x270 0x0 0x0 0x4d0007 0x270 0x650 0x2d81 0x660008 0x28 0x0 0x618 0x12c 0x150 0x4 0x5d0 0x0 0x5e8 0x1cc 0x5d0 0xea 0x150 0x3e 0x5e8 0x16d 0x5e8 0x20 0x600 0x0 0x600 0x66 0x168 0x0 0x258 0x25 0x5d0 0xe 0x5e8 0x6 0x5e8 0x0 0x320 0x0 0x490 0x0 0x618 0x0 0x2d0 0x0 0x1e0 0xc30003 0x14d0 0x4c8 0xcd0005 0x0 0x15887090 0x28a 0x0 0x0 0xd30005 0x0 0x15887090 0x28a 0x0 0x0 0xda0003 0x28a 0x450 0xe40005 0x0 0x0 0x0 0x0 0x0 0xea0005 0x0 0x0 0x0 0x0 0x0 0xf10003 0x0 0x3d8 0xfb0005 0x0 0x0 0x0 0x0 0x0 0x1010005 0x0 0x0 0x0 0x0 0x0 0x1080003 0x0 0x360 0x11c0007 0x0 0x38 0x0 0x1220003 0x0 0x328 0x1280003 0x0 0x310 0x1390005 0x0 0x0 0x0 0x0 0x0 0x13f0005 0x0 0x0 0x0 0x0 0x0 0x1480005 0x0 0x0 0x0 0x0 0x0 0x14f0005 0x0 0x0 0x0 0x0 0x0 0x1590007 0x0 0x98 0x0 0x1640005 0x0 0x0 0x0 0x0 0x0 0x16a0005 0x0 0x0 0x0 0x0 0x0 0x1740003 0x0 0xffffffffffffff80 0x17a0003 0x0 0x1a0 0x18b0005 0x0 0x15887090 0x6 0x0 0x0 0x1910005 0x0 0x15887090 0x6 0x0 0x0 0x1990005 0x0 0x15887090 0x6 0x0 0x0 0x1a00007 0x6 0x98 0x14 0x1ab0005 0x0 0x15887090 0x14 0x0 0x0 0x1b10005 0x0 0x15887090 0x14 0x0 0x0 0x1bb0003 0x14 0xffffffffffffff80 0x1c10003 0x6 0x60 0x1c70003 0x887 0x48 0x1cd0003 0xcf6 0x30 0x1d30003 0xa4 0x18 0x1d90003 0x2d81 0xfffffffffffff9c8 0x1de0005 0x0 0x15887090 0x270 0x0 0x0 0x1e50007 0x270 0x1e8 0x1c 0x1ed0005 0x0 0x15887090 0x1c 0x0 0x0 0x1f20005 0x0 0x15887090 0x1c 0x0 0x0 0x1fc0005 0x0 0x15887090 0x1c 0x0 0x0 0x2010005 0x0 0x15887090 0x1c 0x0 0x0 0x20c0005 0x0 0x15887090 0x1c 0x0 0x0 0x2110005 0x0 0x15887090 0x1c 0x0 0x0 0x2200005 0x0 0x15887090 0x1c 0x0 0x0 0x2260005 0x0 0x15887090 0x1c 0x0 0x0 0x2340005 0x0 0x1588abe0 0xe 0x1588ac90 0xe 0x23d0003 0x1c 0xfffffffffffffe30 0x2650007 0x270 0x38 0x0 0x2690003 0x0 0x18 0x2800005 0x0 0x15887090 0x270 0x0 0x0 0x2870007 0x270 0xa30 0x58f 0x2900005 0x0 0x15887090 0x58f 0x0 0x0 0x29a0005 0x45 0x2dffbc0 0x54a 0x0 0x0 0x29d0007 0x33f 0x1c0 0x250 0x2a60007 0x129 0x948 0x127 0x2b40005 0x0 0x15887090 0x127 0x0 0x0 0x2be0007 0x127 0x138 0x3fb 0x2c70005 0x0 0x15887090 0x3fb 0x0 0x0 0x2d10007 0x1ac 0x50 0x24f 0x2d90005 0x0 0x15887090 0x24f 0x0 0x0 0x2ed0005 0x0 0x15887090 0x3fb 0x0 0x0 0x2f80007 0x2cc 0x50 0x12f 0x3000005 0x0 0x15887090 0x12f 0x0 0x0 0x3120003 0x3fb 0xfffffffffffffee0 0x3150003 0x127 0x7c0 0x31d0005 0x29 0x2dffbc0 0x316 0x0 0x0 0x3200007 0x311 0x38 0x2e 0x3290003 0x2e 0x758 0x3310005 0x27 0x2dffbc0 0x2ea 0x0 0x0 0x3340007 0xa1 0x1d8 0x270 0x33d0007 0x139 0x6f0 0x137 0x3450005 0x0 0x15887090 0x137 0x0 0x0 0x34f0007 0x137 0x150 0x583 0x3580005 0x0 0x15887090 0x583 0x0 0x0 0x3620007 0x334 0x50 0x24f 0x36a0005 0x0 0x15887090 0x24f 0x0 0x0 0x3820007 0x583 0x68 0x0 0x38a0007 0x0 0x30 0x0 0x3930002 0x0 0x3a00003 0x0 0xffffffffffffffb0 0x3ab0005 0x0 0x15887090 0x583 0x0 0x0 0x3b70003 0x583 0xfffffffffffffec8 0x3ba0003 0x137 0x550 0x3c20005 0xa 0x2dffbc0 0x97 0x0 0x0 0x3c50007 0xa1 0x100 0x0 0x3d00002 0x0 0x3d80007 0x0 0x70 0x0 0x3e00005 0x0 0x0 0x0 0x0 0x0 0x3e50007 0x0 0x38 0x0 0x3e90003 0x0 0x48 0x3f30005 0x0 0x0 0x0 0x0 0x0 0x3f80003 0x0 0x420 0x4000005 0xa 0x2dffbc0 0x97 0x0 0x0 0x4030007 0xa1 0x100 0x0 0x40e0002 0x0 0x4160007 0x0 0x70 0x0 0x41e0005 0x0 0x0 0x0 0x0 0x0 0x4230007 0x0 0x38 0x0 0x4270003 0x0 0x48 0x4310005 0x0 0x0 0x0 0x0 0x0 0x4360003 0x0 0x2f0 0x43e0005 0xa 0x2dffbc0 0x97 0x0 0x0 0x4410007 0x0 0xb8 0xa1 0x44a0007 0x0 0x288 0xa1 0x4570005 0x0 0x15887090 0xa1 0x0 0x0 0x4610005 0x0 0x15887090 0xa1 0x0 0x0 0x4660003 0xa1 0x208 0x46e0005 0x0 0x0 0x0 0x0 0x0 0x4710007 0x0 0xb8 0x0 0x47a0007 0x0 0x1a0 0x0 0x48a0005 0x0 0x0 0x0 0x0 0x0 0x4940005 0x0 0x0 0x0 0x0 0x0 0x4990003 0x0 0x120 0x4a60007 0x0 0x108 0x0 0x4b50005 0x0 0x0 0x0 0x0 0x0 0x4b80007 0x0 0xa0 0x0 0x4cb0005 0x0 0x0 0x0 0x0 0x0 0x4d70005 0x0 0x0 0x0 0x0 0x0 0x4de0007 0x0 0x20 0x0 0x4ef0003 0x0 0xffffffffffffff10 0x4f90005 0x0 0x15887090 0x58f 0x0 0x0 0x5020003 0x58f 0xfffffffffffff5e8 0x50a0007 0x1cf 0x168 0xa1 0x5440007 0xa1 0x30 0x0 0x5490002 0x0 0x5590007 0xa1 0x118 0xdc3 0x5630007 0xda1 0xe0 0x22 0x56b0005 0x0 0x15887090 0x22 0x0 0x0 0x5720007 0x0 0x90 0x22 0x5790007 0x1a 0x70 0x8 0x58b0007 0x8 0x50 0x0 0x5930005 0x0 0x0 0x0 0x0 0x0 0x59a0003 0xdc3 0xffffffffffffff00 0x5a50007 0x270 0x50 0x0 0x5af0005 0x0 0x0 0x0 0x0 0x0 0x5ba0007 0x0 0x38 0x270 0x5bf0003 0x270 0x18 0x5cb0007 0x270 0x1878 0x2d81 0x5dd0007 0x2678 0x128 0x709 0x5f00005 0x0 0x1588abe0 0x132 0x1588ac90 0x5d7 0x5f90007 0x132 0xd8 0x5d7 0x6010007 0x54 0xb8 0x583 0x60c0005 0x0 0x1588ac90 0x583 0x0 0x0 0x6110007 0x583 0x68 0x0 0x61c0005 0x0 0x0 0x0 0x0 0x0 0x6260003 0x0 0xffffffffffffffb0 0x62b0007 0x13c6 0x198 0x1c94 0x6350007 0x238 0x40 0x1a5c 0x63e0007 0x19bb 0x158 0xa1 0x6470007 0xa1 0xd8 0x238 0x64c0007 0x0 0x40 0x238 0x6510007 0x238 0x68 0x0 0x66a0005 0x0 0x0 0x0 0x0 0x0 0x66d0003 0x0 0x48 0x68a0005 0x0 0x1588abe0 0x11e 0x1588ac90 0x11a 0x68f0007 0xa1 0x48 0x238 0x69b0002 0x238 0x6a30003 0x238 0xfffffffffffffe98 0x6a90003 0xa1 0xfffffffffffffe80 0x6bc0008 0x28 0x0 0x1180 0x12c 0x150 0x4 0xa10 0x0 0xa58 0x1cc 0x9c8 0xea 0x198 0x3e 0x10c0 0x16d 0xbf0 0x20 0xbf0 0x0 0xe00 0x66 0x248 0x0 0x2c0 0x25 0xad0 0xe 0xb48 0x6 0x1138 0x0 0x6e8 0x0 0x858 0x0 0x1180 0x0 0x5a8 0x0 0x338 0x71b0005 0x0 0x1588abe0 0x543 0x1588ac90 0x539 0x7210003 0xa7c 0x1060 0x7280007 0x9c3 0x68 0x91 0x73a0005 0x0 0x1588abe0 0x49 0x1588ac90 0x48 0x73d0003 0x91 0x48 0x74f0005 0x0 0x1588abe0 0x4e5 0x1588ac90 0x4de 0x7550003 0xa54 0xfb0 0x7630005 0x0 0x15887090 0x28a 0x0 0x0 0x7680005 0x0 0x1588abe0 0x147 0x1588ac90 0x143 0x76e0003 0x28a 0xf38 0x77f0005 0x0 0x0 0x0 0x0 0x0 0x7840005 0x0 0x0 0x0 0x0 0x0 0x78a0003 0x0 0xec0 0x7920007 0x0 0x38 0x0 0x79a0003 0x0 0x18 0x7ac0005 0x0 0x0 0x0 0x0 0x0 0x7b80007 0x0 0x40 0x0 0x7c00007 0x0 0x68 0x0 0x7cb0005 0x0 0x0 0x0 0x0 0x0 0x7ce0003 0x0 0x180 0x7d60007 0x0 0x38 0x0 0x7e10003 0x0 0x18 0x7ee0002 0x0 0x7f80005 0x0 0x0 0x0 0x0 0x0 0x8010005 0x0 0x0 0x0 0x0 0x0 0x8070005 0x0 0x0 0x0 0x0 0x0 0x80c0007 0x0 0x90 0x0 0x8110007 0x0 0x40 0x0 0x81d0007 0x0 0x50 0x0 0x8280005 0x0 0x0 0x0 0x0 0x0 0x82e0003 0x0 0xc50 0x8420007 0x0 0xc8 0x0 0x84a0005 0x0 0x0 0x0 0x0 0x0 0x8510005 0x0 0x0 0x0 0x0 0x0 0x8540005 0x0 0x0 0x0 0x0 0x0 0x85a0003 0x0 0xb88 0x8640005 0x0 0x0 0x0 0x0 0x0 0x8670005 0x0 0x0 0x0 0x0 0x0 0x86d0003 0x0 0xb10 0x87d0005 0x0 0x0 0x0 0x0 0x0 0x8870005 0x0 0x0 0x0 0x0 0x0 0x8910005 0x0 0x0 0x0 0x0 0x0 0x8ad0007 0x0 0x98 0x0 0x8ba0005 0x0 0x0 0x0 0x0 0x0 0x8bf0004 0x0 0x0 0x0 0x0 0x0 0x8c60003 0x0 0xffffffffffffff80 0x8d50005 0x0 0x0 0x0 0x0 0x0 0x8d80003 0x0 0x9a0 0x8e80005 0x0 0x15887090 0x6 0x0 0x0 0x8f20005 0x0 0x15887090 0x6 0x0 0x0 0x90e0007 0x6 0xc8 0x14 0x9170005 0x0 0x15887090 0x14 0x0 0x0 0x9270005 0x0 0x15887090 0x14 0x0 0x0 0x92c0004 0x0 0x1588ad40 0x14 0x0 0x0 0x9330003 0x14 0xffffffffffffff50 0x9400005 0x0 0x1588abe0 0x3 0x1588ac90 0x3 0x9430003 0x6 0x830 0x9530005 0x0 0x1588abe0 0x3ae 0x1588ac90 0x3ab 0x9590003 0x759 0x7e8 0x9650005 0x0 0x1588abe0 0x27 0x1588ac90 0x27 0x96b0003 0x4e 0x7a0 0x9750005 0x0 0x0 0x0 0x0 0x0 0x9780005 0x0 0x0 0x0 0x0 0x0 0x97e0003 0x0 0x728 0x98f0005 0x0 0x15887090 0xe0 0x0 0x0 0x9920005 0x0 0x1588abe0 0x70 0x1588ac90 0x70 0x9980003 0xe0 0x6b0 0x9a10005 0x0 0x15887090 0x2c 0x0 0x0 0x9a60005 0x0 0x15887090 0x2c 0x0 0x0 0x9a90005 0x0 0x1588abe0 0x16 0x1588ac90 0x16 0x9af0003 0x2c 0x608 0x9ba0005 0x0 0x15887090 0xb90 0x0 0x0 0x9c90007 0xaec 0x38 0xa4 0x9cd0003 0xa4 0x18 0x9d80005 0x0 0x15887090 0xb90 0x0 0x0 0x9e60005 0x0 0x15887090 0xb90 0x0 0x0 0x9f10005 0x0 0x15887090 0xb90 0x0 0x0 0x9fd0005 0x0 0x15887090 0xb90 0x0 0x0 0xa070007 0x6c0 0x68 0x4d0 0xa130005 0x0 0x1588abe0 0x268 0x1588ac90 0x268 0xa160003 0x4d0 0x48 0xa240005 0x0 0x1588abe0 0x363 0x1588ac90 0x35d 0xa2c0007 0xaec 0x38 0xa4 0xa320003 0xa4 0x410 0xa380003 0xaec 0x3f8 0xa430005 0x0 0x0 0x0 0x0 0x0 0xa500005 0x0 0x0 0x0 0x0 0x0 0xa5a0005 0x0 0x0 0x0 0x0 0x0 0xa5f0005 0x0 0x0 0x0 0x0 0x0 0xa620004 0x0 0x0 0x0 0x0 0x0 0xa6c0005 0x0 0x0 0x0 0x0 0x0 0xa820007 0x0 0xc8 0x0 0xa8d0005 0x0 0x0 0x0 0x0 0x0 0xa920005 0x0 0x0 0x0 0x0 0x0 0xa950004 0x0 0x0 0x0 0x0 0x0 0xa9c0003 0x0 0xffffffffffffff50 0xaa80005 0x0 0x0 0x0 0x0 0x0 0xab30005 0x0 0x0 0x0 0x0 0x0 0xabf0005 0x0 0x0 0x0 0x0 0x0 0xacd0005 0x0 0x0 0x0 0x0 0x0 0xad30003 0x0 0x138 0xadf0005 0x0 0x15887090 0x1c8 0x0 0x0 0xae200